2025-11-28 12:51:39,836 - INFO - Initializing database connection at: news_articles.db
2025-11-28 12:51:39,836 - INFO - --- Scraper service started (CI Mode: Run Once) ---
2025-11-28 12:51:39,837 - INFO - --- Starting new scraping job (Parallel Mode) ---
2025-11-28 12:51:39,837 - INFO - Creating new robust session with 3 retries on 5xx/connection/read errors.
2025-11-28 12:51:39,837 - INFO - Proxy is DISABLED.
2025-11-28 12:51:39,837 - INFO - Starting scrape for BBC RSS feed: http://feeds.bbci.co.uk/news/world/rss.xml
2025-11-28 12:51:39,837 - INFO - [Times of India] (Thread) requires Selenium. Initializing driver...
2025-11-28 12:51:39,837 - INFO - Initializing headless Selenium Chrome driver (using SeleniumManager)...
2025-11-28 12:51:39,838 - INFO - Starting scrape for The Guardian RSS feed: https://www.theguardian.com/world/rss
2025-11-28 12:51:39,838 - INFO - [The Hindu] (Thread) requires Selenium. Initializing driver...
2025-11-28 12:51:39,838 - INFO - Initializing headless Selenium Chrome driver (using SeleniumManager)...
2025-11-28 12:51:39,838 - INFO - Submitted 4 jobs to thread pool. Waiting up to 300s for completion...
2025-11-28 12:51:39,966 - INFO - Found 32 articles in BBC RSS feed. Processing up to 10.
2025-11-28 12:51:39,966 - INFO - [BBC] Article: https://www.bbc.com/news/articles/c79xd17dre3o?at_medium=RSS&at_campaign=rss
2025-11-28 12:51:39,966 - INFO - [BBC] Attempt 1/1: Trying with 'requests_browser' strategy...
2025-11-28 12:51:40,033 - INFO - Found 45 articles in The Guardian RSS feed. Processing up to 10.
2025-11-28 12:51:40,033 - INFO - [The Guardian] Article: https://www.theguardian.com/environment/2025/nov/28/africa-forests-transformed-carbon-sink-carbon-source-study
2025-11-28 12:51:40,033 - INFO - [The Guardian] Attempt 1/1: Trying with 'requests_browser' strategy...
2025-11-28 12:51:40,071 - INFO - [The Guardian] Success with 'requests_browser'. Found content (458 words).
2025-11-28 12:51:40,136 - INFO - Duplicate article skipped: Africa’s forests transformed from carbon sink to carbon source, study finds | Climate crisis | The Guardian from The Guardian
2025-11-28 12:51:40,136 - INFO - [BBC] Success with 'requests_browser'. Found content (753 words).
2025-11-28 12:51:40,174 - INFO - Duplicate article skipped: Hong Kong tower blocks fire death toll rises to 128 from BBC
2025-11-28 12:51:40,831 - INFO - [BBC] Article: https://www.bbc.com/news/articles/cdxweyy157go?at_medium=RSS&at_campaign=rss
2025-11-28 12:51:40,831 - INFO - [BBC] Attempt 1/1: Trying with 'requests_browser' strategy...
2025-11-28 12:51:40,866 - INFO - [BBC] Success with 'requests_browser'. Found content (800 words).
2025-11-28 12:51:40,902 - INFO - Duplicate article skipped: Trump says US will pause migration from 'third-world countries' from BBC
2025-11-28 12:51:41,391 - INFO - [The Guardian] Article: https://www.theguardian.com/world/2025/nov/26/guinea-bissau-officers-take-total-control-close-borders-amid-election-chaos
2025-11-28 12:51:41,391 - INFO - [The Guardian] Attempt 1/1: Trying with 'requests_browser' strategy...
2025-11-28 12:51:41,424 - INFO - [The Guardian] Success with 'requests_browser'. Found content (412 words).
2025-11-28 12:51:41,463 - INFO - Duplicate article skipped: Guinea-Bissau military takes ‘total control’ amid election chaos | Guinea-Bissau | The Guardian from The Guardian
2025-11-28 12:51:41,725 - INFO - [BBC] Article: https://www.bbc.com/news/articles/cwyx4y6007lo?at_medium=RSS&at_campaign=rss
2025-11-28 12:51:41,726 - INFO - [BBC] Attempt 1/1: Trying with 'requests_browser' strategy...
2025-11-28 12:51:41,776 - INFO - [BBC] Success with 'requests_browser'. Found content (972 words).
2025-11-28 12:51:41,860 - INFO - Duplicate article skipped: National Guard member Sarah Beckstrom dies after shooting in Washington DC from BBC
2025-11-28 12:51:41,907 - INFO - Selenium driver initialized successfully.
2025-11-28 12:51:41,907 - INFO - Starting scrape for The Hindu RSS feed: https://www.thehindu.com/news/national/feeder/default.rss
2025-11-28 12:51:41,909 - INFO - Selenium driver initialized successfully.
2025-11-28 12:51:41,909 - INFO - Starting scrape for Times of India RSS feed: https://timesofindia.indiatimes.com/rssfeeds/296589292.cms
2025-11-28 12:51:42,002 - INFO - Found 20 articles in Times of India RSS feed. Processing up to 10.
2025-11-28 12:51:42,002 - INFO - [Times of India] Article: https://timesofindia.indiatimes.com/world/us/afghanistan-is-not-the-problem-immigration-is-kabul-born-former-us-soldier-says-even-10-president-trump-cant-undo-failure/articleshow/125638346.cms
2025-11-28 12:51:42,002 - INFO - [Times of India] Attempt 1/1: Trying with 'selenium_browser' strategy...
2025-11-28 12:51:42,094 - INFO - Found 100 articles in The Hindu RSS feed. Processing up to 10.
2025-11-28 12:51:42,095 - INFO - [The Hindu] Article: https://www.thehindu.com/news/cities/Hyderabad/the-illusion-of-movement-in-hyderabad/article70331325.ece
2025-11-28 12:51:42,095 - INFO - [The Hindu] Attempt 1/1: Trying with 'selenium_browser' strategy...
2025-11-28 12:51:42,492 - INFO - [The Guardian] Article: https://www.theguardian.com/world/2025/nov/25/nigerian-schoolgirls-rescued-after-mass-abduction-in-kebbi
2025-11-28 12:51:42,492 - INFO - [The Guardian] Attempt 1/1: Trying with 'requests_browser' strategy...
2025-11-28 12:51:42,533 - INFO - [The Guardian] Success with 'requests_browser'. Found content (515 words).
2025-11-28 12:51:42,589 - INFO - Duplicate article skipped: Nigerian schoolgirls rescued after mass abduction in Kebbi | Nigeria | The Guardian from The Guardian
2025-11-28 12:51:42,949 - INFO - [BBC] Article: https://www.bbc.com/news/articles/c058lp086zvo?at_medium=RSS&at_campaign=rss
2025-11-28 12:51:42,950 - INFO - [BBC] Attempt 1/1: Trying with 'requests_browser' strategy...
2025-11-28 12:51:43,004 - INFO - [BBC] Success with 'requests_browser'. Found content (685 words).
2025-11-28 12:51:43,071 - INFO - Duplicate article skipped: Ukraine anti-corruption agents search home of Zelensky's top adviser Yermak from BBC
2025-11-28 12:51:43,352 - INFO - [The Guardian] Article: https://www.theguardian.com/world/2025/nov/25/jacob-zuma-daughter-accused-tricking-men-fighting-for-russia-in-ukraine
2025-11-28 12:51:43,352 - INFO - [The Guardian] Attempt 1/1: Trying with 'requests_browser' strategy...
2025-11-28 12:51:43,525 - INFO - [The Guardian] Success with 'requests_browser'. Found content (656 words).
2025-11-28 12:51:43,622 - INFO - Duplicate article skipped: Jacob Zuma’s daughter accused of tricking men into fighting for Russia in Ukraine | South Africa | The Guardian from The Guardian
2025-11-28 12:51:44,326 - INFO - [The Guardian] Article: https://www.theguardian.com/uk-news/2025/nov/24/uk-rejects-nigerian-request-to-deport-former-politican-ike-ekweremadu-jailed-for-organ-trafficking
2025-11-28 12:51:44,327 - INFO - [The Guardian] Attempt 1/1: Trying with 'requests_browser' strategy...
2025-11-28 12:51:44,476 - INFO - [The Guardian] Success with 'requests_browser'. Found content (545 words).
2025-11-28 12:51:44,525 - INFO - [BBC] Article: https://www.bbc.com/news/articles/clyz7njqwvvo?at_medium=RSS&at_campaign=rss
2025-11-28 12:51:44,526 - INFO - [BBC] Attempt 1/1: Trying with 'requests_browser' strategy...
2025-11-28 12:51:44,745 - INFO - Duplicate article skipped: UK rejects Nigerian request to deport former politican jailed for organ trafficking | UK news | The Guardian from The Guardian
2025-11-28 12:51:44,794 - INFO - [BBC] Success with 'requests_browser'. Found content (345 words).
2025-11-28 12:51:44,960 - INFO - Duplicate article skipped: Japan's same-sex marriage ban is constitutional, says Tokyo court from BBC
2025-11-28 12:51:45,579 - INFO - [The Guardian] Article: https://www.theguardian.com/world/2025/nov/28/st-vincent-caribbean-opposition-party-celebrates-historic-election-win
2025-11-28 12:51:45,579 - INFO - [The Guardian] Attempt 1/1: Trying with 'requests_browser' strategy...
2025-11-28 12:51:45,686 - INFO - [The Guardian] Success with 'requests_browser'. Found content (609 words).
2025-11-28 12:51:45,791 - INFO - Duplicate article skipped: St Vincent opposition party celebrates historic election win | St Vincent and the Grenadines | The Guardian from The Guardian
2025-11-28 12:51:46,201 - INFO - [BBC] Article: https://www.bbc.com/news/articles/c0l9z176lnlo?at_medium=RSS&at_campaign=rss
2025-11-28 12:51:46,201 - INFO - [BBC] Attempt 1/1: Trying with 'requests_browser' strategy...
2025-11-28 12:51:46,321 - INFO - [BBC] Success with 'requests_browser'. Found content (598 words).
2025-11-28 12:51:46,470 - INFO - Saved article: Austrian nuns win reprieve in abandoned convent - if they stay off social media from BBC
2025-11-28 12:51:46,471 - INFO - [The Hindu] Page content loaded.
2025-11-28 12:51:46,830 - INFO - [The Hindu] Success with 'selenium_browser'. Found content (258 words).
2025-11-28 12:51:46,964 - INFO - Saved article: The illusion of movement in Hyderabad - The Hindu from The Hindu
2025-11-28 12:51:47,034 - INFO - [The Guardian] Article: https://www.theguardian.com/world/2025/nov/27/st-vincent-prime-minister-seeks-record-sixth-term-in-tight-election
2025-11-28 12:51:47,034 - INFO - [The Guardian] Attempt 1/1: Trying with 'requests_browser' strategy...
2025-11-28 12:51:47,147 - INFO - [The Guardian] Success with 'requests_browser'. Found content (678 words).
2025-11-28 12:51:47,206 - INFO - Duplicate article skipped: St Vincent prime minister seeks record sixth term in tight election | St Vincent and the Grenadines | The Guardian from The Guardian
2025-11-28 12:51:47,560 - INFO - [BBC] Article: https://www.bbc.com/news/articles/cp89k31krz4o?at_medium=RSS&at_campaign=rss
2025-11-28 12:51:47,560 - INFO - [BBC] Attempt 1/1: Trying with 'requests_browser' strategy...
2025-11-28 12:51:47,628 - INFO - [BBC] Success with 'requests_browser'. Found content (350 words).
2025-11-28 12:51:47,759 - INFO - Saved article: Ten killed in deadliest Israeli raid for months in southern Syria from BBC
2025-11-28 12:51:48,359 - INFO - [The Guardian] Article: https://www.theguardian.com/politics/2025/nov/28/uk-home-office-rejects-visa-young-girl-destitute-jamaica-hurricane-melissa
2025-11-28 12:51:48,359 - INFO - [The Guardian] Attempt 1/1: Trying with 'requests_browser' strategy...
2025-11-28 12:51:48,435 - INFO - [The Hindu] Article: https://www.thehindu.com/news/national/telangana/jagga-reddy-hits-out-at-bjp-mp-lakshman-and-defends-gandhi-family-legacy/article70334729.ece
2025-11-28 12:51:48,436 - INFO - [The Hindu] Attempt 1/1: Trying with 'selenium_browser' strategy...
2025-11-28 12:51:48,459 - INFO - [The Guardian] Success with 'requests_browser'. Found content (550 words).
2025-11-28 12:51:48,620 - INFO - Duplicate article skipped: UK rejects visa for girl left destitute in Jamaica by Hurricane Melissa | Home Office | The Guardian from The Guardian
2025-11-28 12:51:49,135 - INFO - [BBC] Article: https://www.bbc.com/news/articles/clyd4llgrego?at_medium=RSS&at_campaign=rss
2025-11-28 12:51:49,135 - INFO - [BBC] Attempt 1/1: Trying with 'requests_browser' strategy...
2025-11-28 12:51:49,293 - INFO - [BBC] Success with 'requests_browser'. Found content (415 words).
2025-11-28 12:51:49,508 - INFO - Duplicate article skipped: Louvre to hike ticket prices for most non-EU tourists by 45% from BBC
2025-11-28 12:51:49,576 - INFO - [The Guardian] Article: https://www.theguardian.com/world/2025/nov/27/mark-carney-alberta-oil-pipeline-deal-canada-first-nations
2025-11-28 12:51:49,577 - INFO - [The Guardian] Attempt 1/1: Trying with 'requests_browser' strategy...
2025-11-28 12:51:49,661 - INFO - [The Guardian] Success with 'requests_browser'. Found content (723 words).
2025-11-28 12:51:49,773 - INFO - Duplicate article skipped: Canada minister resigns from cabinet over Carney’s controversial oil pipeline deal | Canada | The Guardian from The Guardian
2025-11-28 12:51:50,433 - INFO - [BBC] Article: https://www.bbc.com/news/videos/cev8exezvw2o?at_medium=RSS&at_campaign=rss
2025-11-28 12:51:50,433 - INFO - [BBC] Attempt 1/1: Trying with 'requests_browser' strategy...
2025-11-28 12:51:50,631 - INFO - [The Hindu] Page content loaded.
2025-11-28 12:51:50,668 - INFO - [BBC] Success with 'requests_browser'. Found content (89 words).
2025-11-28 12:51:50,868 - INFO - [The Guardian] Article: https://www.theguardian.com/world/2025/nov/27/perus-ousted-president-of-the-poor-gets-11-year-sentence-for-rebellion
2025-11-28 12:51:50,870 - INFO - [The Guardian] Attempt 1/1: Trying with 'requests_browser' strategy...
2025-11-28 12:51:50,910 - INFO - Saved article: Pope Leo struggles to unveil plaque in Turkey from BBC
2025-11-28 12:51:50,942 - INFO - [The Hindu] Success with 'selenium_browser'. Found content (273 words).
2025-11-28 12:51:51,022 - INFO - [The Guardian] Success with 'requests_browser'. Found content (346 words).
2025-11-28 12:51:51,222 - INFO - Saved article: Jagga Reddy hits out at BJP MP Lakshman and defends Gandhi family legacy - The Hindu from The Hindu
2025-11-28 12:51:51,255 - INFO - Duplicate article skipped: Peru’s ousted ‘president of the poor’ gets 11-year sentence for rebellion | Peru | The Guardian from The Guardian
2025-11-28 12:51:51,416 - INFO - [BBC] Article: https://www.bbc.com/news/articles/c0q5ww558ngo?at_medium=RSS&at_campaign=rss
2025-11-28 12:51:51,417 - INFO - [BBC] Attempt 1/1: Trying with 'requests_browser' strategy...
2025-11-28 12:51:51,482 - INFO - [BBC] Success with 'requests_browser'. Found content (442 words).
2025-11-28 12:51:51,660 - INFO - Saved article: Peru: Two former presidents jailed in two days from BBC
2025-11-28 12:51:52,210 - INFO - [The Hindu] Article: https://www.thehindu.com/news/national/karnataka/senior-police-official-calls-for-coordinated-efforts-to-make-the-district-drug-free/article70334773.ece
2025-11-28 12:51:52,210 - INFO - [The Hindu] Attempt 1/1: Trying with 'selenium_browser' strategy...
2025-11-28 12:51:53,893 - INFO - [The Hindu] Page content loaded.
2025-11-28 12:51:54,020 - INFO - [The Hindu] Success with 'selenium_browser'. Found content (505 words).
2025-11-28 12:51:54,203 - INFO - Saved article: Senior police official calls for coordinated efforts to make the district drug-free - The Hindu from The Hindu
2025-11-28 12:51:54,991 - INFO - [Times of India] Page content loaded.
2025-11-28 12:51:55,253 - INFO - [The Hindu] Article: https://www.thehindu.com/news/national/maharashtra/maharashtra-govt-declares-paid-holiday-on-dec-2-for-voting-in-civic-council-nagar-panchayat-polls/article70334694.ece
2025-11-28 12:51:55,253 - INFO - [The Hindu] Attempt 1/1: Trying with 'selenium_browser' strategy...
2025-11-28 12:51:55,345 - INFO - [Times of India] Success with 'selenium_browser'. Found content (337 words).
2025-11-28 12:51:55,524 - INFO - Saved article: Afghanistan is not the problem, immigration is: Kabul-born former US soldier says even '10 President Trump' can't undo failure - The Times of India from Times of India
2025-11-28 12:51:56,056 - INFO - [Times of India] Article: https://timesofindia.indiatimes.com/world/us/zero-mention-of-islamic-terrorism-laura-loomer-slams-zohran-mamdani-over-dc-shooting-calls-him-nycs-jihadist-mayor/articleshow/125637251.cms
2025-11-28 12:51:56,056 - INFO - [Times of India] Attempt 1/1: Trying with 'selenium_browser' strategy...
2025-11-28 12:51:56,160 - INFO - [The Hindu] Page content loaded.
2025-11-28 12:51:56,325 - INFO - [The Hindu] Success with 'selenium_browser'. Found content (331 words).
2025-11-28 12:51:56,456 - INFO - Saved article: Maharashtra govt declares paid holiday on Dec 2 for voting in civic council, nagar panchayat polls - The Hindu from The Hindu
2025-11-28 12:51:57,499 - INFO - [The Hindu] Article: https://www.thehindu.com/news/national/karnataka/workshop-on-mysuru-heritage-and-urbanism-on-november-29/article70334623.ece
2025-11-28 12:51:57,499 - INFO - [The Hindu] Attempt 1/1: Trying with 'selenium_browser' strategy...
2025-11-28 12:51:57,927 - INFO - [Times of India] Page content loaded.
2025-11-28 12:51:58,352 - INFO - [Times of India] Success with 'selenium_browser'. Found content (350 words).
2025-11-28 12:51:58,452 - INFO - Saved article: ‘Zero mention of Islamic terrorism’: Laura Loomer slams Zohran Mamdani over DC shooting, calls him ‘NYC’s jihadist mayor’ - The Times of India from Times of India
2025-11-28 12:51:58,714 - INFO - [The Hindu] Page content loaded.
2025-11-28 12:51:59,016 - INFO - [The Hindu] Success with 'selenium_browser'. Found content (356 words).
2025-11-28 12:51:59,129 - INFO - Saved article: Workshop on Mysuru heritage and urbanism on November 29 - The Hindu from The Hindu
2025-11-28 12:51:59,894 - INFO - [Times of India] Article: https://timesofindia.indiatimes.com/world/middle-east/uae-vice-president-sheikh-mansour-a-look-at-his-net-worth-and-manchester-city-empire/articleshow/125636442.cms
2025-11-28 12:51:59,894 - INFO - [Times of India] Attempt 1/1: Trying with 'selenium_browser' strategy...
2025-11-28 12:52:00,377 - INFO - [The Hindu] Article: https://www.thehindu.com/news/national/telangana/procedure-announced-to-put-check-on-auctioning-of-telangana-sarpanch-and-ward-member-posts/article70334584.ece
2025-11-28 12:52:00,675 - INFO - [The Hindu] Attempt 1/1: Trying with 'selenium_browser' strategy...
2025-11-28 12:52:05,444 - INFO - [Times of India] Page content loaded.
2025-11-28 12:52:05,614 - INFO - [Times of India] Success with 'selenium_browser'. Found content (738 words).
2025-11-28 12:52:05,749 - INFO - Saved article: UAE Vice President Sheikh Mansour: A look at his net worth and Manchester City empire | World News - The Times of India from Times of India
2025-11-28 12:52:06,161 - INFO - [The Hindu] Page content loaded.
2025-11-28 12:52:06,469 - INFO - [The Hindu] Success with 'selenium_browser'. Found content (527 words).
2025-11-28 12:52:06,757 - INFO - Saved article: Procedure announced to put check on auctioning of Telangana Sarpanch and Ward Member posts - The Hindu from The Hindu
2025-11-28 12:52:07,010 - INFO - [Times of India] Article: https://timesofindia.indiatimes.com/world/rest-of-world/human-washing-machine-goes-on-sale-in-japan/articleshow/125635307.cms
2025-11-28 12:52:07,011 - INFO - [Times of India] Attempt 1/1: Trying with 'selenium_browser' strategy...
2025-11-28 12:52:07,605 - INFO - [The Hindu] Article: https://www.thehindu.com/news/cities/Hyderabad/lionel-messi-10-vs-revanth-reddy-9-match-at-hyderabads-uppal-stadium-on-december-13/article70334626.ece
2025-11-28 12:52:07,605 - INFO - [The Hindu] Attempt 1/1: Trying with 'selenium_browser' strategy...
2025-11-28 12:52:08,879 - INFO - [The Hindu] Page content loaded.
2025-11-28 12:52:09,027 - INFO - [The Hindu] Success with 'selenium_browser'. Found content (481 words).
2025-11-28 12:52:09,146 - INFO - Saved article: Revanth Reddy’s team of Govt School students to play against Lionel Messi 10 in Hyderabad’s Uppal on December 13 - The Hindu from The Hindu
2025-11-28 12:52:10,087 - INFO - [Times of India] Page content loaded.
2025-11-28 12:52:10,426 - INFO - [Times of India] Success with 'selenium_browser'. Found content (248 words).
2025-11-28 12:52:10,633 - INFO - [The Hindu] Article: https://www.thehindu.com/news/national/this-will-lead-to-situation-far-worse-than-colonial-era-akhilesh-yadav-on-sir/article70334587.ece
2025-11-28 12:52:10,633 - INFO - [The Hindu] Attempt 1/1: Trying with 'selenium_browser' strategy...
2025-11-28 12:52:10,688 - INFO - Saved article: Human washing machine goes on sale in Japan - The Times of India from Times of India
2025-11-28 12:52:11,423 - INFO - [Times of India] Article: https://timesofindia.indiatimes.com/world/middle-east/dubai-metro-new-rules-for-eid-al-etihad-timings-luggage-rules-and-routes-explained/articleshow/125635089.cms
2025-11-28 12:52:11,423 - INFO - [Times of India] Attempt 1/1: Trying with 'selenium_browser' strategy...
2025-11-28 12:52:13,786 - INFO - [The Hindu] Page content loaded.
2025-11-28 12:52:13,866 - INFO - [The Hindu] Success with 'selenium_browser'. Found content (543 words).
2025-11-28 12:52:13,975 - INFO - [Times of India] Page content loaded.
2025-11-28 12:52:13,978 - INFO - Saved article: This will lead to situation far worse than colonial era: Akhilesh Yadav on SIR - The Hindu from The Hindu
2025-11-28 12:52:14,188 - INFO - [Times of India] Success with 'selenium_browser'. Found content (533 words).
2025-11-28 12:52:14,362 - INFO - Saved article: Dubai metro new rules for Eid Al Etihad: Timings, luggage rules and routes explained | World News - The Times of India from Times of India
2025-11-28 12:52:14,573 - INFO - [The Hindu] Article: https://www.thehindu.com/news/national/tamil-nadu/cyclone-ditwah-tamil-nadu-government-seeks-additional-ndrf-teams-support-from-armed-forces/article70333983.ece
2025-11-28 12:52:14,573 - INFO - [The Hindu] Attempt 1/1: Trying with 'selenium_browser' strategy...
2025-11-28 12:52:15,602 - INFO - [Times of India] Article: https://timesofindia.indiatimes.com/world/middle-east/explained-what-are-black-points-in-uae-and-how-to-check-them/articleshow/125634951.cms
2025-11-28 12:52:15,602 - INFO - [Times of India] Attempt 1/1: Trying with 'selenium_browser' strategy...
2025-11-28 12:52:16,983 - INFO - [The Hindu] Page content loaded.
2025-11-28 12:52:17,144 - INFO - [The Hindu] Success with 'selenium_browser'. Found content (606 words).
2025-11-28 12:52:17,291 - INFO - Saved article: Cyclone Ditwah: Tamil Nadu government seeks additional NDRF teams, support from armed forces - The Hindu from The Hindu
2025-11-28 12:52:17,514 - INFO - [Times of India] Page content loaded.
2025-11-28 12:52:17,639 - INFO - [Times of India] Success with 'selenium_browser'. Found content (568 words).
2025-11-28 12:52:17,724 - INFO - Saved article: Explained: What are black points in UAE and how to check them | World News - The Times of India from Times of India
2025-11-28 12:52:18,028 - INFO - [The Hindu] Article: https://www.thehindu.com/news/national/telangana/north-east-connect-association-neca-launched-in-telangana/article70334424.ece
2025-11-28 12:52:18,028 - INFO - [The Hindu] Attempt 1/1: Trying with 'selenium_browser' strategy...
2025-11-28 12:52:18,234 - INFO - [Times of India] Article: https://timesofindia.indiatimes.com/world/middle-east/sharjah-police-announce-black-points-waiver-and-fine-discounts-for-uaes-54th-national-day/articleshow/125631206.cms
2025-11-28 12:52:18,235 - INFO - [Times of India] Attempt 1/1: Trying with 'selenium_browser' strategy...
2025-11-28 12:52:20,331 - INFO - [The Hindu] Page content loaded.
2025-11-28 12:52:20,465 - INFO - [The Hindu] Success with 'selenium_browser'. Found content (211 words).
2025-11-28 12:52:20,573 - INFO - Saved article: North-East Connect Association (NECA) launched in Telangana - The Hindu from The Hindu
2025-11-28 12:52:20,716 - INFO - [Times of India] Page content loaded.
2025-11-28 12:52:20,983 - INFO - [Times of India] Success with 'selenium_browser'. Found content (436 words).
2025-11-28 12:52:21,101 - INFO - Duplicate article skipped: Sharjah police announce black points waiver and fine discounts for UAE’s 54th National Day | World News - The Times of India from Times of India
2025-11-28 12:52:21,750 - INFO - [The Hindu] (Thread) Finished. Attempting to shut down its Selenium driver.
2025-11-28 12:52:21,949 - INFO - [The Hindu] (Thread) driver.quit() successful.
2025-11-28 12:52:22,158 - INFO - [Times of India] Article: https://timesofindia.indiatimes.com/world/rest-of-world/hong-kong-tragedy-fire-alarms-of-affected-buildings-failed-toll-rises-to-128/articleshow/125632887.cms
2025-11-28 12:52:22,158 - INFO - [Times of India] Attempt 1/1: Trying with 'selenium_browser' strategy...
2025-11-28 12:52:23,223 - INFO - [Times of India] Page content loaded.
2025-11-28 12:52:23,423 - INFO - [Times of India] Success with 'selenium_browser'. Found content (578 words).
2025-11-28 12:52:23,490 - INFO - Duplicate article skipped: Hong Kong tragedy: Fire alarms of affected buildings failed; toll rises to 128 - The Times of India from Times of India
2025-11-28 12:52:24,956 - INFO - [Times of India] Article: https://timesofindia.indiatimes.com/world/rest-of-world/sri-lanka-56-killed-as-floods-landslides-triggered-by-torrential-rains-batter-the-island-dozens-missing/articleshow/125628919.cms
2025-11-28 12:52:24,956 - INFO - [Times of India] Attempt 1/1: Trying with 'selenium_browser' strategy...
2025-11-28 12:52:25,972 - INFO - [Times of India] Page content loaded.
2025-11-28 12:52:26,118 - INFO - [Times of India] Success with 'selenium_browser'. Found content (255 words).
2025-11-28 12:52:26,188 - INFO - Duplicate article skipped: Sri Lanka: 56 killed as floods, landslides triggered by torrential rains batter the island; dozens missing - The Times of India from Times of India
2025-11-28 12:52:27,349 - INFO - [Times of India] Article: https://timesofindia.indiatimes.com/world/middle-east/emirates-celebrates-54th-uae-national-day-with-special-inflight-food-and-entertainment/articleshow/125632515.cms
2025-11-28 12:52:27,349 - INFO - [Times of India] Attempt 1/1: Trying with 'selenium_browser' strategy...
2025-11-28 12:52:28,344 - INFO - [Times of India] Page content loaded.
2025-11-28 12:52:28,469 - INFO - [Times of India] Success with 'selenium_browser'. Found content (543 words).
2025-11-28 12:52:28,635 - INFO - Duplicate article skipped: Emirates celebrates 54th UAE National Day with special inflight food and entertainment | World News - The Times of India from Times of India
2025-11-28 12:52:29,988 - INFO - [Times of India] (Thread) Finished. Attempting to shut down its Selenium driver.
2025-11-28 12:52:30,265 - INFO - [Times of India] (Thread) driver.quit() successful.
2025-11-28 12:52:30,266 - INFO - Shutting down thread pool (wait=False)...
2025-11-28 12:52:30,266 - INFO - Scraped: 4 BBC, 6 Times of India, 10 The Hindu, 0 The Guardian articles. (Total saved: 20)
2025-11-28 12:52:30,266 - INFO - --- Scraping job finished ---
2025-11-28 12:52:30,272 - INFO - --- Scraper service stopped and database connection closed. ---
2025-11-28 12:52:30,272 - INFO - --- Main thread finished. Forcing process exit to kill zombie threads. ---
