2025-11-24 20:28:48,147 - INFO - Initializing database connection at: news_articles.db
2025-11-24 20:28:48,147 - INFO - --- Scraper service started (CI Mode: Run Once) ---
2025-11-24 20:28:48,147 - INFO - --- Starting new scraping job (Parallel Mode) ---
2025-11-24 20:28:48,147 - INFO - Creating new robust session with 3 retries on 5xx/connection/read errors.
2025-11-24 20:28:48,147 - INFO - Proxy is DISABLED.
2025-11-24 20:28:48,147 - INFO - Starting scrape for BBC RSS feed: http://feeds.bbci.co.uk/news/world/rss.xml
2025-11-24 20:28:48,148 - INFO - [Times of India] (Thread) requires Selenium. Initializing driver...
2025-11-24 20:28:48,148 - INFO - Initializing headless Selenium Chrome driver (using SeleniumManager)...
2025-11-24 20:28:48,148 - INFO - Starting scrape for The Guardian RSS feed: https://www.theguardian.com/world/rss
2025-11-24 20:28:48,149 - INFO - [The Hindu] (Thread) requires Selenium. Initializing driver...
2025-11-24 20:28:48,149 - INFO - Submitted 4 jobs to thread pool. Waiting up to 300s for completion...
2025-11-24 20:28:48,149 - INFO - Initializing headless Selenium Chrome driver (using SeleniumManager)...
2025-11-24 20:28:48,378 - INFO - Found 45 articles in The Guardian RSS feed. Processing up to 10.
2025-11-24 20:28:48,378 - INFO - [The Guardian] Article: https://www.theguardian.com/uk-news/2025/nov/24/uk-rejects-nigerian-request-to-deport-former-politican-ike-ekweremadu-jailed-for-organ-trafficking
2025-11-24 20:28:48,378 - INFO - [The Guardian] Attempt 1/1: Trying with 'requests_browser' strategy...
2025-11-24 20:28:48,426 - INFO - [The Guardian] Success with 'requests_browser'. Found content (546 words).
2025-11-24 20:28:48,461 - INFO - Duplicate article skipped: UK rejects Nigerian request to deport former politican jailed for organ trafficking | UK news | The Guardian from The Guardian
2025-11-24 20:28:48,568 - INFO - Found 27 articles in BBC RSS feed. Processing up to 10.
2025-11-24 20:28:48,568 - INFO - [BBC] Article: https://www.bbc.com/news/articles/cpd6qd10l94o?at_medium=RSS&at_campaign=rss
2025-11-24 20:28:48,568 - INFO - [BBC] Attempt 1/1: Trying with 'requests_browser' strategy...
2025-11-24 20:28:48,918 - INFO - [BBC] Success with 'requests_browser'. Found content (729 words).
2025-11-24 20:28:49,023 - INFO - Duplicate article skipped: Volodymyr Zelensky warns against giving away territory to Russia, as latest Ukraine talks end from BBC
2025-11-24 20:28:49,572 - INFO - [The Guardian] Article: https://www.theguardian.com/world/2025/nov/24/ethiopian-volcano-hayli-gubbi-erupts-first-time-12000-years
2025-11-24 20:28:49,572 - INFO - [The Guardian] Attempt 1/1: Trying with 'requests_browser' strategy...
2025-11-24 20:28:49,612 - INFO - [The Guardian] Success with 'requests_browser'. Found content (306 words).
2025-11-24 20:28:49,646 - INFO - Duplicate article skipped: Ethiopian volcano erupts for first time in 12,000 years | Ethiopia | The Guardian from The Guardian
2025-11-24 20:28:49,974 - INFO - [BBC] Article: https://www.bbc.com/news/articles/c0jew0lyv98o?at_medium=RSS&at_campaign=rss
2025-11-24 20:28:49,974 - INFO - [BBC] Attempt 1/1: Trying with 'requests_browser' strategy...
2025-11-24 20:28:50,465 - INFO - [BBC] Success with 'requests_browser'. Found content (526 words).
2025-11-24 20:28:50,501 - INFO - Saved article: Belgian airports to be hit by strike over austerity from BBC
2025-11-24 20:28:51,147 - INFO - [The Guardian] Article: https://www.theguardian.com/world/2025/nov/23/cyril-ramaphosa-gavel-g20-summit-us-handover
2025-11-24 20:28:51,148 - INFO - [The Guardian] Attempt 1/1: Trying with 'requests_browser' strategy...
2025-11-24 20:28:51,190 - INFO - [The Guardian] Success with 'requests_browser'. Found content (520 words).
2025-11-24 20:28:51,248 - INFO - Duplicate article skipped: Cyril Ramaphosa closes G20 summit after US boycott and handover row | G20 | The Guardian from The Guardian
2025-11-24 20:28:52,001 - INFO - [BBC] Article: https://www.bbc.com/news/articles/cj4qdren425o?at_medium=RSS&at_campaign=rss
2025-11-24 20:28:52,002 - INFO - [BBC] Attempt 1/1: Trying with 'requests_browser' strategy...
2025-11-24 20:28:52,045 - INFO - [BBC] Success with 'requests_browser'. Found content (919 words).
2025-11-24 20:28:52,077 - INFO - Duplicate article skipped: Reggae legend Jimmy Cliff dies, aged 81 from BBC
2025-11-24 20:28:52,157 - INFO - [The Guardian] Article: https://www.theguardian.com/world/2025/nov/22/security-fears-rise-in-nigeria-after-more-than-300-taken-mass-school-kidnapping
2025-11-24 20:28:52,157 - INFO - [The Guardian] Attempt 1/1: Trying with 'requests_browser' strategy...
2025-11-24 20:28:52,318 - INFO - [The Guardian] Success with 'requests_browser'. Found content (642 words).
2025-11-24 20:28:52,362 - INFO - Duplicate article skipped: Security fears rise in Nigeria after more than 300 schoolchildren kidnapped | Nigeria | The Guardian from The Guardian
2025-11-24 20:28:53,231 - INFO - [BBC] Article: https://www.bbc.com/news/articles/ce8g8wrd61zo?at_medium=RSS&at_campaign=rss
2025-11-24 20:28:53,231 - INFO - [BBC] Attempt 1/1: Trying with 'requests_browser' strategy...
2025-11-24 20:28:53,390 - INFO - [BBC] Success with 'requests_browser'. Found content (980 words).
2025-11-24 20:28:53,431 - INFO - Duplicate article skipped: Machu Picchu hit by a row over tourist buses from BBC
2025-11-24 20:28:53,659 - INFO - [The Guardian] Article: https://www.theguardian.com/society/2025/nov/22/south-africa-g20-protests-gender-based-violence-national-disaster
2025-11-24 20:28:53,659 - INFO - [The Guardian] Attempt 1/1: Trying with 'requests_browser' strategy...
2025-11-24 20:28:53,696 - INFO - [The Guardian] Success with 'requests_browser'. Found content (437 words).
2025-11-24 20:28:53,732 - INFO - Duplicate article skipped: South Africa declares gender-based violence a national disaster amid G20 protests | Violence against women and girls | The Guardian from The Guardian
2025-11-24 20:28:54,476 - INFO - [The Guardian] Article: https://www.theguardian.com/us-news/live/2025/nov/24/us-politics-trump-venezuela-marjorie-tayor-greene-latest-updates
2025-11-24 20:28:54,476 - INFO - [The Guardian] Attempt 1/1: Trying with 'requests_browser' strategy...
2025-11-24 20:28:54,551 - INFO - [BBC] Article: https://www.bbc.com/news/articles/cvgkwgyqzn0o?at_medium=RSS&at_campaign=rss
2025-11-24 20:28:54,551 - INFO - [BBC] Attempt 1/1: Trying with 'requests_browser' strategy...
2025-11-24 20:28:54,721 - INFO - [The Guardian] Success with 'requests_browser'. Found content (2758 words).
2025-11-24 20:28:54,830 - INFO - Duplicate article skipped: Judge rebukes Trump’s prosecutor over James Comey and Letitia James charges – live | Trump administration | The Guardian from The Guardian
2025-11-24 20:28:54,835 - INFO - [BBC] Success with 'requests_browser'. Found content (550 words).
2025-11-24 20:28:54,872 - INFO - Saved article: Morgan Geyser, 'Slender Man' stabber, captured after fleeing custody from BBC
2025-11-24 20:28:55,585 - INFO - [The Guardian] Article: https://www.theguardian.com/world/2025/nov/24/canada-grizzly-bear-attack-search
2025-11-24 20:28:55,585 - INFO - [The Guardian] Attempt 1/1: Trying with 'requests_browser' strategy...
2025-11-24 20:28:55,731 - INFO - [The Guardian] Success with 'requests_browser'. Found content (852 words).
2025-11-24 20:28:55,768 - INFO - Saved article: Grizzly bear that attacked children and teachers in Canada still eludes searchers | Canada | The Guardian from The Guardian
2025-11-24 20:28:56,361 - INFO - [BBC] Article: https://www.bbc.com/news/articles/cq5qen5gnzqo?at_medium=RSS&at_campaign=rss
2025-11-24 20:28:56,361 - INFO - [BBC] Attempt 1/1: Trying with 'requests_browser' strategy...
2025-11-24 20:28:56,519 - INFO - [BBC] Success with 'requests_browser'. Found content (1020 words).
2025-11-24 20:28:56,560 - INFO - Duplicate article skipped: Niger state kidnap: Nigerian father felt helpless as he saw children taken from Catholic school in Papiri from BBC
2025-11-24 20:28:56,767 - INFO - Selenium driver initialized successfully.
2025-11-24 20:28:56,767 - INFO - Starting scrape for Times of India RSS feed: https://timesofindia.indiatimes.com/rssfeeds/296589292.cms
2025-11-24 20:28:56,767 - INFO - Selenium driver initialized successfully.
2025-11-24 20:28:56,768 - INFO - Starting scrape for The Hindu RSS feed: https://www.thehindu.com/news/national/feeder/default.rss
2025-11-24 20:28:56,946 - INFO - Found 100 articles in The Hindu RSS feed. Processing up to 10.
2025-11-24 20:28:56,947 - INFO - [The Hindu] Article: https://www.thehindu.com/news/national/bjp-flags-threats-to-officials-conducting-sir-in-west-bengal-jharkhand/article70318262.ece
2025-11-24 20:28:56,947 - INFO - [The Hindu] Attempt 1/1: Trying with 'selenium_browser' strategy...
2025-11-24 20:28:57,181 - INFO - [BBC] Article: https://www.bbc.com/news/articles/cn7klr7647jo?at_medium=RSS&at_campaign=rss
2025-11-24 20:28:57,181 - INFO - [BBC] Attempt 1/1: Trying with 'requests_browser' strategy...
2025-11-24 20:28:57,199 - INFO - [The Guardian] Article: https://www.theguardian.com/us-news/2025/nov/24/trump-conspiracy-venezuela-2020-election
2025-11-24 20:28:57,199 - INFO - [The Guardian] Attempt 1/1: Trying with 'requests_browser' strategy...
2025-11-24 20:28:57,241 - INFO - [BBC] Success with 'requests_browser'. Found content (1038 words).
2025-11-24 20:28:57,288 - INFO - Duplicate article skipped: Gaza food kitchens still missing essential products despite ceasefire from BBC
2025-11-24 20:28:57,292 - INFO - [The Guardian] Success with 'requests_browser'. Found content (585 words).
2025-11-24 20:28:57,331 - INFO - Duplicate article skipped: Trump hints support for fringe theory that Venezuela rigged 2020 election | US elections 2020 | The Guardian from The Guardian
2025-11-24 20:28:57,611 - INFO - Found 20 articles in Times of India RSS feed. Processing up to 10.
2025-11-24 20:28:57,611 - INFO - [Times of India] Article: https://timesofindia.indiatimes.com/world/rest-of-world/indian-flag-desecrated-and-kill-chants-at-unofficial-khalistan-referendum-in-ottawa/articleshow/125549339.cms
2025-11-24 20:28:57,611 - INFO - [Times of India] Attempt 1/1: Trying with 'selenium_browser' strategy...
2025-11-24 20:28:58,494 - INFO - [The Guardian] Article: https://www.theguardian.com/music/2025/nov/24/jimmy-cliff-jamaican-reggae-singer-actor-and-cultural-icon-dies-aged-81
2025-11-24 20:28:58,494 - INFO - [The Guardian] Attempt 1/1: Trying with 'requests_browser' strategy...
2025-11-24 20:28:58,531 - INFO - [BBC] Article: https://www.bbc.com/news/articles/czxgdelzeq1o?at_medium=RSS&at_campaign=rss
2025-11-24 20:28:58,531 - INFO - [BBC] Attempt 1/1: Trying with 'requests_browser' strategy...
2025-11-24 20:28:58,567 - INFO - [The Guardian] Success with 'requests_browser'. Found content (932 words).
2025-11-24 20:28:58,648 - INFO - Duplicate article skipped: Jimmy Cliff, Jamaican reggae singer, actor and cultural icon, dies aged 81 | Jimmy Cliff | The Guardian from The Guardian
2025-11-24 20:28:59,146 - INFO - [BBC] Success with 'requests_browser'. Found content (455 words).
2025-11-24 20:28:59,224 - INFO - Duplicate article skipped: South Korea's most prolific online sex criminal sentenced to life in prison from BBC
2025-11-24 20:28:59,282 - INFO - [The Guardian] Article: https://www.theguardian.com/world/2025/nov/23/jair-bolsonaro-claims-psychotic-attack-made-him-tamper-with-ankle-monitor
2025-11-24 20:28:59,282 - INFO - [The Guardian] Attempt 1/1: Trying with 'requests_browser' strategy...
2025-11-24 20:28:59,345 - INFO - [The Guardian] Success with 'requests_browser'. Found content (530 words).
2025-11-24 20:28:59,412 - INFO - Duplicate article skipped: Jair Bolsonaro claims ‘psychotic attack’ made him tamper with ankle monitor | Jair Bolsonaro | The Guardian from The Guardian
2025-11-24 20:29:00,227 - INFO - [BBC] Article: https://www.bbc.com/news/articles/cz94pdkzqvwo?at_medium=RSS&at_campaign=rss
2025-11-24 20:29:00,227 - INFO - [BBC] Attempt 1/1: Trying with 'requests_browser' strategy...
2025-11-24 20:29:00,354 - INFO - [BBC] Success with 'requests_browser'. Found content (323 words).
2025-11-24 20:29:00,520 - INFO - Duplicate article skipped: Australia senator condemned for burka stunt in parliament from BBC
2025-11-24 20:29:01,258 - INFO - [BBC] Article: https://www.bbc.com/news/articles/cy840l75gx3o?at_medium=RSS&at_campaign=rss
2025-11-24 20:29:01,258 - INFO - [BBC] Attempt 1/1: Trying with 'requests_browser' strategy...
2025-11-24 20:29:01,370 - INFO - [BBC] Success with 'requests_browser'. Found content (455 words).
2025-11-24 20:29:01,600 - INFO - Duplicate article skipped: Skye Gyngell: Michelin-starred Australian chef dies aged 62 from BBC
2025-11-24 20:29:01,977 - INFO - [The Hindu] Page content loaded.
2025-11-24 20:29:02,077 - INFO - [The Hindu] Success with 'selenium_browser'. Found content (263 words).
2025-11-24 20:29:02,176 - INFO - Saved article: BJP flags ‘threats’ to officials conducting SIR in West Bengal, Jharkhand - The Hindu from The Hindu
2025-11-24 20:29:03,254 - INFO - [The Hindu] Article: https://www.thehindu.com/news/cities/Hyderabad/isro-offers-satellite-support-to-railways-to-boost-communication-systems/article70318096.ece
2025-11-24 20:29:03,255 - INFO - [The Hindu] Attempt 1/1: Trying with 'selenium_browser' strategy...
2025-11-24 20:29:05,846 - INFO - [The Hindu] Page content loaded.
2025-11-24 20:29:06,453 - INFO - [The Hindu] Success with 'selenium_browser'. Found content (365 words).
2025-11-24 20:29:07,002 - INFO - Saved article: ISRO offers satellite support to Railways to boost communication systems - The Hindu from The Hindu
2025-11-24 20:29:07,922 - INFO - [The Hindu] Article: https://www.thehindu.com/news/national/gujarat/gujarat-police-complete-verification-of-31834-people-booked-for-anti-national-activities/article70318790.ece
2025-11-24 20:29:07,923 - INFO - [The Hindu] Attempt 1/1: Trying with 'selenium_browser' strategy...
2025-11-24 20:29:09,214 - INFO - [The Hindu] Page content loaded.
2025-11-24 20:29:09,467 - INFO - [The Hindu] Success with 'selenium_browser'. Found content (339 words).
2025-11-24 20:29:09,578 - INFO - Saved article: Gujarat police complete verification of 31,834 people booked for ‘anti-national’ activities - The Hindu from The Hindu
2025-11-24 20:29:10,958 - INFO - [The Hindu] Article: https://www.thehindu.com/news/national/west-bengal/amid-concerns-over-ongoing-sir-in-west-bengal-some-matuas-go-on-fast-others-seek-citizenship-under-caa/article70317998.ece
2025-11-24 20:29:10,958 - INFO - [The Hindu] Attempt 1/1: Trying with 'selenium_browser' strategy...
2025-11-24 20:29:11,759 - INFO - [The Hindu] Page content loaded.
2025-11-24 20:29:11,842 - INFO - [The Hindu] Success with 'selenium_browser'. Found content (831 words).
2025-11-24 20:29:11,928 - INFO - Saved article: Amid concerns over ongoing SIR in West Bengal, some Matuas go on fast, others seek citizenship under CAA - The Hindu from The Hindu
2025-11-24 20:29:12,887 - INFO - [The Hindu] Article: https://www.thehindu.com/news/national/karnataka/gok-opens-entrepreneurship-centre-in-kalaburagi-to-boost-startup-culture-across-kalyana-karnataka-priyank-kharge/article70318809.ece
2025-11-24 20:29:12,887 - INFO - [The Hindu] Attempt 1/1: Trying with 'selenium_browser' strategy...
2025-11-24 20:29:13,741 - INFO - [The Hindu] Page content loaded.
2025-11-24 20:29:13,828 - INFO - [The Hindu] Success with 'selenium_browser'. Found content (271 words).
2025-11-24 20:29:13,931 - INFO - Saved article: GoK opens entrepreneurship centre in Kalaburagi to boost startup culture across Kalyana Karnataka: Priyank Kharge - The Hindu from The Hindu
2025-11-24 20:29:14,797 - INFO - [The Hindu] Article: https://www.thehindu.com/opinion/op-ed/the-race-for-investments/article70317412.ece
2025-11-24 20:29:14,797 - INFO - [The Hindu] Attempt 1/1: Trying with 'selenium_browser' strategy...
2025-11-24 20:29:15,673 - INFO - [The Hindu] Page content loaded.
2025-11-24 20:29:15,831 - INFO - [The Hindu] Success with 'selenium_browser'. Found content (708 words).
2025-11-24 20:29:15,920 - INFO - Saved article: The race for investments - The Hindu from The Hindu
2025-11-24 20:29:16,718 - INFO - [The Hindu] Article: https://www.thehindu.com/news/national/chhattisgarh/chhattisgarh-school-girl-ends-her-life-after-accusing-principal-of-sexual-harassment/article70319088.ece
2025-11-24 20:29:16,718 - INFO - [The Hindu] Attempt 1/1: Trying with 'selenium_browser' strategy...
2025-11-24 20:29:17,557 - INFO - [The Hindu] Page content loaded.
2025-11-24 20:29:17,641 - INFO - [The Hindu] Success with 'selenium_browser'. Found content (346 words).
2025-11-24 20:29:17,748 - INFO - Saved article: Chhattisgarh school girl ends her life after accusing principal of sexual harassment - The Hindu from The Hindu
2025-11-24 20:29:19,174 - INFO - [The Hindu] Article: https://www.thehindu.com/news/national/tamil-nadu/norms-relaxed-for-schools-located-along-national-state-highways/article70318872.ece
2025-11-24 20:29:19,174 - INFO - [The Hindu] Attempt 1/1: Trying with 'selenium_browser' strategy...
2025-11-24 20:29:20,702 - INFO - [The Hindu] Page content loaded.
2025-11-24 20:29:20,755 - INFO - [The Hindu] Success with 'selenium_browser'. Found content (289 words).
2025-11-24 20:29:20,873 - INFO - Saved article: Norms relaxed for schools located along National, State highways - The Hindu from The Hindu
2025-11-24 20:29:21,598 - INFO - [The Hindu] Article: https://www.thehindu.com/news/national/tamil-nadu/iit-madras-to-organise-open-house-between-january-2-and-4/article70318207.ece
2025-11-24 20:29:21,598 - INFO - [The Hindu] Attempt 1/1: Trying with 'selenium_browser' strategy...
2025-11-24 20:29:22,376 - INFO - [The Hindu] Page content loaded.
2025-11-24 20:29:22,466 - INFO - [The Hindu] Success with 'selenium_browser'. Found content (157 words).
2025-11-24 20:29:22,579 - INFO - Saved article: IIT-Madras to organise Open House between January 2 and 4 - The Hindu from The Hindu
2025-11-24 20:29:23,220 - INFO - [The Hindu] Article: https://www.thehindu.com/news/national/kerala/two-flights-from-kochi-cancelled-due-to-volcanic-eruption-in-ethiopia/article70319137.ece
2025-11-24 20:29:23,220 - INFO - [The Hindu] Attempt 1/1: Trying with 'selenium_browser' strategy...
2025-11-24 20:29:24,279 - INFO - [The Hindu] Page content loaded.
2025-11-24 20:29:24,344 - WARNING - [The Hindu] FAILED with 'selenium_browser' (content was too short: 77 words).
2025-11-24 20:29:24,344 - ERROR - [The Hindu] All scrape strategies failed for https://www.thehindu.com/news/national/kerala/two-flights-from-kochi-cancelled-due-to-volcanic-eruption-in-ethiopia/article70319137.ece. Falling back to RSS description.
2025-11-24 20:29:24,347 - INFO - Saved article: Two flights from Kochi cancelled due to volcanic eruption in Ethiopia from The Hindu
2025-11-24 20:29:25,067 - INFO - [The Hindu] (Thread) Finished. Attempting to shut down its Selenium driver.
2025-11-24 20:29:25,216 - INFO - [The Hindu] (Thread) driver.quit() successful.
2025-11-24 20:29:57,633 - ERROR - [Times of India] Request failed for strategy 'selenium_browser' on URL https://timesofindia.indiatimes.com/world/rest-of-world/indian-flag-desecrated-and-kill-chants-at-unofficial-khalistan-referendum-in-ottawa/articleshow/125549339.cms: Message: timeout: Timed out receiving message from renderer: 59.513
  (Session info: chrome=142.0.7444.162)
Stacktrace:
#0 0x564f76b6f32a <unknown>
#1 0x564f765bbe4b <unknown>
#2 0x564f765a3e0d <unknown>
#3 0x564f765a3af0 <unknown>
#4 0x564f765a18ff <unknown>
#5 0x564f765a227f <unknown>
#6 0x564f765b0ca3 <unknown>
#7 0x564f765ca601 <unknown>
#8 0x564f765d0e0b <unknown>
#9 0x564f765a29bd <unknown>
#10 0x564f765ca3a7 <unknown>
#11 0x564f7665b170 <unknown>
#12 0x564f76600c1a <unknown>
#13 0x564f76601921 <unknown>
#14 0x564f76b36239 <unknown>
#15 0x564f76b391e8 <unknown>
#16 0x564f76b1f4c9 <unknown>
#17 0x564f76b39db5 <unknown>
#18 0x564f76b06e93 <unknown>
#19 0x564f76b5c098 <unknown>
#20 0x564f76b5c273 <unknown>
#21 0x564f76b6e2c3 <unknown>
#22 0x7f21ac89caa4 <unknown>
#23 0x7f21ac929c6c <unknown>

2025-11-24 20:29:57,634 - ERROR - [Times of India] All scrape strategies failed for https://timesofindia.indiatimes.com/world/rest-of-world/indian-flag-desecrated-and-kill-chants-at-unofficial-khalistan-referendum-in-ottawa/articleshow/125549339.cms. Falling back to RSS description.
2025-11-24 20:29:57,637 - INFO - Saved article: Indian flag desecrated and ‘kill’ chants at unofficial ‘Khalistan referendum’ in Ottawa from Times of India
2025-11-24 20:29:58,560 - INFO - [Times of India] Article: https://timesofindia.indiatimes.com/world/us/trump-gold-card-15000-application-fee-to-buy-us-residency-for-1-million-draft-petition-ready-ahead-of-december-18-deadline/articleshow/125549023.cms
2025-11-24 20:29:58,560 - INFO - [Times of India] Attempt 1/1: Trying with 'selenium_browser' strategy...
2025-11-24 20:29:59,712 - INFO - [Times of India] Page content loaded.
2025-11-24 20:29:59,852 - INFO - [Times of India] Success with 'selenium_browser'. Found content (360 words).
2025-11-24 20:29:59,914 - INFO - Saved article: Trump Gold Card: $15,000 application fee to buy US residency for $1 million, draft petition ready ahead of December 18 deadline - The Times of India from Times of India
2025-11-24 20:30:01,323 - INFO - [Times of India] Article: https://timesofindia.indiatimes.com/world/us/indian-origin-immigration-lawyer-shares-plan-b-for-h-1b-holders-facing-layoffs-biggest-mistake-is-assuming-/articleshow/125548154.cms
2025-11-24 20:30:01,323 - INFO - [Times of India] Attempt 1/1: Trying with 'selenium_browser' strategy...
2025-11-24 20:30:02,554 - INFO - [Times of India] Page content loaded.
2025-11-24 20:30:02,669 - INFO - [Times of India] Success with 'selenium_browser'. Found content (464 words).
2025-11-24 20:30:02,731 - INFO - Saved article: Indian-origin immigration lawyer shares 'Plan B' for H-1B holders facing layoffs: 'Biggest mistake is assuming...' - The Times of India from Times of India
2025-11-24 20:30:03,552 - INFO - [Times of India] Article: https://timesofindia.indiatimes.com/world/us/situation-improved-us-terminates-temporary-protected-status-for-myanmar-asks-burmese-nationals-to-go-home/articleshow/125547022.cms
2025-11-24 20:30:03,553 - INFO - [Times of India] Attempt 1/1: Trying with 'selenium_browser' strategy...
2025-11-24 20:30:04,686 - INFO - [Times of India] Page content loaded.
2025-11-24 20:30:04,835 - INFO - [Times of India] Success with 'selenium_browser'. Found content (408 words).
2025-11-24 20:30:04,959 - INFO - Duplicate article skipped: Situation improved: US terminates Temporary Protected Status for Myanmar, asks Burmese nationals to go home - The Times of India from Times of India
2025-11-24 20:30:05,793 - INFO - [Times of India] Article: https://timesofindia.indiatimes.com/world/us/social-media-trolls-elon-musk-for-promoting-grok-ai-as-a-way-to-roast-friends-like-a-12-year-old-who-just-found-internet/articleshow/125546760.cms
2025-11-24 20:30:05,793 - INFO - [Times of India] Attempt 1/1: Trying with 'selenium_browser' strategy...
2025-11-24 20:30:06,747 - INFO - [Times of India] Page content loaded.
2025-11-24 20:30:06,890 - INFO - [Times of India] Success with 'selenium_browser'. Found content (315 words).
2025-11-24 20:30:06,956 - INFO - Duplicate article skipped: Social media trolls Elon Musk for promoting Grok AI as a way to roast friends: ‘Like a 12-year-old who just found internet’ - The Times of India from Times of India
2025-11-24 20:30:07,898 - INFO - [Times of India] Article: https://timesofindia.indiatimes.com/world/us-streamers/erika-kirk-shares-the-real-story-behind-her-viral-jd-vance-hug-and-why-she-touched-back-of-his-head-on-stage/articleshow/125546770.cms
2025-11-24 20:30:07,898 - INFO - [Times of India] Attempt 1/1: Trying with 'selenium_browser' strategy...
2025-11-24 20:30:09,443 - INFO - [Times of India] Page content loaded.
2025-11-24 20:30:09,586 - INFO - [Times of India] Success with 'selenium_browser'. Found content (479 words).
2025-11-24 20:30:09,646 - INFO - Duplicate article skipped: Erika Kirk shares the real story behind her viral JD Vance hug and why she touched back of his head on stage - The Times of India from Times of India
2025-11-24 20:30:10,897 - INFO - [Times of India] Article: https://timesofindia.indiatimes.com/world/us/fallacy-vivek-is-peddling-ramaswamy-shares-govt-data-on-how-american-students-fail-in-maths-gets-slammed/articleshow/125546518.cms
2025-11-24 20:30:10,897 - INFO - [Times of India] Attempt 1/1: Trying with 'selenium_browser' strategy...
2025-11-24 20:30:12,345 - INFO - [Times of India] Page content loaded.
2025-11-24 20:30:12,474 - INFO - [Times of India] Success with 'selenium_browser'. Found content (352 words).
2025-11-24 20:30:12,534 - INFO - Duplicate article skipped: 'Fallacy Vivek is peddling': Ramaswamy shares govt data on how American students fail in maths; gets slammed - The Times of India from Times of India
2025-11-24 20:30:13,863 - INFO - [Times of India] Article: https://timesofindia.indiatimes.com/etimes/trending/man-claims-hes-stranded-on-an-island-off-the-coast-of-argentina-but-is-it-real-or-staged-for-publicity/articleshow/125542726.cms
2025-11-24 20:30:13,863 - INFO - [Times of India] Attempt 1/1: Trying with 'selenium_browser' strategy...
2025-11-24 20:30:25,847 - WARNING - [Times of India] Page timed out (10s). No <p> tags found. Proceeding anyway.
2025-11-24 20:30:25,995 - INFO - [Times of India] Success with 'selenium_browser'. Found content (1222 words).
2025-11-24 20:30:26,063 - INFO - Duplicate article skipped: Man claims he’s ‘stranded’ on an island off the coast of Argentina, but is it real or staged for publicity? | - The Times of India from Times of India
2025-11-24 20:30:27,346 - INFO - [Times of India] Article: https://timesofindia.indiatimes.com/world/us/my-love-language-is-erika-kirk-shuts-down-rumours-amid-viral-hug-with-jd-vance-says-haters-need-a-hug-themselves/articleshow/125544790.cms
2025-11-24 20:30:27,346 - INFO - [Times of India] Attempt 1/1: Trying with 'selenium_browser' strategy...
2025-11-24 20:30:28,424 - INFO - [Times of India] Page content loaded.
2025-11-24 20:30:28,537 - INFO - [Times of India] Success with 'selenium_browser'. Found content (344 words).
2025-11-24 20:30:28,606 - INFO - Saved article: 'My love language is...': Erika Kirk shuts down rumours amid viral hug with JD Vance, says haters need a hug themselves - The Times of India from Times of India
2025-11-24 20:30:29,203 - INFO - [Times of India] Article: https://timesofindia.indiatimes.com/world/us/kash-patel-furious-as-swat-team-leaves-his-girlfriend-alexis-wilkins-at-a-performance-after-no-threat-assessment/articleshow/125545076.cms
2025-11-24 20:30:29,203 - INFO - [Times of India] Attempt 1/1: Trying with 'selenium_browser' strategy...
2025-11-24 20:30:30,332 - INFO - [Times of India] Page content loaded.
2025-11-24 20:30:30,444 - INFO - [Times of India] Success with 'selenium_browser'. Found content (323 words).
2025-11-24 20:30:30,509 - INFO - Saved article: Kash Patel 'furious' as SWAT team leaves his girlfriend Alexis Wilkins at a performance after 'no threat' assessment - The Times of India from Times of India
2025-11-24 20:30:31,854 - INFO - [Times of India] (Thread) Finished. Attempting to shut down its Selenium driver.
2025-11-24 20:30:32,097 - INFO - [Times of India] (Thread) driver.quit() successful.
2025-11-24 20:30:32,098 - INFO - Shutting down thread pool (wait=False)...
2025-11-24 20:30:32,098 - INFO - Scraped: 1 The Guardian, 5 Times of India, 2 BBC, 10 The Hindu articles. (Total saved: 18)
2025-11-24 20:30:32,098 - INFO - --- Scraping job finished ---
2025-11-24 20:30:32,104 - INFO - --- Scraper service stopped and database connection closed. ---
2025-11-24 20:30:32,104 - INFO - --- Main thread finished. Forcing process exit to kill zombie threads. ---
