2025-12-16 22:24:09,701 - INFO - Initializing database connection at: news_articles.db
2025-12-16 22:24:09,701 - INFO - --- Scraper service started (CI Mode: Run Once) ---
2025-12-16 22:24:09,701 - INFO - --- Starting new scraping job (Parallel Mode) ---
2025-12-16 22:24:09,701 - INFO - Creating new robust session with 3 retries on 5xx/connection/read errors.
2025-12-16 22:24:09,701 - INFO - Proxy is DISABLED.
2025-12-16 22:24:09,702 - INFO - Starting scrape for BBC RSS feed: http://feeds.bbci.co.uk/news/world/rss.xml
2025-12-16 22:24:09,702 - INFO - [Times of India] (Thread) requires Selenium. Initializing driver...
2025-12-16 22:24:09,702 - INFO - Initializing headless Selenium Chrome driver (using SeleniumManager)...
2025-12-16 22:24:09,703 - INFO - Starting scrape for The Guardian RSS feed: https://www.theguardian.com/world/rss
2025-12-16 22:24:09,704 - INFO - [The Hindu] (Thread) requires Selenium. Initializing driver...
2025-12-16 22:24:09,704 - INFO - Initializing headless Selenium Chrome driver (using SeleniumManager)...
2025-12-16 22:24:09,707 - INFO - Submitted 4 jobs to thread pool. Waiting up to 300s for completion...
2025-12-16 22:24:09,803 - INFO - Found 40 articles in BBC RSS feed. Processing up to 10.
2025-12-16 22:24:09,803 - INFO - [BBC] Article: https://www.bbc.com/news/articles/cx2341yx719o?at_medium=RSS&at_campaign=rss
2025-12-16 22:24:09,803 - INFO - [BBC] Attempt 1/1: Trying with 'requests_browser' strategy...
2025-12-16 22:24:09,813 - INFO - Found 45 articles in The Guardian RSS feed. Processing up to 10.
2025-12-16 22:24:09,813 - INFO - [The Guardian] Article: https://www.theguardian.com/world/2025/dec/16/five-key-moments-in-the-assault-on-the-rights-of-women-and-girls-in-2025
2025-12-16 22:24:09,813 - INFO - [The Guardian] Attempt 1/1: Trying with 'requests_browser' strategy...
2025-12-16 22:24:09,848 - INFO - [The Guardian] Success with 'requests_browser'. Found content (914 words).
2025-12-16 22:24:09,889 - INFO - Duplicate article skipped: Five key moments in the assault on the rights of women and girls in 2025 | Anti-rights movement | The Guardian from The Guardian
2025-12-16 22:24:09,939 - INFO - [BBC] Success with 'requests_browser'. Found content (810 words).
2025-12-16 22:24:09,977 - INFO - Duplicate article skipped: Boris and Sofia Gurman: Hero couple tried to stop gunman before being killed in Bondi attack from BBC
2025-12-16 22:24:10,497 - INFO - [BBC] Article: https://www.bbc.com/news/articles/c5yjv5md3jzo?at_medium=RSS&at_campaign=rss
2025-12-16 22:24:10,497 - INFO - [BBC] Attempt 1/1: Trying with 'requests_browser' strategy...
2025-12-16 22:24:10,530 - INFO - [BBC] Success with 'requests_browser'. Found content (384 words).
2025-12-16 22:24:10,569 - INFO - Saved article: Murder charges to be filed against Nick Reiner for allegedly killing parents from BBC
2025-12-16 22:24:10,871 - INFO - [The Guardian] Article: https://www.theguardian.com/world/2025/dec/16/south-africa-russia-men-tricked-fighting-ukraine
2025-12-16 22:24:10,871 - INFO - [The Guardian] Attempt 1/1: Trying with 'requests_browser' strategy...
2025-12-16 22:24:10,891 - INFO - [The Guardian] Success with 'requests_browser'. Found content (503 words).
2025-12-16 22:24:10,924 - INFO - Duplicate article skipped: South Africa in talks with Russia over men ‘tricked’ into fighting in Ukraine | South Africa | The Guardian from The Guardian
2025-12-16 22:24:11,107 - INFO - [BBC] Article: https://www.bbc.com/news/articles/cpq4wgle4x5o?at_medium=RSS&at_campaign=rss
2025-12-16 22:24:11,107 - INFO - [BBC] Attempt 1/1: Trying with 'requests_browser' strategy...
2025-12-16 22:24:11,137 - INFO - [BBC] Success with 'requests_browser'. Found content (966 words).
2025-12-16 22:24:11,173 - INFO - Duplicate article skipped: Clan del Golfo: US designates Colombia cocaine gang a terrorist group from BBC
2025-12-16 22:24:11,903 - INFO - [The Guardian] Article: https://www.theguardian.com/world/2025/dec/16/libya-national-museum-reopens
2025-12-16 22:24:11,903 - INFO - [The Guardian] Attempt 1/1: Trying with 'requests_browser' strategy...
2025-12-16 22:24:12,083 - INFO - [The Guardian] Success with 'requests_browser'. Found content (1229 words).
2025-12-16 22:24:12,126 - INFO - Duplicate article skipped: Libya looks to its past to build a new future as national museum reopens | Libya | The Guardian from The Guardian
2025-12-16 22:24:12,631 - INFO - [BBC] Article: https://www.bbc.com/news/articles/crk78y7k8ezo?at_medium=RSS&at_campaign=rss
2025-12-16 22:24:12,631 - INFO - [BBC] Attempt 1/1: Trying with 'requests_browser' strategy...
2025-12-16 22:24:12,658 - INFO - [BBC] Success with 'requests_browser'. Found content (710 words).
2025-12-16 22:24:12,692 - INFO - Duplicate article skipped: EU waters down plans to end new petrol and diesel car sales by 2035 from BBC
2025-12-16 22:24:12,859 - INFO - [The Guardian] Article: https://www.theguardian.com/education/2025/dec/14/ghana-students-uk-universities-face-deportion-funding-crisis
2025-12-16 22:24:12,859 - INFO - [The Guardian] Attempt 1/1: Trying with 'requests_browser' strategy...
2025-12-16 22:24:13,332 - INFO - [BBC] Article: https://www.bbc.com/news/articles/c8dy532193do?at_medium=RSS&at_campaign=rss
2025-12-16 22:24:13,332 - INFO - [BBC] Attempt 1/1: Trying with 'requests_browser' strategy...
2025-12-16 22:24:13,342 - INFO - [The Guardian] Success with 'requests_browser'. Found content (604 words).
2025-12-16 22:24:13,384 - INFO - Duplicate article skipped: Ghanaian students at UK universities face deportation amid funding crisis | International students | The Guardian from The Guardian
2025-12-16 22:24:13,402 - INFO - [BBC] Success with 'requests_browser'. Found content (812 words).
2025-12-16 22:24:13,438 - INFO - Duplicate article skipped: Susie Wiles: Trump's chief of staff hits back at Vanity Fair 'hit piece' from BBC
2025-12-16 22:24:13,990 - INFO - [The Guardian] Article: https://www.theguardian.com/science/2025/dec/15/little-foot-hominin-fossil-may-be-new-species-of-human-ancestor
2025-12-16 22:24:13,991 - INFO - [The Guardian] Attempt 1/1: Trying with 'requests_browser' strategy...
2025-12-16 22:24:14,013 - INFO - [The Guardian] Success with 'requests_browser'. Found content (553 words).
2025-12-16 22:24:14,073 - INFO - Duplicate article skipped: Little Foot hominin fossil may be new species of human ancestor | Evolution | The Guardian from The Guardian
2025-12-16 22:24:14,175 - INFO - [BBC] Article: https://www.bbc.com/news/articles/c75veyzz2g2o?at_medium=RSS&at_campaign=rss
2025-12-16 22:24:14,175 - INFO - [BBC] Attempt 1/1: Trying with 'requests_browser' strategy...
2025-12-16 22:24:14,207 - INFO - [BBC] Success with 'requests_browser'. Found content (540 words).
2025-12-16 22:24:14,244 - INFO - Duplicate article skipped: Sudan conflict: RSF trying to cover up mass killings in el-Fasher, Yale University researchers say from BBC
2025-12-16 22:24:14,865 - INFO - [BBC] Article: https://www.bbc.com/news/articles/c30j94p56d6o?at_medium=RSS&at_campaign=rss
2025-12-16 22:24:14,865 - INFO - [BBC] Attempt 1/1: Trying with 'requests_browser' strategy...
2025-12-16 22:24:14,891 - INFO - [BBC] Success with 'requests_browser'. Found content (356 words).
2025-12-16 22:24:14,922 - INFO - Duplicate article skipped: Stelvio national park: Thousands of dinosaur footprints found on Italian mountain from BBC
2025-12-16 22:24:15,101 - INFO - [The Guardian] Article: https://www.theguardian.com/world/2025/dec/16/pentagon-wont-release-full-video-caribbean-attack
2025-12-16 22:24:15,101 - INFO - [The Guardian] Attempt 1/1: Trying with 'requests_browser' strategy...
2025-12-16 22:24:15,127 - INFO - [The Guardian] Success with 'requests_browser'. Found content (945 words).
2025-12-16 22:24:15,160 - INFO - Duplicate article skipped: Pentagon won’t release full video of Caribbean strike that killed two people, Hegseth says | Venezuela | The Guardian from The Guardian
2025-12-16 22:24:15,931 - INFO - [BBC] Article: https://www.bbc.com/news/articles/cj691n02g8ko?at_medium=RSS&at_campaign=rss
2025-12-16 22:24:15,931 - INFO - [BBC] Attempt 1/1: Trying with 'requests_browser' strategy...
2025-12-16 22:24:15,960 - INFO - [BBC] Success with 'requests_browser'. Found content (425 words).
2025-12-16 22:24:15,990 - INFO - [The Guardian] Article: https://www.theguardian.com/world/2025/dec/16/gulf-clan-colombia-us-terrorist-organization
2025-12-16 22:24:15,990 - INFO - [The Guardian] Attempt 1/1: Trying with 'requests_browser' strategy...
2025-12-16 22:24:15,998 - INFO - Duplicate article skipped: Mark Chavez is second doctor sentenced in Matthew Perry overdose death from BBC
2025-12-16 22:24:16,014 - INFO - [The Guardian] Success with 'requests_browser'. Found content (488 words).
2025-12-16 22:24:16,049 - INFO - Duplicate article skipped: US designates Colombia’s biggest drug cartel Gulf Clan as terrorist organization | Colombia | The Guardian from The Guardian
2025-12-16 22:24:16,892 - INFO - [The Guardian] Article: https://www.theguardian.com/world/2025/dec/16/hay-festival-maria-corina-machado
2025-12-16 22:24:16,892 - INFO - [The Guardian] Attempt 1/1: Trying with 'requests_browser' strategy...
2025-12-16 22:24:16,919 - INFO - [The Guardian] Success with 'requests_browser'. Found content (615 words).
2025-12-16 22:24:16,962 - INFO - Duplicate article skipped: At least three authors withdraw from Hay festival in protest at Machado invite | María Corina Machado | The Guardian from The Guardian
2025-12-16 22:24:17,335 - INFO - [BBC] Article: https://www.bbc.com/news/articles/c7413d9xvkeo?at_medium=RSS&at_campaign=rss
2025-12-16 22:24:17,336 - INFO - [BBC] Attempt 1/1: Trying with 'requests_browser' strategy...
2025-12-16 22:24:17,363 - INFO - [BBC] Success with 'requests_browser'. Found content (635 words).
2025-12-16 22:24:17,398 - INFO - Duplicate article skipped: Trump defends his criticism of killed Hollywood director Rob Reiner from BBC
2025-12-16 22:24:17,556 - INFO - [The Guardian] Article: https://www.theguardian.com/world/2025/dec/16/mark-carney-british-spellings-canada
2025-12-16 22:24:17,556 - INFO - [The Guardian] Attempt 1/1: Trying with 'requests_browser' strategy...
2025-12-16 22:24:17,577 - INFO - [The Guardian] Success with 'requests_browser'. Found content (472 words).
2025-12-16 22:24:17,609 - INFO - Duplicate article skipped: Mark Carney criticised for using British spellings in Canadian documents | Mark Carney | The Guardian from The Guardian
2025-12-16 22:24:18,656 - INFO - [BBC] Article: https://www.bbc.com/news/articles/cvg13z47vpdo?at_medium=RSS&at_campaign=rss
2025-12-16 22:24:18,656 - INFO - [BBC] Attempt 1/1: Trying with 'requests_browser' strategy...
2025-12-16 22:24:18,684 - INFO - [BBC] Success with 'requests_browser'. Found content (363 words).
2025-12-16 22:24:18,723 - INFO - Duplicate article skipped: Australia PM Anthony Albanese visits Bondi hero Ahmed al Ahmed in hospital from BBC
2025-12-16 22:24:18,750 - INFO - [The Guardian] Article: https://www.theguardian.com/world/2025/dec/16/joesley-batista-brazil-luiz-inacio-lula-da-silva-trump
2025-12-16 22:24:18,750 - INFO - [The Guardian] Attempt 1/1: Trying with 'requests_browser' strategy...
2025-12-16 22:24:18,776 - INFO - [The Guardian] Success with 'requests_browser'. Found content (878 words).
2025-12-16 22:24:18,820 - INFO - Duplicate article skipped: How a Brazilian meat tycoon accused of bribery and deforestation became a key player in regional diplomacy | Venezuela | The Guardian from The Guardian
2025-12-16 22:24:19,814 - INFO - Selenium driver initialized successfully.
2025-12-16 22:24:19,814 - INFO - Starting scrape for Times of India RSS feed: https://timesofindia.indiatimes.com/rssfeeds/296589292.cms
2025-12-16 22:24:19,815 - INFO - Selenium driver initialized successfully.
2025-12-16 22:24:19,815 - INFO - Starting scrape for The Hindu RSS feed: https://www.thehindu.com/news/national/feeder/default.rss
2025-12-16 22:24:19,930 - INFO - Found 100 articles in The Hindu RSS feed. Processing up to 10.
2025-12-16 22:24:19,931 - INFO - [The Hindu] Article: https://www.thehindu.com/news/national/jammu-and-kashmir/kashmir-parties-slam-bihar-cm-nitish-kumar-over-removing-veil-of-a-female-doctor/article70403582.ece
2025-12-16 22:24:19,931 - INFO - [The Hindu] Attempt 1/1: Trying with 'selenium_browser' strategy...
2025-12-16 22:24:20,024 - INFO - Found 20 articles in Times of India RSS feed. Processing up to 10.
2025-12-16 22:24:20,024 - INFO - [Times of India] Article: https://timesofindia.indiatimes.com/world/us/who-is-mustapha-kharbouch-a-brown-university-student-at-the-center-of-intense-social-media-speculation-as-manhunt-for-shooter-continues/articleshow/126022984.cms
2025-12-16 22:24:20,024 - INFO - [Times of India] Attempt 1/1: Trying with 'selenium_browser' strategy...
2025-12-16 22:26:19,991 - ERROR - [The Hindu] Request failed for strategy 'selenium_browser' on URL https://www.thehindu.com/news/national/jammu-and-kashmir/kashmir-parties-slam-bihar-cm-nitish-kumar-over-removing-veil-of-a-female-doctor/article70403582.ece: HTTPConnectionPool(host='localhost', port=53677): Read timed out. (read timeout=120)
2025-12-16 22:26:19,991 - ERROR - [The Hindu] All scrape strategies failed for https://www.thehindu.com/news/national/jammu-and-kashmir/kashmir-parties-slam-bihar-cm-nitish-kumar-over-removing-veil-of-a-female-doctor/article70403582.ece. Falling back to RSS description.
2025-12-16 22:26:19,993 - INFO - Saved article: Kashmir parties slam Bihar CM Nitish Kumar over removing veil of a female doctor from The Hindu
2025-12-16 22:26:20,125 - ERROR - [Times of India] Request failed for strategy 'selenium_browser' on URL https://timesofindia.indiatimes.com/world/us/who-is-mustapha-kharbouch-a-brown-university-student-at-the-center-of-intense-social-media-speculation-as-manhunt-for-shooter-continues/articleshow/126022984.cms: HTTPConnectionPool(host='localhost', port=57947): Read timed out. (read timeout=120)
2025-12-16 22:26:20,125 - ERROR - [Times of India] All scrape strategies failed for https://timesofindia.indiatimes.com/world/us/who-is-mustapha-kharbouch-a-brown-university-student-at-the-center-of-intense-social-media-speculation-as-manhunt-for-shooter-continues/articleshow/126022984.cms. Falling back to RSS description.
2025-12-16 22:26:20,127 - INFO - Saved article: Who is Mustapha Kharbouch, a Brown University student at the center of intense social media speculation as manhunt for shooter continues? from Times of India
2025-12-16 22:26:20,498 - INFO - [The Hindu] Article: https://www.thehindu.com/news/national/rajya-sabha-clears-additional-allocation-for-fertilizer-subsidy/article70404179.ece
2025-12-16 22:26:20,498 - INFO - [The Hindu] Attempt 1/1: Trying with 'selenium_browser' strategy...
2025-12-16 22:26:21,385 - INFO - [Times of India] Article: https://timesofindia.indiatimes.com/world/us/women-drugged-and-raped-by-colorado-cardiologist-on-dates-sue-tinder-and-hinge-for-accommodating-rapists/articleshow/126021772.cms
2025-12-16 22:26:21,385 - INFO - [Times of India] Attempt 1/1: Trying with 'selenium_browser' strategy...
2025-12-16 22:28:20,586 - ERROR - [The Hindu] Request failed for strategy 'selenium_browser' on URL https://www.thehindu.com/news/national/rajya-sabha-clears-additional-allocation-for-fertilizer-subsidy/article70404179.ece: HTTPConnectionPool(host='localhost', port=53677): Read timed out. (read timeout=120)
2025-12-16 22:28:20,586 - ERROR - [The Hindu] All scrape strategies failed for https://www.thehindu.com/news/national/rajya-sabha-clears-additional-allocation-for-fertilizer-subsidy/article70404179.ece. Falling back to RSS description.
2025-12-16 22:28:20,588 - INFO - Saved article: Rajya Sabha clears additional allocation for fertilizer subsidy from The Hindu
2025-12-16 22:28:21,486 - ERROR - [Times of India] Request failed for strategy 'selenium_browser' on URL https://timesofindia.indiatimes.com/world/us/women-drugged-and-raped-by-colorado-cardiologist-on-dates-sue-tinder-and-hinge-for-accommodating-rapists/articleshow/126021772.cms: HTTPConnectionPool(host='localhost', port=57947): Read timed out. (read timeout=120)
2025-12-16 22:28:21,486 - ERROR - [Times of India] All scrape strategies failed for https://timesofindia.indiatimes.com/world/us/women-drugged-and-raped-by-colorado-cardiologist-on-dates-sue-tinder-and-hinge-for-accommodating-rapists/articleshow/126021772.cms. Falling back to RSS description.
2025-12-16 22:28:21,488 - INFO - Saved article: Women drugged and raped by Colorado cardiologist on dates sue Tinder and Hinge for ‘accommodating rapists’ from Times of India
2025-12-16 22:28:21,590 - INFO - [The Hindu] Article: https://www.thehindu.com/news/national/kerala/pipeline-burst-water-supply-to-be-restored/article70404362.ece
2025-12-16 22:28:21,590 - INFO - [The Hindu] Attempt 1/1: Trying with 'selenium_browser' strategy...
2025-12-16 22:28:22,949 - INFO - [Times of India] Article: https://timesofindia.indiatimes.com/world/us/trump-extends-travel-ban-to-over-30-countries-includes-palestine-syria-zimbabwe-full-list/articleshow/126022096.cms
2025-12-16 22:28:22,949 - INFO - [Times of India] Attempt 1/1: Trying with 'selenium_browser' strategy...
2025-12-16 22:29:09,708 - CRITICAL - --- TIMEOUT: 2 scrape jobs did not complete in 300s. ---
2025-12-16 22:29:09,708 - ERROR - A thread has timed out and will be abandoned.
2025-12-16 22:29:09,708 - ERROR - A thread has timed out and will be abandoned.
2025-12-16 22:29:09,708 - INFO - Shutting down thread pool (wait=False)...
2025-12-16 22:29:09,708 - INFO - Scraped: 1 BBC, 0 The Guardian, 2 Timed_Out_Jobs articles. (Total saved: 1)
2025-12-16 22:29:09,708 - INFO - --- Scraping job finished ---
2025-12-16 22:29:09,708 - INFO - --- Scraper service stopped and database connection closed. ---
2025-12-16 22:29:09,708 - INFO - --- Main thread finished. Forcing process exit to kill zombie threads. ---
