2025-12-09 06:40:10,444 - INFO - Initializing database connection at: news_articles.db
2025-12-09 06:40:10,444 - INFO - --- Scraper service started (CI Mode: Run Once) ---
2025-12-09 06:40:10,444 - INFO - --- Starting new scraping job (Parallel Mode) ---
2025-12-09 06:40:10,444 - INFO - Creating new robust session with 3 retries on 5xx/connection/read errors.
2025-12-09 06:40:10,444 - INFO - Proxy is DISABLED.
2025-12-09 06:40:10,445 - INFO - Starting scrape for BBC RSS feed: http://feeds.bbci.co.uk/news/world/rss.xml
2025-12-09 06:40:10,445 - INFO - [Times of India] (Thread) requires Selenium. Initializing driver...
2025-12-09 06:40:10,445 - INFO - Initializing headless Selenium Chrome driver (using SeleniumManager)...
2025-12-09 06:40:10,446 - INFO - Starting scrape for The Guardian RSS feed: https://www.theguardian.com/world/rss
2025-12-09 06:40:10,446 - INFO - [The Hindu] (Thread) requires Selenium. Initializing driver...
2025-12-09 06:40:10,446 - INFO - Submitted 4 jobs to thread pool. Waiting up to 300s for completion...
2025-12-09 06:40:10,446 - INFO - Initializing headless Selenium Chrome driver (using SeleniumManager)...
2025-12-09 06:40:10,665 - INFO - Found 45 articles in The Guardian RSS feed. Processing up to 10.
2025-12-09 06:40:10,665 - INFO - [The Guardian] Article: https://www.theguardian.com/world/2025/dec/08/white-supremacist-notions-threaten-sovereignty-of-south-africa-ramaphosa
2025-12-09 06:40:10,665 - INFO - [The Guardian] Attempt 1/1: Trying with 'requests_browser' strategy...
2025-12-09 06:40:10,706 - INFO - [The Guardian] Success with 'requests_browser'. Found content (547 words).
2025-12-09 06:40:10,753 - INFO - Duplicate article skipped: False claims Afrikaners are persecuted threaten South Africa’s sovereignty, says president | South Africa | The Guardian from The Guardian
2025-12-09 06:40:10,810 - INFO - Found 46 articles in BBC RSS feed. Processing up to 10.
2025-12-09 06:40:10,810 - INFO - [BBC] Article: https://www.bbc.com/news/articles/cg7vdd115vjo?at_medium=RSS&at_campaign=rss
2025-12-09 06:40:10,810 - INFO - [BBC] Attempt 1/1: Trying with 'requests_browser' strategy...
2025-12-09 06:40:11,085 - INFO - [BBC] Success with 'requests_browser'. Found content (825 words).
2025-12-09 06:40:11,128 - INFO - Saved article: Ukraine prepares new peace plan as Zelensky rules out giving up land from BBC
2025-12-09 06:40:11,679 - INFO - [The Guardian] Article: https://www.theguardian.com/world/2025/dec/08/ancient-egyptian-pleasure-boat-found-archaeologists-alexandria-coast
2025-12-09 06:40:11,679 - INFO - [The Guardian] Attempt 1/1: Trying with 'requests_browser' strategy...
2025-12-09 06:40:11,706 - INFO - [The Guardian] Success with 'requests_browser'. Found content (765 words).
2025-12-09 06:40:11,740 - INFO - Duplicate article skipped: Ancient Egyptian pleasure boat found by archaeologists off Alexandria coast | Egypt | The Guardian from The Guardian
2025-12-09 06:40:11,914 - INFO - [BBC] Article: https://www.bbc.com/news/articles/c7091k5pg31o?at_medium=RSS&at_campaign=rss
2025-12-09 06:40:11,914 - INFO - [BBC] Attempt 1/1: Trying with 'requests_browser' strategy...
2025-12-09 06:40:11,943 - INFO - [BBC] Success with 'requests_browser'. Found content (448 words).
2025-12-09 06:40:11,976 - INFO - Duplicate article skipped: Dozens injured after magnitude 7.5 quake strikes northern Japan from BBC
2025-12-09 06:40:12,797 - INFO - [The Guardian] Article: https://www.theguardian.com/world/2025/dec/07/release-secured-of-100-kidnapped-nigerian-schoolchildren-but-many-still-being-held
2025-12-09 06:40:12,797 - INFO - [The Guardian] Attempt 1/1: Trying with 'requests_browser' strategy...
2025-12-09 06:40:12,914 - INFO - [The Guardian] Success with 'requests_browser'. Found content (413 words).
2025-12-09 06:40:12,948 - INFO - Duplicate article skipped: Nigerian state secures release of 100 out of 265 kidnapped schoolchildren | Nigeria | The Guardian from The Guardian
2025-12-09 06:40:13,072 - INFO - [BBC] Article: https://www.bbc.com/news/articles/cd0k7g202l2o?at_medium=RSS&at_campaign=rss
2025-12-09 06:40:13,072 - INFO - [BBC] Attempt 1/1: Trying with 'requests_browser' strategy...
2025-12-09 06:40:13,110 - INFO - [BBC] Success with 'requests_browser'. Found content (1711 words).
2025-12-09 06:40:13,150 - INFO - Duplicate article skipped: Sudan war: Air force's bombing of towns, markets and schools has killed hundreds, report says from BBC
2025-12-09 06:40:13,452 - INFO - [The Guardian] Article: https://www.theguardian.com/world/2025/dec/07/troops-and-warplanes-deployed-in-benin-after-failed-coup-attempt
2025-12-09 06:40:13,452 - INFO - [The Guardian] Attempt 1/1: Trying with 'requests_browser' strategy...
2025-12-09 06:40:13,569 - INFO - [The Guardian] Success with 'requests_browser'. Found content (553 words).
2025-12-09 06:40:13,604 - INFO - Duplicate article skipped: Troops and warplanes deployed in Benin after ‘failed coup attempt’ | Benin | The Guardian from The Guardian
2025-12-09 06:40:14,484 - INFO - [BBC] Article: https://www.bbc.com/news/articles/cy95n8e9lx7o?at_medium=RSS&at_campaign=rss
2025-12-09 06:40:14,484 - INFO - [BBC] Attempt 1/1: Trying with 'requests_browser' strategy...
2025-12-09 06:40:14,512 - INFO - [BBC] Success with 'requests_browser'. Found content (535 words).
2025-12-09 06:40:14,547 - INFO - Duplicate article skipped: Zohran Mamdani says he will move into Gracie Mansion as New York mayor from BBC
2025-12-09 06:40:15,038 - INFO - [The Guardian] Article: https://www.theguardian.com/world/2025/dec/06/gunmen-kill-pretoria-south-african-hostel
2025-12-09 06:40:15,039 - INFO - [The Guardian] Attempt 1/1: Trying with 'requests_browser' strategy...
2025-12-09 06:40:15,135 - INFO - [The Guardian] Success with 'requests_browser'. Found content (285 words).
2025-12-09 06:40:15,167 - INFO - Duplicate article skipped: Gunmen kill at least 12 people including three-year-old in hostel in South Africa | South Africa | The Guardian from The Guardian
2025-12-09 06:40:15,488 - INFO - [BBC] Article: https://www.bbc.com/news/articles/c23e7p40y04o?at_medium=RSS&at_campaign=rss
2025-12-09 06:40:15,488 - INFO - [BBC] Attempt 1/1: Trying with 'requests_browser' strategy...
2025-12-09 06:40:15,513 - INFO - [BBC] Success with 'requests_browser'. Found content (453 words).
2025-12-09 06:40:15,571 - INFO - Saved article: Goa nightclub owners fled to Thailand hours after deadly fire - police from BBC
2025-12-09 06:40:16,460 - INFO - [The Guardian] Article: https://www.theguardian.com/us-news/2025/dec/08/trump-mexico-tariffs-water-dispute
2025-12-09 06:40:16,460 - INFO - [The Guardian] Attempt 1/1: Trying with 'requests_browser' strategy...
2025-12-09 06:40:16,488 - INFO - [The Guardian] Success with 'requests_browser'. Found content (612 words).
2025-12-09 06:40:16,523 - INFO - Duplicate article skipped: ‘Very unfair’: Trump threatens extra 5% tariff on Mexico over water dispute | Trump tariffs | The Guardian from The Guardian
2025-12-09 06:40:16,864 - INFO - [BBC] Article: https://www.bbc.com/news/articles/c0mp4nevdz7o?at_medium=RSS&at_campaign=rss
2025-12-09 06:40:16,864 - INFO - [BBC] Attempt 1/1: Trying with 'requests_browser' strategy...
2025-12-09 06:40:16,889 - INFO - [BBC] Success with 'requests_browser'. Found content (385 words).
2025-12-09 06:40:16,925 - INFO - Duplicate article skipped: Thieves walk out of Brazil library with eight Matisse art works from BBC
2025-12-09 06:40:17,520 - INFO - [The Guardian] Article: https://www.theguardian.com/us-news/2025/dec/08/ice-family-college-student-deported-honduras
2025-12-09 06:40:17,520 - INFO - [The Guardian] Attempt 1/1: Trying with 'requests_browser' strategy...
2025-12-09 06:40:17,625 - INFO - [The Guardian] Success with 'requests_browser'. Found content (535 words).
2025-12-09 06:40:17,660 - INFO - Duplicate article skipped: Family of student deported to Honduras say they were targeted by ICE agents | US immigration | The Guardian from The Guardian
2025-12-09 06:40:18,270 - INFO - [BBC] Article: https://www.bbc.com/news/articles/cjrj58qed2wo?at_medium=RSS&at_campaign=rss
2025-12-09 06:40:18,270 - INFO - [BBC] Attempt 1/1: Trying with 'requests_browser' strategy...
2025-12-09 06:40:18,300 - INFO - [BBC] Success with 'requests_browser'. Found content (962 words).
2025-12-09 06:40:18,336 - INFO - Duplicate article skipped: Trump unveils $12bn farm aid package amid global trade disputes from BBC
2025-12-09 06:40:18,527 - INFO - [The Guardian] Article: https://www.theguardian.com/film/2025/dec/08/jim-caviezel-jair-bolsonaro-biopic
2025-12-09 06:40:18,527 - INFO - [The Guardian] Attempt 1/1: Trying with 'requests_browser' strategy...
2025-12-09 06:40:18,641 - INFO - [The Guardian] Success with 'requests_browser'. Found content (515 words).
2025-12-09 06:40:18,675 - INFO - Duplicate article skipped: Jim Caviezel to play Jair Bolsonaro in ‘heroic’ biopic | Biopics | The Guardian from The Guardian
2025-12-09 06:40:19,282 - INFO - [The Guardian] Article: https://www.theguardian.com/us-news/2025/dec/08/ex-honduran-president-juan-orlando-hernandez-trump-pardon
2025-12-09 06:40:19,282 - INFO - [The Guardian] Attempt 1/1: Trying with 'requests_browser' strategy...
2025-12-09 06:40:19,309 - INFO - [The Guardian] Success with 'requests_browser'. Found content (794 words).
2025-12-09 06:40:19,343 - INFO - Duplicate article skipped: Ex-Honduran president thanks God – and Trump – for drug-trafficking pardon | Donald Trump | The Guardian from The Guardian
2025-12-09 06:40:19,475 - INFO - [BBC] Article: https://www.bbc.com/news/articles/cj69xzpzrdyo?at_medium=RSS&at_campaign=rss
2025-12-09 06:40:19,475 - INFO - [BBC] Attempt 1/1: Trying with 'requests_browser' strategy...
2025-12-09 06:40:20,028 - INFO - [The Guardian] Article: https://www.theguardian.com/world/2025/dec/08/us-attack-venezuela-risks-vietnam-style-conflict-lula-adviser
2025-12-09 06:40:20,028 - INFO - [The Guardian] Attempt 1/1: Trying with 'requests_browser' strategy...
2025-12-09 06:40:20,073 - INFO - [The Guardian] Success with 'requests_browser'. Found content (935 words).
2025-12-09 06:40:20,120 - INFO - Duplicate article skipped: US attack on Venezuela risks ‘Vietnam-style’ regional conflict, warns Lula adviser | Venezuela | The Guardian from The Guardian
2025-12-09 06:40:20,391 - INFO - [BBC] Success with 'requests_browser'. Found content (775 words).
2025-12-09 06:40:20,427 - INFO - Duplicate article skipped: Paramount launches rival bid for Warner Bros Discovery from BBC
2025-12-09 06:40:21,264 - INFO - [BBC] Article: https://www.bbc.com/news/articles/c23e77ln3d1o?at_medium=RSS&at_campaign=rss
2025-12-09 06:40:21,265 - INFO - [BBC] Attempt 1/1: Trying with 'requests_browser' strategy...
2025-12-09 06:40:21,288 - INFO - [BBC] Success with 'requests_browser'. Found content (374 words).
2025-12-09 06:40:21,321 - INFO - Duplicate article skipped: US deports second group of Iranian nationals, officials say from BBC
2025-12-09 06:40:22,172 - INFO - [BBC] Article: https://www.bbc.com/news/articles/c0589g0dqq7o?at_medium=RSS&at_campaign=rss
2025-12-09 06:40:22,172 - INFO - [BBC] Attempt 1/1: Trying with 'requests_browser' strategy...
2025-12-09 06:40:22,273 - INFO - [BBC] Success with 'requests_browser'. Found content (514 words).
2025-12-09 06:40:22,323 - INFO - Duplicate article skipped: Elon Musk's X bans European Commission from making ads after €120m fine from BBC
2025-12-09 06:40:22,919 - INFO - Selenium driver initialized successfully.
2025-12-09 06:40:22,919 - INFO - Starting scrape for The Hindu RSS feed: https://www.thehindu.com/news/national/feeder/default.rss
2025-12-09 06:40:22,920 - INFO - Selenium driver initialized successfully.
2025-12-09 06:40:22,920 - INFO - Starting scrape for Times of India RSS feed: https://timesofindia.indiatimes.com/rssfeeds/296589292.cms
2025-12-09 06:40:23,096 - INFO - Found 100 articles in The Hindu RSS feed. Processing up to 10.
2025-12-09 06:40:23,097 - INFO - [The Hindu] Article: https://www.thehindu.com/news/national/wishes-pour-in-as-sonia-gandhi-turns-79/article70375173.ece
2025-12-09 06:40:23,097 - INFO - [The Hindu] Attempt 1/1: Trying with 'selenium_browser' strategy...
2025-12-09 06:40:23,273 - INFO - Found 20 articles in Times of India RSS feed. Processing up to 10.
2025-12-09 06:40:23,273 - INFO - [Times of India] Article: https://timesofindia.indiatimes.com/world/middle-east/dubai-prince-sheikh-hamdan-approves-new-plans-for-housing-family-welfare-and-digital-development/articleshow/125862973.cms
2025-12-09 06:40:23,273 - INFO - [Times of India] Attempt 1/1: Trying with 'selenium_browser' strategy...
2025-12-09 06:40:29,369 - INFO - [The Hindu] Page content loaded.
2025-12-09 06:40:29,711 - INFO - [The Hindu] Success with 'selenium_browser'. Found content (390 words).
2025-12-09 06:40:30,021 - INFO - Saved article: Wishes pour in as Sonia Gandhi turns 79 - The Hindu from The Hindu
2025-12-09 06:40:30,718 - INFO - [The Hindu] Article: https://www.thehindu.com/news/national/vande-mataram-row-congress-cites-historians-remarks-referring-to-tagores-advice-on-song-slams-pm/article70375018.ece
2025-12-09 06:40:30,718 - INFO - [The Hindu] Attempt 1/1: Trying with 'selenium_browser' strategy...
2025-12-09 06:40:33,451 - INFO - [The Hindu] Page content loaded.
2025-12-09 06:40:33,793 - INFO - [The Hindu] Success with 'selenium_browser'. Found content (528 words).
2025-12-09 06:40:34,078 - INFO - Saved article: 'Vande Mataram' row: Congress cites historian's remarks referring to Tagore's advice on song, slams PM - The Hindu from The Hindu
2025-12-09 06:40:35,124 - INFO - [The Hindu] Article: https://www.thehindu.com/news/national/karnataka/karnataka-high-court-stays-governments-order-mandating-one-day-monthly-menstrual-leave-for-women-employees/article70375061.ece
2025-12-09 06:40:35,124 - INFO - [The Hindu] Attempt 1/1: Trying with 'selenium_browser' strategy...
2025-12-09 06:40:37,761 - INFO - [The Hindu] Page content loaded.
2025-12-09 06:40:38,109 - INFO - [The Hindu] Success with 'selenium_browser'. Found content (267 words).
2025-12-09 06:40:38,246 - INFO - Saved article: Karnataka High Court stays government’s order mandating one-day monthly menstrual leave for women employees - The Hindu from The Hindu
2025-12-09 06:40:39,551 - INFO - [The Hindu] Article: https://www.thehindu.com/news/national/kerala/kerala-local-body-polls-ak-antony-points-to-anti-incumbency-sentiment-suggests-even-left-voters-seek-change/article70374945.ece
2025-12-09 06:40:39,552 - INFO - [The Hindu] Attempt 1/1: Trying with 'selenium_browser' strategy...
2025-12-09 06:40:44,356 - INFO - [The Hindu] Page content loaded.
2025-12-09 06:40:44,908 - INFO - [The Hindu] Success with 'selenium_browser'. Found content (157 words).
2025-12-09 06:40:45,071 - INFO - Saved article: Kerala local body polls: A.K. Antony points to anti-incumbency sentiment, suggests even Left voters seek change - The Hindu from The Hindu
2025-12-09 06:40:46,039 - INFO - [The Hindu] Article: https://www.thehindu.com/news/national/jammu-and-kashmir/delhi-blast-case-nia-raids-multiplelocations-in-kashmirs-anantnag/article70375073.ece
2025-12-09 06:40:46,039 - INFO - [The Hindu] Attempt 1/1: Trying with 'selenium_browser' strategy...
2025-12-09 06:42:23,374 - ERROR - [Times of India] Request failed for strategy 'selenium_browser' on URL https://timesofindia.indiatimes.com/world/middle-east/dubai-prince-sheikh-hamdan-approves-new-plans-for-housing-family-welfare-and-digital-development/articleshow/125862973.cms: HTTPConnectionPool(host='localhost', port=56783): Read timed out. (read timeout=120)
2025-12-09 06:42:23,374 - ERROR - [Times of India] All scrape strategies failed for https://timesofindia.indiatimes.com/world/middle-east/dubai-prince-sheikh-hamdan-approves-new-plans-for-housing-family-welfare-and-digital-development/articleshow/125862973.cms. Falling back to RSS description.
2025-12-09 06:42:23,376 - INFO - Saved article: Dubai Prince Sheikh Hamdan approves new plans for housing, family welfare, and digital development from Times of India
2025-12-09 06:42:24,362 - INFO - [Times of India] Article: https://timesofindia.indiatimes.com/world/middle-east/riyadh-to-doha-in-two-hours-saudi-arabia-and-qatar-unveil-mega-electric-rail-project/articleshow/125862112.cms
2025-12-09 06:42:24,362 - INFO - [Times of India] Attempt 1/1: Trying with 'selenium_browser' strategy...
2025-12-09 06:42:46,140 - ERROR - [The Hindu] Request failed for strategy 'selenium_browser' on URL https://www.thehindu.com/news/national/jammu-and-kashmir/delhi-blast-case-nia-raids-multiplelocations-in-kashmirs-anantnag/article70375073.ece: HTTPConnectionPool(host='localhost', port=43167): Read timed out. (read timeout=120)
2025-12-09 06:42:46,140 - ERROR - [The Hindu] All scrape strategies failed for https://www.thehindu.com/news/national/jammu-and-kashmir/delhi-blast-case-nia-raids-multiplelocations-in-kashmirs-anantnag/article70375073.ece. Falling back to RSS description.
2025-12-09 06:42:46,142 - INFO - Saved article: Delhi blast case: NIA raids multiple locations in Kashmir’s Anantnag from The Hindu
2025-12-09 06:42:46,879 - INFO - [The Hindu] Article: https://www.thehindu.com/news/cities/puducherry/vijay-tamilaga-vettri-kazhagam-tvk-meeting-puducherry-uppalam-ground/article70375067.ece
2025-12-09 06:42:46,879 - INFO - [The Hindu] Attempt 1/1: Trying with 'selenium_browser' strategy...
2025-12-09 06:44:24,463 - ERROR - [Times of India] Request failed for strategy 'selenium_browser' on URL https://timesofindia.indiatimes.com/world/middle-east/riyadh-to-doha-in-two-hours-saudi-arabia-and-qatar-unveil-mega-electric-rail-project/articleshow/125862112.cms: HTTPConnectionPool(host='localhost', port=56783): Read timed out. (read timeout=120)
2025-12-09 06:44:24,464 - ERROR - [Times of India] All scrape strategies failed for https://timesofindia.indiatimes.com/world/middle-east/riyadh-to-doha-in-two-hours-saudi-arabia-and-qatar-unveil-mega-electric-rail-project/articleshow/125862112.cms. Falling back to RSS description.
2025-12-09 06:44:24,465 - INFO - Saved article: Riyadh to Doha in two hours: Saudi Arabia and Qatar unveil mega electric rail project from Times of India
2025-12-09 06:44:25,290 - INFO - [Times of India] Article: https://timesofindia.indiatimes.com/world/europe/europeans-vow-to-back-kyiv-as-peace-talks-go-on/articleshow/125861675.cms
2025-12-09 06:44:25,290 - INFO - [Times of India] Attempt 1/1: Trying with 'selenium_browser' strategy...
2025-12-09 06:44:46,931 - ERROR - [The Hindu] Request failed for strategy 'selenium_browser' on URL https://www.thehindu.com/news/cities/puducherry/vijay-tamilaga-vettri-kazhagam-tvk-meeting-puducherry-uppalam-ground/article70375067.ece: HTTPConnectionPool(host='localhost', port=43167): Read timed out. (read timeout=120)
2025-12-09 06:44:46,931 - ERROR - [The Hindu] All scrape strategies failed for https://www.thehindu.com/news/cities/puducherry/vijay-tamilaga-vettri-kazhagam-tvk-meeting-puducherry-uppalam-ground/article70375067.ece. Falling back to RSS description.
2025-12-09 06:44:46,933 - INFO - Saved article: TVK chief Vijay’s public meeting in Puducherry begins amid strict crowd control measures from The Hindu
2025-12-09 06:44:48,347 - INFO - [The Hindu] Article: https://www.thehindu.com/news/national/sir-hearing-supreme-court-special-intensive-revision-west-bengal-tamil-nadu-ec-live-updates-december-9-2025/article70374999.ece
2025-12-09 06:44:48,347 - INFO - [The Hindu] Attempt 1/1: Trying with 'selenium_browser' strategy...
2025-12-09 06:45:10,447 - CRITICAL - --- TIMEOUT: 2 scrape jobs did not complete in 300s. ---
2025-12-09 06:45:10,447 - ERROR - A thread has timed out and will be abandoned.
2025-12-09 06:45:10,447 - ERROR - A thread has timed out and will be abandoned.
2025-12-09 06:45:10,447 - INFO - Shutting down thread pool (wait=False)...
2025-12-09 06:45:10,447 - INFO - Scraped: 2 BBC, 0 The Guardian, 2 Timed_Out_Jobs articles. (Total saved: 2)
2025-12-09 06:45:10,447 - INFO - --- Scraping job finished ---
2025-12-09 06:45:10,447 - INFO - --- Scraper service stopped and database connection closed. ---
2025-12-09 06:45:10,447 - INFO - --- Main thread finished. Forcing process exit to kill zombie threads. ---
