2025-12-11 16:38:16,613 - INFO - Initializing database connection at: news_articles.db
2025-12-11 16:38:16,614 - INFO - --- Scraper service started (CI Mode: Run Once) ---
2025-12-11 16:38:16,614 - INFO - --- Starting new scraping job (Parallel Mode) ---
2025-12-11 16:38:16,614 - INFO - Creating new robust session with 3 retries on 5xx/connection/read errors.
2025-12-11 16:38:16,614 - INFO - Proxy is DISABLED.
2025-12-11 16:38:16,614 - INFO - Starting scrape for BBC RSS feed: http://feeds.bbci.co.uk/news/world/rss.xml
2025-12-11 16:38:16,615 - INFO - [Times of India] (Thread) requires Selenium. Initializing driver...
2025-12-11 16:38:16,615 - INFO - Initializing headless Selenium Chrome driver (using SeleniumManager)...
2025-12-11 16:38:16,615 - INFO - Starting scrape for The Guardian RSS feed: https://www.theguardian.com/world/rss
2025-12-11 16:38:16,616 - INFO - [The Hindu] (Thread) requires Selenium. Initializing driver...
2025-12-11 16:38:16,616 - INFO - Initializing headless Selenium Chrome driver (using SeleniumManager)...
2025-12-11 16:38:16,616 - INFO - Submitted 4 jobs to thread pool. Waiting up to 300s for completion...
2025-12-11 16:38:16,741 - INFO - Found 45 articles in The Guardian RSS feed. Processing up to 10.
2025-12-11 16:38:16,741 - INFO - [The Guardian] Article: https://www.theguardian.com/world/2025/dec/10/burkina-faso-releases-nigerian-troops-unauthorised-emergency-landing
2025-12-11 16:38:16,741 - INFO - [The Guardian] Attempt 1/1: Trying with 'requests_browser' strategy...
2025-12-11 16:38:16,787 - INFO - [The Guardian] Success with 'requests_browser'. Found content (388 words).
2025-12-11 16:38:16,829 - INFO - Duplicate article skipped: Burkina Faso releases 11 Nigerian troops after ‘unauthorised’ plane landing | Nigeria | The Guardian from The Guardian
2025-12-11 16:38:16,845 - INFO - Found 30 articles in BBC RSS feed. Processing up to 10.
2025-12-11 16:38:16,845 - INFO - [BBC] Article: https://www.bbc.com/news/articles/c1w9lg11jw0o?at_medium=RSS&at_campaign=rss
2025-12-11 16:38:16,845 - INFO - [BBC] Attempt 1/1: Trying with 'requests_browser' strategy...
2025-12-11 16:38:17,069 - INFO - [BBC] Success with 'requests_browser'. Found content (946 words).
2025-12-11 16:38:17,106 - INFO - Duplicate article skipped: US seizes oil tanker off Venezuela as Caracas condemns 'act of piracy' from BBC
2025-12-11 16:38:17,960 - INFO - [The Guardian] Article: https://www.theguardian.com/world/2025/dec/09/drc-fighting-forces-200000-to-flee-just-days-after-washington-peace-deal
2025-12-11 16:38:17,960 - INFO - [The Guardian] Attempt 1/1: Trying with 'requests_browser' strategy...
2025-12-11 16:38:17,990 - INFO - [The Guardian] Success with 'requests_browser'. Found content (408 words).
2025-12-11 16:38:18,026 - INFO - Duplicate article skipped: DRC fighting forces 200,000 to flee just days after Washington peace deal | Democratic Republic of the Congo | The Guardian from The Guardian
2025-12-11 16:38:18,113 - INFO - [BBC] Article: https://www.bbc.com/news/articles/cy8jvll9j81o?at_medium=RSS&at_campaign=rss
2025-12-11 16:38:18,113 - INFO - [BBC] Attempt 1/1: Trying with 'requests_browser' strategy...
2025-12-11 16:38:18,148 - INFO - [BBC] Success with 'requests_browser'. Found content (951 words).
2025-12-11 16:38:18,191 - INFO - Saved article: From Iran to China to Venezuela - how seized tanker hid location from BBC
2025-12-11 16:38:19,245 - INFO - [The Guardian] Article: https://www.theguardian.com/world/2025/dec/09/colombian-mercenaries-sudan-sanctions
2025-12-11 16:38:19,245 - INFO - [The Guardian] Attempt 1/1: Trying with 'requests_browser' strategy...
2025-12-11 16:38:19,425 - INFO - [BBC] Article: https://www.bbc.com/news/articles/cn4djk0jj4xo?at_medium=RSS&at_campaign=rss
2025-12-11 16:38:19,425 - INFO - [BBC] Attempt 1/1: Trying with 'requests_browser' strategy...
2025-12-11 16:38:19,459 - INFO - [BBC] Success with 'requests_browser'. Found content (448 words).
2025-12-11 16:38:19,494 - INFO - Duplicate article skipped: Austria bans headscarves in schools for girls under-14 from BBC
2025-12-11 16:38:19,511 - INFO - [The Guardian] Success with 'requests_browser'. Found content (506 words).
2025-12-11 16:38:19,547 - INFO - Duplicate article skipped: US puts sanctions on network said to funnel Colombian mercenaries to Sudan | Sudan | The Guardian from The Guardian
2025-12-11 16:38:20,801 - INFO - [BBC] Article: https://www.bbc.com/news/articles/cn09g640659o?at_medium=RSS&at_campaign=rss
2025-12-11 16:38:20,801 - INFO - [BBC] Attempt 1/1: Trying with 'requests_browser' strategy...
2025-12-11 16:38:20,829 - INFO - [BBC] Success with 'requests_browser'. Found content (417 words).
2025-12-11 16:38:20,863 - INFO - Saved article: Bulgarian PM and government resign after mass protests from BBC
2025-12-11 16:38:20,948 - INFO - [The Guardian] Article: https://www.theguardian.com/world/2025/dec/09/nigeria-troops-held-burkina-faso-emergency-landing
2025-12-11 16:38:20,948 - INFO - [The Guardian] Attempt 1/1: Trying with 'requests_browser' strategy...
2025-12-11 16:38:21,072 - INFO - [The Guardian] Success with 'requests_browser'. Found content (386 words).
2025-12-11 16:38:21,105 - INFO - Duplicate article skipped: Nigerian troops held in Burkina Faso after ‘unfriendly’ emergency landing | Nigeria | The Guardian from The Guardian
2025-12-11 16:38:21,671 - INFO - [BBC] Article: https://www.bbc.com/news/articles/cgjnd9y52pno?at_medium=RSS&at_campaign=rss
2025-12-11 16:38:21,671 - INFO - [BBC] Attempt 1/1: Trying with 'requests_browser' strategy...
2025-12-11 16:38:21,705 - INFO - [BBC] Success with 'requests_browser'. Found content (777 words).
2025-12-11 16:38:21,743 - INFO - Saved article: Ukraine has sent peace proposal to the US, Merz says from BBC
2025-12-11 16:38:22,071 - INFO - [The Guardian] Article: https://www.theguardian.com/world/2025/dec/08/white-supremacist-notions-threaten-sovereignty-of-south-africa-ramaphosa
2025-12-11 16:38:22,072 - INFO - [The Guardian] Attempt 1/1: Trying with 'requests_browser' strategy...
2025-12-11 16:38:22,185 - INFO - [The Guardian] Success with 'requests_browser'. Found content (547 words).
2025-12-11 16:38:22,257 - INFO - Duplicate article skipped: False claims Afrikaners are persecuted threaten South Africa’s sovereignty, says president | South Africa | The Guardian from The Guardian
2025-12-11 16:38:22,593 - INFO - [BBC] Article: https://www.bbc.com/news/articles/cdxwrvl1734o?at_medium=RSS&at_campaign=rss
2025-12-11 16:38:22,593 - INFO - [BBC] Attempt 1/1: Trying with 'requests_browser' strategy...
2025-12-11 16:38:22,626 - INFO - [BBC] Success with 'requests_browser'. Found content (763 words).
2025-12-11 16:38:22,668 - INFO - Duplicate article skipped: Portugal hit by severe disruption in first general strike for 12 years from BBC
2025-12-11 16:38:23,044 - INFO - [The Guardian] Article: https://www.theguardian.com/world/2025/dec/10/bolivia-luis-arce
2025-12-11 16:38:23,045 - INFO - [The Guardian] Attempt 1/1: Trying with 'requests_browser' strategy...
2025-12-11 16:38:23,072 - INFO - [The Guardian] Success with 'requests_browser'. Found content (583 words).
2025-12-11 16:38:23,121 - INFO - Duplicate article skipped: Former Bolivian president Luis Arce detained on corruption charges | Bolivia | The Guardian from The Guardian
2025-12-11 16:38:23,591 - INFO - Selenium driver initialized successfully.
2025-12-11 16:38:23,591 - INFO - Starting scrape for The Hindu RSS feed: https://www.thehindu.com/news/national/feeder/default.rss
2025-12-11 16:38:23,593 - INFO - Selenium driver initialized successfully.
2025-12-11 16:38:23,593 - INFO - Starting scrape for Times of India RSS feed: https://timesofindia.indiatimes.com/rssfeeds/296589292.cms
2025-12-11 16:38:23,795 - INFO - Found 100 articles in The Hindu RSS feed. Processing up to 10.
2025-12-11 16:38:23,795 - INFO - [The Hindu] Article: https://www.thehindu.com/news/national/sc-says-migration-in-sir-order-may-include-illegal-crossings-into-india/article70385602.ece
2025-12-11 16:38:23,795 - INFO - [The Hindu] Attempt 1/1: Trying with 'selenium_browser' strategy...
2025-12-11 16:38:23,800 - INFO - Found 20 articles in Times of India RSS feed. Processing up to 10.
2025-12-11 16:38:23,800 - INFO - [Times of India] Article: https://timesofindia.indiatimes.com/world/us/if-you-subtract-immigration-top-white-house-aide-suggests-us-was-better-off-favouring-western-countries-over-third-world/articleshow/125916789.cms
2025-12-11 16:38:23,800 - INFO - [Times of India] Attempt 1/1: Trying with 'selenium_browser' strategy...
2025-12-11 16:38:23,926 - INFO - [BBC] Article: https://www.bbc.com/news/articles/c78vz2v85mpo?at_medium=RSS&at_campaign=rss
2025-12-11 16:38:23,927 - INFO - [BBC] Attempt 1/1: Trying with 'requests_browser' strategy...
2025-12-11 16:38:23,958 - INFO - [BBC] Success with 'requests_browser'. Found content (235 words).
2025-12-11 16:38:24,018 - INFO - Saved article: US judge orders Kilmar Abrego Garcia's release from ICE custody from BBC
2025-12-11 16:38:24,029 - INFO - [The Guardian] Article: https://www.theguardian.com/world/2025/dec/11/maria-corina-machado-venezuela-nobel-peace-prize-winner-oslo-norway
2025-12-11 16:38:24,030 - INFO - [The Guardian] Attempt 1/1: Trying with 'requests_browser' strategy...
2025-12-11 16:38:24,076 - INFO - [The Guardian] Success with 'requests_browser'. Found content (1089 words).
2025-12-11 16:38:24,139 - INFO - Duplicate article skipped: Venezuelan Nobel laureate backs US seizure of oil tanker | María Corina Machado | The Guardian from The Guardian
2025-12-11 16:38:24,659 - INFO - [BBC] Article: https://www.bbc.com/news/articles/cly01mdm577o?at_medium=RSS&at_campaign=rss
2025-12-11 16:38:24,660 - INFO - [BBC] Attempt 1/1: Trying with 'requests_browser' strategy...
2025-12-11 16:38:24,710 - INFO - [BBC] Success with 'requests_browser'. Found content (708 words).
2025-12-11 16:38:24,786 - INFO - Duplicate article skipped: 'Architects of AI' named Time Magazine's Person of the Year from BBC
2025-12-11 16:38:25,327 - INFO - [The Guardian] Article: https://www.theguardian.com/politics/2025/dec/11/uk-denies-mileis-claim-of-talks-over-falklands-era-ban-on-argentina-arms-sales
2025-12-11 16:38:25,327 - INFO - [The Guardian] Attempt 1/1: Trying with 'requests_browser' strategy...
2025-12-11 16:38:25,387 - INFO - [The Guardian] Success with 'requests_browser'. Found content (270 words).
2025-12-11 16:38:25,469 - INFO - Duplicate article skipped: UK denies Milei’s claim of talks over Falklands-era ban on Argentina arms sales | Foreign policy | The Guardian from The Guardian
2025-12-11 16:38:26,236 - INFO - [BBC] Article: https://www.bbc.com/news/articles/clydz0j1yego?at_medium=RSS&at_campaign=rss
2025-12-11 16:38:26,236 - INFO - [BBC] Attempt 1/1: Trying with 'requests_browser' strategy...
2025-12-11 16:38:26,361 - INFO - [BBC] Success with 'requests_browser'. Found content (379 words).
2025-12-11 16:38:26,453 - INFO - [The Guardian] Article: https://www.theguardian.com/us-news/2025/dec/10/us-forces-reportedly-seize-oil-tanker-off-venezuela-coast
2025-12-11 16:38:26,453 - INFO - [The Guardian] Attempt 1/1: Trying with 'requests_browser' strategy...
2025-12-11 16:38:26,482 - INFO - Duplicate article skipped: Poland arrests Russian archaeologist wanted in Ukraine from BBC
2025-12-11 16:38:26,548 - INFO - [The Guardian] Success with 'requests_browser'. Found content (824 words).
2025-12-11 16:38:26,679 - INFO - Duplicate article skipped: Venezuela decries ‘act of piracy’ after US forces seize oil tanker off country’s coast | US foreign policy | The Guardian from The Guardian
2025-12-11 16:38:27,295 - INFO - [The Hindu] Page content loaded.
2025-12-11 16:38:27,316 - INFO - [BBC] Article: https://www.bbc.com/news/articles/cqxq3lg2gwxo?at_medium=RSS&at_campaign=rss
2025-12-11 16:38:27,316 - INFO - [BBC] Attempt 1/1: Trying with 'requests_browser' strategy...
2025-12-11 16:38:27,427 - INFO - [BBC] Success with 'requests_browser'. Found content (501 words).
2025-12-11 16:38:27,438 - INFO - [The Guardian] Article: https://www.theguardian.com/world/2025/dec/10/venezuelan-nobel-peace-prize-winner-maria-corina-machado-not-attend-ceremony-oslo
2025-12-11 16:38:27,438 - INFO - [The Guardian] Attempt 1/1: Trying with 'requests_browser' strategy...
2025-12-11 16:38:27,595 - INFO - [The Hindu] Success with 'selenium_browser'. Found content (433 words).
2025-12-11 16:38:27,655 - INFO - Duplicate article skipped: Myanmar: More than 30 dead after military air strike hits hospital from BBC
2025-12-11 16:38:27,769 - INFO - [The Guardian] Success with 'requests_browser'. Found content (1289 words).
2025-12-11 16:38:27,924 - INFO - Saved article: SC says ‘migration’ in SIR order may include illegal crossings into India - The Hindu from The Hindu
2025-12-11 16:38:27,973 - INFO - Duplicate article skipped: Venezuelan Nobel peace prize winner misses ceremony but vows to continue struggle | María Corina Machado | The Guardian from The Guardian
2025-12-11 16:38:28,938 - INFO - [The Hindu] Article: https://www.thehindu.com/news/national/government-refutes-rahul-gandhis-charge-on-exclusion-of-the-marginalised-for-top-posts/article70385011.ece
2025-12-11 16:38:28,938 - INFO - [The Hindu] Attempt 1/1: Trying with 'selenium_browser' strategy...
2025-12-11 16:38:34,793 - INFO - [The Hindu] Page content loaded.
2025-12-11 16:38:34,950 - INFO - [The Hindu] Success with 'selenium_browser'. Found content (353 words).
2025-12-11 16:38:35,347 - INFO - Saved article: Government refutes Rahul Gandhi’s charge on exclusion of the marginalised for top posts - The Hindu from The Hindu
2025-12-11 16:38:36,252 - INFO - [The Hindu] Article: https://www.thehindu.com/sci-tech/health/indian-medical-parliamentarians-forum-flags-acute-crisis-in-care-for-children-with-rare-lysosomal-disorders/article70383698.ece
2025-12-11 16:38:36,252 - INFO - [The Hindu] Attempt 1/1: Trying with 'selenium_browser' strategy...
2025-12-11 16:38:39,834 - INFO - [The Hindu] Page content loaded.
2025-12-11 16:38:39,974 - INFO - [The Hindu] Success with 'selenium_browser'. Found content (295 words).
2025-12-11 16:38:40,099 - INFO - Saved article: Indian Medical Parliamentarians’ Forum flags acute crisis in care for children with rare lysosomal disorders - The Hindu from The Hindu
2025-12-11 16:38:40,676 - INFO - [The Hindu] Article: https://www.thehindu.com/news/national/manipur/president-murmu-visits-manipur-amid-shutdown/article70385059.ece
2025-12-11 16:38:40,676 - INFO - [The Hindu] Attempt 1/1: Trying with 'selenium_browser' strategy...
2025-12-11 16:38:42,635 - INFO - [The Hindu] Page content loaded.
2025-12-11 16:38:42,697 - INFO - [The Hindu] Success with 'selenium_browser'. Found content (351 words).
2025-12-11 16:38:42,798 - INFO - Saved article: President Murmu visits Manipur amid shutdown - The Hindu from The Hindu
2025-12-11 16:38:44,235 - INFO - [The Hindu] Article: https://www.thehindu.com/news/national/telangana/hc-suspends-decision-to-hike-akhanda-2-movie-tickets/article70385608.ece
2025-12-11 16:38:44,235 - INFO - [The Hindu] Attempt 1/1: Trying with 'selenium_browser' strategy...
2025-12-11 16:38:46,985 - INFO - [The Hindu] Page content loaded.
2025-12-11 16:38:47,052 - INFO - [The Hindu] Success with 'selenium_browser'. Found content (107 words).
2025-12-11 16:38:47,124 - INFO - Saved article: HC suspends decision to hike Akhanda-2 movie tickets - The Hindu from The Hindu
2025-12-11 16:38:48,145 - INFO - [The Hindu] Article: https://www.thehindu.com/news/national/telangana/congress-registers-strong-performance-in-phase-1-of-sarpanch-polls-brs-resilient-bjp-struggles/article70385654.ece
2025-12-11 16:38:48,145 - INFO - [The Hindu] Attempt 1/1: Trying with 'selenium_browser' strategy...
2025-12-11 16:38:49,812 - INFO - [The Hindu] Page content loaded.
2025-12-11 16:38:49,876 - INFO - [The Hindu] Success with 'selenium_browser'. Found content (460 words).
2025-12-11 16:38:49,965 - INFO - Saved article: Congress registers strong performance in Phase-1 of Sarpanch polls; BRS resilient, BJP struggles - The Hindu from The Hindu
2025-12-11 16:38:50,882 - INFO - [The Hindu] Article: https://www.thehindu.com/news/national/karnataka/nimhans-paper-highlights-role-of-digital-tools-in-strengthening-campus-mental-health-systems/article70385308.ece
2025-12-11 16:38:50,883 - INFO - [The Hindu] Attempt 1/1: Trying with 'selenium_browser' strategy...
2025-12-11 16:38:52,537 - INFO - [The Hindu] Page content loaded.
2025-12-11 16:38:52,622 - INFO - [The Hindu] Success with 'selenium_browser'. Found content (461 words).
2025-12-11 16:38:52,685 - INFO - Saved article: NIMHANS paper highlights role of digital tools in strengthening campus mental health systems - The Hindu from The Hindu
2025-12-11 16:38:53,426 - INFO - [The Hindu] Article: https://www.thehindu.com/videos/watch-historic-chaos-in-maharashtra-assembly-no-opposition-leader-for-the-first-time/article70385689.ece
2025-12-11 16:38:53,426 - INFO - [The Hindu] Attempt 1/1: Trying with 'selenium_browser' strategy...
2025-12-11 16:38:56,499 - INFO - [The Hindu] Page content loaded.
2025-12-11 16:38:56,617 - INFO - [The Hindu] Success with 'selenium_browser'. Found content (153 words).
2025-12-11 16:38:56,710 - INFO - Saved article: Watch: Historic chaos in Maharashtra Assembly: No opposition leader for the first time - The Hindu from The Hindu
2025-12-11 16:38:57,952 - INFO - [The Hindu] Article: https://www.thehindu.com/news/national/kerala/young-voters-ensure-strong-gen-z-participation-in-polls-in-kozhikode/article70385348.ece
2025-12-11 16:38:57,952 - INFO - [The Hindu] Attempt 1/1: Trying with 'selenium_browser' strategy...
2025-12-11 16:38:59,493 - INFO - [The Hindu] Page content loaded.
2025-12-11 16:38:59,584 - INFO - [The Hindu] Success with 'selenium_browser'. Found content (340 words).
2025-12-11 16:38:59,878 - INFO - Saved article: Young voters ensure strong Gen Z participation in local body polls in Kozhikode - The Hindu from The Hindu
2025-12-11 16:39:01,376 - INFO - [The Hindu] Article: https://www.thehindu.com/news/national/andhra-pradesh/redeploy-non-hindus-in-non-religious-positions-government-tells-ttd/article70385309.ece
2025-12-11 16:39:01,376 - INFO - [The Hindu] Attempt 1/1: Trying with 'selenium_browser' strategy...
2025-12-11 16:39:03,497 - INFO - [The Hindu] Page content loaded.
2025-12-11 16:39:03,900 - INFO - [The Hindu] Success with 'selenium_browser'. Found content (410 words).
2025-12-11 16:39:04,080 - INFO - Saved article: Redeploy non-Hindus in non-religious positions, government tells TTD - The Hindu from The Hindu
2025-12-11 16:39:04,085 - INFO - [Times of India] Page content loaded.
2025-12-11 16:39:04,427 - INFO - [Times of India] Success with 'selenium_browser'. Found content (490 words).
2025-12-11 16:39:04,629 - INFO - Saved article: 'If you subtract immigration…': Top White House aide suggests US was better off favouring Western countries over third-world - The Times of India from Times of India
2025-12-11 16:39:05,300 - INFO - [The Hindu] (Thread) Finished. Attempting to shut down its Selenium driver.
2025-12-11 16:39:05,434 - INFO - [Times of India] Article: https://timesofindia.indiatimes.com/etimes/trending/containers-of-bananas-falling-into-sea-delay-cruise-for-24-hours-in-britains-busiest-waterway/articleshow/125914680.cms
2025-12-11 16:39:05,434 - INFO - [Times of India] Attempt 1/1: Trying with 'selenium_browser' strategy...
2025-12-11 16:39:05,488 - INFO - [The Hindu] (Thread) driver.quit() successful.
2025-12-11 16:39:06,605 - INFO - [Times of India] Page content loaded.
2025-12-11 16:39:06,760 - INFO - [Times of India] Success with 'selenium_browser'. Found content (613 words).
2025-12-11 16:39:06,827 - INFO - Saved article: Containers of Bananas falling into sea delay cruise for 24 hours in Britain’s busiest waterway | - The Times of India from Times of India
2025-12-11 16:39:07,817 - INFO - [Times of India] Article: https://timesofindia.indiatimes.com/world/europe/putin-calls-maduro-russia-expresses-solidarity-with-venezuela-amid-trumps-escalation-plan-joint-projects/articleshow/125916345.cms
2025-12-11 16:39:07,817 - INFO - [Times of India] Attempt 1/1: Trying with 'selenium_browser' strategy...
2025-12-11 16:39:08,964 - INFO - [Times of India] Page content loaded.
2025-12-11 16:39:09,095 - INFO - [Times of India] Success with 'selenium_browser'. Found content (214 words).
2025-12-11 16:39:09,162 - INFO - Saved article: Putin calls Maduro: Russia expresses solidarity with Venezuela amid Trump’s escalation; plan joint projects - The Times of India from Times of India
2025-12-11 16:39:10,396 - INFO - [Times of India] Article: https://timesofindia.indiatimes.com/world/middle-east/uae-announces-january-1-as-holiday-for-public-sector-employees/articleshow/125916278.cms
2025-12-11 16:39:10,396 - INFO - [Times of India] Attempt 1/1: Trying with 'selenium_browser' strategy...
2025-12-11 16:39:11,458 - INFO - [Times of India] Page content loaded.
2025-12-11 16:39:11,613 - INFO - [Times of India] Success with 'selenium_browser'. Found content (116 words).
2025-12-11 16:39:11,671 - INFO - Saved article: UAE announces January 1 as holiday for public sector employees | World News - The Times of India from Times of India
2025-12-11 16:39:12,898 - INFO - [Times of India] Article: https://timesofindia.indiatimes.com/world/us/erika-kirk-responds-to-some-people-saying-charlie-kirk-deserved-to-die-tell-that-to-my-3-year-old-daughter-/articleshow/125916243.cms
2025-12-11 16:39:12,898 - INFO - [Times of India] Attempt 1/1: Trying with 'selenium_browser' strategy...
2025-12-11 16:39:14,085 - INFO - [Times of India] Page content loaded.
2025-12-11 16:39:14,196 - INFO - [Times of India] Success with 'selenium_browser'. Found content (328 words).
2025-12-11 16:39:14,269 - INFO - Saved article: Erika Kirk responds to 'some people' saying Charlie Kirk 'deserved to die': 'Tell that to my 3-year-old daughter...' - The Times of India from Times of India
2025-12-11 16:39:15,258 - INFO - [Times of India] Article: https://timesofindia.indiatimes.com/world/us/i-solemnly-swear-menka-soni-becomes-first-indian-american-woman-to-take-oath-on-bhagavad-gita-who-else-did-in-the-us-and-abroad/articleshow/125914041.cms
2025-12-11 16:39:15,258 - INFO - [Times of India] Attempt 1/1: Trying with 'selenium_browser' strategy...
2025-12-11 16:39:15,883 - INFO - [Times of India] Page content loaded.
2025-12-11 16:39:16,017 - INFO - [Times of India] Success with 'selenium_browser'. Found content (329 words).
2025-12-11 16:39:16,090 - INFO - Saved article: ‘I solemnly swear’: Menka Soni becomes first Indian-American woman to take oath on Bhagavad Gita— who else did in the US and abroad - The Times of India from Times of India
2025-12-11 16:39:17,386 - INFO - [Times of India] Article: https://timesofindia.indiatimes.com/world/south-asia/new-regional-axis-bangladesh-fm-says-can-join-bloc-excluding-india-backs-pakistans-proposal/articleshow/125910544.cms
2025-12-11 16:39:17,386 - INFO - [Times of India] Attempt 1/1: Trying with 'selenium_browser' strategy...
2025-12-11 16:39:18,633 - INFO - [Times of India] Page content loaded.
2025-12-11 16:39:18,765 - INFO - [Times of India] Success with 'selenium_browser'. Found content (343 words).
2025-12-11 16:39:18,831 - INFO - Duplicate article skipped: New regional axis? Bangladesh FM says can join bloc excluding India; backs Pakistan’s proposal - The Times of India from Times of India
2025-12-11 16:39:20,265 - INFO - [Times of India] Article: https://timesofindia.indiatimes.com/world/uk/royal-bristol-theft-over-600-artifacts-stolen-from-british-museum-4-suspects-caught-on-cctv/articleshow/125911120.cms
2025-12-11 16:39:20,265 - INFO - [Times of India] Attempt 1/1: Trying with 'selenium_browser' strategy...
2025-12-11 16:39:21,182 - INFO - [Times of India] Page content loaded.
2025-12-11 16:39:21,298 - INFO - [Times of India] Success with 'selenium_browser'. Found content (264 words).
2025-12-11 16:39:21,351 - INFO - Duplicate article skipped: Royal Bristol theft: Over 600 artifacts stolen from British museum; 4 suspects caught on CCTV - The Times of India from Times of India
2025-12-11 16:39:22,051 - INFO - [Times of India] Article: https://timesofindia.indiatimes.com/world/pakistan/pakistan-ex-isi-chief-jailed-faiz-hameed-convicted-after-court-martial-handed-14-years-in-prison/articleshow/125908182.cms
2025-12-11 16:39:22,051 - INFO - [Times of India] Attempt 1/1: Trying with 'selenium_browser' strategy...
2025-12-11 16:39:22,842 - INFO - [Times of India] Page content loaded.
2025-12-11 16:39:22,993 - INFO - [Times of India] Success with 'selenium_browser'. Found content (323 words).
2025-12-11 16:39:23,097 - INFO - Duplicate article skipped: Pakistan ex-ISI chief jailed: Faiz Hameed convicted after court martial; handed 14 years in prison - The Times of India from Times of India
2025-12-11 16:39:23,946 - INFO - [Times of India] Article: https://timesofindia.indiatimes.com/world/us/meet-sim-singh-attariwala-sikh-american-civil-rights-leader-takes-top-human-rights-role-in-washington/articleshow/125914777.cms
2025-12-11 16:39:23,947 - INFO - [Times of India] Attempt 1/1: Trying with 'selenium_browser' strategy...
2025-12-11 16:39:24,771 - INFO - [Times of India] Page content loaded.
2025-12-11 16:39:24,904 - INFO - [Times of India] Success with 'selenium_browser'. Found content (315 words).
2025-12-11 16:39:24,961 - INFO - Saved article: Meet Sim Singh Attariwala: Sikh American civil rights leader takes top human rights role in Washington - The Times of India from Times of India
2025-12-11 16:39:25,960 - INFO - [Times of India] (Thread) Finished. Attempting to shut down its Selenium driver.
2025-12-11 16:39:26,219 - INFO - [Times of India] (Thread) driver.quit() successful.
2025-12-11 16:39:26,219 - INFO - Shutting down thread pool (wait=False)...
2025-12-11 16:39:26,220 - INFO - Scraped: 7 Times of India, 4 BBC, 0 The Guardian, 10 The Hindu articles. (Total saved: 21)
2025-12-11 16:39:26,220 - INFO - --- Scraping job finished ---
2025-12-11 16:39:26,228 - INFO - --- Scraper service stopped and database connection closed. ---
2025-12-11 16:39:26,228 - INFO - --- Main thread finished. Forcing process exit to kill zombie threads. ---
