2025-11-16 02:02:36,801 - INFO - Initializing database connection at: news_articles.db
2025-11-16 02:02:36,801 - INFO - --- Scraper service started (CI Mode: Run Once) ---
2025-11-16 02:02:36,801 - INFO - --- Starting new scraping job (Parallel Mode) ---
2025-11-16 02:02:36,801 - INFO - Creating new robust session with 3 retries on 5xx/connection/read errors.
2025-11-16 02:02:36,801 - INFO - Proxy is DISABLED.
2025-11-16 02:02:36,802 - INFO - Starting scrape for BBC RSS feed: http://feeds.bbci.co.uk/news/world/rss.xml
2025-11-16 02:02:36,802 - INFO - [Times of India] (Thread) requires Selenium. Initializing driver...
2025-11-16 02:02:36,802 - INFO - Initializing headless Selenium Chrome driver (using SeleniumManager)...
2025-11-16 02:02:36,802 - INFO - Starting scrape for The Guardian RSS feed: https://www.theguardian.com/world/rss
2025-11-16 02:02:36,803 - INFO - [The Hindu] (Thread) requires Selenium. Initializing driver...
2025-11-16 02:02:36,803 - INFO - Initializing headless Selenium Chrome driver (using SeleniumManager)...
2025-11-16 02:02:36,803 - INFO - Submitted 4 jobs to thread pool. Waiting up to 300s for completion...
2025-11-16 02:02:36,934 - INFO - Found 45 articles in The Guardian RSS feed. Processing up to 10.
2025-11-16 02:02:36,934 - INFO - [The Guardian] Article: https://www.theguardian.com/world/2025/nov/15/ethiopia-confirms-outbreak-of-deadly-marburg-virus
2025-11-16 02:02:36,934 - INFO - [The Guardian] Attempt 1/1: Trying with 'requests_browser' strategy...
2025-11-16 02:02:36,970 - INFO - [The Guardian] Success with 'requests_browser'. Found content (279 words).
2025-11-16 02:02:37,013 - INFO - Duplicate article skipped: Ethiopia confirms outbreak of deadly Marburg virus | Ethiopia | The Guardian from The Guardian
2025-11-16 02:02:37,024 - INFO - Found 26 articles in BBC RSS feed. Processing up to 10.
2025-11-16 02:02:37,025 - INFO - [BBC] Article: https://www.bbc.com/news/articles/c891jp9j79do?at_medium=RSS&at_campaign=rss
2025-11-16 02:02:37,025 - INFO - [BBC] Attempt 1/1: Trying with 'requests_browser' strategy...
2025-11-16 02:02:37,228 - INFO - [BBC] Success with 'requests_browser'. Found content (895 words).
2025-11-16 02:02:37,277 - INFO - Duplicate article skipped: Trump says he will sue BBC for at least $1bn over Panorama edit from BBC
2025-11-16 02:02:38,178 - INFO - [The Guardian] Article: https://www.theguardian.com/australia-news/2025/nov/16/australia-dubai-international-airshow-defence-weapons-arms-fair-sudan-uae
2025-11-16 02:02:38,178 - INFO - [The Guardian] Attempt 1/1: Trying with 'requests_browser' strategy...
2025-11-16 02:02:38,239 - INFO - [The Guardian] Success with 'requests_browser'. Found content (1164 words).
2025-11-16 02:02:38,293 - INFO - Saved article: Australia is selling arms at a weapons fair in Dubai. Are they destined to be used in Sudan atrocities? | Australia news | The Guardian from The Guardian
2025-11-16 02:02:38,599 - INFO - [BBC] Article: https://www.bbc.com/news/articles/cy40z22qqwwo?at_medium=RSS&at_campaign=rss
2025-11-16 02:02:38,599 - INFO - [BBC] Attempt 1/1: Trying with 'requests_browser' strategy...
2025-11-16 02:02:38,633 - INFO - [BBC] Success with 'requests_browser'. Found content (732 words).
2025-11-16 02:02:38,666 - INFO - Duplicate article skipped: COP30: Thousands march outside COP30 summit in call for action from BBC
2025-11-16 02:02:39,558 - INFO - [The Guardian] Article: https://www.theguardian.com/global-development/2025/nov/15/health-uk-cut-global-fund-aids-tuberculosis-tb-malaria-africa
2025-11-16 02:02:39,558 - INFO - [The Guardian] Attempt 1/1: Trying with 'requests_browser' strategy...
2025-11-16 02:02:39,581 - INFO - [The Guardian] Success with 'requests_browser'. Found content (681 words).
2025-11-16 02:02:39,617 - INFO - Duplicate article skipped: UK warned that 15% cut to health fund will force ‘impossible choices’ on Africa | Global Fund to Fight Aids, Tuberculosis and Malaria | The Guardian from The Guardian
2025-11-16 02:02:39,742 - INFO - [BBC] Article: https://www.bbc.com/news/articles/c9wv4dx05q5o?at_medium=RSS&at_campaign=rss
2025-11-16 02:02:39,742 - INFO - [BBC] Attempt 1/1: Trying with 'requests_browser' strategy...
2025-11-16 02:02:39,769 - INFO - [BBC] Success with 'requests_browser'. Found content (636 words).
2025-11-16 02:02:39,802 - INFO - Duplicate article skipped: Feud erupts as Trump targets MAGA ally Marjorie Taylor Greene from BBC
2025-11-16 02:02:40,784 - INFO - [The Guardian] Article: https://www.theguardian.com/world/2025/nov/14/anger-south-africa-plane-palestinians-held-12-hours
2025-11-16 02:02:40,784 - INFO - [The Guardian] Attempt 1/1: Trying with 'requests_browser' strategy...
2025-11-16 02:02:40,814 - INFO - [The Guardian] Success with 'requests_browser'. Found content (620 words).
2025-11-16 02:02:40,859 - INFO - Duplicate article skipped: South Africa to investigate ‘mysterious’ arrival of 153 Palestinians on plane | South Africa | The Guardian from The Guardian
2025-11-16 02:02:41,233 - INFO - [BBC] Article: https://www.bbc.com/news/articles/cn8vm30rr78o?at_medium=RSS&at_campaign=rss
2025-11-16 02:02:41,233 - INFO - [BBC] Attempt 1/1: Trying with 'requests_browser' strategy...
2025-11-16 02:02:41,266 - INFO - [BBC] Success with 'requests_browser'. Found content (367 words).
2025-11-16 02:02:41,299 - INFO - Saved article: Thousands protest against government in Mexico over violent crime from BBC
2025-11-16 02:02:41,931 - INFO - [BBC] Article: https://www.bbc.com/news/articles/cvgwyyd8l58o?at_medium=RSS&at_campaign=rss
2025-11-16 02:02:41,931 - INFO - [BBC] Attempt 1/1: Trying with 'requests_browser' strategy...
2025-11-16 02:02:41,959 - INFO - [BBC] Success with 'requests_browser'. Found content (418 words).
2025-11-16 02:02:41,994 - INFO - Duplicate article skipped: Zelensky vows energy sector overhaul after $100m corruption scandal from BBC
2025-11-16 02:02:42,025 - INFO - [The Guardian] Article: https://www.theguardian.com/world/2025/nov/14/british-egyptian-activist-alaa-abd-el-fattah-stopped-from-flying-to-uk-says-family
2025-11-16 02:02:42,025 - INFO - [The Guardian] Attempt 1/1: Trying with 'requests_browser' strategy...
2025-11-16 02:02:42,057 - INFO - [The Guardian] Success with 'requests_browser'. Found content (456 words).
2025-11-16 02:02:42,123 - INFO - Duplicate article skipped: British-Egyptian activist stopped from flying to UK, says family | Egypt | The Guardian from The Guardian
2025-11-16 02:02:42,871 - INFO - [The Guardian] Article: https://www.theguardian.com/environment/2025/nov/15/indigenous-lands-must-be-recognised-as-part-of-climate-policy-says-brazilian-minister
2025-11-16 02:02:42,871 - INFO - [The Guardian] Attempt 1/1: Trying with 'requests_browser' strategy...
2025-11-16 02:02:42,897 - INFO - [The Guardian] Success with 'requests_browser'. Found content (777 words).
2025-11-16 02:02:42,933 - INFO - Duplicate article skipped: Indigenous lands must be recognised as part of climate policy, says Brazilian minister | Cop30 | The Guardian from The Guardian
2025-11-16 02:02:43,219 - INFO - [BBC] Article: https://www.bbc.com/news/articles/c8x1k0x2k2lo?at_medium=RSS&at_campaign=rss
2025-11-16 02:02:43,219 - INFO - [BBC] Attempt 1/1: Trying with 'requests_browser' strategy...
2025-11-16 02:02:43,248 - INFO - [BBC] Success with 'requests_browser'. Found content (296 words).
2025-11-16 02:02:43,295 - INFO - Saved article: Australia: Nine injured after Walcha demolition derby car rams into crowd from BBC
2025-11-16 02:02:43,766 - INFO - [The Guardian] Article: https://www.theguardian.com/environment/2025/nov/14/protesters-blockade-cop30-summit-over-plight-of-indigenous-peoples
2025-11-16 02:02:43,766 - INFO - [The Guardian] Attempt 1/1: Trying with 'requests_browser' strategy...
2025-11-16 02:02:43,798 - INFO - [The Guardian] Success with 'requests_browser'. Found content (976 words).
2025-11-16 02:02:43,849 - INFO - Duplicate article skipped: Protesters blockade Cop30 summit over plight of Indigenous peoples | Cop30 | The Guardian from The Guardian
2025-11-16 02:02:43,888 - INFO - Selenium driver initialized successfully.
2025-11-16 02:02:43,888 - INFO - Starting scrape for Times of India RSS feed: https://timesofindia.indiatimes.com/rssfeeds/296589292.cms
2025-11-16 02:02:43,888 - INFO - Selenium driver initialized successfully.
2025-11-16 02:02:43,889 - INFO - Starting scrape for The Hindu RSS feed: https://www.thehindu.com/news/national/feeder/default.rss
2025-11-16 02:02:43,918 - INFO - [BBC] Article: https://www.bbc.com/news/articles/cdxr5drrpqxo?at_medium=RSS&at_campaign=rss
2025-11-16 02:02:43,918 - INFO - [BBC] Attempt 1/1: Trying with 'requests_browser' strategy...
2025-11-16 02:02:43,961 - INFO - [BBC] Success with 'requests_browser'. Found content (580 words).
2025-11-16 02:02:43,994 - INFO - Duplicate article skipped: Pope Leo welcomes cinema stars to the Vatican from BBC
2025-11-16 02:02:44,011 - INFO - Found 100 articles in The Hindu RSS feed. Processing up to 10.
2025-11-16 02:02:44,011 - INFO - [The Hindu] Article: https://www.thehindu.com/news/national/tamil-nadu/rejuvenation-helps-otteri-lake-in-vellore-to-reach-full-capacity-since-2021-floods/article70284089.ece
2025-11-16 02:02:44,011 - INFO - [The Hindu] Attempt 1/1: Trying with 'selenium_browser' strategy...
2025-11-16 02:02:44,095 - INFO - Found 20 articles in Times of India RSS feed. Processing up to 10.
2025-11-16 02:02:44,095 - INFO - [Times of India] Article: https://timesofindia.indiatimes.com/world/us/us-visa-bulletin-december-eb-1-eb-2-dates-move-forward-for-indians/articleshow/125355776.cms
2025-11-16 02:02:44,095 - INFO - [Times of India] Attempt 1/1: Trying with 'selenium_browser' strategy...
2025-11-16 02:02:44,767 - INFO - [The Guardian] Article: https://www.theguardian.com/world/2025/nov/14/mark-carney-nation-building-canada
2025-11-16 02:02:44,767 - INFO - [The Guardian] Attempt 1/1: Trying with 'requests_browser' strategy...
2025-11-16 02:02:44,791 - INFO - [The Guardian] Success with 'requests_browser'. Found content (745 words).
2025-11-16 02:02:44,843 - INFO - Duplicate article skipped: Carney’s ‘nation-building’ programme misses mark to be truly transformative for Canada | Canada | The Guardian from The Guardian
2025-11-16 02:02:45,375 - INFO - [BBC] Article: https://www.bbc.com/news/articles/cnvel2gvqeqo?at_medium=RSS&at_campaign=rss
2025-11-16 02:02:45,375 - INFO - [BBC] Attempt 1/1: Trying with 'requests_browser' strategy...
2025-11-16 02:02:45,408 - INFO - [BBC] Success with 'requests_browser'. Found content (320 words).
2025-11-16 02:02:45,460 - INFO - Duplicate article skipped: Kashmir blast: Nine killed in accidental explosion at police station in Indian-administered Kashmir, officials say from BBC
2025-11-16 02:02:46,150 - INFO - [The Guardian] Article: https://www.theguardian.com/world/2025/nov/14/venezuela-maduro-urges-trump-to-avoid-afghanistan-style-forever-war
2025-11-16 02:02:46,151 - INFO - [The Guardian] Attempt 1/1: Trying with 'requests_browser' strategy...
2025-11-16 02:02:46,294 - INFO - [The Guardian] Success with 'requests_browser'. Found content (499 words).
2025-11-16 02:02:46,509 - INFO - Duplicate article skipped: Venezuela’s Maduro urges Trump to avoid Afghanistan-style ‘forever war’ | Venezuela | The Guardian from The Guardian
2025-11-16 02:02:46,800 - INFO - [BBC] Article: https://www.bbc.com/news/articles/cdjr4xw83eko?at_medium=RSS&at_campaign=rss
2025-11-16 02:02:46,800 - INFO - [BBC] Attempt 1/1: Trying with 'requests_browser' strategy...
2025-11-16 02:02:46,952 - INFO - [BBC] Success with 'requests_browser'. Found content (676 words).
2025-11-16 02:02:47,057 - INFO - Duplicate article skipped: Trump rolls back tariffs on dozens of food products from BBC
2025-11-16 02:02:47,976 - INFO - [The Guardian] Article: https://www.theguardian.com/environment/2025/nov/14/london-judge-rules-bhp-group-liable-for-brazil-2015-samarco-dam-collapse
2025-11-16 02:02:47,977 - INFO - [The Guardian] Attempt 1/1: Trying with 'requests_browser' strategy...
2025-11-16 02:02:48,067 - INFO - [The Guardian] Success with 'requests_browser'. Found content (407 words).
2025-11-16 02:02:48,264 - INFO - Duplicate article skipped: Mining firm BHP found liable in UK for disastrous Brazilian dam collapse | Mining | The Guardian from The Guardian
2025-11-16 02:02:48,453 - INFO - [BBC] Article: https://www.bbc.com/news/articles/cn09n94qg92o?at_medium=RSS&at_campaign=rss
2025-11-16 02:02:48,453 - INFO - [BBC] Attempt 1/1: Trying with 'requests_browser' strategy...
2025-11-16 02:02:48,840 - INFO - [BBC] Success with 'requests_browser'. Found content (1253 words).
2025-11-16 02:02:49,098 - INFO - Duplicate article skipped: Epstein files: Who else was mentioned? from BBC
2025-11-16 02:02:50,326 - INFO - [The Hindu] Page content loaded.
2025-11-16 02:02:50,790 - INFO - [The Hindu] Success with 'selenium_browser'. Found content (420 words).
2025-11-16 02:02:51,016 - INFO - Saved article: Rejuvenation helps Otteri lake in Vellore to reach full capacity since 2021 floods - The Hindu from The Hindu
2025-11-16 02:02:51,884 - INFO - [The Hindu] Article: https://www.thehindu.com/business/Economy/venezuela-keen-to-increase-cooperation-in-critical-minerals-sector-with-india/article70285364.ece
2025-11-16 02:02:51,884 - INFO - [The Hindu] Attempt 1/1: Trying with 'selenium_browser' strategy...
2025-11-16 02:02:54,190 - INFO - [The Hindu] Page content loaded.
2025-11-16 02:02:54,401 - INFO - [The Hindu] Success with 'selenium_browser'. Found content (247 words).
2025-11-16 02:02:54,851 - INFO - Saved article: Venezuela keen to increase cooperation in critical minerals sector with India - The Hindu from The Hindu
2025-11-16 02:02:55,804 - INFO - [The Hindu] Article: https://www.thehindu.com/news/national/tamil-nadu/p-chidambaram-launches-book-on-indian-community-in-singapore/article70284835.ece
2025-11-16 02:02:55,804 - INFO - [The Hindu] Attempt 1/1: Trying with 'selenium_browser' strategy...
2025-11-16 02:03:01,391 - INFO - [The Hindu] Page content loaded.
2025-11-16 02:03:01,475 - INFO - [The Hindu] Success with 'selenium_browser'. Found content (276 words).
2025-11-16 02:03:01,535 - INFO - Saved article: P. Chidambaram launches book on Indian community in Singapore - The Hindu from The Hindu
2025-11-16 02:03:02,572 - INFO - [The Hindu] Article: https://www.thehindu.com/news/national/tamil-nadu/state-highways-dept-opens-nine-swanky-bus-shelters-in-tiruvannamalai-town/article70284073.ece
2025-11-16 02:03:02,572 - INFO - [The Hindu] Attempt 1/1: Trying with 'selenium_browser' strategy...
2025-11-16 02:03:03,499 - INFO - [The Hindu] Page content loaded.
2025-11-16 02:03:03,645 - INFO - [The Hindu] Success with 'selenium_browser'. Found content (300 words).
2025-11-16 02:03:03,755 - INFO - Saved article: State Highways Dept. opens nine swanky bus shelters in Tiruvannamalai town - The Hindu from The Hindu
2025-11-16 02:03:05,000 - INFO - [The Hindu] Article: https://www.thehindu.com/business/hindustan-zinc-gets-licence-to-explore-mine-tungsten-block-in-andhra-pradesh/article70285363.ece
2025-11-16 02:03:05,000 - INFO - [The Hindu] Attempt 1/1: Trying with 'selenium_browser' strategy...
2025-11-16 02:03:07,556 - INFO - [The Hindu] Page content loaded.
2025-11-16 02:03:07,677 - INFO - [The Hindu] Success with 'selenium_browser'. Found content (226 words).
2025-11-16 02:03:07,783 - INFO - Saved article: Hindustan Zinc gets licence to explore, mine tungsten block in Andhra Pradesh - The Hindu from The Hindu
2025-11-16 02:03:09,088 - INFO - [The Hindu] Article: https://www.thehindu.com/news/national/west-bengal/visit-raj-bhavan-and-verify-says-west-bengal-governor-after-tmc-mp-alleges-arms-distributed-from-raj-bhavan/article70285243.ece
2025-11-16 02:03:09,088 - INFO - [The Hindu] Attempt 1/1: Trying with 'selenium_browser' strategy...
2025-11-16 02:03:11,434 - INFO - [The Hindu] Page content loaded.
2025-11-16 02:03:11,609 - INFO - [The Hindu] Success with 'selenium_browser'. Found content (414 words).
2025-11-16 02:03:11,808 - INFO - Saved article: ‘Visit Raj Bhavan and verify’, says West Bengal Governor after TMC MP alleges arms distributed from Raj Bhavan - The Hindu from The Hindu
2025-11-16 02:03:12,523 - INFO - [The Hindu] Article: https://www.thehindu.com/elections/bihar-assembly/our-voters-went-with-nda-out-of-fear-that-rjd-will-bring-back-jungle-raj-jan-suraaj/article70284931.ece
2025-11-16 02:03:12,523 - INFO - [The Hindu] Attempt 1/1: Trying with 'selenium_browser' strategy...
2025-11-16 02:03:13,478 - INFO - [The Hindu] Page content loaded.
2025-11-16 02:03:13,596 - INFO - [The Hindu] Success with 'selenium_browser'. Found content (838 words).
2025-11-16 02:03:13,719 - INFO - Saved article: Our voters went with NDA out of fear that RJD will bring back jungle raj: Jan Suraaj - The Hindu from The Hindu
2025-11-16 02:03:14,489 - INFO - [The Hindu] Article: https://www.thehindu.com/news/national/uttar-pradesh/double-engine-government-ensures-security-dignity-self-reliance-of-tribal-communities-says-uttar-pradesh-cm/article70284221.ece
2025-11-16 02:03:14,489 - INFO - [The Hindu] Attempt 1/1: Trying with 'selenium_browser' strategy...
2025-11-16 02:03:15,575 - INFO - [The Hindu] Page content loaded.
2025-11-16 02:03:15,653 - INFO - [The Hindu] Success with 'selenium_browser'. Found content (355 words).
2025-11-16 02:03:15,761 - INFO - Saved article: Double-engine government ensures security, dignity, self-reliance of tribal communities, says Uttar Pradesh CM - The Hindu from The Hindu
2025-11-16 02:03:17,114 - INFO - [The Hindu] Article: https://www.thehindu.com/news/national/west-bengal/west-bengal-sir-blos-seek-deadline-extension-assistance-with-data-entry-cite-unmanageable-workload/article70283922.ece
2025-11-16 02:03:17,114 - INFO - [The Hindu] Attempt 1/1: Trying with 'selenium_browser' strategy...
2025-11-16 02:03:18,495 - INFO - [The Hindu] Page content loaded.
2025-11-16 02:03:18,583 - INFO - [The Hindu] Success with 'selenium_browser'. Found content (596 words).
2025-11-16 02:03:18,704 - INFO - Saved article: West Bengal SIR: BLOs seek deadline extension, assistance with data entry; cite ‘unmanageable workload’ - The Hindu from The Hindu
2025-11-16 02:03:19,964 - INFO - [The Hindu] Article: https://www.thehindu.com/business/Industry/turning-threads/article70271559.ece
2025-11-16 02:03:19,964 - INFO - [The Hindu] Attempt 1/1: Trying with 'selenium_browser' strategy...
2025-11-16 02:03:21,159 - INFO - [The Hindu] Page content loaded.
2025-11-16 02:03:21,400 - INFO - [The Hindu] Success with 'selenium_browser'. Found content (1830 words).
2025-11-16 02:03:21,551 - INFO - Duplicate article skipped: Turning threads - The Hindu from The Hindu
2025-11-16 02:03:22,637 - INFO - [The Hindu] (Thread) Finished. Attempting to shut down its Selenium driver.
2025-11-16 02:03:22,805 - INFO - [The Hindu] (Thread) driver.quit() successful.
2025-11-16 02:04:44,196 - ERROR - [Times of India] Request failed for strategy 'selenium_browser' on URL https://timesofindia.indiatimes.com/world/us/us-visa-bulletin-december-eb-1-eb-2-dates-move-forward-for-indians/articleshow/125355776.cms: HTTPConnectionPool(host='localhost', port=59095): Read timed out. (read timeout=120)
2025-11-16 02:04:44,196 - ERROR - [Times of India] All scrape strategies failed for https://timesofindia.indiatimes.com/world/us/us-visa-bulletin-december-eb-1-eb-2-dates-move-forward-for-indians/articleshow/125355776.cms. Falling back to RSS description.
2025-11-16 02:04:44,196 - INFO - Duplicate article skipped: US visa bulletin December: EB-1, EB-2 dates move forward for Indians from Times of India
2025-11-16 02:04:44,938 - INFO - [Times of India] Article: https://timesofindia.indiatimes.com/world/us/vivek-ramaswamy-is-culturally-indian-maga-debates-why-they-hate-trump-backed-ohio-guv-candidate/articleshow/125355294.cms
2025-11-16 02:04:44,938 - INFO - [Times of India] Attempt 1/1: Trying with 'selenium_browser' strategy...
2025-11-16 02:06:44,971 - ERROR - [Times of India] Request failed for strategy 'selenium_browser' on URL https://timesofindia.indiatimes.com/world/us/vivek-ramaswamy-is-culturally-indian-maga-debates-why-they-hate-trump-backed-ohio-guv-candidate/articleshow/125355294.cms: HTTPConnectionPool(host='localhost', port=59095): Read timed out. (read timeout=120)
2025-11-16 02:06:44,971 - ERROR - [Times of India] All scrape strategies failed for https://timesofindia.indiatimes.com/world/us/vivek-ramaswamy-is-culturally-indian-maga-debates-why-they-hate-trump-backed-ohio-guv-candidate/articleshow/125355294.cms. Falling back to RSS description.
2025-11-16 02:06:44,972 - INFO - Duplicate article skipped: 'Vivek Ramaswamy is culturally Indian': MAGA debates why they hate Trump-backed Ohio Guv candidate from Times of India
2025-11-16 02:06:46,098 - INFO - [Times of India] Article: https://timesofindia.indiatimes.com/world/us/trump-planning-to-limit-green-card-for-immigrants-from-travel-ban-countries-what-does-it-mean/articleshow/125353703.cms
2025-11-16 02:06:46,098 - INFO - [Times of India] Attempt 1/1: Trying with 'selenium_browser' strategy...
2025-11-16 02:07:36,804 - CRITICAL - --- TIMEOUT: 1 scrape jobs did not complete in 300s. ---
2025-11-16 02:07:36,804 - ERROR - A thread has timed out and will be abandoned.
2025-11-16 02:07:36,804 - INFO - Shutting down thread pool (wait=False)...
2025-11-16 02:07:36,804 - INFO - Scraped: 9 The Hindu, 2 BBC, 1 The Guardian, 1 Timed_Out_Jobs articles. (Total saved: 12)
2025-11-16 02:07:36,804 - INFO - --- Scraping job finished ---
2025-11-16 02:07:36,804 - INFO - --- Scraper service stopped and database connection closed. ---
2025-11-16 02:07:36,804 - INFO - --- Main thread finished. Forcing process exit to kill zombie threads. ---
