2025-12-02 12:55:50,758 - INFO - Initializing database connection at: news_articles.db
2025-12-02 12:55:50,759 - INFO - --- Scraper service started (CI Mode: Run Once) ---
2025-12-02 12:55:50,759 - INFO - --- Starting new scraping job (Parallel Mode) ---
2025-12-02 12:55:50,759 - INFO - Creating new robust session with 3 retries on 5xx/connection/read errors.
2025-12-02 12:55:50,759 - INFO - Proxy is DISABLED.
2025-12-02 12:55:50,759 - INFO - Starting scrape for BBC RSS feed: http://feeds.bbci.co.uk/news/world/rss.xml
2025-12-02 12:55:50,760 - INFO - [Times of India] (Thread) requires Selenium. Initializing driver...
2025-12-02 12:55:50,760 - INFO - Initializing headless Selenium Chrome driver (using SeleniumManager)...
2025-12-02 12:55:50,761 - INFO - Starting scrape for The Guardian RSS feed: https://www.theguardian.com/world/rss
2025-12-02 12:55:50,762 - INFO - [The Hindu] (Thread) requires Selenium. Initializing driver...
2025-12-02 12:55:50,762 - INFO - Initializing headless Selenium Chrome driver (using SeleniumManager)...
2025-12-02 12:55:50,762 - INFO - Submitted 4 jobs to thread pool. Waiting up to 300s for completion...
2025-12-02 12:55:50,946 - INFO - Found 45 articles in The Guardian RSS feed. Processing up to 10.
2025-12-02 12:55:50,946 - INFO - [The Guardian] Article: https://www.theguardian.com/world/2025/dec/01/south-africans-court-alleged-recruitment-russia-war-ukraine
2025-12-02 12:55:50,946 - INFO - [The Guardian] Attempt 1/1: Trying with 'requests_browser' strategy...
2025-12-02 12:55:50,994 - INFO - [The Guardian] Success with 'requests_browser'. Found content (506 words).
2025-12-02 12:55:51,038 - INFO - Duplicate article skipped: Five South Africans in court over alleged recruitment for Russia’s war in Ukraine | South Africa | The Guardian from The Guardian
2025-12-02 12:55:51,574 - INFO - Found 45 articles in BBC RSS feed. Processing up to 10.
2025-12-02 12:55:51,575 - INFO - [BBC] Article: https://www.bbc.com/news/articles/ce8ng3yjenpo?at_medium=RSS&at_campaign=rss
2025-12-02 12:55:51,575 - INFO - [BBC] Attempt 1/1: Trying with 'requests_browser' strategy...
2025-12-02 12:55:51,813 - INFO - [BBC] Success with 'requests_browser'. Found content (840 words).
2025-12-02 12:55:51,849 - INFO - Duplicate article skipped: Putin and Trump envoy Steve Witkoff set for key Ukraine talks in Moscow from BBC
2025-12-02 12:55:52,004 - INFO - [The Guardian] Article: https://www.theguardian.com/global-development/2025/dec/01/global-health-hiv-aids-funding-cuts-infections-prevention
2025-12-02 12:55:52,004 - INFO - [The Guardian] Attempt 1/1: Trying with 'requests_browser' strategy...
2025-12-02 12:55:52,036 - INFO - [The Guardian] Success with 'requests_browser'. Found content (674 words).
2025-12-02 12:55:52,073 - INFO - Duplicate article skipped: Aid cuts have shaken HIV/Aids care to its core – and will mean millions more infections ahead | Global health | The Guardian from The Guardian
2025-12-02 12:55:52,583 - INFO - [BBC] Article: https://www.bbc.com/news/articles/c0r95q9kv1go?at_medium=RSS&at_campaign=rss
2025-12-02 12:55:52,583 - INFO - [BBC] Attempt 1/1: Trying with 'requests_browser' strategy...
2025-12-02 12:55:52,629 - INFO - [BBC] Success with 'requests_browser'. Found content (948 words).
2025-12-02 12:55:52,666 - INFO - Duplicate article skipped: US authorised second deadly Venezuela boat strike, White House says from BBC
2025-12-02 12:55:52,930 - INFO - [The Guardian] Article: https://www.theguardian.com/world/2025/nov/30/african-leaders-push-for-recognition-of-colonial-crimes-and-reparations
2025-12-02 12:55:52,930 - INFO - [The Guardian] Attempt 1/1: Trying with 'requests_browser' strategy...
2025-12-02 12:55:52,966 - INFO - [The Guardian] Success with 'requests_browser'. Found content (670 words).
2025-12-02 12:55:53,011 - INFO - Duplicate article skipped: African leaders push for recognition of colonial crimes and reparations | Colonialism | The Guardian from The Guardian
2025-12-02 12:55:54,004 - INFO - [BBC] Article: https://www.bbc.com/news/articles/cedxyvx74p4o?at_medium=RSS&at_campaign=rss
2025-12-02 12:55:54,005 - INFO - [BBC] Attempt 1/1: Trying with 'requests_browser' strategy...
2025-12-02 12:55:54,041 - INFO - [BBC] Success with 'requests_browser'. Found content (763 words).
2025-12-02 12:55:54,076 - INFO - Duplicate article skipped: Sanchar Saathi: India mandates state-owned cyber safety app on all smartphones from BBC
2025-12-02 12:55:54,169 - INFO - [The Guardian] Article: https://www.theguardian.com/world/2025/nov/28/jacob-zuma-daughter-resigns-claims-south-africans-tricked-fight-russia
2025-12-02 12:55:54,169 - INFO - [The Guardian] Attempt 1/1: Trying with 'requests_browser' strategy...
2025-12-02 12:55:54,287 - INFO - [The Guardian] Success with 'requests_browser'. Found content (753 words).
2025-12-02 12:55:54,323 - INFO - Duplicate article skipped: Jacob Zuma’s daughter resigns amid claims South Africans tricked to fight for Russia | South Africa | The Guardian from The Guardian
2025-12-02 12:55:55,131 - INFO - [BBC] Article: https://www.bbc.com/news/articles/cx2dgp8mvmno?at_medium=RSS&at_campaign=rss
2025-12-02 12:55:55,131 - INFO - [BBC] Attempt 1/1: Trying with 'requests_browser' strategy...
2025-12-02 12:55:55,171 - INFO - [BBC] Success with 'requests_browser'. Found content (872 words).
2025-12-02 12:55:55,207 - INFO - Duplicate article skipped: Honduras election: presidential candidates locked in 'technical tie', official says from BBC
2025-12-02 12:55:55,695 - INFO - [The Guardian] Article: https://www.theguardian.com/environment/2025/nov/28/africa-forests-transformed-carbon-sink-carbon-source-study
2025-12-02 12:55:55,695 - INFO - [The Guardian] Attempt 1/1: Trying with 'requests_browser' strategy...
2025-12-02 12:55:55,723 - INFO - [The Guardian] Success with 'requests_browser'. Found content (458 words).
2025-12-02 12:55:55,784 - INFO - Duplicate article skipped: Africa’s forests transformed from carbon sink to carbon source, study finds | Climate crisis | The Guardian from The Guardian
2025-12-02 12:55:56,493 - INFO - [BBC] Article: https://www.bbc.com/news/articles/cjezwzw088jo?at_medium=RSS&at_campaign=rss
2025-12-02 12:55:56,494 - INFO - [BBC] Attempt 1/1: Trying with 'requests_browser' strategy...
2025-12-02 12:55:56,530 - INFO - [BBC] Success with 'requests_browser'. Found content (501 words).
2025-12-02 12:55:56,572 - INFO - Saved article: Bulgaria ditches budget plan after tens of thousands join protests from BBC
2025-12-02 12:55:57,109 - INFO - [The Guardian] Article: https://www.theguardian.com/world/2025/dec/02/trump-nicolas-maduro-venezuela
2025-12-02 12:55:57,109 - INFO - [The Guardian] Attempt 1/1: Trying with 'requests_browser' strategy...
2025-12-02 12:55:57,141 - INFO - [The Guardian] Success with 'requests_browser'. Found content (946 words).
2025-12-02 12:55:57,179 - INFO - Saved article: Trump’s full-throttle threats suggest no backing down from aims to topple Maduro’s regime | Venezuela | The Guardian from The Guardian
2025-12-02 12:55:57,353 - INFO - [BBC] Article: https://www.bbc.com/news/articles/ce8ng18p7v3o?at_medium=RSS&at_campaign=rss
2025-12-02 12:55:57,353 - INFO - [BBC] Attempt 1/1: Trying with 'requests_browser' strategy...
2025-12-02 12:55:57,393 - INFO - [BBC] Success with 'requests_browser'. Found content (582 words).
2025-12-02 12:55:57,428 - INFO - Duplicate article skipped: Hong Kong leader orders investigation into deadly fire that killed 151 from BBC
2025-12-02 12:55:58,026 - INFO - [BBC] Article: https://www.bbc.com/news/articles/cre3q9edqx8o?at_medium=RSS&at_campaign=rss
2025-12-02 12:55:58,026 - INFO - [BBC] Attempt 1/1: Trying with 'requests_browser' strategy...
2025-12-02 12:55:58,060 - INFO - [BBC] Success with 'requests_browser'. Found content (415 words).
2025-12-02 12:55:58,091 - INFO - Duplicate article skipped: Pavarotti statue frozen knee-deep in ice rink strikes wrong note in Italy from BBC
2025-12-02 12:55:58,363 - INFO - [The Guardian] Article: https://www.theguardian.com/us-news/live/2025/dec/02/donald-trump-pete-hegseth-boat-venezuela-maduro-tennessee-us-politics-live-news-updates
2025-12-02 12:55:58,363 - INFO - [The Guardian] Attempt 1/1: Trying with 'requests_browser' strategy...
2025-12-02 12:55:58,607 - INFO - [The Guardian] Success with 'requests_browser'. Found content (1881 words).
2025-12-02 12:55:58,684 - INFO - Saved article: White House distances Hegseth from second strike on alleged drug boat – US politics live | Pete Hegseth | The Guardian from The Guardian
2025-12-02 12:55:59,120 - INFO - Selenium driver initialized successfully.
2025-12-02 12:55:59,120 - INFO - Starting scrape for Times of India RSS feed: https://timesofindia.indiatimes.com/rssfeeds/296589292.cms
2025-12-02 12:55:59,121 - INFO - Selenium driver initialized successfully.
2025-12-02 12:55:59,121 - INFO - Starting scrape for The Hindu RSS feed: https://www.thehindu.com/news/national/feeder/default.rss
2025-12-02 12:55:59,241 - INFO - [BBC] Article: https://www.bbc.com/news/articles/c33mz477p4po?at_medium=RSS&at_campaign=rss
2025-12-02 12:55:59,241 - INFO - [BBC] Attempt 1/1: Trying with 'requests_browser' strategy...
2025-12-02 12:55:59,279 - INFO - [BBC] Success with 'requests_browser'. Found content (882 words).
2025-12-02 12:55:59,319 - INFO - Duplicate article skipped: Luigi Mangione in court as lawyers seek to rule out notebook, gun and other key evidence from BBC
2025-12-02 12:55:59,347 - INFO - Found 100 articles in The Hindu RSS feed. Processing up to 10.
2025-12-02 12:55:59,348 - INFO - Found 20 articles in Times of India RSS feed. Processing up to 10.
2025-12-02 12:55:59,348 - INFO - [The Hindu] Article: https://www.thehindu.com/news/national/telangana/telangana-to-announce-two-fifa-aiff-football-academies-at-global-summit/article70349272.ece
2025-12-02 12:55:59,348 - INFO - [Times of India] Article: https://timesofindia.indiatimes.com/world/us/kill-them-all-why-pete-hegseths-order-is-a-feature-not-a-bug-of-american-cowboy-justice/articleshow/125718572.cms
2025-12-02 12:55:59,348 - INFO - [The Hindu] Attempt 1/1: Trying with 'selenium_browser' strategy...
2025-12-02 12:55:59,348 - INFO - [Times of India] Attempt 1/1: Trying with 'selenium_browser' strategy...
2025-12-02 12:55:59,957 - INFO - [The Guardian] Article: https://www.theguardian.com/us-news/2025/dec/02/us-venezuela-crisis-trinidad-tobago
2025-12-02 12:55:59,957 - INFO - [The Guardian] Attempt 1/1: Trying with 'requests_browser' strategy...
2025-12-02 12:55:59,996 - INFO - [The Guardian] Success with 'requests_browser'. Found content (673 words).
2025-12-02 12:56:00,039 - INFO - Duplicate article skipped: Radar revelation stokes fears Caribbean could be drawn into US-Venezuela crisis | Trump administration | The Guardian from The Guardian
2025-12-02 12:56:00,387 - INFO - [BBC] Article: https://www.bbc.com/news/articles/cewjg272dq9o?at_medium=RSS&at_campaign=rss
2025-12-02 12:56:00,388 - INFO - [BBC] Attempt 1/1: Trying with 'requests_browser' strategy...
2025-12-02 12:56:00,453 - INFO - [BBC] Success with 'requests_browser'. Found content (582 words).
2025-12-02 12:56:00,503 - INFO - Duplicate article skipped: Alina Habba: Appeals court disqualifies ex-Trump lawyer as New Jersey prosecutor from BBC
2025-12-02 12:56:01,261 - INFO - [The Guardian] Article: https://www.theguardian.com/us-news/live/2025/dec/01/donald-trump-pete-hegseth-caribbean-boats-venezuela-immigration-us-politics-latest-news-updates
2025-12-02 12:56:01,261 - INFO - [The Guardian] Attempt 1/1: Trying with 'requests_browser' strategy...
2025-12-02 12:56:01,602 - INFO - [The Guardian] Success with 'requests_browser'. Found content (3148 words).
2025-12-02 12:56:01,889 - INFO - [BBC] Article: https://www.bbc.com/news/articles/c4g4enlp6kzo?at_medium=RSS&at_campaign=rss
2025-12-02 12:56:01,890 - INFO - [BBC] Attempt 1/1: Trying with 'requests_browser' strategy...
2025-12-02 12:56:02,001 - INFO - Duplicate article skipped: Trump discusses Venezuela with advisers as Hegseth distances himself from second strike on suspected drug boat –as it happened | Trump administration | The Guardian from The Guardian
2025-12-02 12:56:02,055 - INFO - [BBC] Success with 'requests_browser'. Found content (908 words).
2025-12-02 12:56:02,193 - INFO - Duplicate article skipped: Indonesia floods death toll passes 600 from BBC
2025-12-02 12:56:03,148 - INFO - [The Guardian] Article: https://www.theguardian.com/world/2025/dec/01/trump-maduro-ultimatum-relinquish-power-venezuela
2025-12-02 12:56:03,148 - INFO - [The Guardian] Attempt 1/1: Trying with 'requests_browser' strategy...
2025-12-02 12:56:03,283 - INFO - [The Guardian] Success with 'requests_browser'. Found content (533 words).
2025-12-02 12:56:03,425 - INFO - Duplicate article skipped: Trump reportedly gave Maduro ultimatum to relinquish power in Venezuela | Nicolás Maduro | The Guardian from The Guardian
2025-12-02 12:56:04,499 - INFO - [The Hindu] Page content loaded.
2025-12-02 12:56:04,655 - INFO - [The Hindu] Success with 'selenium_browser'. Found content (139 words).
2025-12-02 12:56:04,834 - INFO - Saved article: Telangana to announce two FIFA-AIFF football academies at Global Summit - The Hindu from The Hindu
2025-12-02 12:56:05,350 - INFO - [The Hindu] Article: https://www.thehindu.com/news/national/telangana/doctors-body-urges-telangana-govt-to-appoint-medical-professional-as-knruhs-vice-chancellor/article70348566.ece
2025-12-02 12:56:05,350 - INFO - [The Hindu] Attempt 1/1: Trying with 'selenium_browser' strategy...
2025-12-02 12:56:08,095 - INFO - [The Hindu] Page content loaded.
2025-12-02 12:56:08,388 - INFO - [The Hindu] Success with 'selenium_browser'. Found content (167 words).
2025-12-02 12:56:08,524 - INFO - Saved article: Doctors’ body urges Telangana govt. to appoint medical professional as KNRUHS Vice-Chancellor - The Hindu from The Hindu
2025-12-02 12:56:09,320 - INFO - [The Hindu] Article: https://www.thehindu.com/news/cities/Hyderabad/forum-for-good-governance-warns-against-unconstitutional-unanimous-polls-in-gram-panchayats/article70349189.ece
2025-12-02 12:56:09,320 - INFO - [The Hindu] Attempt 1/1: Trying with 'selenium_browser' strategy...
2025-12-02 12:56:11,049 - INFO - [Times of India] Page content loaded.
2025-12-02 12:56:11,547 - INFO - [Times of India] Success with 'selenium_browser'. Found content (1428 words).
2025-12-02 12:56:11,879 - INFO - Saved article: Kill them all: Why Pete Hegseth's 'order' is a feature, not a bug, of American cowboy justice | World News - The Times of India from Times of India
2025-12-02 12:56:12,163 - INFO - [The Hindu] Page content loaded.
2025-12-02 12:56:12,561 - INFO - [The Hindu] Success with 'selenium_browser'. Found content (355 words).
2025-12-02 12:56:12,988 - INFO - [Times of India] Article: https://timesofindia.indiatimes.com/world/middle-east/seven-new-mosques-in-abu-dhabi-named-after-each-emirate-for-uae-national-day/articleshow/125718452.cms
2025-12-02 12:56:13,035 - INFO - [Times of India] Attempt 1/1: Trying with 'selenium_browser' strategy...
2025-12-02 12:56:13,341 - INFO - Saved article: Forum for Good Governance warns against ‘unconstitutional’ unanimous polls in gram panchayats - The Hindu from The Hindu
2025-12-02 12:56:14,387 - INFO - [Times of India] Page content loaded.
2025-12-02 12:56:14,550 - INFO - [The Hindu] Article: https://www.thehindu.com/news/national/andhra-pradesh/control-room-toll-free-helpline-set-up-to-resolve-paddy-procurement-issues-in-andhra-pradesh/article70349246.ece
2025-12-02 12:56:14,550 - INFO - [The Hindu] Attempt 1/1: Trying with 'selenium_browser' strategy...
2025-12-02 12:56:14,562 - INFO - [Times of India] Success with 'selenium_browser'. Found content (333 words).
2025-12-02 12:56:14,680 - INFO - Saved article: Seven new mosques in Abu Dhabi named after each emirate for UAE National Day | World News - The Times of India from Times of India
2025-12-02 12:56:15,358 - INFO - [Times of India] Article: https://timesofindia.indiatimes.com/world/middle-east/qatar-begins-digital-selection-process-for-hajj-1447-ah-pilgrims/articleshow/125718658.cms
2025-12-02 12:56:15,358 - INFO - [Times of India] Attempt 1/1: Trying with 'selenium_browser' strategy...
2025-12-02 12:56:17,241 - INFO - [The Hindu] Page content loaded.
2025-12-02 12:56:17,382 - INFO - [The Hindu] Success with 'selenium_browser'. Found content (265 words).
2025-12-02 12:56:17,557 - INFO - Saved article: Control room, toll-free helpline set up to resolve paddy procurement issues in Andhra Pradesh - The Hindu from The Hindu
2025-12-02 12:56:17,749 - INFO - [Times of India] Page content loaded.
2025-12-02 12:56:17,967 - INFO - [Times of India] Success with 'selenium_browser'. Found content (406 words).
2025-12-02 12:56:18,081 - INFO - Saved article: Qatar begins digital selection process for Hajj 1447 AH pilgrims | World News - The Times of India from Times of India
2025-12-02 12:56:18,571 - INFO - [The Hindu] Article: https://www.thehindu.com/news/national/tamil-nadu/tenkalai-entitled-to-recite-prabandham-at-kancheepuram-devarajaswamy-temple-madras-high-court/article70348964.ece
2025-12-02 12:56:18,571 - INFO - [The Hindu] Attempt 1/1: Trying with 'selenium_browser' strategy...
2025-12-02 12:56:19,080 - INFO - [Times of India] Article: https://timesofindia.indiatimes.com/world/us/they-lose-a-limb-bleed-out-megyn-kelly-says-she-wants-alleged-drug-traffickers-to-suffer-at-the-hands-of-trump-and-hegseth/articleshow/125717813.cms
2025-12-02 12:56:19,080 - INFO - [Times of India] Attempt 1/1: Trying with 'selenium_browser' strategy...
2025-12-02 12:56:19,651 - INFO - [The Hindu] Page content loaded.
2025-12-02 12:56:19,872 - INFO - [The Hindu] Success with 'selenium_browser'. Found content (633 words).
2025-12-02 12:56:19,997 - INFO - Saved article: Tenkalai entitled to recite Prabandham at Kancheepuram Devarajaswamy Temple: Madras High Court - The Hindu from The Hindu
2025-12-02 12:56:20,583 - INFO - [The Hindu] Article: https://www.thehindu.com/news/national/tamil-nadu/in-a-first-tamil-nadu-police-deploy-ai-to-manage-crowd-at-tiruvannamalai-for-kathigai-deepam-festival/article70349365.ece
2025-12-02 12:56:20,583 - INFO - [The Hindu] Attempt 1/1: Trying with 'selenium_browser' strategy...
2025-12-02 12:56:20,702 - INFO - [Times of India] Page content loaded.
2025-12-02 12:56:20,983 - INFO - [Times of India] Success with 'selenium_browser'. Found content (526 words).
2025-12-02 12:56:21,216 - INFO - Saved article: ‘They lose a limb, bleed out’: Megyn Kelly says she wants alleged drug traffickers to ‘suffer’ at the hands of Trump and Hegseth - The Times of India from Times of India
2025-12-02 12:56:21,733 - INFO - [Times of India] Article: https://timesofindia.indiatimes.com/world/us-streamers/i-got-two-pennies-asmongold-blasts-twitch-exposes-payouts-after-viewers-report-stream-pauses-for-commercials-that-never-play/articleshow/125717131.cms
2025-12-02 12:56:21,733 - INFO - [Times of India] Attempt 1/1: Trying with 'selenium_browser' strategy...
2025-12-02 12:56:23,993 - INFO - [The Hindu] Page content loaded.
2025-12-02 12:56:24,255 - INFO - [The Hindu] Success with 'selenium_browser'. Found content (492 words).
2025-12-02 12:56:24,355 - INFO - Saved article: In a first, Tamil Nadu police deploy AI to manage crowd at Tiruvannamalai for Kathigai Deepam festival - The Hindu from The Hindu
2025-12-02 12:56:24,746 - INFO - [Times of India] Page content loaded.
2025-12-02 12:56:24,954 - INFO - [Times of India] Success with 'selenium_browser'. Found content (413 words).
2025-12-02 12:56:25,055 - INFO - Saved article: “I got two pennies”: Asmongold blasts Twitch, exposes payouts after viewers report stream pauses for commercials that never play - The Times of India from Times of India
2025-12-02 12:56:25,586 - INFO - [The Hindu] Article: https://www.thehindu.com/news/national/telangana/telangana-rising-2047-pochampally-ikkat-mahua-laddus-to-greet-telangana-rising-delegates/article70349242.ece
2025-12-02 12:56:25,586 - INFO - [The Hindu] Attempt 1/1: Trying with 'selenium_browser' strategy...
2025-12-02 12:56:26,407 - INFO - [Times of India] Article: https://timesofindia.indiatimes.com/world/middle-east/uae-ajman-breaks-guinness-world-record-with-epic-national-day-tribute/articleshow/125717015.cms
2025-12-02 12:56:26,407 - INFO - [Times of India] Attempt 1/1: Trying with 'selenium_browser' strategy...
2025-12-02 12:56:29,271 - INFO - [Times of India] Page content loaded.
2025-12-02 12:56:29,666 - INFO - [Times of India] Success with 'selenium_browser'. Found content (436 words).
2025-12-02 12:56:29,832 - INFO - Saved article: UAE: Ajman breaks Guinness World Record with epic National Day Tribute | World News - The Times of India from Times of India
2025-12-02 12:56:30,434 - INFO - [Times of India] Article: https://timesofindia.indiatimes.com/world/middle-east/kuwait-to-ban-commercial-import-of-dogs-and-cats-what-it-means-for-pet-owners-and-neighbours/articleshow/125712282.cms
2025-12-02 12:56:30,435 - INFO - [Times of India] Attempt 1/1: Trying with 'selenium_browser' strategy...
2025-12-02 12:56:32,856 - INFO - [Times of India] Page content loaded.
2025-12-02 12:56:33,231 - INFO - [Times of India] Success with 'selenium_browser'. Found content (583 words).
2025-12-02 12:56:33,340 - INFO - Duplicate article skipped: Kuwait to ban commercial import of dogs and cats — what it means for pet owners and neighbours | World News - The Times of India from Times of India
2025-12-02 12:56:34,188 - INFO - [Times of India] Article: https://timesofindia.indiatimes.com/world/middle-east/uae-president-mohamed-bin-zayed-net-worth-and-wealth-in-2025/articleshow/125714887.cms
2025-12-02 12:56:34,188 - INFO - [Times of India] Attempt 1/1: Trying with 'selenium_browser' strategy...
2025-12-02 12:56:36,382 - INFO - [Times of India] Page content loaded.
2025-12-02 12:56:36,613 - INFO - [Times of India] Success with 'selenium_browser'. Found content (601 words).
2025-12-02 12:56:36,722 - INFO - Duplicate article skipped: UAE President Mohamed bin Zayed – Net worth and wealth in 2025 | World News - The Times of India from Times of India
2025-12-02 12:56:37,925 - INFO - [Times of India] Article: https://timesofindia.indiatimes.com/world/middle-east/us-approves-1-4-billion-in-military-sales-to-saudi-arabia-and-bahrain-strengthening-gulf-defence-ties/articleshow/125714708.cms
2025-12-02 12:56:37,925 - INFO - [Times of India] Attempt 1/1: Trying with 'selenium_browser' strategy...
2025-12-02 12:56:39,905 - INFO - [Times of India] Page content loaded.
2025-12-02 12:56:40,112 - INFO - [Times of India] Success with 'selenium_browser'. Found content (597 words).
2025-12-02 12:56:40,194 - INFO - Duplicate article skipped: US approves $1.4 Billion in military sales to Saudi Arabia and Bahrain, strengthening Gulf defence ties | World News - The Times of India from Times of India
2025-12-02 12:56:41,320 - INFO - [The Hindu] Page content loaded.
2025-12-02 12:56:41,460 - INFO - [The Hindu] Success with 'selenium_browser'. Found content (198 words).
2025-12-02 12:56:41,614 - INFO - [Times of India] Article: https://timesofindia.indiatimes.com/world/rest-of-world/no-phones-no-smartwatches-singapore-tightens-school-rules-devices-to-be-locked-away-from-2026/articleshow/125710932.cms
2025-12-02 12:56:41,616 - INFO - [Times of India] Attempt 1/1: Trying with 'selenium_browser' strategy...
2025-12-02 12:56:41,623 - INFO - Saved article: Telangana Rising 2047: Pochampally Ikkat, Mahua laddus to greet Telangana Rising delegates - The Hindu from The Hindu
2025-12-02 12:56:42,465 - INFO - [The Hindu] Article: https://www.thehindu.com/news/national/scope-of-isis-investigation-research-cell-in-nia-broadened-govt/article70349158.ece
2025-12-02 12:56:42,465 - INFO - [The Hindu] Attempt 1/1: Trying with 'selenium_browser' strategy...
2025-12-02 12:56:43,049 - INFO - [Times of India] Page content loaded.
2025-12-02 12:56:43,300 - INFO - [Times of India] Success with 'selenium_browser'. Found content (267 words).
2025-12-02 12:56:43,400 - INFO - Duplicate article skipped: No phones, no smartwatches: Singapore tightens school rules; devices to be locked away from 2026 - The Times of India from Times of India
2025-12-02 12:56:44,641 - INFO - [Times of India] (Thread) Finished. Attempting to shut down its Selenium driver.
2025-12-02 12:56:45,006 - INFO - [Times of India] (Thread) driver.quit() successful.
2025-12-02 12:56:49,988 - INFO - [The Hindu] Page content loaded.
2025-12-02 12:56:50,160 - INFO - [The Hindu] Success with 'selenium_browser'. Found content (324 words).
2025-12-02 12:56:50,277 - INFO - Saved article: Scope of ISIS Investigation Research Cell in NIA broadened: Govt - The Hindu from The Hindu
2025-12-02 12:56:50,820 - INFO - [The Hindu] Article: https://www.thehindu.com/news/cities/bangalore/pucl-demands-judicial-inquiry-into-custodial-torture-and-death-of-28-year-old-delivery-executive/article70348766.ece
2025-12-02 12:56:50,820 - INFO - [The Hindu] Attempt 1/1: Trying with 'selenium_browser' strategy...
2025-12-02 12:56:51,451 - INFO - [The Hindu] Page content loaded.
2025-12-02 12:56:51,615 - INFO - [The Hindu] Success with 'selenium_browser'. Found content (347 words).
2025-12-02 12:56:51,707 - INFO - Saved article: PUCL demands judicial inquiry into custodial torture and death of 28-year-old delivery executive - The Hindu from The Hindu
2025-12-02 12:56:52,279 - INFO - [The Hindu] Article: https://www.thehindu.com/news/national/lok-sabha-vande-mataram-debate-december-8-sir-electoral-reforms-debate-december-9-rijiju/article70349231.ece
2025-12-02 12:56:52,279 - INFO - [The Hindu] Attempt 1/1: Trying with 'selenium_browser' strategy...
2025-12-02 12:57:52,296 - ERROR - [The Hindu] Request failed for strategy 'selenium_browser' on URL https://www.thehindu.com/news/national/lok-sabha-vande-mataram-debate-december-8-sir-electoral-reforms-debate-december-9-rijiju/article70349231.ece: Message: timeout: Timed out receiving message from renderer: 59.788
  (Session info: chrome=142.0.7444.162)
Stacktrace:
#0 0x5621bb4da32a <unknown>
#1 0x5621baf26e4b <unknown>
#2 0x5621baf0ee0d <unknown>
#3 0x5621baf0eaf0 <unknown>
#4 0x5621baf0c8ff <unknown>
#5 0x5621baf0d27f <unknown>
#6 0x5621baf1bca3 <unknown>
#7 0x5621baf35601 <unknown>
#8 0x5621baf3be0b <unknown>
#9 0x5621baf0d9bd <unknown>
#10 0x5621baf353a7 <unknown>
#11 0x5621bafc6170 <unknown>
#12 0x5621baf6bc1a <unknown>
#13 0x5621baf6c921 <unknown>
#14 0x5621bb4a1239 <unknown>
#15 0x5621bb4a41e8 <unknown>
#16 0x5621bb48a4c9 <unknown>
#17 0x5621bb4a4db5 <unknown>
#18 0x5621bb471e93 <unknown>
#19 0x5621bb4c7098 <unknown>
#20 0x5621bb4c7273 <unknown>
#21 0x5621bb4d92c3 <unknown>
#22 0x7f68a369caa4 <unknown>
#23 0x7f68a3729c6c <unknown>

2025-12-02 12:57:52,296 - ERROR - [The Hindu] All scrape strategies failed for https://www.thehindu.com/news/national/lok-sabha-vande-mataram-debate-december-8-sir-electoral-reforms-debate-december-9-rijiju/article70349231.ece. Falling back to RSS description.
2025-12-02 12:57:52,298 - INFO - Saved article: Lok Sabha to take up debate on Vande Mataram on Dec. 8; electoral reforms on Dec. 9, says Kiren Rijiju from The Hindu
2025-12-02 12:57:53,071 - INFO - [The Hindu] (Thread) Finished. Attempting to shut down its Selenium driver.
2025-12-02 12:57:53,226 - INFO - [The Hindu] (Thread) driver.quit() successful.
2025-12-02 12:57:53,226 - INFO - Shutting down thread pool (wait=False)...
2025-12-02 12:57:53,226 - INFO - Scraped: 2 The Guardian, 1 BBC, 6 Times of India, 10 The Hindu articles. (Total saved: 19)
2025-12-02 12:57:53,226 - INFO - --- Scraping job finished ---
2025-12-02 12:57:53,232 - INFO - --- Scraper service stopped and database connection closed. ---
2025-12-02 12:57:53,232 - INFO - --- Main thread finished. Forcing process exit to kill zombie threads. ---
