2025-12-07 18:33:41,516 - INFO - Initializing database connection at: news_articles.db
2025-12-07 18:33:41,516 - INFO - --- Scraper service started (CI Mode: Run Once) ---
2025-12-07 18:33:41,517 - INFO - --- Starting new scraping job (Parallel Mode) ---
2025-12-07 18:33:41,517 - INFO - Creating new robust session with 3 retries on 5xx/connection/read errors.
2025-12-07 18:33:41,517 - INFO - Proxy is DISABLED.
2025-12-07 18:33:41,517 - INFO - Starting scrape for BBC RSS feed: http://feeds.bbci.co.uk/news/world/rss.xml
2025-12-07 18:33:41,517 - INFO - [Times of India] (Thread) requires Selenium. Initializing driver...
2025-12-07 18:33:41,517 - INFO - Initializing headless Selenium Chrome driver (using SeleniumManager)...
2025-12-07 18:33:41,518 - INFO - Starting scrape for The Guardian RSS feed: https://www.theguardian.com/world/rss
2025-12-07 18:33:41,518 - INFO - [The Hindu] (Thread) requires Selenium. Initializing driver...
2025-12-07 18:33:41,519 - INFO - Initializing headless Selenium Chrome driver (using SeleniumManager)...
2025-12-07 18:33:41,519 - INFO - Submitted 4 jobs to thread pool. Waiting up to 300s for completion...
2025-12-07 18:33:41,614 - INFO - Found 31 articles in BBC RSS feed. Processing up to 10.
2025-12-07 18:33:41,614 - INFO - [BBC] Article: https://www.bbc.com/news/articles/cpvd01g2kwwo?at_medium=RSS&at_campaign=rss
2025-12-07 18:33:41,614 - INFO - [BBC] Attempt 1/1: Trying with 'requests_browser' strategy...
2025-12-07 18:33:41,639 - INFO - Found 45 articles in The Guardian RSS feed. Processing up to 10.
2025-12-07 18:33:41,639 - INFO - [The Guardian] Article: https://www.theguardian.com/world/2025/dec/06/gunmen-kill-pretoria-south-african-hostel
2025-12-07 18:33:41,639 - INFO - [The Guardian] Attempt 1/1: Trying with 'requests_browser' strategy...
2025-12-07 18:33:41,660 - INFO - [The Guardian] Success with 'requests_browser'. Found content (285 words).
2025-12-07 18:33:41,696 - INFO - Duplicate article skipped: Gunmen kill at least 12 people including three-year-old in hostel in South Africa | South Africa | The Guardian from The Guardian
2025-12-07 18:33:41,765 - INFO - [BBC] Success with 'requests_browser'. Found content (605 words).
2025-12-07 18:33:41,799 - INFO - Duplicate article skipped: New US security strategy aligns with Russia's vision, Moscow says from BBC
2025-12-07 18:33:42,419 - INFO - [The Guardian] Article: https://www.theguardian.com/world/2025/dec/05/people-flee-dr-congo-fighting-one-day-after-peace-deal-signed-in-washington
2025-12-07 18:33:42,419 - INFO - [The Guardian] Attempt 1/1: Trying with 'requests_browser' strategy...
2025-12-07 18:33:42,588 - INFO - [The Guardian] Success with 'requests_browser'. Found content (411 words).
2025-12-07 18:33:42,630 - INFO - Duplicate article skipped: People flee DR Congo fighting one day after peace deal signed in Washington | Democratic Republic of the Congo | The Guardian from The Guardian
2025-12-07 18:33:42,840 - INFO - [BBC] Article: https://www.bbc.com/news/articles/c62v7n9wzkyo?at_medium=RSS&at_campaign=rss
2025-12-07 18:33:42,840 - INFO - [BBC] Attempt 1/1: Trying with 'requests_browser' strategy...
2025-12-07 18:33:42,876 - INFO - [BBC] Success with 'requests_browser'. Found content (848 words).
2025-12-07 18:33:42,915 - INFO - Duplicate article skipped: Benin coup attempt to oust President Talon foiled by loyalist troops, minister says from BBC
2025-12-07 18:33:43,479 - INFO - [BBC] Article: https://www.bbc.com/news/articles/cdj82d0nd4eo?at_medium=RSS&at_campaign=rss
2025-12-07 18:33:43,479 - INFO - [BBC] Attempt 1/1: Trying with 'requests_browser' strategy...
2025-12-07 18:33:43,505 - INFO - [BBC] Success with 'requests_browser'. Found content (598 words).
2025-12-07 18:33:43,538 - INFO - Duplicate article skipped: India: Goa nightclub fire kills 25 staff and tourists from BBC
2025-12-07 18:33:43,680 - INFO - [The Guardian] Article: https://www.theguardian.com/global-development/2025/dec/05/rsf-massacres-sudanese-city-el-fasher-slaughterhouse-satellite-images
2025-12-07 18:33:43,680 - INFO - [The Guardian] Attempt 1/1: Trying with 'requests_browser' strategy...
2025-12-07 18:33:43,704 - INFO - [The Guardian] Success with 'requests_browser'. Found content (684 words).
2025-12-07 18:33:43,742 - INFO - Duplicate article skipped: RSF massacres left Sudanese city ‘a slaughterhouse’, satellite images show | Global development | The Guardian from The Guardian
2025-12-07 18:33:44,104 - INFO - [BBC] Article: https://www.bbc.com/news/articles/cz680jx511no?at_medium=RSS&at_campaign=rss
2025-12-07 18:33:44,105 - INFO - [BBC] Attempt 1/1: Trying with 'requests_browser' strategy...
2025-12-07 18:33:44,128 - INFO - [BBC] Success with 'requests_browser'. Found content (596 words).
2025-12-07 18:33:44,163 - INFO - Duplicate article skipped: Ukrainian city hit by 'massive' strike as peace talks in US conclude from BBC
2025-12-07 18:33:44,742 - INFO - [The Guardian] Article: https://www.theguardian.com/environment/2025/dec/05/african-penguins-starve-to-death-south-africa-sardine-population-aoe
2025-12-07 18:33:44,742 - INFO - [The Guardian] Attempt 1/1: Trying with 'requests_browser' strategy...
2025-12-07 18:33:44,764 - INFO - [The Guardian] Success with 'requests_browser'. Found content (530 words).
2025-12-07 18:33:44,804 - INFO - Duplicate article skipped: 60,000 African penguins starved to death after sardine numbers collapsed – study | Birds | The Guardian from The Guardian
2025-12-07 18:33:44,984 - INFO - [BBC] Article: https://www.bbc.com/news/articles/c3r7plnwr0zo?at_medium=RSS&at_campaign=rss
2025-12-07 18:33:44,984 - INFO - [BBC] Attempt 1/1: Trying with 'requests_browser' strategy...
2025-12-07 18:33:45,013 - INFO - [BBC] Success with 'requests_browser'. Found content (1001 words).
2025-12-07 18:33:45,052 - INFO - Duplicate article skipped: LegCo: Hong Kong votes in election as city mourns deadly fire from BBC
2025-12-07 18:33:45,437 - INFO - [The Guardian] Article: https://www.theguardian.com/world/2025/dec/05/us-sanctions-sudan-army-rsf-ceasefire
2025-12-07 18:33:45,437 - INFO - [The Guardian] Attempt 1/1: Trying with 'requests_browser' strategy...
2025-12-07 18:33:45,579 - INFO - [BBC] Article: https://www.bbc.com/news/videos/ckgm4yjl214o?at_medium=RSS&at_campaign=rss
2025-12-07 18:33:45,579 - INFO - [BBC] Attempt 1/1: Trying with 'requests_browser' strategy...
2025-12-07 18:33:45,615 - INFO - [The Guardian] Success with 'requests_browser'. Found content (849 words).
2025-12-07 18:33:45,688 - INFO - Duplicate article skipped: US considers wider sanctions on Sudanese army and RSF as ceasefire efforts falter | Sudan | The Guardian from The Guardian
2025-12-07 18:33:45,706 - INFO - [BBC] Success with 'requests_browser'. Found content (90 words).
2025-12-07 18:33:45,747 - INFO - Duplicate article skipped: Watch: Moment Hawaii volcano eruption engulfs camera from BBC
2025-12-07 18:33:46,358 - INFO - [BBC] Article: https://www.bbc.com/news/articles/c98nldr06l2o?at_medium=RSS&at_campaign=rss
2025-12-07 18:33:46,358 - INFO - [BBC] Attempt 1/1: Trying with 'requests_browser' strategy...
2025-12-07 18:33:46,384 - INFO - [BBC] Success with 'requests_browser'. Found content (410 words).
2025-12-07 18:33:46,418 - INFO - Duplicate article skipped: Chernobyl radiation shield 'lost safety function' after drone strike, UN watchdog says from BBC
2025-12-07 18:33:46,732 - INFO - [The Guardian] Article: https://www.theguardian.com/world/2025/dec/06/magnitude-7-earthquake-alaska-canada
2025-12-07 18:33:46,732 - INFO - [The Guardian] Attempt 1/1: Trying with 'requests_browser' strategy...
2025-12-07 18:33:46,754 - INFO - [The Guardian] Success with 'requests_browser'. Found content (209 words).
2025-12-07 18:33:46,791 - INFO - Duplicate article skipped: Magnitude 7.0 earthquake strikes remote area near Alaska-Canada border | Earthquakes | The Guardian from The Guardian
2025-12-07 18:33:47,108 - INFO - [BBC] Article: https://www.bbc.com/news/articles/crmd44yz7nmo?at_medium=RSS&at_campaign=rss
2025-12-07 18:33:47,108 - INFO - [BBC] Attempt 1/1: Trying with 'requests_browser' strategy...
2025-12-07 18:33:47,139 - INFO - [BBC] Success with 'requests_browser'. Found content (405 words).
2025-12-07 18:33:47,174 - INFO - Duplicate article skipped: Katy Perry posts photo with Justin Trudeau in Japan from BBC
2025-12-07 18:33:47,425 - INFO - [The Guardian] Article: https://www.theguardian.com/world/2025/dec/06/venezuela-oil-trump-maduro
2025-12-07 18:33:47,425 - INFO - [The Guardian] Attempt 1/1: Trying with 'requests_browser' strategy...
2025-12-07 18:33:47,453 - INFO - [The Guardian] Success with 'requests_browser'. Found content (863 words).
2025-12-07 18:33:47,501 - INFO - Duplicate article skipped: Maduro says the real reason for Trump’s Venezuela fixation is oil – is he right? | Venezuela | The Guardian from The Guardian
2025-12-07 18:33:47,879 - INFO - [BBC] Article: https://www.bbc.com/news/articles/cqjgydnwxrpo?at_medium=RSS&at_campaign=rss
2025-12-07 18:33:47,879 - INFO - [BBC] Attempt 1/1: Trying with 'requests_browser' strategy...
2025-12-07 18:33:48,047 - INFO - [BBC] Success with 'requests_browser'. Found content (393 words).
2025-12-07 18:33:48,082 - INFO - Duplicate article skipped: Death toll passes 900 after devastating Indonesia floods from BBC
2025-12-07 18:33:48,187 - INFO - Selenium driver initialized successfully.
2025-12-07 18:33:48,187 - INFO - Selenium driver initialized successfully.
2025-12-07 18:33:48,187 - INFO - Starting scrape for The Hindu RSS feed: https://www.thehindu.com/news/national/feeder/default.rss
2025-12-07 18:33:48,187 - INFO - Starting scrape for Times of India RSS feed: https://timesofindia.indiatimes.com/rssfeeds/296589292.cms
2025-12-07 18:33:48,577 - INFO - Found 20 articles in Times of India RSS feed. Processing up to 10.
2025-12-07 18:33:48,577 - INFO - [Times of India] Article: https://timesofindia.indiatimes.com/world/us-streamers/who-is-india-love-inside-the-life-career-net-worth-of-the-influencer-stirring-up-streamer-awards-2025/articleshow/125819779.cms
2025-12-07 18:33:48,577 - INFO - [Times of India] Attempt 1/1: Trying with 'selenium_browser' strategy...
2025-12-07 18:33:48,758 - INFO - [The Guardian] Article: https://www.theguardian.com/us-news/2025/dec/05/us-airstrike-survivors-clung-to-boat-wreckage-for-an-hour-before-second-deadly-attack-video-shows
2025-12-07 18:33:48,758 - INFO - [The Guardian] Attempt 1/1: Trying with 'requests_browser' strategy...
2025-12-07 18:33:48,926 - INFO - [The Guardian] Success with 'requests_browser'. Found content (1016 words).
2025-12-07 18:33:48,979 - INFO - Duplicate article skipped: US airstrike survivors clung to boat wreckage for an hour before second deadly attack, video shows | US military | The Guardian from The Guardian
2025-12-07 18:33:49,026 - INFO - Found 100 articles in The Hindu RSS feed. Processing up to 10.
2025-12-07 18:33:49,026 - INFO - [The Hindu] Article: https://www.thehindu.com/news/national/haryana/had-no-choice-but-to-back-bjp-in-2019-dushyant-chautala/article70369419.ece
2025-12-07 18:33:49,026 - INFO - [The Hindu] Attempt 1/1: Trying with 'selenium_browser' strategy...
2025-12-07 18:33:49,438 - INFO - [BBC] Article: https://www.bbc.com/news/articles/cr7l4n89lr1o?at_medium=RSS&at_campaign=rss
2025-12-07 18:33:49,438 - INFO - [BBC] Attempt 1/1: Trying with 'requests_browser' strategy...
2025-12-07 18:33:49,598 - INFO - [BBC] Success with 'requests_browser'. Found content (441 words).
2025-12-07 18:33:49,637 - INFO - Duplicate article skipped: National Park Service removes free entry on Martin Luther King Jr Day and Juneteenth from BBC
2025-12-07 18:33:50,095 - INFO - [The Guardian] Article: https://www.theguardian.com/us-news/2025/dec/05/neo-nazi-base-leader-on-terrorism-arrest
2025-12-07 18:33:50,095 - INFO - [The Guardian] Attempt 1/1: Trying with 'requests_browser' strategy...
2025-12-07 18:33:50,298 - INFO - [The Guardian] Success with 'requests_browser'. Found content (1072 words).
2025-12-07 18:33:50,363 - INFO - Duplicate article skipped: US leader of global neo-Nazi terrorist group signals retribution for arrests | Far right (US) | The Guardian from The Guardian
2025-12-07 18:33:51,079 - INFO - [The Guardian] Article: https://www.theguardian.com/politics/audio/2025/dec/05/donald-trump-about-to-invade-venezuela-podcast
2025-12-07 18:33:51,080 - INFO - [The Guardian] Attempt 1/1: Trying with 'requests_browser' strategy...
2025-12-07 18:33:51,323 - WARNING - [The Guardian] FAILED with 'requests_browser' (content was too short: 72 words).
2025-12-07 18:33:51,323 - ERROR - [The Guardian] All scrape strategies failed for https://www.theguardian.com/politics/audio/2025/dec/05/donald-trump-about-to-invade-venezuela-podcast. Falling back to RSS description.
2025-12-07 18:33:51,325 - INFO - Duplicate article skipped: “This is war”: Is Trump about to invade Venezuela? – podcast from The Guardian
2025-12-07 18:33:55,081 - INFO - [The Hindu] Page content loaded.
2025-12-07 18:33:55,698 - INFO - [The Hindu] Success with 'selenium_browser'. Found content (560 words).
2025-12-07 18:33:55,882 - INFO - Saved article: Had no choice but to back BJP in 2019: Dushyant Chautala - The Hindu from The Hindu
2025-12-07 18:33:56,809 - INFO - [The Hindu] Article: https://www.thehindu.com/news/national/tamil-nadu/rahul-bhattacharyas-rail-song-resonates-at-the-hindu-lit-for-life-unplugged/article70369729.ece
2025-12-07 18:33:56,809 - INFO - [The Hindu] Attempt 1/1: Trying with 'selenium_browser' strategy...
2025-12-07 18:34:00,752 - INFO - [The Hindu] Page content loaded.
2025-12-07 18:34:00,980 - INFO - [The Hindu] Success with 'selenium_browser'. Found content (251 words).
2025-12-07 18:34:01,441 - INFO - Saved article: Rahul Bhattacharya’s Rail Song Resonates at The Hindu Lit for Life Unplugged - The Hindu from The Hindu
2025-12-07 18:34:02,839 - INFO - [The Hindu] Article: https://www.thehindu.com/news/national/watch-all-officials-found-guilty-will-be-suspended-goa-cm-pramod-sawant/article70370014.ece
2025-12-07 18:34:02,839 - INFO - [The Hindu] Attempt 1/1: Trying with 'selenium_browser' strategy...
2025-12-07 18:35:02,867 - ERROR - [The Hindu] Request failed for strategy 'selenium_browser' on URL https://www.thehindu.com/news/national/watch-all-officials-found-guilty-will-be-suspended-goa-cm-pramod-sawant/article70370014.ece: Message: timeout: Timed out receiving message from renderer: 59.522
  (Session info: chrome=142.0.7444.175)
Stacktrace:
#0 0x5643d2e714ca <unknown>
#1 0x5643d28bfe4b <unknown>
#2 0x5643d28a7e14 <unknown>
#3 0x5643d28a7af7 <unknown>
#4 0x5643d28a58ff <unknown>
#5 0x5643d28a627f <unknown>
#6 0x5643d28b4cb3 <unknown>
#7 0x5643d28ce5f1 <unknown>
#8 0x5643d28d4dfb <unknown>
#9 0x5643d28a69bd <unknown>
#10 0x5643d28ce399 <unknown>
#11 0x5643d295f169 <unknown>
#12 0x5643d2904c2a <unknown>
#13 0x5643d2905931 <unknown>
#14 0x5643d2e37cf9 <unknown>
#15 0x5643d2e3acdc <unknown>
#16 0x5643d2e20f79 <unknown>
#17 0x5643d2e3b8b5 <unknown>
#18 0x5643d2e089c3 <unknown>
#19 0x5643d2e5e228 <unknown>
#20 0x5643d2e5e403 <unknown>
#21 0x5643d2e70463 <unknown>
#22 0x7fd15ee9caa4 <unknown>
#23 0x7fd15ef29c6c <unknown>

2025-12-07 18:35:02,868 - ERROR - [The Hindu] All scrape strategies failed for https://www.thehindu.com/news/national/watch-all-officials-found-guilty-will-be-suspended-goa-cm-pramod-sawant/article70370014.ece. Falling back to RSS description.
2025-12-07 18:35:02,872 - INFO - Saved article: Watch: All officials found guilty will be suspended: Goa CM Pramod Sawant from The Hindu
2025-12-07 18:35:04,002 - INFO - [The Hindu] Article: https://www.thehindu.com/news/national/telangana/australia-unveils-education-reforms-reassures-indian-students-on-safety/article70369848.ece
2025-12-07 18:35:04,002 - INFO - [The Hindu] Attempt 1/1: Trying with 'selenium_browser' strategy...
2025-12-07 18:35:04,704 - INFO - [The Hindu] Page content loaded.
2025-12-07 18:35:04,858 - INFO - [The Hindu] Success with 'selenium_browser'. Found content (526 words).
2025-12-07 18:35:04,962 - INFO - Saved article: Australia unveils education reforms, reassures Indian students on safety - The Hindu from The Hindu
2025-12-07 18:35:06,151 - INFO - [The Hindu] Article: https://www.thehindu.com/news/national/karnataka/india-needs-a-government-open-to-criticism-and-critics-open-to-self-criticism-gopalkrishna-gandhi/article70369607.ece
2025-12-07 18:35:06,151 - INFO - [The Hindu] Attempt 1/1: Trying with 'selenium_browser' strategy...
2025-12-07 18:35:07,053 - INFO - [The Hindu] Page content loaded.
2025-12-07 18:35:07,215 - INFO - [The Hindu] Success with 'selenium_browser'. Found content (439 words).
2025-12-07 18:35:07,294 - INFO - Saved article: India needs a government open to criticism, and critics open to self-criticism: Gopalkrishna Gandhi - The Hindu from The Hindu
2025-12-07 18:35:08,650 - INFO - [The Hindu] Article: https://www.thehindu.com/news/national/telangana/telangana-rising-global-summit-to-be-held-amid-extensive-security-arrangements/article70369730.ece
2025-12-07 18:35:08,650 - INFO - [The Hindu] Attempt 1/1: Trying with 'selenium_browser' strategy...
2025-12-07 18:35:09,281 - INFO - [The Hindu] Page content loaded.
2025-12-07 18:35:09,353 - INFO - [The Hindu] Success with 'selenium_browser'. Found content (474 words).
2025-12-07 18:35:09,429 - INFO - Saved article: Telangana Rising Global Summit to be held amid extensive security arrangements - The Hindu from The Hindu
2025-12-07 18:35:10,505 - INFO - [The Hindu] Article: https://www.thehindu.com/news/national/telangana/tourism-minister-jupally-hosts-diplomats-ahead-of-global-summit/article70369916.ece
2025-12-07 18:35:10,506 - INFO - [The Hindu] Attempt 1/1: Trying with 'selenium_browser' strategy...
2025-12-07 18:35:11,579 - INFO - [The Hindu] Page content loaded.
2025-12-07 18:35:11,652 - INFO - [The Hindu] Success with 'selenium_browser'. Found content (229 words).
2025-12-07 18:35:11,733 - INFO - Saved article: Tourism Minister Jupally hosts diplomats ahead of Global Summit - The Hindu from The Hindu
2025-12-07 18:35:12,625 - INFO - [The Hindu] Article: https://www.thehindu.com/news/national/kerala/kottikalasam-marks-end-of-campaigning-for-local-body-polls-in-thiruvananthapuram/article70369816.ece
2025-12-07 18:35:12,625 - INFO - [The Hindu] Attempt 1/1: Trying with 'selenium_browser' strategy...
2025-12-07 18:35:13,470 - INFO - [The Hindu] Page content loaded.
2025-12-07 18:35:13,545 - INFO - [The Hindu] Success with 'selenium_browser'. Found content (314 words).
2025-12-07 18:35:13,612 - INFO - Saved article: ‘Kottikalasam’ marks end of campaigning for local body polls in Thiruvananthapuram - The Hindu from The Hindu
2025-12-07 18:35:14,829 - INFO - [The Hindu] Article: https://www.thehindu.com/news/national/telangana/mp-chamala-kiran-kumar-reddy-lashes-out-at-kishan-reddy-over-false-statistics/article70369801.ece
2025-12-07 18:35:14,829 - INFO - [The Hindu] Attempt 1/1: Trying with 'selenium_browser' strategy...
2025-12-07 18:35:15,580 - INFO - [The Hindu] Page content loaded.
2025-12-07 18:35:15,681 - INFO - [The Hindu] Success with 'selenium_browser'. Found content (210 words).
2025-12-07 18:35:15,780 - INFO - Saved article: MP Chamala Kiran Kumar Reddy lashes out at Kishan Reddy over ‘false statistics’ - The Hindu from The Hindu
2025-12-07 18:35:17,195 - INFO - [The Hindu] Article: https://www.thehindu.com/business/Industry/dgca-gives-indigo-24-hour-final-extension-to-respond-to-show-cause-notice/article70369819.ece
2025-12-07 18:35:17,195 - INFO - [The Hindu] Attempt 1/1: Trying with 'selenium_browser' strategy...
2025-12-07 18:35:48,678 - ERROR - [Times of India] Request failed for strategy 'selenium_browser' on URL https://timesofindia.indiatimes.com/world/us-streamers/who-is-india-love-inside-the-life-career-net-worth-of-the-influencer-stirring-up-streamer-awards-2025/articleshow/125819779.cms: HTTPConnectionPool(host='localhost', port=52559): Read timed out. (read timeout=120)
2025-12-07 18:35:48,678 - ERROR - [Times of India] All scrape strategies failed for https://timesofindia.indiatimes.com/world/us-streamers/who-is-india-love-inside-the-life-career-net-worth-of-the-influencer-stirring-up-streamer-awards-2025/articleshow/125819779.cms. Falling back to RSS description.
2025-12-07 18:35:48,680 - INFO - Saved article: Who is India Love? Inside the life, career &amp; net worth of the influencer stirring up Streamer Awards 2025 from Times of India
2025-12-07 18:35:49,961 - INFO - [Times of India] Article: https://timesofindia.indiatimes.com/world/us-streamers/ishowspeeds-dad-beams-with-pride-after-streamer-of-the-year-best-irl-streamer-wins/articleshow/125819131.cms
2025-12-07 18:35:49,961 - INFO - [Times of India] Attempt 1/1: Trying with 'selenium_browser' strategy...
2025-12-07 18:37:17,296 - ERROR - [The Hindu] Request failed for strategy 'selenium_browser' on URL https://www.thehindu.com/business/Industry/dgca-gives-indigo-24-hour-final-extension-to-respond-to-show-cause-notice/article70369819.ece: HTTPConnectionPool(host='localhost', port=47527): Read timed out. (read timeout=120)
2025-12-07 18:37:17,297 - ERROR - [The Hindu] All scrape strategies failed for https://www.thehindu.com/business/Industry/dgca-gives-indigo-24-hour-final-extension-to-respond-to-show-cause-notice/article70369819.ece. Falling back to RSS description.
2025-12-07 18:37:17,298 - INFO - Saved article: DGCA gives IndiGo 24-hour ‘final extension’ to respond to show-cause notice from The Hindu
2025-12-07 18:37:18,752 - INFO - [The Hindu] (Thread) Finished. Attempting to shut down its Selenium driver.
2025-12-07 18:37:50,052 - ERROR - [Times of India] Request failed for strategy 'selenium_browser' on URL https://timesofindia.indiatimes.com/world/us-streamers/ishowspeeds-dad-beams-with-pride-after-streamer-of-the-year-best-irl-streamer-wins/articleshow/125819131.cms: HTTPConnectionPool(host='localhost', port=52559): Read timed out. (read timeout=120)
2025-12-07 18:37:50,052 - ERROR - [Times of India] All scrape strategies failed for https://timesofindia.indiatimes.com/world/us-streamers/ishowspeeds-dad-beams-with-pride-after-streamer-of-the-year-best-irl-streamer-wins/articleshow/125819131.cms. Falling back to RSS description.
2025-12-07 18:37:50,054 - INFO - Saved article: IShowSpeed’s dad beams with pride after Streamer of the Year &amp; Best IRL Streamer wins from Times of India
2025-12-07 18:37:50,902 - INFO - [Times of India] Article: https://timesofindia.indiatimes.com/etimes/trending/mysterious-deep-sea-bloop-had-scientists-convinced-theyd-finally-found-the-giant-megalodon/articleshow/125819927.cms
2025-12-07 18:37:50,902 - INFO - [Times of India] Attempt 1/1: Trying with 'selenium_browser' strategy...
2025-12-07 18:38:41,519 - CRITICAL - --- TIMEOUT: 2 scrape jobs did not complete in 300s. ---
2025-12-07 18:38:41,519 - ERROR - A thread has timed out and will be abandoned.
2025-12-07 18:38:41,519 - ERROR - A thread has timed out and will be abandoned.
2025-12-07 18:38:41,519 - INFO - Shutting down thread pool (wait=False)...
2025-12-07 18:38:41,519 - INFO - Scraped: 0 BBC, 0 The Guardian, 2 Timed_Out_Jobs articles. (Total saved: 0)
2025-12-07 18:38:41,519 - INFO - --- Scraping job finished ---
2025-12-07 18:38:41,520 - INFO - --- Scraper service stopped and database connection closed. ---
2025-12-07 18:38:41,520 - INFO - --- Main thread finished. Forcing process exit to kill zombie threads. ---
