2025-12-09 08:37:22,672 - INFO - Initializing database connection at: news_articles.db
2025-12-09 08:37:22,672 - INFO - --- Scraper service started (CI Mode: Run Once) ---
2025-12-09 08:37:22,672 - INFO - --- Starting new scraping job (Parallel Mode) ---
2025-12-09 08:37:22,673 - INFO - Creating new robust session with 3 retries on 5xx/connection/read errors.
2025-12-09 08:37:22,673 - INFO - Proxy is DISABLED.
2025-12-09 08:37:22,673 - INFO - Starting scrape for BBC RSS feed: http://feeds.bbci.co.uk/news/world/rss.xml
2025-12-09 08:37:22,673 - INFO - [Times of India] (Thread) requires Selenium. Initializing driver...
2025-12-09 08:37:22,673 - INFO - Initializing headless Selenium Chrome driver (using SeleniumManager)...
2025-12-09 08:37:22,674 - INFO - Starting scrape for The Guardian RSS feed: https://www.theguardian.com/world/rss
2025-12-09 08:37:22,675 - INFO - [The Hindu] (Thread) requires Selenium. Initializing driver...
2025-12-09 08:37:22,675 - INFO - Initializing headless Selenium Chrome driver (using SeleniumManager)...
2025-12-09 08:37:22,675 - INFO - Submitted 4 jobs to thread pool. Waiting up to 300s for completion...
2025-12-09 08:37:22,809 - INFO - Found 45 articles in The Guardian RSS feed. Processing up to 10.
2025-12-09 08:37:22,810 - INFO - [The Guardian] Article: https://www.theguardian.com/world/2025/dec/08/white-supremacist-notions-threaten-sovereignty-of-south-africa-ramaphosa
2025-12-09 08:37:22,810 - INFO - [The Guardian] Attempt 1/1: Trying with 'requests_browser' strategy...
2025-12-09 08:37:22,865 - INFO - [The Guardian] Success with 'requests_browser'. Found content (547 words).
2025-12-09 08:37:22,911 - INFO - Duplicate article skipped: False claims Afrikaners are persecuted threaten South Africa’s sovereignty, says president | South Africa | The Guardian from The Guardian
2025-12-09 08:37:23,093 - INFO - Found 46 articles in BBC RSS feed. Processing up to 10.
2025-12-09 08:37:23,093 - INFO - [BBC] Article: https://www.bbc.com/news/articles/cg7vdd115vjo?at_medium=RSS&at_campaign=rss
2025-12-09 08:37:23,093 - INFO - [BBC] Attempt 1/1: Trying with 'requests_browser' strategy...
2025-12-09 08:37:23,260 - INFO - [BBC] Success with 'requests_browser'. Found content (849 words).
2025-12-09 08:37:23,295 - INFO - Duplicate article skipped: Ukraine prepares new peace plan as Zelensky rules out giving up land from BBC
2025-12-09 08:37:23,426 - INFO - [The Guardian] Article: https://www.theguardian.com/world/2025/dec/08/ancient-egyptian-pleasure-boat-found-archaeologists-alexandria-coast
2025-12-09 08:37:23,426 - INFO - [The Guardian] Attempt 1/1: Trying with 'requests_browser' strategy...
2025-12-09 08:37:23,460 - INFO - [The Guardian] Success with 'requests_browser'. Found content (765 words).
2025-12-09 08:37:23,493 - INFO - Duplicate article skipped: Ancient Egyptian pleasure boat found by archaeologists off Alexandria coast | Egypt | The Guardian from The Guardian
2025-12-09 08:37:24,117 - INFO - [BBC] Article: https://www.bbc.com/news/articles/c7091k5pg31o?at_medium=RSS&at_campaign=rss
2025-12-09 08:37:24,117 - INFO - [BBC] Attempt 1/1: Trying with 'requests_browser' strategy...
2025-12-09 08:37:24,155 - INFO - [BBC] Success with 'requests_browser'. Found content (448 words).
2025-12-09 08:37:24,189 - INFO - Duplicate article skipped: Dozens injured after magnitude 7.5 quake strikes northern Japan from BBC
2025-12-09 08:37:24,968 - INFO - [The Guardian] Article: https://www.theguardian.com/world/2025/dec/07/release-secured-of-100-kidnapped-nigerian-schoolchildren-but-many-still-being-held
2025-12-09 08:37:24,968 - INFO - [The Guardian] Attempt 1/1: Trying with 'requests_browser' strategy...
2025-12-09 08:37:25,003 - INFO - [The Guardian] Success with 'requests_browser'. Found content (413 words).
2025-12-09 08:37:25,035 - INFO - [BBC] Article: https://www.bbc.com/news/articles/cd0k7g202l2o?at_medium=RSS&at_campaign=rss
2025-12-09 08:37:25,035 - INFO - [BBC] Attempt 1/1: Trying with 'requests_browser' strategy...
2025-12-09 08:37:25,045 - INFO - Duplicate article skipped: Nigerian state secures release of 100 out of 265 kidnapped schoolchildren | Nigeria | The Guardian from The Guardian
2025-12-09 08:37:25,111 - INFO - [BBC] Success with 'requests_browser'. Found content (1711 words).
2025-12-09 08:37:25,150 - INFO - Duplicate article skipped: Sudan war: Air force's bombing of towns, markets and schools has killed hundreds, report says from BBC
2025-12-09 08:37:25,782 - INFO - [The Guardian] Article: https://www.theguardian.com/world/2025/dec/07/troops-and-warplanes-deployed-in-benin-after-failed-coup-attempt
2025-12-09 08:37:25,782 - INFO - [The Guardian] Attempt 1/1: Trying with 'requests_browser' strategy...
2025-12-09 08:37:25,816 - INFO - [The Guardian] Success with 'requests_browser'. Found content (553 words).
2025-12-09 08:37:25,821 - INFO - [BBC] Article: https://www.bbc.com/news/articles/cy95n8e9lx7o?at_medium=RSS&at_campaign=rss
2025-12-09 08:37:25,821 - INFO - [BBC] Attempt 1/1: Trying with 'requests_browser' strategy...
2025-12-09 08:37:25,851 - INFO - Duplicate article skipped: Troops and warplanes deployed in Benin after ‘failed coup attempt’ | Benin | The Guardian from The Guardian
2025-12-09 08:37:25,951 - INFO - [BBC] Success with 'requests_browser'. Found content (535 words).
2025-12-09 08:37:25,985 - INFO - Duplicate article skipped: Zohran Mamdani says he will move into Gracie Mansion as New York mayor from BBC
2025-12-09 08:37:26,663 - INFO - [BBC] Article: https://www.bbc.com/news/articles/c23e7p40y04o?at_medium=RSS&at_campaign=rss
2025-12-09 08:37:26,663 - INFO - [BBC] Attempt 1/1: Trying with 'requests_browser' strategy...
2025-12-09 08:37:27,054 - INFO - [BBC] Success with 'requests_browser'. Found content (453 words).
2025-12-09 08:37:27,091 - INFO - Duplicate article skipped: Goa nightclub owners fled to Thailand hours after deadly fire - police from BBC
2025-12-09 08:37:27,219 - INFO - [The Guardian] Article: https://www.theguardian.com/world/2025/dec/06/gunmen-kill-pretoria-south-african-hostel
2025-12-09 08:37:27,219 - INFO - [The Guardian] Attempt 1/1: Trying with 'requests_browser' strategy...
2025-12-09 08:37:27,362 - INFO - [The Guardian] Success with 'requests_browser'. Found content (285 words).
2025-12-09 08:37:27,395 - INFO - Duplicate article skipped: Gunmen kill at least 12 people including three-year-old in hostel in South Africa | South Africa | The Guardian from The Guardian
2025-12-09 08:37:28,534 - INFO - [BBC] Article: https://www.bbc.com/news/articles/c0mp4nevdz7o?at_medium=RSS&at_campaign=rss
2025-12-09 08:37:28,534 - INFO - [BBC] Attempt 1/1: Trying with 'requests_browser' strategy...
2025-12-09 08:37:28,828 - INFO - [BBC] Success with 'requests_browser'. Found content (385 words).
2025-12-09 08:37:28,835 - INFO - [The Guardian] Article: https://www.theguardian.com/us-news/2025/dec/08/trump-mexico-tariffs-water-dispute
2025-12-09 08:37:28,835 - INFO - [The Guardian] Attempt 1/1: Trying with 'requests_browser' strategy...
2025-12-09 08:37:28,866 - INFO - Duplicate article skipped: Thieves walk out of Brazil library with eight Matisse art works from BBC
2025-12-09 08:37:28,884 - INFO - [The Guardian] Success with 'requests_browser'. Found content (612 words).
2025-12-09 08:37:28,920 - INFO - Duplicate article skipped: ‘Very unfair’: Trump threatens extra 5% tariff on Mexico over water dispute | Trump tariffs | The Guardian from The Guardian
2025-12-09 08:37:29,851 - INFO - [The Guardian] Article: https://www.theguardian.com/us-news/2025/dec/08/ice-family-college-student-deported-honduras
2025-12-09 08:37:29,851 - INFO - [The Guardian] Attempt 1/1: Trying with 'requests_browser' strategy...
2025-12-09 08:37:29,884 - INFO - [The Guardian] Success with 'requests_browser'. Found content (535 words).
2025-12-09 08:37:29,922 - INFO - Duplicate article skipped: Family of student deported to Honduras say they were targeted by ICE agents | US immigration | The Guardian from The Guardian
2025-12-09 08:37:30,035 - INFO - [BBC] Article: https://www.bbc.com/news/articles/cjrj58qed2wo?at_medium=RSS&at_campaign=rss
2025-12-09 08:37:30,035 - INFO - [BBC] Attempt 1/1: Trying with 'requests_browser' strategy...
2025-12-09 08:37:30,077 - INFO - [BBC] Success with 'requests_browser'. Found content (962 words).
2025-12-09 08:37:30,115 - INFO - Duplicate article skipped: Trump unveils $12bn farm aid package amid global trade disputes from BBC
2025-12-09 08:37:30,624 - INFO - [The Guardian] Article: https://www.theguardian.com/film/2025/dec/08/jim-caviezel-jair-bolsonaro-biopic
2025-12-09 08:37:30,624 - INFO - [The Guardian] Attempt 1/1: Trying with 'requests_browser' strategy...
2025-12-09 08:37:30,660 - INFO - [The Guardian] Success with 'requests_browser'. Found content (515 words).
2025-12-09 08:37:30,698 - INFO - Duplicate article skipped: Jim Caviezel to play Jair Bolsonaro in ‘heroic’ biopic | Biopics | The Guardian from The Guardian
2025-12-09 08:37:31,101 - INFO - [BBC] Article: https://www.bbc.com/news/articles/cj69xzpzrdyo?at_medium=RSS&at_campaign=rss
2025-12-09 08:37:31,101 - INFO - [BBC] Attempt 1/1: Trying with 'requests_browser' strategy...
2025-12-09 08:37:31,141 - INFO - [BBC] Success with 'requests_browser'. Found content (775 words).
2025-12-09 08:37:31,176 - INFO - Duplicate article skipped: Paramount launches rival bid for Warner Bros Discovery from BBC
2025-12-09 08:37:31,984 - INFO - [The Guardian] Article: https://www.theguardian.com/us-news/2025/dec/08/ex-honduran-president-juan-orlando-hernandez-trump-pardon
2025-12-09 08:37:31,984 - INFO - [The Guardian] Attempt 1/1: Trying with 'requests_browser' strategy...
2025-12-09 08:37:32,106 - INFO - [The Guardian] Success with 'requests_browser'. Found content (794 words).
2025-12-09 08:37:32,140 - INFO - Duplicate article skipped: Ex-Honduran president thanks God – and Trump – for drug-trafficking pardon | Donald Trump | The Guardian from The Guardian
2025-12-09 08:37:32,670 - INFO - [BBC] Article: https://www.bbc.com/news/articles/c23e77ln3d1o?at_medium=RSS&at_campaign=rss
2025-12-09 08:37:32,670 - INFO - [BBC] Attempt 1/1: Trying with 'requests_browser' strategy...
2025-12-09 08:37:33,055 - INFO - [BBC] Success with 'requests_browser'. Found content (374 words).
2025-12-09 08:37:33,091 - INFO - Duplicate article skipped: US deports second group of Iranian nationals, officials say from BBC
2025-12-09 08:37:33,328 - INFO - Selenium driver initialized successfully.
2025-12-09 08:37:33,328 - INFO - Starting scrape for The Hindu RSS feed: https://www.thehindu.com/news/national/feeder/default.rss
2025-12-09 08:37:33,329 - INFO - Selenium driver initialized successfully.
2025-12-09 08:37:33,329 - INFO - Starting scrape for Times of India RSS feed: https://timesofindia.indiatimes.com/rssfeeds/296589292.cms
2025-12-09 08:37:33,360 - INFO - [The Guardian] Article: https://www.theguardian.com/world/2025/dec/08/us-attack-venezuela-risks-vietnam-style-conflict-lula-adviser
2025-12-09 08:37:33,360 - INFO - [The Guardian] Attempt 1/1: Trying with 'requests_browser' strategy...
2025-12-09 08:37:33,411 - INFO - [The Guardian] Success with 'requests_browser'. Found content (935 words).
2025-12-09 08:37:33,460 - INFO - Duplicate article skipped: US attack on Venezuela risks ‘Vietnam-style’ regional conflict, warns Lula adviser | Venezuela | The Guardian from The Guardian
2025-12-09 08:37:33,724 - INFO - Found 20 articles in Times of India RSS feed. Processing up to 10.
2025-12-09 08:37:33,725 - INFO - [Times of India] Article: https://timesofindia.indiatimes.com/science/alien-signal-or-atmospheric-mystery-nasa-reveals-truth-behind-red-jellyfish-lights-and-sprites-over-earth/articleshow/125840990.cms
2025-12-09 08:37:33,725 - INFO - [Times of India] Attempt 1/1: Trying with 'selenium_browser' strategy...
2025-12-09 08:37:34,340 - INFO - Found 100 articles in The Hindu RSS feed. Processing up to 10.
2025-12-09 08:37:34,341 - INFO - [The Hindu] Article: https://www.thehindu.com/news/national/tamil-nadu/opposition-submits-notice-to-ls-speaker-for-impeachment-motion-against-justice-swaminathan/article70375414.ece
2025-12-09 08:37:34,341 - INFO - [The Hindu] Attempt 1/1: Trying with 'selenium_browser' strategy...
2025-12-09 08:37:34,404 - INFO - [BBC] Article: https://www.bbc.com/news/articles/c0589g0dqq7o?at_medium=RSS&at_campaign=rss
2025-12-09 08:37:34,404 - INFO - [BBC] Attempt 1/1: Trying with 'requests_browser' strategy...
2025-12-09 08:37:35,516 - INFO - [BBC] Success with 'requests_browser'. Found content (514 words).
2025-12-09 08:37:35,574 - INFO - Duplicate article skipped: Elon Musk's X bans European Commission from making ads after €120m fine from BBC
2025-12-09 08:37:37,764 - INFO - [The Hindu] Page content loaded.
2025-12-09 08:37:37,882 - INFO - [The Hindu] Success with 'selenium_browser'. Found content (122 words).
2025-12-09 08:37:38,012 - INFO - Saved article: Opposition submits notice to LS Speaker for impeachment motion against Justice Swaminathan - The Hindu from The Hindu
2025-12-09 08:37:38,693 - INFO - [The Hindu] Article: https://www.thehindu.com/news/national/west-bengal/mamata-banerjee-demands-pms-apology-over-bankim-da-remark-in-lok-sabha/article70375447.ece
2025-12-09 08:37:38,693 - INFO - [The Hindu] Attempt 1/1: Trying with 'selenium_browser' strategy...
2025-12-09 08:37:40,542 - INFO - [The Hindu] Page content loaded.
2025-12-09 08:37:40,819 - INFO - [The Hindu] Success with 'selenium_browser'. Found content (239 words).
2025-12-09 08:37:41,177 - INFO - Saved article: Mamata Banerjee demands PM’s apology over ‘Bankim da’ remark in Lok Sabha - The Hindu from The Hindu
2025-12-09 08:37:42,359 - INFO - [The Hindu] Article: https://www.thehindu.com/news/national/kerala/dubbing-artiste-bhagyalakshmi-quits-fefka-in-protest-against-move-to-reinstate-dileep-after-acquittal-in-actor-rape-case/article70375425.ece
2025-12-09 08:37:42,359 - INFO - [The Hindu] Attempt 1/1: Trying with 'selenium_browser' strategy...
2025-12-09 08:37:44,106 - INFO - [The Hindu] Page content loaded.
2025-12-09 08:37:44,242 - INFO - [The Hindu] Success with 'selenium_browser'. Found content (231 words).
2025-12-09 08:37:44,373 - INFO - Saved article: Dubbing artiste Bhagyalakshmi quits FEFKA in protest against move to reinstate Dileep after acquittal in actor rape case - The Hindu from The Hindu
2025-12-09 08:37:45,444 - INFO - [The Hindu] Article: https://www.thehindu.com/news/national/eci-legally-has-no-right-to-hold-sir-says-manish-tewari/article70375409.ece
2025-12-09 08:37:45,444 - INFO - [The Hindu] Attempt 1/1: Trying with 'selenium_browser' strategy...
2025-12-09 08:37:47,125 - INFO - [The Hindu] Page content loaded.
2025-12-09 08:37:47,288 - INFO - [The Hindu] Success with 'selenium_browser'. Found content (543 words).
2025-12-09 08:37:47,359 - INFO - Saved article: ECI legally has no right to hold SIR, says Manish Tewari - The Hindu from The Hindu
2025-12-09 08:37:48,432 - INFO - [The Hindu] Article: https://www.thehindu.com/news/national/maharashtra/maharashtra-doctors-death-handwriting-on-note-verified-policeman-techie-involved-in-harassment-says-cm-fadnavis/article70375344.ece
2025-12-09 08:37:48,432 - INFO - [The Hindu] Attempt 1/1: Trying with 'selenium_browser' strategy...
2025-12-09 08:37:49,397 - INFO - [The Hindu] Page content loaded.
2025-12-09 08:37:49,494 - INFO - [The Hindu] Success with 'selenium_browser'. Found content (390 words).
2025-12-09 08:37:49,612 - INFO - Saved article: Maharashtra doctor’s death: Handwriting on note verified; policeman, techie involved in harassment, says CM Fadnavis - The Hindu from The Hindu
2025-12-09 08:37:50,915 - INFO - [The Hindu] Article: https://www.thehindu.com/news/national/no-airline-however-large-will-be-permitted-to-cause-hardship-to-passengers-naidu/article70375329.ece
2025-12-09 08:37:50,915 - INFO - [The Hindu] Attempt 1/1: Trying with 'selenium_browser' strategy...
2025-12-09 08:37:51,818 - INFO - [The Hindu] Page content loaded.
2025-12-09 08:37:51,873 - INFO - [The Hindu] Success with 'selenium_browser'. Found content (277 words).
2025-12-09 08:37:51,958 - INFO - Saved article: No airline, however large, will be permitted to cause hardship to passengers: Naidu - The Hindu from The Hindu
2025-12-09 08:37:52,582 - INFO - [The Hindu] Article: https://www.thehindu.com/news/national/maharashtra/opposition-leaders-stage-protest-on-vidhan-bhavan-steps-over-farmers-issues/article70375152.ece
2025-12-09 08:37:52,582 - INFO - [The Hindu] Attempt 1/1: Trying with 'selenium_browser' strategy...
2025-12-09 08:37:53,738 - INFO - [The Hindu] Page content loaded.
2025-12-09 08:37:53,787 - INFO - [The Hindu] Success with 'selenium_browser'. Found content (122 words).
2025-12-09 08:37:53,895 - INFO - Saved article: Opposition leaders stage protest on Vidhan Bhavan steps over farmers' issues - The Hindu from The Hindu
2025-12-09 08:37:54,529 - INFO - [The Hindu] Article: https://www.thehindu.com/news/national/sc-seeks-ec-response-on-plea-challenging-special-revision-and-not-sir-in-assam/article70375228.ece
2025-12-09 08:37:54,529 - INFO - [The Hindu] Attempt 1/1: Trying with 'selenium_browser' strategy...
2025-12-09 08:37:55,125 - INFO - [The Hindu] Page content loaded.
2025-12-09 08:37:55,215 - INFO - [The Hindu] Success with 'selenium_browser'. Found content (536 words).
2025-12-09 08:37:55,321 - INFO - Saved article: SC seeks EC response on plea challenging ‘special revision’, and not SIR, in Assam - The Hindu from The Hindu
2025-12-09 08:37:56,687 - INFO - [The Hindu] Article: https://www.thehindu.com/news/national/prime-minister-narendra-modi-nda-parliamentary-party-meeting/article70375211.ece
2025-12-09 08:37:56,687 - INFO - [The Hindu] Attempt 1/1: Trying with 'selenium_browser' strategy...
2025-12-09 08:37:57,542 - INFO - [The Hindu] Page content loaded.
2025-12-09 08:37:57,698 - INFO - [The Hindu] Success with 'selenium_browser'. Found content (341 words).
2025-12-09 08:37:57,787 - INFO - Saved article: Laws must be for people’s convenience, should not be a burden: PM to NDA MPs - The Hindu from The Hindu
2025-12-09 08:37:58,696 - INFO - [The Hindu] Article: https://www.thehindu.com/news/national/kerala/pleasant-weather-sets-the-stage-for-kerala-local-body-elections/article70374921.ece
2025-12-09 08:37:58,696 - INFO - [The Hindu] Attempt 1/1: Trying with 'selenium_browser' strategy...
2025-12-09 08:37:59,688 - INFO - [The Hindu] Page content loaded.
2025-12-09 08:37:59,802 - INFO - [The Hindu] Success with 'selenium_browser'. Found content (180 words).
2025-12-09 08:37:59,941 - INFO - Saved article: Pleasant weather sets the stage for Kerala local body elections - The Hindu from The Hindu
2025-12-09 08:38:00,973 - INFO - [The Hindu] (Thread) Finished. Attempting to shut down its Selenium driver.
2025-12-09 08:38:01,104 - INFO - [The Hindu] (Thread) driver.quit() successful.
2025-12-09 08:38:33,740 - ERROR - [Times of India] Request failed for strategy 'selenium_browser' on URL https://timesofindia.indiatimes.com/science/alien-signal-or-atmospheric-mystery-nasa-reveals-truth-behind-red-jellyfish-lights-and-sprites-over-earth/articleshow/125840990.cms: Message: timeout: Timed out receiving message from renderer: 59.871
  (Session info: chrome=142.0.7444.175)
Stacktrace:
#0 0x5571e16174ca <unknown>
#1 0x5571e1065e4b <unknown>
#2 0x5571e104de14 <unknown>
#3 0x5571e104daf7 <unknown>
#4 0x5571e104b8ff <unknown>
#5 0x5571e104c27f <unknown>
#6 0x5571e105acb3 <unknown>
#7 0x5571e10745f1 <unknown>
#8 0x5571e107adfb <unknown>
#9 0x5571e104c9bd <unknown>
#10 0x5571e1074399 <unknown>
#11 0x5571e1105169 <unknown>
#12 0x5571e10aac2a <unknown>
#13 0x5571e10ab931 <unknown>
#14 0x5571e15ddcf9 <unknown>
#15 0x5571e15e0cdc <unknown>
#16 0x5571e15c6f79 <unknown>
#17 0x5571e15e18b5 <unknown>
#18 0x5571e15ae9c3 <unknown>
#19 0x5571e1604228 <unknown>
#20 0x5571e1604403 <unknown>
#21 0x5571e1616463 <unknown>
#22 0x7f35bfc9caa4 <unknown>
#23 0x7f35bfd29c6c <unknown>

2025-12-09 08:38:33,740 - ERROR - [Times of India] All scrape strategies failed for https://timesofindia.indiatimes.com/science/alien-signal-or-atmospheric-mystery-nasa-reveals-truth-behind-red-jellyfish-lights-and-sprites-over-earth/articleshow/125840990.cms. Falling back to RSS description.
2025-12-09 08:38:33,743 - INFO - Saved article: Alien signal or atmospheric mystery? NASA reveals truth behind red ‘jellyfish’ lights and sprites over Earth from Times of India
2025-12-09 08:38:34,752 - INFO - [Times of India] Article: https://timesofindia.indiatimes.com/world/us/want-the-honest-answer-nick-fuentes-defends-using-racist-slur-against-usha-vance-watch/articleshow/125861142.cms
2025-12-09 08:38:34,752 - INFO - [Times of India] Attempt 1/1: Trying with 'selenium_browser' strategy...
2025-12-09 08:38:38,377 - INFO - [Times of India] Page content loaded.
2025-12-09 08:38:38,610 - INFO - [Times of India] Success with 'selenium_browser'. Found content (585 words).
2025-12-09 08:38:38,687 - INFO - Saved article: ‘Want the honest answer?’: Nick Fuentes defends using racist slur against Usha Vance — watch - The Times of India from Times of India
2025-12-09 08:38:39,369 - INFO - [Times of India] Article: https://timesofindia.indiatimes.com/world/middle-east/dubai-prince-sheikh-hamdan-approves-new-plans-for-housing-family-welfare-and-digital-development/articleshow/125862973.cms
2025-12-09 08:38:39,369 - INFO - [Times of India] Attempt 1/1: Trying with 'selenium_browser' strategy...
2025-12-09 08:38:40,335 - INFO - [Times of India] Page content loaded.
2025-12-09 08:38:40,438 - INFO - [Times of India] Success with 'selenium_browser'. Found content (631 words).
2025-12-09 08:38:40,585 - INFO - Duplicate article skipped: Dubai Prince Sheikh Hamdan approves new plans for housing, family welfare, and digital development | World News - The Times of India from Times of India
2025-12-09 08:38:41,108 - INFO - [Times of India] Article: https://timesofindia.indiatimes.com/world/middle-east/riyadh-to-doha-in-two-hours-saudi-arabia-and-qatar-unveil-mega-electric-rail-project/articleshow/125862112.cms
2025-12-09 08:38:41,108 - INFO - [Times of India] Attempt 1/1: Trying with 'selenium_browser' strategy...
2025-12-09 08:38:42,103 - INFO - [Times of India] Page content loaded.
2025-12-09 08:38:42,224 - INFO - [Times of India] Success with 'selenium_browser'. Found content (482 words).
2025-12-09 08:38:42,293 - INFO - Duplicate article skipped: Riyadh to Doha in two hours: Saudi Arabia and Qatar unveil mega electric rail project | World News - The Times of India from Times of India
2025-12-09 08:38:42,992 - INFO - [Times of India] Article: https://timesofindia.indiatimes.com/world/europe/europeans-vow-to-back-kyiv-as-peace-talks-go-on/articleshow/125861675.cms
2025-12-09 08:38:42,992 - INFO - [Times of India] Attempt 1/1: Trying with 'selenium_browser' strategy...
2025-12-09 08:38:43,809 - INFO - [Times of India] Page content loaded.
2025-12-09 08:38:43,983 - INFO - [Times of India] Success with 'selenium_browser'. Found content (435 words).
2025-12-09 08:38:44,044 - INFO - Saved article: Europeans vow to back Kyiv as peace talks go on - The Times of India from Times of India
2025-12-09 08:38:45,498 - INFO - [Times of India] Article: https://timesofindia.indiatimes.com/business/international-business/paramount-makes-108-4bn-hostile-bid-for-warner-bros/articleshow/125861585.cms
2025-12-09 08:38:45,498 - INFO - [Times of India] Attempt 1/1: Trying with 'selenium_browser' strategy...
2025-12-09 08:38:48,731 - INFO - [Times of India] Page content loaded.
2025-12-09 08:38:48,986 - INFO - [Times of India] Success with 'selenium_browser'. Found content (398 words).
2025-12-09 08:38:49,095 - INFO - Saved article: Paramount makes $108.4bn hostile bid for Warner Bros - The Times of India from Times of India
2025-12-09 08:38:50,513 - INFO - [Times of India] Article: https://timesofindia.indiatimes.com/world/rest-of-world/with-changing-demographics-japan-reinvents-a-childrens-holiday-for-pets/articleshow/125862227.cms
2025-12-09 08:38:50,513 - INFO - [Times of India] Attempt 1/1: Trying with 'selenium_browser' strategy...
2025-12-09 08:38:51,873 - INFO - [Times of India] Page content loaded.
2025-12-09 08:38:51,995 - INFO - [Times of India] Success with 'selenium_browser'. Found content (440 words).
2025-12-09 08:38:52,054 - INFO - Saved article: With changing demographics, Japan reinvents a children’s holiday for pets - The Times of India from Times of India
2025-12-09 08:38:52,986 - INFO - [Times of India] Article: https://timesofindia.indiatimes.com/world/rest-of-world/trump-brokered-truce-under-threat-as-thailand-cambodia-fighting-reignites/articleshow/125862041.cms
2025-12-09 08:38:52,986 - INFO - [Times of India] Attempt 1/1: Trying with 'selenium_browser' strategy...
2025-12-09 08:38:53,907 - INFO - [Times of India] Page content loaded.
2025-12-09 08:38:54,050 - INFO - [Times of India] Success with 'selenium_browser'. Found content (185 words).
2025-12-09 08:38:54,105 - INFO - Saved article: Trump-brokered truce under threat as Thailand-Cambodia fighting reignites - The Times of India from Times of India
2025-12-09 08:38:55,248 - INFO - [Times of India] Article: https://timesofindia.indiatimes.com/world/us/one-battle-after-another-becomes-hollywood-favourite-for-oscars-with-9-golden-globe-nominations/articleshow/125861879.cms
2025-12-09 08:38:55,248 - INFO - [Times of India] Attempt 1/1: Trying with 'selenium_browser' strategy...
2025-12-09 08:38:56,614 - INFO - [Times of India] Page content loaded.
2025-12-09 08:38:56,740 - INFO - [Times of India] Success with 'selenium_browser'. Found content (334 words).
2025-12-09 08:38:56,795 - INFO - Saved article: ‘One battle after Another’ becomes Hollywood favourite for Oscars with 9 Golden Globe nominations - The Times of India from Times of India
2025-12-09 08:38:57,498 - INFO - [Times of India] Article: https://timesofindia.indiatimes.com/world/middle-east/want-to-drink-in-saudi-arabia-non-muslim-foreign-residents-can-now-enjoy-alcohol-but-there-is-one-condition/articleshow/125859993.cms
2025-12-09 08:38:57,498 - INFO - [Times of India] Attempt 1/1: Trying with 'selenium_browser' strategy...
2025-12-09 08:38:58,564 - INFO - [Times of India] Page content loaded.
2025-12-09 08:38:58,682 - INFO - [Times of India] Success with 'selenium_browser'. Found content (256 words).
2025-12-09 08:38:58,740 - INFO - Duplicate article skipped: Want to drink in Saudi Arabia? Non-Muslim foreign residents can now enjoy alcohol - but there is one condition - The Times of India from Times of India
2025-12-09 08:38:59,594 - INFO - [Times of India] (Thread) Finished. Attempting to shut down its Selenium driver.
2025-12-09 08:38:59,729 - INFO - [Times of India] (Thread) driver.quit() successful.
2025-12-09 08:38:59,730 - INFO - Shutting down thread pool (wait=False)...
2025-12-09 08:38:59,730 - INFO - Scraped: 10 The Hindu, 0 BBC, 7 Times of India, 0 The Guardian articles. (Total saved: 17)
2025-12-09 08:38:59,730 - INFO - --- Scraping job finished ---
2025-12-09 08:38:59,735 - INFO - --- Scraper service stopped and database connection closed. ---
2025-12-09 08:38:59,735 - INFO - --- Main thread finished. Forcing process exit to kill zombie threads. ---
