2025-12-06 10:24:45,055 - INFO - Initializing database connection at: news_articles.db
2025-12-06 10:24:45,055 - INFO - --- Scraper service started (CI Mode: Run Once) ---
2025-12-06 10:24:45,055 - INFO - --- Starting new scraping job (Parallel Mode) ---
2025-12-06 10:24:45,055 - INFO - Creating new robust session with 3 retries on 5xx/connection/read errors.
2025-12-06 10:24:45,056 - INFO - Proxy is DISABLED.
2025-12-06 10:24:45,056 - INFO - Starting scrape for BBC RSS feed: http://feeds.bbci.co.uk/news/world/rss.xml
2025-12-06 10:24:45,056 - INFO - [Times of India] (Thread) requires Selenium. Initializing driver...
2025-12-06 10:24:45,056 - INFO - Initializing headless Selenium Chrome driver (using SeleniumManager)...
2025-12-06 10:24:45,057 - INFO - Starting scrape for The Guardian RSS feed: https://www.theguardian.com/world/rss
2025-12-06 10:24:45,057 - INFO - [The Hindu] (Thread) requires Selenium. Initializing driver...
2025-12-06 10:24:45,058 - INFO - Submitted 4 jobs to thread pool. Waiting up to 300s for completion...
2025-12-06 10:24:45,058 - INFO - Initializing headless Selenium Chrome driver (using SeleniumManager)...
2025-12-06 10:24:45,184 - INFO - Found 45 articles in The Guardian RSS feed. Processing up to 10.
2025-12-06 10:24:45,184 - INFO - [The Guardian] Article: https://www.theguardian.com/world/2025/dec/05/people-flee-dr-congo-fighting-one-day-after-peace-deal-signed-in-washington
2025-12-06 10:24:45,184 - INFO - [The Guardian] Attempt 1/1: Trying with 'requests_browser' strategy...
2025-12-06 10:24:45,298 - INFO - Found 33 articles in BBC RSS feed. Processing up to 10.
2025-12-06 10:24:45,298 - INFO - [BBC] Article: https://www.bbc.com/news/articles/clydxj7my84o?at_medium=RSS&at_campaign=rss
2025-12-06 10:24:45,298 - INFO - [BBC] Attempt 1/1: Trying with 'requests_browser' strategy...
2025-12-06 10:24:45,314 - INFO - [The Guardian] Success with 'requests_browser'. Found content (411 words).
2025-12-06 10:24:45,363 - INFO - Duplicate article skipped: People flee DR Congo fighting one day after peace deal signed in Washington | Democratic Republic of the Congo | The Guardian from The Guardian
2025-12-06 10:24:45,708 - INFO - [BBC] Success with 'requests_browser'. Found content (550 words).
2025-12-06 10:24:45,744 - INFO - Duplicate article skipped: US-Ukraine talks: Witkoff says progress made on plan to end war with Russia from BBC
2025-12-06 10:24:46,656 - INFO - [The Guardian] Article: https://www.theguardian.com/global-development/2025/dec/05/rsf-massacres-sudanese-city-el-fasher-slaughterhouse-satellite-images
2025-12-06 10:24:46,656 - INFO - [The Guardian] Attempt 1/1: Trying with 'requests_browser' strategy...
2025-12-06 10:24:46,684 - INFO - [The Guardian] Success with 'requests_browser'. Found content (684 words).
2025-12-06 10:24:46,721 - INFO - Duplicate article skipped: RSF massacres left Sudanese city ‘a slaughterhouse’, satellite images show | Global development | The Guardian from The Guardian
2025-12-06 10:24:47,050 - INFO - [BBC] Article: https://www.bbc.com/news/articles/cn09zp87pz8o?at_medium=RSS&at_campaign=rss
2025-12-06 10:24:47,050 - INFO - [BBC] Attempt 1/1: Trying with 'requests_browser' strategy...
2025-12-06 10:24:47,078 - INFO - [BBC] Success with 'requests_browser'. Found content (431 words).
2025-12-06 10:24:47,114 - INFO - Duplicate article skipped: New clashes break out between Pakistan and Afghanistan from BBC
2025-12-06 10:24:47,724 - INFO - [The Guardian] Article: https://www.theguardian.com/environment/2025/dec/05/african-penguins-starve-to-death-south-africa-sardine-population-aoe
2025-12-06 10:24:47,724 - INFO - [The Guardian] Attempt 1/1: Trying with 'requests_browser' strategy...
2025-12-06 10:24:47,978 - INFO - [The Guardian] Success with 'requests_browser'. Found content (530 words).
2025-12-06 10:24:48,016 - INFO - Duplicate article skipped: 60,000 African penguins starved to death after sardine numbers collapsed – study | Birds | The Guardian from The Guardian
2025-12-06 10:24:48,373 - INFO - [BBC] Article: https://www.bbc.com/news/articles/c5y2p22z9gno?at_medium=RSS&at_campaign=rss
2025-12-06 10:24:48,373 - INFO - [BBC] Attempt 1/1: Trying with 'requests_browser' strategy...
2025-12-06 10:24:48,400 - INFO - [BBC] Success with 'requests_browser'. Found content (801 words).
2025-12-06 10:24:48,436 - INFO - Duplicate article skipped: Frank Gehry: Legendary US architect dies aged 96 from BBC
2025-12-06 10:24:49,237 - INFO - [The Guardian] Article: https://www.theguardian.com/world/2025/dec/05/us-sanctions-sudan-army-rsf-ceasefire
2025-12-06 10:24:49,237 - INFO - [The Guardian] Attempt 1/1: Trying with 'requests_browser' strategy...
2025-12-06 10:24:49,346 - INFO - [The Guardian] Success with 'requests_browser'. Found content (849 words).
2025-12-06 10:24:49,394 - INFO - Duplicate article skipped: US considers wider sanctions on Sudanese army and RSF as ceasefire efforts falter | Sudan | The Guardian from The Guardian
2025-12-06 10:24:49,593 - INFO - [BBC] Article: https://www.bbc.com/news/articles/c208j0wrzrvo?at_medium=RSS&at_campaign=rss
2025-12-06 10:24:49,593 - INFO - [BBC] Attempt 1/1: Trying with 'requests_browser' strategy...
2025-12-06 10:24:49,624 - INFO - [BBC] Success with 'requests_browser'. Found content (637 words).
2025-12-06 10:24:49,660 - INFO - Duplicate article skipped: US Supreme Court agrees to hear case challenging birthright citizenship from BBC
2025-12-06 10:24:50,776 - INFO - [The Guardian] Article: https://www.theguardian.com/world/2025/dec/04/us-eu-critical-minerals-project-drc-report-lobito-corridor
2025-12-06 10:24:50,776 - INFO - [The Guardian] Attempt 1/1: Trying with 'requests_browser' strategy...
2025-12-06 10:24:50,805 - INFO - [The Guardian] Success with 'requests_browser'. Found content (813 words).
2025-12-06 10:24:50,842 - INFO - Duplicate article skipped: US and EU critical minerals project could displace thousands in DRC – report | Democratic Republic of the Congo | The Guardian from The Guardian
2025-12-06 10:24:51,132 - INFO - [BBC] Article: https://www.bbc.com/news/articles/ckg9drg8pg1o?at_medium=RSS&at_campaign=rss
2025-12-06 10:24:51,132 - INFO - [BBC] Attempt 1/1: Trying with 'requests_browser' strategy...
2025-12-06 10:24:51,164 - INFO - [BBC] Success with 'requests_browser'. Found content (692 words).
2025-12-06 10:24:51,225 - INFO - Duplicate article skipped: Germany votes to bring in voluntary military service programme for 18-year-olds from BBC
2025-12-06 10:24:52,244 - INFO - [The Guardian] Article: https://www.theguardian.com/us-news/2025/dec/05/us-airstrike-survivors-clung-to-boat-wreckage-for-an-hour-before-second-deadly-attack-video-shows
2025-12-06 10:24:52,244 - INFO - [The Guardian] Attempt 1/1: Trying with 'requests_browser' strategy...
2025-12-06 10:24:52,279 - INFO - [The Guardian] Success with 'requests_browser'. Found content (1016 words).
2025-12-06 10:24:52,327 - INFO - Duplicate article skipped: US airstrike survivors clung to boat wreckage for an hour before second deadly attack, video shows | US military | The Guardian from The Guardian
2025-12-06 10:24:52,718 - INFO - [BBC] Article: https://www.bbc.com/news/articles/ce91x2jm5pjo?at_medium=RSS&at_campaign=rss
2025-12-06 10:24:52,718 - INFO - [BBC] Attempt 1/1: Trying with 'requests_browser' strategy...
2025-12-06 10:24:52,754 - INFO - [BBC] Success with 'requests_browser'. Found content (980 words).
2025-12-06 10:24:52,802 - INFO - Duplicate article skipped: Netflix to buy Warner Bros film and streaming businesses for $72bn from BBC
2025-12-06 10:24:53,472 - INFO - Selenium driver initialized successfully.
2025-12-06 10:24:53,472 - INFO - Starting scrape for Times of India RSS feed: https://timesofindia.indiatimes.com/rssfeeds/296589292.cms
2025-12-06 10:24:53,473 - INFO - Selenium driver initialized successfully.
2025-12-06 10:24:53,473 - INFO - Starting scrape for The Hindu RSS feed: https://www.thehindu.com/news/national/feeder/default.rss
2025-12-06 10:24:53,558 - INFO - [The Guardian] Article: https://www.theguardian.com/us-news/2025/dec/05/neo-nazi-base-leader-on-terrorism-arrest
2025-12-06 10:24:53,558 - INFO - [The Guardian] Attempt 1/1: Trying with 'requests_browser' strategy...
2025-12-06 10:24:53,587 - INFO - [The Guardian] Success with 'requests_browser'. Found content (1072 words).
2025-12-06 10:24:53,638 - INFO - Duplicate article skipped: US leader of global neo-Nazi terrorist group signals retribution for arrests | Far right (US) | The Guardian from The Guardian
2025-12-06 10:24:53,657 - INFO - Found 100 articles in The Hindu RSS feed. Processing up to 10.
2025-12-06 10:24:53,657 - INFO - [The Hindu] Article: https://www.thehindu.com/business/Economy/simplification-of-customs-will-be-next-big-reform-says-finance-minister/article70365195.ece
2025-12-06 10:24:53,657 - INFO - [The Hindu] Attempt 1/1: Trying with 'selenium_browser' strategy...
2025-12-06 10:24:53,673 - INFO - Found 20 articles in Times of India RSS feed. Processing up to 10.
2025-12-06 10:24:53,673 - INFO - [Times of India] Article: https://timesofindia.indiatimes.com/world/europe/russia-ukraine-war-moscow-strikes-kyiv-railway-hub-in-overnight-drone-and-missile-attack-trains-cancelled-power-facilities-hit/articleshow/125803093.cms
2025-12-06 10:24:53,673 - INFO - [Times of India] Attempt 1/1: Trying with 'selenium_browser' strategy...
2025-12-06 10:24:53,782 - INFO - [BBC] Article: https://www.bbc.com/news/articles/c0je4v8j0vzo?at_medium=RSS&at_campaign=rss
2025-12-06 10:24:53,782 - INFO - [BBC] Attempt 1/1: Trying with 'requests_browser' strategy...
2025-12-06 10:24:53,808 - INFO - [BBC] Success with 'requests_browser'. Found content (275 words).
2025-12-06 10:24:53,854 - INFO - Saved article: Meghan reaches out to estranged father Thomas after amputation reports, spokesman says from BBC
2025-12-06 10:24:54,964 - INFO - [The Guardian] Article: https://www.theguardian.com/politics/audio/2025/dec/05/donald-trump-about-to-invade-venezuela-podcast
2025-12-06 10:24:54,964 - INFO - [The Guardian] Attempt 1/1: Trying with 'requests_browser' strategy...
2025-12-06 10:24:54,973 - INFO - [BBC] Article: https://www.bbc.com/news/articles/c4g482m3yyzo?at_medium=RSS&at_campaign=rss
2025-12-06 10:24:54,973 - INFO - [BBC] Attempt 1/1: Trying with 'requests_browser' strategy...
2025-12-06 10:24:55,033 - INFO - [BBC] Success with 'requests_browser'. Found content (690 words).
2025-12-06 10:24:55,115 - INFO - Duplicate article skipped: Putin in India: Russia ready to provide 'uninterrupted' fuel supplies from BBC
2025-12-06 10:24:55,200 - WARNING - [The Guardian] FAILED with 'requests_browser' (content was too short: 72 words).
2025-12-06 10:24:55,200 - ERROR - [The Guardian] All scrape strategies failed for https://www.theguardian.com/politics/audio/2025/dec/05/donald-trump-about-to-invade-venezuela-podcast. Falling back to RSS description.
2025-12-06 10:24:55,209 - INFO - Duplicate article skipped: “This is war”: Is Trump about to invade Venezuela? – podcast from The Guardian
2025-12-06 10:24:56,018 - INFO - [BBC] Article: https://www.bbc.com/news/articles/c30j7q6qjp9o?at_medium=RSS&at_campaign=rss
2025-12-06 10:24:56,018 - INFO - [BBC] Attempt 1/1: Trying with 'requests_browser' strategy...
2025-12-06 10:24:56,117 - INFO - [BBC] Success with 'requests_browser'. Found content (795 words).
2025-12-06 10:24:56,240 - INFO - Duplicate article skipped: Namibia loses bid to overturn ban on rhino horn trade at Cites conference in Samarkand from BBC
2025-12-06 10:24:56,623 - INFO - [The Guardian] Article: https://www.theguardian.com/us-news/2025/dec/04/pentagon-boat-strike-pacific
2025-12-06 10:24:56,623 - INFO - [The Guardian] Attempt 1/1: Trying with 'requests_browser' strategy...
2025-12-06 10:24:56,776 - INFO - [The Guardian] Success with 'requests_browser'. Found content (637 words).
2025-12-06 10:24:56,872 - INFO - Duplicate article skipped: Pentagon announces it has killed four men in another boat strike in Pacific | US military | The Guardian from The Guardian
2025-12-06 10:24:57,568 - INFO - [BBC] Article: https://www.bbc.com/news/articles/cx2500jkd41o?at_medium=RSS&at_campaign=rss
2025-12-06 10:24:57,569 - INFO - [BBC] Attempt 1/1: Trying with 'requests_browser' strategy...
2025-12-06 10:24:57,828 - INFO - [BBC] Success with 'requests_browser'. Found content (558 words).
2025-12-06 10:24:57,990 - INFO - [The Guardian] Article: https://www.theguardian.com/us-news/2025/dec/04/video-second-boat-strike-military-caribbean
2025-12-06 10:24:57,990 - INFO - [The Guardian] Attempt 1/1: Trying with 'requests_browser' strategy...
2025-12-06 10:24:58,058 - INFO - Duplicate article skipped: Eritreans, including Olympian Zeragaber Gebrehiwot, freed after 18 years in jail without trial from BBC
2025-12-06 10:24:58,141 - INFO - [The Guardian] Success with 'requests_browser'. Found content (1287 words).
2025-12-06 10:24:58,245 - INFO - Duplicate article skipped: Experts urge release of boat strike video as US admiral denies ‘kill them all’ order | US military | The Guardian from The Guardian
2025-12-06 10:25:02,551 - INFO - [The Hindu] Page content loaded.
2025-12-06 10:25:03,092 - INFO - [The Hindu] Success with 'selenium_browser'. Found content (443 words).
2025-12-06 10:25:03,313 - INFO - Saved article: Simplification of customs will be next big reform, says Finance Minister - The Hindu from The Hindu
2025-12-06 10:25:03,493 - INFO - [Times of India] Page content loaded.
2025-12-06 10:25:03,809 - INFO - [Times of India] Success with 'selenium_browser'. Found content (341 words).
2025-12-06 10:25:04,025 - INFO - Saved article: Russia-Ukraine war: Moscow strikes Kyiv railway hub in overnight drone and missile attack; trains cancelled, power facilities hit - The Times of India from Times of India
2025-12-06 10:25:04,746 - INFO - [The Hindu] Article: https://www.thehindu.com/news/national/tamil-nadu/tn-cm-stalin-pays-tribute-to-ambedkar-on-his-death-anniversary/article70364648.ece
2025-12-06 10:25:04,746 - INFO - [The Hindu] Attempt 1/1: Trying with 'selenium_browser' strategy...
2025-12-06 10:25:05,424 - INFO - [Times of India] Article: https://timesofindia.indiatimes.com/world/middle-east/first-time-in-dubai-here-are-5-essential-apps-every-visitor-needs-on-their-phone/articleshow/125802649.cms
2025-12-06 10:25:05,424 - INFO - [Times of India] Attempt 1/1: Trying with 'selenium_browser' strategy...
2025-12-06 10:25:06,180 - INFO - [The Hindu] Page content loaded.
2025-12-06 10:25:06,436 - INFO - [The Hindu] Success with 'selenium_browser'. Found content (94 words).
2025-12-06 10:25:06,649 - INFO - Saved article: T.N. CM Stalin pays tribute to Ambedkar on his death anniversary - The Hindu from The Hindu
2025-12-06 10:25:07,212 - INFO - [Times of India] Page content loaded.
2025-12-06 10:25:08,062 - INFO - [The Hindu] Article: https://www.thehindu.com/news/national/karnataka/sana-shaheen-talent-search-exam-for-class-10-students-in-karnataka-on-december-7/article70365124.ece
2025-12-06 10:25:08,062 - INFO - [The Hindu] Attempt 1/1: Trying with 'selenium_browser' strategy...
2025-12-06 10:25:08,221 - INFO - [Times of India] Success with 'selenium_browser'. Found content (303 words).
2025-12-06 10:25:08,405 - INFO - Saved article: First time in Dubai? Here are 5 essential apps every visitor needs on their phone | World News - The Times of India from Times of India
2025-12-06 10:25:09,227 - INFO - [Times of India] Article: https://timesofindia.indiatimes.com/world/us/us-supreme-court-to-examine-legality-of-trumps-birthright-citizenship-order/articleshow/125802253.cms
2025-12-06 10:25:09,227 - INFO - [Times of India] Attempt 1/1: Trying with 'selenium_browser' strategy...
2025-12-06 10:25:10,069 - INFO - [The Hindu] Page content loaded.
2025-12-06 10:25:10,647 - INFO - [The Hindu] Success with 'selenium_browser'. Found content (165 words).
2025-12-06 10:25:11,035 - INFO - Saved article: Sana Shaheen talent search exam for class 10 students in Karnataka on December 7 - The Hindu from The Hindu
2025-12-06 10:25:11,855 - INFO - [The Hindu] Article: https://www.thehindu.com/news/national/andhra-pradesh/sad-that-hindus-have-to-seek-judicial-interventions-to-practice-their-faith-pawan-kalyan/article70364570.ece
2025-12-06 10:25:11,855 - INFO - [The Hindu] Attempt 1/1: Trying with 'selenium_browser' strategy...
2025-12-06 10:25:14,222 - INFO - [The Hindu] Page content loaded.
2025-12-06 10:25:14,392 - INFO - [The Hindu] Success with 'selenium_browser'. Found content (270 words).
2025-12-06 10:25:14,573 - INFO - Saved article: Sad that Hindus have to seek judicial interventions to practice their faith: Pawan Kalyan - The Hindu from The Hindu
2025-12-06 10:25:14,672 - INFO - [Times of India] Page content loaded.
2025-12-06 10:25:15,175 - INFO - [Times of India] Success with 'selenium_browser'. Found content (419 words).
2025-12-06 10:25:15,298 - INFO - Duplicate article skipped: US Supreme Court to examine legality of Trump’s birthright citizenship order - The Times of India from Times of India
2025-12-06 10:25:15,939 - INFO - [The Hindu] Article: https://www.thehindu.com/news/national/maharashtra/met-rajnath-singh-on-government-and-pune-cantonment-land-being-declared-waqf-property-bjp-mp/article70365159.ece
2025-12-06 10:25:15,939 - INFO - [The Hindu] Attempt 1/1: Trying with 'selenium_browser' strategy...
2025-12-06 10:25:16,428 - INFO - [Times of India] Article: https://timesofindia.indiatimes.com/world/middle-east/uae-launches-new-one-step-service-to-renew-passport-and-emirates-id-together-all-you-need-to-know/articleshow/125800645.cms
2025-12-06 10:25:16,428 - INFO - [Times of India] Attempt 1/1: Trying with 'selenium_browser' strategy...
2025-12-06 10:25:18,726 - INFO - [Times of India] Page content loaded.
2025-12-06 10:25:18,831 - INFO - [The Hindu] Page content loaded.
2025-12-06 10:25:18,912 - INFO - [Times of India] Success with 'selenium_browser'. Found content (449 words).
2025-12-06 10:25:19,044 - INFO - [The Hindu] Success with 'selenium_browser'. Found content (162 words).
2025-12-06 10:25:19,084 - INFO - Duplicate article skipped: UAE launches new one-step service to renew passport and emirates ID together – All you need to know | World News - The Times of India from Times of India
2025-12-06 10:25:19,161 - INFO - Saved article: Met Rajnath Singh on government and Pune Cantonment land being declared Waqf property: BJP MP - The Hindu from The Hindu
2025-12-06 10:25:20,255 - INFO - [Times of India] Article: https://timesofindia.indiatimes.com/etimes/trending/explained-why-is-everyone-yelling-faaaahhh-the-viral-brainrot-sound-sweeping-the-internet/articleshow/125795522.cms
2025-12-06 10:25:20,255 - INFO - [Times of India] Attempt 1/1: Trying with 'selenium_browser' strategy...
2025-12-06 10:25:20,447 - INFO - [The Hindu] Article: https://www.thehindu.com/news/national/uttar-pradesh/up-govt-to-build-protective-walls-around-ambedkar-statues-cm-adityanath/article70365054.ece
2025-12-06 10:25:20,447 - INFO - [The Hindu] Attempt 1/1: Trying with 'selenium_browser' strategy...
2025-12-06 10:25:24,482 - INFO - [The Hindu] Page content loaded.
2025-12-06 10:25:24,597 - INFO - [The Hindu] Success with 'selenium_browser'. Found content (215 words).
2025-12-06 10:25:24,842 - INFO - Saved article: U.P. Govt to build protective walls around Ambedkar statues: CM Adityanath - The Hindu from The Hindu
2025-12-06 10:25:26,190 - INFO - [The Hindu] Article: https://www.thehindu.com/news/national/tamil-nadu/cyclone-ditwah-tn-cm-stalin-flags-off-relief-materials-to-cyclone-hit-sri-lanka/article70365036.ece
2025-12-06 10:25:26,190 - INFO - [The Hindu] Attempt 1/1: Trying with 'selenium_browser' strategy...
2025-12-06 10:25:29,378 - INFO - [The Hindu] Page content loaded.
2025-12-06 10:25:29,552 - INFO - [The Hindu] Success with 'selenium_browser'. Found content (217 words).
2025-12-06 10:25:29,673 - INFO - Saved article: T.N. CM Stalin flags off relief materials to cyclone-hit Sri Lanka - The Hindu from The Hindu
2025-12-06 10:25:30,776 - INFO - [The Hindu] Article: https://www.thehindu.com/news/national/west-bengal/battle-against-communal-forces-spewing-hatred-will-continue-mamata-banerjee/article70365001.ece
2025-12-06 10:25:30,776 - INFO - [The Hindu] Attempt 1/1: Trying with 'selenium_browser' strategy...
2025-12-06 10:25:31,831 - INFO - [The Hindu] Page content loaded.
2025-12-06 10:25:31,913 - INFO - [The Hindu] Success with 'selenium_browser'. Found content (382 words).
2025-12-06 10:25:32,001 - INFO - Saved article: Battle against communal forces spewing hatred will continue: Mamata Banerjee - The Hindu from The Hindu
2025-12-06 10:25:32,924 - INFO - [The Hindu] Article: https://www.thehindu.com/news/national/arunachal-pradesh/arunachal-governors-residence-renamed-lok-bhavan/article70364990.ece
2025-12-06 10:25:32,924 - INFO - [The Hindu] Attempt 1/1: Trying with 'selenium_browser' strategy...
2025-12-06 10:25:34,068 - INFO - [The Hindu] Page content loaded.
2025-12-06 10:25:34,222 - INFO - [The Hindu] Success with 'selenium_browser'. Found content (140 words).
2025-12-06 10:25:34,293 - INFO - Saved article: Arunachal Governor’s residence renamed ‘Lok Bhavan’ - The Hindu from The Hindu
2025-12-06 10:25:35,606 - INFO - [The Hindu] Article: https://www.thehindu.com/news/national/tamil-nadu/melamadai-flyover-in-madurai-to-be-named-after-freedom-fighter-velu-nachiyar/article70365043.ece
2025-12-06 10:25:35,606 - INFO - [The Hindu] Attempt 1/1: Trying with 'selenium_browser' strategy...
2025-12-06 10:26:20,274 - ERROR - [Times of India] Request failed for strategy 'selenium_browser' on URL https://timesofindia.indiatimes.com/etimes/trending/explained-why-is-everyone-yelling-faaaahhh-the-viral-brainrot-sound-sweeping-the-internet/articleshow/125795522.cms: Message: timeout: Timed out receiving message from renderer: 59.404
  (Session info: chrome=142.0.7444.175)
Stacktrace:
#0 0x55b81cf194ca <unknown>
#1 0x55b81c967e4b <unknown>
#2 0x55b81c94fe14 <unknown>
#3 0x55b81c94faf7 <unknown>
#4 0x55b81c94d8ff <unknown>
#5 0x55b81c94e27f <unknown>
#6 0x55b81c95ccb3 <unknown>
#7 0x55b81c9765f1 <unknown>
#8 0x55b81c97cdfb <unknown>
#9 0x55b81c94e9bd <unknown>
#10 0x55b81c976399 <unknown>
#11 0x55b81ca07169 <unknown>
#12 0x55b81c9acc2a <unknown>
#13 0x55b81c9ad931 <unknown>
#14 0x55b81cedfcf9 <unknown>
#15 0x55b81cee2cdc <unknown>
#16 0x55b81cec8f79 <unknown>
#17 0x55b81cee38b5 <unknown>
#18 0x55b81ceb09c3 <unknown>
#19 0x55b81cf06228 <unknown>
#20 0x55b81cf06403 <unknown>
#21 0x55b81cf18463 <unknown>
#22 0x7fd27009caa4 <unknown>
#23 0x7fd270129c6c <unknown>

2025-12-06 10:26:20,274 - ERROR - [Times of India] All scrape strategies failed for https://timesofindia.indiatimes.com/etimes/trending/explained-why-is-everyone-yelling-faaaahhh-the-viral-brainrot-sound-sweeping-the-internet/articleshow/125795522.cms. Falling back to RSS description.
2025-12-06 10:26:20,274 - INFO - Duplicate article skipped: Explained: Why is everyone yelling FAAAAHHH?! The viral brainrot sound sweeping the internet from Times of India
2025-12-06 10:26:21,240 - INFO - [Times of India] Article: https://timesofindia.indiatimes.com/world/middle-east/saudi-arabia-weather-alert-thunderstorms-expected-across-most-regions-in-kingdom-this-week/articleshow/125800157.cms
2025-12-06 10:26:21,240 - INFO - [Times of India] Attempt 1/1: Trying with 'selenium_browser' strategy...
2025-12-06 10:26:22,166 - INFO - [Times of India] Page content loaded.
2025-12-06 10:26:22,378 - INFO - [Times of India] Success with 'selenium_browser'. Found content (345 words).
2025-12-06 10:26:22,436 - INFO - Duplicate article skipped: Saudi Arabia weather alert: Thunderstorms expected across most regions in kingdom this week | World News - The Times of India from Times of India
2025-12-06 10:26:23,016 - INFO - [Times of India] Article: https://timesofindia.indiatimes.com/world/us-streamers/shes-a-liar-and-a-con-artist-candace-owens-roasted-for-running-scared-from-tpusas-charlie-kirk-livestream-she-bragged-shed-win/articleshow/125777736.cms
2025-12-06 10:26:23,016 - INFO - [Times of India] Attempt 1/1: Trying with 'selenium_browser' strategy...
2025-12-06 10:26:35,623 - ERROR - [The Hindu] Request failed for strategy 'selenium_browser' on URL https://www.thehindu.com/news/national/tamil-nadu/melamadai-flyover-in-madurai-to-be-named-after-freedom-fighter-velu-nachiyar/article70365043.ece: Message: timeout: Timed out receiving message from renderer: 59.600
  (Session info: chrome=142.0.7444.175)
Stacktrace:
#0 0x564bc70874ca <unknown>
#1 0x564bc6ad5e4b <unknown>
#2 0x564bc6abde14 <unknown>
#3 0x564bc6abdaf7 <unknown>
#4 0x564bc6abb8ff <unknown>
#5 0x564bc6abc27f <unknown>
#6 0x564bc6acacb3 <unknown>
#7 0x564bc6ae45f1 <unknown>
#8 0x564bc6aeadfb <unknown>
#9 0x564bc6abc9bd <unknown>
#10 0x564bc6ae4399 <unknown>
#11 0x564bc6b75169 <unknown>
#12 0x564bc6b1ac2a <unknown>
#13 0x564bc6b1b931 <unknown>
#14 0x564bc704dcf9 <unknown>
#15 0x564bc7050cdc <unknown>
#16 0x564bc7036f79 <unknown>
#17 0x564bc70518b5 <unknown>
#18 0x564bc701e9c3 <unknown>
#19 0x564bc7074228 <unknown>
#20 0x564bc7074403 <unknown>
#21 0x564bc7086463 <unknown>
#22 0x7f98dde9caa4 <unknown>
#23 0x7f98ddf29c6c <unknown>

2025-12-06 10:26:35,623 - ERROR - [The Hindu] All scrape strategies failed for https://www.thehindu.com/news/national/tamil-nadu/melamadai-flyover-in-madurai-to-be-named-after-freedom-fighter-velu-nachiyar/article70365043.ece. Falling back to RSS description.
2025-12-06 10:26:35,625 - INFO - Saved article: Melamadai flyover in Madurai to be named after freedom fighter Velu Nachiyar from The Hindu
2025-12-06 10:26:36,131 - INFO - [The Hindu] (Thread) Finished. Attempting to shut down its Selenium driver.
2025-12-06 10:26:36,296 - INFO - [The Hindu] (Thread) driver.quit() successful.
2025-12-06 10:28:23,107 - ERROR - [Times of India] Request failed for strategy 'selenium_browser' on URL https://timesofindia.indiatimes.com/world/us-streamers/shes-a-liar-and-a-con-artist-candace-owens-roasted-for-running-scared-from-tpusas-charlie-kirk-livestream-she-bragged-shed-win/articleshow/125777736.cms: HTTPConnectionPool(host='localhost', port=42605): Read timed out. (read timeout=120)
2025-12-06 10:28:23,107 - ERROR - [Times of India] All scrape strategies failed for https://timesofindia.indiatimes.com/world/us-streamers/shes-a-liar-and-a-con-artist-candace-owens-roasted-for-running-scared-from-tpusas-charlie-kirk-livestream-she-bragged-shed-win/articleshow/125777736.cms. Falling back to RSS description.
2025-12-06 10:28:23,109 - INFO - Saved article: “She’s a liar and a con artist”: Candace Owens roasted for ‘running scared’ from TPUSA's Charlie Kirk livestream she bragged she’d win from Times of India
2025-12-06 10:28:24,547 - INFO - [Times of India] Article: https://timesofindia.indiatimes.com/world/us/water-everywhere-we-cant-move-911-calls-reveal-terror-of-texas-hill-country-floods-that-killed-136/articleshow/125799082.cms
2025-12-06 10:28:24,547 - INFO - [Times of India] Attempt 1/1: Trying with 'selenium_browser' strategy...
2025-12-06 10:29:45,058 - CRITICAL - --- TIMEOUT: 1 scrape jobs did not complete in 300s. ---
2025-12-06 10:29:45,058 - ERROR - A thread has timed out and will be abandoned.
2025-12-06 10:29:45,058 - INFO - Shutting down thread pool (wait=False)...
2025-12-06 10:29:45,058 - INFO - Scraped: 1 BBC, 0 The Guardian, 10 The Hindu, 1 Timed_Out_Jobs articles. (Total saved: 11)
2025-12-06 10:29:45,058 - INFO - --- Scraping job finished ---
2025-12-06 10:29:45,059 - INFO - --- Scraper service stopped and database connection closed. ---
2025-12-06 10:29:45,059 - INFO - --- Main thread finished. Forcing process exit to kill zombie threads. ---
