2025-12-14 06:37:11,913 - INFO - Initializing database connection at: news_articles.db
2025-12-14 06:37:11,914 - INFO - --- Scraper service started (CI Mode: Run Once) ---
2025-12-14 06:37:11,914 - INFO - --- Starting new scraping job (Parallel Mode) ---
2025-12-14 06:37:11,914 - INFO - Creating new robust session with 3 retries on 5xx/connection/read errors.
2025-12-14 06:37:11,914 - INFO - Proxy is DISABLED.
2025-12-14 06:37:11,914 - INFO - Starting scrape for BBC RSS feed: http://feeds.bbci.co.uk/news/world/rss.xml
2025-12-14 06:37:11,914 - INFO - [Times of India] (Thread) requires Selenium. Initializing driver...
2025-12-14 06:37:11,915 - INFO - Initializing headless Selenium Chrome driver (using SeleniumManager)...
2025-12-14 06:37:11,915 - INFO - Starting scrape for The Guardian RSS feed: https://www.theguardian.com/world/rss
2025-12-14 06:37:11,915 - INFO - [The Hindu] (Thread) requires Selenium. Initializing driver...
2025-12-14 06:37:11,916 - INFO - Initializing headless Selenium Chrome driver (using SeleniumManager)...
2025-12-14 06:37:11,916 - INFO - Submitted 4 jobs to thread pool. Waiting up to 300s for completion...
2025-12-14 06:37:12,084 - INFO - Found 45 articles in The Guardian RSS feed. Processing up to 10.
2025-12-14 06:37:12,085 - INFO - [The Guardian] Article: https://www.theguardian.com/world/2025/dec/13/drone-strike-on-un-facility-in-war-torn-sudan-leaves-six-peacekeepers-dead
2025-12-14 06:37:12,085 - INFO - [The Guardian] Attempt 1/1: Trying with 'requests_browser' strategy...
2025-12-14 06:37:12,130 - INFO - [The Guardian] Success with 'requests_browser'. Found content (357 words).
2025-12-14 06:37:12,174 - INFO - Duplicate article skipped: Drone strike on UN facility in war-torn Sudan leaves six peacekeepers dead | Sudan | The Guardian from The Guardian
2025-12-14 06:37:12,179 - INFO - Found 34 articles in BBC RSS feed. Processing up to 10.
2025-12-14 06:37:12,179 - INFO - [BBC] Article: https://www.bbc.com/news/articles/c9d9vpxjp2go?at_medium=RSS&at_campaign=rss
2025-12-14 06:37:12,179 - INFO - [BBC] Attempt 1/1: Trying with 'requests_browser' strategy...
2025-12-14 06:37:12,481 - INFO - [BBC] Success with 'requests_browser'. Found content (539 words).
2025-12-14 06:37:12,508 - INFO - Duplicate article skipped: Three Americans killed by IS gunman in Syria, US military says from BBC
2025-12-14 06:37:12,942 - INFO - [The Guardian] Article: https://www.theguardian.com/world/2025/dec/13/us-accuses-rwanda-of-violating-peace-deal
2025-12-14 06:37:12,942 - INFO - [The Guardian] Attempt 1/1: Trying with 'requests_browser' strategy...
2025-12-14 06:37:12,972 - INFO - [The Guardian] Success with 'requests_browser'. Found content (632 words).
2025-12-14 06:37:13,002 - INFO - Duplicate article skipped: US scolds Rwanda for breaking peace deal as M23 rebels seize key Congo city | Rwanda | The Guardian from The Guardian
2025-12-14 06:37:13,047 - INFO - [BBC] Article: https://www.bbc.com/news/articles/c4gpwlkklyxo?at_medium=RSS&at_campaign=rss
2025-12-14 06:37:13,048 - INFO - [BBC] Attempt 1/1: Trying with 'requests_browser' strategy...
2025-12-14 06:37:13,086 - INFO - [BBC] Success with 'requests_browser'. Found content (602 words).
2025-12-14 06:37:13,118 - INFO - Duplicate article skipped: Belarus frees 123 prisoners as US lifts sanctions from BBC
2025-12-14 06:37:13,970 - INFO - [The Guardian] Article: https://www.theguardian.com/us-news/2025/dec/12/trump-ends-temporary-legal-status-ethiopia
2025-12-14 06:37:13,970 - INFO - [The Guardian] Attempt 1/1: Trying with 'requests_browser' strategy...
2025-12-14 06:37:13,999 - INFO - [The Guardian] Success with 'requests_browser'. Found content (322 words).
2025-12-14 06:37:14,040 - INFO - Duplicate article skipped: US ends temporary legal status for Ethiopians amid Trump crackdown | Trump administration | The Guardian from The Guardian
2025-12-14 06:37:14,347 - INFO - [BBC] Article: https://www.bbc.com/news/articles/c0l9954yr9ko?at_medium=RSS&at_campaign=rss
2025-12-14 06:37:14,347 - INFO - [BBC] Attempt 1/1: Trying with 'requests_browser' strategy...
2025-12-14 06:37:14,384 - INFO - [BBC] Success with 'requests_browser'. Found content (963 words).
2025-12-14 06:37:14,416 - INFO - Duplicate article skipped: One million households without electricity in Ukraine after Russian strikes from BBC
2025-12-14 06:37:14,967 - INFO - [The Guardian] Article: https://www.theguardian.com/world/2025/dec/12/uk-sanctions-four-rsf-commanders-heinous-violence-against-sudan-civilians
2025-12-14 06:37:14,968 - INFO - [The Guardian] Attempt 1/1: Trying with 'requests_browser' strategy...
2025-12-14 06:37:15,004 - INFO - [The Guardian] Success with 'requests_browser'. Found content (798 words).
2025-12-14 06:37:15,044 - INFO - Duplicate article skipped: UK imposes sanctions on four RSF officers for ‘heinous’ mass killings in Sudan | Sudan | The Guardian from The Guardian
2025-12-14 06:37:15,692 - INFO - [BBC] Article: https://www.bbc.com/news/articles/c4g66nll48do?at_medium=RSS&at_campaign=rss
2025-12-14 06:37:15,692 - INFO - [BBC] Attempt 1/1: Trying with 'requests_browser' strategy...
2025-12-14 06:37:15,727 - INFO - [BBC] Success with 'requests_browser'. Found content (694 words).
2025-12-14 06:37:15,756 - INFO - Duplicate article skipped: Anger at Lionel Messi 'GOAT' India tour as fans throw chairs and bottles at stadium event from BBC
2025-12-14 06:37:15,951 - INFO - [The Guardian] Article: https://www.theguardian.com/world/2025/dec/11/fate-of-11-nigerian-troops-unclear-after-unauthorised-plane-landing-in-burkina-faso
2025-12-14 06:37:15,951 - INFO - [The Guardian] Attempt 1/1: Trying with 'requests_browser' strategy...
2025-12-14 06:37:15,981 - INFO - [The Guardian] Success with 'requests_browser'. Found content (276 words).
2025-12-14 06:37:16,011 - INFO - Duplicate article skipped: Fate of 11 Nigerian troops unclear after ‘unauthorised’ plane landing in Burkina Faso | Burkina Faso | The Guardian from The Guardian
2025-12-14 06:37:16,330 - INFO - [BBC] Article: https://www.bbc.com/news/articles/cx2dklj3rxvo?at_medium=RSS&at_campaign=rss
2025-12-14 06:37:16,330 - INFO - [BBC] Attempt 1/1: Trying with 'requests_browser' strategy...
2025-12-14 06:37:16,367 - INFO - [BBC] Success with 'requests_browser'. Found content (597 words).
2025-12-14 06:37:16,424 - INFO - Duplicate article skipped: Israel targets senior Hamas official in deadly Gaza strike from BBC
2025-12-14 06:37:17,380 - INFO - [The Guardian] Article: https://www.theguardian.com/world/2025/dec/13/venezuela-oil-exports-reportedly-fall-sharply-after-us-seizure-of-tanker-skipper
2025-12-14 06:37:17,380 - INFO - [The Guardian] Attempt 1/1: Trying with 'requests_browser' strategy...
2025-12-14 06:37:17,410 - INFO - [The Guardian] Success with 'requests_browser'. Found content (574 words).
2025-12-14 06:37:17,443 - INFO - Duplicate article skipped: Venezuela oil exports reportedly fall sharply after US seizure of tanker | Venezuela | The Guardian from The Guardian
2025-12-14 06:37:17,548 - INFO - [BBC] Article: https://www.bbc.com/news/articles/c5y2271q20lo?at_medium=RSS&at_campaign=rss
2025-12-14 06:37:17,548 - INFO - [BBC] Attempt 1/1: Trying with 'requests_browser' strategy...
2025-12-14 06:37:17,584 - INFO - [BBC] Success with 'requests_browser'. Found content (444 words).
2025-12-14 06:37:17,621 - INFO - Duplicate article skipped: Drunk raccoon found in liquor store suspected in karate studio break-in from BBC
2025-12-14 06:37:17,962 - INFO - [The Guardian] Article: https://www.theguardian.com/world/2025/dec/12/brazilian-judge-sanction-lifted-bolsonaro
2025-12-14 06:37:17,962 - INFO - [The Guardian] Attempt 1/1: Trying with 'requests_browser' strategy...
2025-12-14 06:37:17,993 - INFO - [The Guardian] Success with 'requests_browser'. Found content (426 words).
2025-12-14 06:37:18,023 - INFO - Duplicate article skipped: US treasury lifts sanctions on Brazilian judge who presided over Bolsonaro case | Brazil | The Guardian from The Guardian
2025-12-14 06:37:18,803 - INFO - [BBC] Article: https://www.bbc.com/news/articles/cd0kkyx3vvxo?at_medium=RSS&at_campaign=rss
2025-12-14 06:37:18,803 - INFO - [BBC] Attempt 1/1: Trying with 'requests_browser' strategy...
2025-12-14 06:37:18,836 - INFO - [BBC] Success with 'requests_browser'. Found content (633 words).
2025-12-14 06:37:18,867 - INFO - Duplicate article skipped: Cambodia shuts border crossings with Thailand as fighting continues from BBC
2025-12-14 06:37:19,297 - INFO - [The Guardian] Article: https://www.theguardian.com/world/2025/dec/12/colombia-eln-guerrilla-rebels-trump
2025-12-14 06:37:19,297 - INFO - [The Guardian] Attempt 1/1: Trying with 'requests_browser' strategy...
2025-12-14 06:37:19,326 - INFO - [The Guardian] Success with 'requests_browser'. Found content (436 words).
2025-12-14 06:37:19,354 - INFO - Duplicate article skipped: Colombian rebels warn civilians of military drills amid ‘imperialist’ Trump threats | Colombia | The Guardian from The Guardian
2025-12-14 06:37:19,802 - INFO - [BBC] Article: https://www.bbc.com/news/articles/crk777lj763o?at_medium=RSS&at_campaign=rss
2025-12-14 06:37:19,802 - INFO - [BBC] Attempt 1/1: Trying with 'requests_browser' strategy...
2025-12-14 06:37:19,839 - INFO - [BBC] Success with 'requests_browser'. Found content (1013 words).
2025-12-14 06:37:19,872 - INFO - Duplicate article skipped: New Epstein photos show Trump, Clinton and Andrew from BBC
2025-12-14 06:37:19,953 - INFO - [The Guardian] Article: https://www.theguardian.com/world/2025/dec/12/canada-liberals-government-majority-conservative-michael-ma
2025-12-14 06:37:19,953 - INFO - [The Guardian] Attempt 1/1: Trying with 'requests_browser' strategy...
2025-12-14 06:37:19,984 - INFO - [The Guardian] Success with 'requests_browser'. Found content (467 words).
2025-12-14 06:37:20,016 - INFO - Duplicate article skipped: Canada’s Liberals edge closer to majority after Conservative lawmaker crosses floor | Canada | The Guardian from The Guardian
2025-12-14 06:37:20,841 - INFO - [BBC] Article: https://www.bbc.com/news/articles/c4ge4q8gypzo?at_medium=RSS&at_campaign=rss
2025-12-14 06:37:20,841 - INFO - [BBC] Attempt 1/1: Trying with 'requests_browser' strategy...
2025-12-14 06:37:20,882 - INFO - [BBC] Success with 'requests_browser'. Found content (421 words).
2025-12-14 06:37:20,917 - INFO - Duplicate article skipped: Lagos' first street art festival turns city into 'open-air gallery' from BBC
2025-12-14 06:37:21,207 - INFO - [The Guardian] Article: https://www.theguardian.com/us-news/2025/dec/12/flood-water-rain-pacific-northwest-washington
2025-12-14 06:37:21,207 - INFO - [The Guardian] Attempt 1/1: Trying with 'requests_browser' strategy...
2025-12-14 06:37:21,239 - INFO - [The Guardian] Success with 'requests_browser'. Found content (770 words).
2025-12-14 06:37:21,274 - INFO - Duplicate article skipped: Flooding remains threat in Pacific north-west as Washington declares emergency | US weather | The Guardian from The Guardian
2025-12-14 06:37:21,804 - INFO - [BBC] Article: https://www.bbc.com/news/articles/cqlkk9qk7vyo?at_medium=RSS&at_campaign=rss
2025-12-14 06:37:21,804 - INFO - [BBC] Attempt 1/1: Trying with 'requests_browser' strategy...
2025-12-14 06:37:21,840 - INFO - [BBC] Success with 'requests_browser'. Found content (521 words).
2025-12-14 06:37:21,874 - INFO - Duplicate article skipped: Ukraine's health supplies hit in series of Russian strikes on medical warehouses from BBC
2025-12-14 06:37:22,757 - INFO - Selenium driver initialized successfully.
2025-12-14 06:37:22,757 - INFO - Starting scrape for Times of India RSS feed: https://timesofindia.indiatimes.com/rssfeeds/296589292.cms
2025-12-14 06:37:22,758 - INFO - Selenium driver initialized successfully.
2025-12-14 06:37:22,758 - INFO - Starting scrape for The Hindu RSS feed: https://www.thehindu.com/news/national/feeder/default.rss
2025-12-14 06:37:22,920 - INFO - Found 100 articles in The Hindu RSS feed. Processing up to 10.
2025-12-14 06:37:22,920 - INFO - [The Hindu] Article: https://www.thehindu.com/news/national/parliament-panel-says-sonam-wangchuks-hial-doing-exemplary-work-should-be-given-ugc-recognition/article70395042.ece
2025-12-14 06:37:22,920 - INFO - [The Hindu] Attempt 1/1: Trying with 'selenium_browser' strategy...
2025-12-14 06:37:23,159 - INFO - Found 20 articles in Times of India RSS feed. Processing up to 10.
2025-12-14 06:37:23,160 - INFO - [Times of India] Article: https://timesofindia.indiatimes.com/world/us/brown-university-shooting-first-visuals-surface-showing-the-gunman-massive-manhunt-launched/articleshow/125957809.cms
2025-12-14 06:37:23,160 - INFO - [Times of India] Attempt 1/1: Trying with 'selenium_browser' strategy...
2025-12-14 06:37:27,085 - INFO - [The Hindu] Page content loaded.
2025-12-14 06:37:28,270 - INFO - [The Hindu] Success with 'selenium_browser'. Found content (358 words).
2025-12-14 06:37:28,356 - INFO - Saved article: Parliament panel says Sonam Wangchuk's HIAL doing exemplary work, should be given UGC recognition - The Hindu from The Hindu
2025-12-14 06:37:29,853 - INFO - [The Hindu] Article: https://www.thehindu.com/news/national/centre-asks-states-to-prioritise-women-scst-officers-for-central-deputation/article70395022.ece
2025-12-14 06:37:29,853 - INFO - [The Hindu] Attempt 1/1: Trying with 'selenium_browser' strategy...
2025-12-14 06:37:35,008 - INFO - [The Hindu] Page content loaded.
2025-12-14 06:37:35,119 - INFO - [The Hindu] Success with 'selenium_browser'. Found content (553 words).
2025-12-14 06:37:35,353 - INFO - Saved article: Centre asks States to prioritise women, SC/ST officers for Central deputation - The Hindu from The Hindu
2025-12-14 06:37:35,952 - INFO - [The Hindu] Article: https://www.thehindu.com/news/national/punjab/punjab-zila-parishad-panchayat-samiti-polling-updates-on-december-14-2025/article70395036.ece
2025-12-14 06:37:35,952 - INFO - [The Hindu] Attempt 1/1: Trying with 'selenium_browser' strategy...
2025-12-14 06:37:37,580 - INFO - [The Hindu] Page content loaded.
2025-12-14 06:37:37,646 - INFO - [The Hindu] Success with 'selenium_browser'. Found content (343 words).
2025-12-14 06:37:37,718 - INFO - Saved article: 8% polling recorded till 10 a.m. in zila parishad, panchayat samiti elections in Punjab - The Hindu from The Hindu
2025-12-14 06:37:39,133 - INFO - [The Hindu] Article: https://www.thehindu.com/news/national/parliamentary-panel-recommends-easing-clearances-for-underground-coal-mining-projects/article70394991.ece
2025-12-14 06:37:39,133 - INFO - [The Hindu] Attempt 1/1: Trying with 'selenium_browser' strategy...
2025-12-14 06:37:39,991 - INFO - [The Hindu] Page content loaded.
2025-12-14 06:37:40,036 - INFO - [The Hindu] Success with 'selenium_browser'. Found content (289 words).
2025-12-14 06:37:40,101 - INFO - Saved article: Parliamentary panel recommends easing clearances for underground coal mining projects - The Hindu from The Hindu
2025-12-14 06:37:41,110 - INFO - [The Hindu] Article: https://www.thehindu.com/news/cities/Visakhapatnam/icar-cift-conducted-training-programme-for-stakeholders/article70393495.ece
2025-12-14 06:37:41,110 - INFO - [The Hindu] Attempt 1/1: Trying with 'selenium_browser' strategy...
2025-12-14 06:37:41,923 - INFO - [The Hindu] Page content loaded.
2025-12-14 06:37:42,052 - INFO - [The Hindu] Success with 'selenium_browser'. Found content (226 words).
2025-12-14 06:37:42,138 - INFO - Saved article: ICAR-CIFT conducted training programme for stakeholders - The Hindu from The Hindu
2025-12-14 06:37:42,752 - INFO - [The Hindu] Article: https://www.thehindu.com/news/national/uttar-pradesh/cough-syrup-case-lavish-lucknow-mansion-of-arrested-ex-constable-draws-focus-amid-ed-raids/article70394967.ece
2025-12-14 06:37:42,752 - INFO - [The Hindu] Attempt 1/1: Trying with 'selenium_browser' strategy...
2025-12-14 06:37:43,642 - INFO - [The Hindu] Page content loaded.
2025-12-14 06:37:43,739 - INFO - [The Hindu] Success with 'selenium_browser'. Found content (651 words).
2025-12-14 06:37:43,830 - INFO - Saved article: Cough syrup case: Lavish Lucknow mansion of arrested ex-constable draws focus amid ED raids - The Hindu from The Hindu
2025-12-14 06:37:45,177 - INFO - [The Hindu] Article: https://www.thehindu.com/news/national/goa/goa-cracks-down-on-illegal-nightclubs-ahead-of-christmas-and-new-year/article70395008.ece
2025-12-14 06:37:45,177 - INFO - [The Hindu] Attempt 1/1: Trying with 'selenium_browser' strategy...
2025-12-14 06:37:46,073 - INFO - [The Hindu] Page content loaded.
2025-12-14 06:37:46,239 - INFO - [The Hindu] Success with 'selenium_browser'. Found content (328 words).
2025-12-14 06:37:46,313 - INFO - Saved article: Goa cracks down on illegal nightclubs ahead of Christmas and New Year - The Hindu from The Hindu
2025-12-14 06:37:47,379 - INFO - [The Hindu] Article: https://www.thehindu.com/news/cities/Visakhapatnam/hpv-vaccination-camp-held-for-children-of-police-personnel/article70393592.ece
2025-12-14 06:37:47,379 - INFO - [The Hindu] Attempt 1/1: Trying with 'selenium_browser' strategy...
2025-12-14 06:37:48,203 - INFO - [The Hindu] Page content loaded.
2025-12-14 06:37:48,291 - INFO - [The Hindu] Success with 'selenium_browser'. Found content (275 words).
2025-12-14 06:37:48,380 - INFO - Saved article: HPV vaccination camp held for children of police personnel - The Hindu from The Hindu
2025-12-14 06:37:49,495 - INFO - [The Hindu] Article: https://www.thehindu.com/news/cities/Delhi/air-quality-index-new-delhi-on-december-14-2025-severe-category/article70394968.ece
2025-12-14 06:37:49,495 - INFO - [The Hindu] Attempt 1/1: Trying with 'selenium_browser' strategy...
2025-12-14 06:37:50,603 - INFO - [The Hindu] Page content loaded.
2025-12-14 06:37:50,669 - INFO - [The Hindu] Success with 'selenium_browser'. Found content (200 words).
2025-12-14 06:37:50,748 - INFO - Saved article: Air quality worsens in Delhi, AQI settles in ‘severe’ zone - The Hindu from The Hindu
2025-12-14 06:37:52,027 - INFO - [The Hindu] Article: https://www.thehindu.com/news/national/nagaland/wildfire-rages-in-famed-dzukou-valley-for-third-day-aerial-operations-likely-to-be-conducted/article70394958.ece
2025-12-14 06:37:52,027 - INFO - [The Hindu] Attempt 1/1: Trying with 'selenium_browser' strategy...
2025-12-14 06:37:53,391 - INFO - [The Hindu] Page content loaded.
2025-12-14 06:37:53,494 - INFO - [The Hindu] Success with 'selenium_browser'. Found content (425 words).
2025-12-14 06:37:53,565 - INFO - Saved article: Wildfire rages in famed Dzukou Valley for third day, aerial operations likely to be conducted - The Hindu from The Hindu
2025-12-14 06:37:54,078 - INFO - [The Hindu] (Thread) Finished. Attempting to shut down its Selenium driver.
2025-12-14 06:37:54,176 - INFO - [The Hindu] (Thread) driver.quit() successful.
2025-12-14 06:38:23,168 - ERROR - [Times of India] Request failed for strategy 'selenium_browser' on URL https://timesofindia.indiatimes.com/world/us/brown-university-shooting-first-visuals-surface-showing-the-gunman-massive-manhunt-launched/articleshow/125957809.cms: Message: timeout: Timed out receiving message from renderer: 59.900
  (Session info: chrome=143.0.7499.40)
Stacktrace:
#0 0x55e7b53fb16a <unknown>
#1 0x55e7b4e78c4b <unknown>
#2 0x55e7b4e60cf3 <unknown>
#3 0x55e7b4e609d6 <unknown>
#4 0x55e7b4e5e897 <unknown>
#5 0x55e7b4e5f1af <unknown>
#6 0x55e7b4e6d970 <unknown>
#7 0x55e7b4e87017 <unknown>
#8 0x55e7b4e8d6cb <unknown>
#9 0x55e7b4e5f8d8 <unknown>
#10 0x55e7b4e86dc3 <unknown>
#11 0x55e7b4f15f60 <unknown>
#12 0x55e7b4ebcc42 <unknown>
#13 0x55e7b4ebd8f1 <unknown>
#14 0x55e7b53c3f09 <unknown>
#15 0x55e7b53c6e4d <unknown>
#16 0x55e7b53acc51 <unknown>
#17 0x55e7b53c7a2b <unknown>
#18 0x55e7b5393a20 <unknown>
#19 0x55e7b53e8a78 <unknown>
#20 0x55e7b53e8c49 <unknown>
#21 0x55e7b53fa4c3 <unknown>
#22 0x7f1caf69caa4 <unknown>
#23 0x7f1caf729c6c <unknown>

2025-12-14 06:38:23,168 - ERROR - [Times of India] All scrape strategies failed for https://timesofindia.indiatimes.com/world/us/brown-university-shooting-first-visuals-surface-showing-the-gunman-massive-manhunt-launched/articleshow/125957809.cms. Falling back to RSS description.
2025-12-14 06:38:23,170 - INFO - Saved article: Brown University shooting: First visuals surface showing the gunman; massive manhunt launched from Times of India
2025-12-14 06:38:23,888 - INFO - [Times of India] Article: https://timesofindia.indiatimes.com/world/middle-east/uae-weather-update-dubai-police-issue-safety-warning-as-rain-and-wind-risks-increase/articleshow/125957948.cms
2025-12-14 06:38:23,888 - INFO - [Times of India] Attempt 1/1: Trying with 'selenium_browser' strategy...
2025-12-14 06:38:24,650 - INFO - [Times of India] Page content loaded.
2025-12-14 06:38:24,782 - INFO - [Times of India] Success with 'selenium_browser'. Found content (609 words).
2025-12-14 06:38:24,834 - INFO - Saved article: UAE weather update: Dubai Police issue safety warning as rain, and wind risks increase | World News - The Times of India from Times of India
2025-12-14 06:38:25,503 - INFO - [Times of India] Article: https://timesofindia.indiatimes.com/world/middle-east/dubai-parking-scam-alert-fake-qr-codes-could-steal-your-bank-details/articleshow/125957427.cms
2025-12-14 06:38:25,503 - INFO - [Times of India] Attempt 1/1: Trying with 'selenium_browser' strategy...
2025-12-14 06:38:26,514 - INFO - [Times of India] Page content loaded.
2025-12-14 06:38:26,639 - INFO - [Times of India] Success with 'selenium_browser'. Found content (257 words).
2025-12-14 06:38:26,748 - INFO - Saved article: Dubai parking scam alert: Fake QR codes could steal your bank details | World News - The Times of India from Times of India
2025-12-14 06:38:27,736 - INFO - [Times of India] Article: https://timesofindia.indiatimes.com/world/us-streamers/erika-kirks-death-stare-at-candace-owens-goes-viral-amid-conspiracy-claims-over-charlie-kirks-killing/articleshow/125956452.cms
2025-12-14 06:38:27,736 - INFO - [Times of India] Attempt 1/1: Trying with 'selenium_browser' strategy...
2025-12-14 06:38:28,752 - INFO - [Times of India] Page content loaded.
2025-12-14 06:38:28,882 - INFO - [Times of India] Success with 'selenium_browser'. Found content (421 words).
2025-12-14 06:38:28,932 - INFO - Duplicate article skipped: Erika Kirk’s ‘death stare’ at Candace Owens goes viral amid conspiracy claims over Charlie Kirk’s killing - The Times of India from Times of India
2025-12-14 06:38:30,294 - INFO - [Times of India] Article: https://timesofindia.indiatimes.com/world/us-streamers/candace-owens-resurfaced-9-11-style-attack-tweet-sparks-fresh-debate-after-brown-university-tragedy/articleshow/125956495.cms
2025-12-14 06:38:30,294 - INFO - [Times of India] Attempt 1/1: Trying with 'selenium_browser' strategy...
2025-12-14 06:38:31,127 - INFO - [Times of India] Page content loaded.
2025-12-14 06:38:31,241 - INFO - [Times of India] Success with 'selenium_browser'. Found content (400 words).
2025-12-14 06:38:31,313 - INFO - Duplicate article skipped: Candace Owens’ resurfaced “9/11 style attack” tweet sparks fresh debate after Brown University tragedy - The Times of India from Times of India
2025-12-14 06:38:32,209 - INFO - [Times of India] Article: https://timesofindia.indiatimes.com/world/us-streamers/rakai-fires-back-at-ironmouse-after-she-says-streamer-awards-interaction-made-her-feel-uncomfortable/articleshow/125956434.cms
2025-12-14 06:38:32,209 - INFO - [Times of India] Attempt 1/1: Trying with 'selenium_browser' strategy...
2025-12-14 06:38:33,063 - INFO - [Times of India] Page content loaded.
2025-12-14 06:38:33,181 - INFO - [Times of India] Success with 'selenium_browser'. Found content (416 words).
2025-12-14 06:38:33,228 - INFO - Duplicate article skipped: RaKai fires back at Ironmouse after she says Streamer Awards interaction made her feel uncomfortable - The Times of India from Times of India
2025-12-14 06:38:34,128 - INFO - [Times of India] Article: https://timesofindia.indiatimes.com/world/us-streamers/candace-owens-drops-bombshell-claim-that-tyler-robinson-did-not-act-alone-in-charlie-kirk-killing-as-court-case-intensifies/articleshow/125956318.cms
2025-12-14 06:38:34,129 - INFO - [Times of India] Attempt 1/1: Trying with 'selenium_browser' strategy...
2025-12-14 06:38:35,190 - INFO - [Times of India] Page content loaded.
2025-12-14 06:38:35,322 - INFO - [Times of India] Success with 'selenium_browser'. Found content (455 words).
2025-12-14 06:38:35,368 - INFO - Duplicate article skipped: Candace Owens drops bombshell claim that Tyler Robinson did not act alone in Charlie Kirk killing as court case intensifies - The Times of India from Times of India
2025-12-14 06:38:35,898 - INFO - [Times of India] Article: https://timesofindia.indiatimes.com/world/us-streamers/asmongold-reacts-to-frogans-emotional-twitch-stream-about-streaming-struggles/articleshow/125954293.cms
2025-12-14 06:38:35,898 - INFO - [Times of India] Attempt 1/1: Trying with 'selenium_browser' strategy...
2025-12-14 06:38:46,845 - WARNING - [Times of India] Page timed out (10s). No <p> tags found. Proceeding anyway.
2025-12-14 06:38:47,013 - INFO - [Times of India] Success with 'selenium_browser'. Found content (371 words).
2025-12-14 06:38:47,097 - INFO - Duplicate article skipped: Asmongold reacts to Frogan’s emotional Twitch stream about streaming struggles - The Times of India from Times of India
2025-12-14 06:38:47,918 - INFO - [Times of India] Article: https://timesofindia.indiatimes.com/world/us-streamers/ethan-klein-claps-back-at-frogans-twitch-complaints-about-streaming-and-mods/articleshow/125954153.cms
2025-12-14 06:38:47,918 - INFO - [Times of India] Attempt 1/1: Trying with 'selenium_browser' strategy...
2025-12-14 06:40:55,981 - ERROR - [Times of India] Request failed for strategy 'selenium_browser' on URL https://timesofindia.indiatimes.com/world/us-streamers/ethan-klein-claps-back-at-frogans-twitch-complaints-about-streaming-and-mods/articleshow/125954153.cms: HTTPConnectionPool(host='localhost', port=39703): Read timed out. (read timeout=120)
2025-12-14 06:40:55,981 - ERROR - [Times of India] All scrape strategies failed for https://timesofindia.indiatimes.com/world/us-streamers/ethan-klein-claps-back-at-frogans-twitch-complaints-about-streaming-and-mods/articleshow/125954153.cms. Falling back to RSS description.
2025-12-14 06:40:55,981 - INFO - Duplicate article skipped: Ethan Klein claps back at Frogan’s Twitch complaints about streaming and mods from Times of India
2025-12-14 06:40:56,825 - INFO - [Times of India] Article: https://timesofindia.indiatimes.com/world/us-streamers/xqc-checks-google-trends-against-hasan-and-is-shocked-by-unexpected-china-interest/articleshow/125953975.cms
2025-12-14 06:40:56,826 - INFO - [Times of India] Attempt 1/1: Trying with 'selenium_browser' strategy...
2025-12-14 06:42:11,916 - CRITICAL - --- TIMEOUT: 1 scrape jobs did not complete in 300s. ---
2025-12-14 06:42:11,916 - ERROR - A thread has timed out and will be abandoned.
2025-12-14 06:42:11,916 - INFO - Shutting down thread pool (wait=False)...
2025-12-14 06:42:11,916 - INFO - Scraped: 0 BBC, 10 The Hindu, 0 The Guardian, 1 Timed_Out_Jobs articles. (Total saved: 10)
2025-12-14 06:42:11,916 - INFO - --- Scraping job finished ---
2025-12-14 06:42:11,916 - INFO - --- Scraper service stopped and database connection closed. ---
2025-12-14 06:42:11,916 - INFO - --- Main thread finished. Forcing process exit to kill zombie threads. ---
