2025-11-28 14:25:41,425 - INFO - Initializing database connection at: news_articles.db
2025-11-28 14:25:41,425 - INFO - --- Scraper service started (CI Mode: Run Once) ---
2025-11-28 14:25:41,425 - INFO - --- Starting new scraping job (Parallel Mode) ---
2025-11-28 14:25:41,425 - INFO - Creating new robust session with 3 retries on 5xx/connection/read errors.
2025-11-28 14:25:41,425 - INFO - Proxy is DISABLED.
2025-11-28 14:25:41,426 - INFO - Starting scrape for BBC RSS feed: http://feeds.bbci.co.uk/news/world/rss.xml
2025-11-28 14:25:41,426 - INFO - [Times of India] (Thread) requires Selenium. Initializing driver...
2025-11-28 14:25:41,426 - INFO - Initializing headless Selenium Chrome driver (using SeleniumManager)...
2025-11-28 14:25:41,426 - INFO - Starting scrape for The Guardian RSS feed: https://www.theguardian.com/world/rss
2025-11-28 14:25:41,427 - INFO - [The Hindu] (Thread) requires Selenium. Initializing driver...
2025-11-28 14:25:41,427 - INFO - Initializing headless Selenium Chrome driver (using SeleniumManager)...
2025-11-28 14:25:41,427 - INFO - Submitted 4 jobs to thread pool. Waiting up to 300s for completion...
2025-11-28 14:25:41,546 - INFO - Found 45 articles in The Guardian RSS feed. Processing up to 10.
2025-11-28 14:25:41,547 - INFO - [The Guardian] Article: https://www.theguardian.com/environment/2025/nov/28/africa-forests-transformed-carbon-sink-carbon-source-study
2025-11-28 14:25:41,547 - INFO - [The Guardian] Attempt 1/1: Trying with 'requests_browser' strategy...
2025-11-28 14:25:41,579 - INFO - [The Guardian] Success with 'requests_browser'. Found content (458 words).
2025-11-28 14:25:41,629 - INFO - Duplicate article skipped: Africa’s forests transformed from carbon sink to carbon source, study finds | Climate crisis | The Guardian from The Guardian
2025-11-28 14:25:41,735 - INFO - Found 33 articles in BBC RSS feed. Processing up to 10.
2025-11-28 14:25:41,736 - INFO - [BBC] Article: https://www.bbc.com/news/articles/c79xd17dre3o?at_medium=RSS&at_campaign=rss
2025-11-28 14:25:41,736 - INFO - [BBC] Attempt 1/1: Trying with 'requests_browser' strategy...
2025-11-28 14:25:41,944 - INFO - [BBC] Success with 'requests_browser'. Found content (787 words).
2025-11-28 14:25:41,982 - INFO - Duplicate article skipped: Hong Kong tower blocks fire death toll rises to 128 from BBC
2025-11-28 14:25:42,705 - INFO - [BBC] Article: https://www.bbc.com/news/articles/cdxweyy157go?at_medium=RSS&at_campaign=rss
2025-11-28 14:25:42,706 - INFO - [BBC] Attempt 1/1: Trying with 'requests_browser' strategy...
2025-11-28 14:25:42,747 - INFO - [BBC] Success with 'requests_browser'. Found content (1079 words).
2025-11-28 14:25:42,785 - INFO - Duplicate article skipped: Trump says US will pause migration from 'third-world countries' from BBC
2025-11-28 14:25:42,998 - INFO - [The Guardian] Article: https://www.theguardian.com/world/2025/nov/26/guinea-bissau-officers-take-total-control-close-borders-amid-election-chaos
2025-11-28 14:25:42,998 - INFO - [The Guardian] Attempt 1/1: Trying with 'requests_browser' strategy...
2025-11-28 14:25:43,247 - INFO - [The Guardian] Success with 'requests_browser'. Found content (412 words).
2025-11-28 14:25:43,283 - INFO - Duplicate article skipped: Guinea-Bissau military takes ‘total control’ amid election chaos | Guinea-Bissau | The Guardian from The Guardian
2025-11-28 14:25:44,179 - INFO - [BBC] Article: https://www.bbc.com/news/articles/cwyx4y6007lo?at_medium=RSS&at_campaign=rss
2025-11-28 14:25:44,179 - INFO - [BBC] Attempt 1/1: Trying with 'requests_browser' strategy...
2025-11-28 14:25:44,208 - INFO - [BBC] Success with 'requests_browser'. Found content (885 words).
2025-11-28 14:25:44,241 - INFO - Duplicate article skipped: National Guard member Sarah Beckstrom dies after shooting in Washington DC from BBC
2025-11-28 14:25:44,488 - INFO - [The Guardian] Article: https://www.theguardian.com/world/2025/nov/25/nigerian-schoolgirls-rescued-after-mass-abduction-in-kebbi
2025-11-28 14:25:44,488 - INFO - [The Guardian] Attempt 1/1: Trying with 'requests_browser' strategy...
2025-11-28 14:25:44,517 - INFO - [The Guardian] Success with 'requests_browser'. Found content (515 words).
2025-11-28 14:25:44,560 - INFO - Duplicate article skipped: Nigerian schoolgirls rescued after mass abduction in Kebbi | Nigeria | The Guardian from The Guardian
2025-11-28 14:25:44,778 - INFO - [BBC] Article: https://www.bbc.com/news/articles/c058lp086zvo?at_medium=RSS&at_campaign=rss
2025-11-28 14:25:44,779 - INFO - [BBC] Attempt 1/1: Trying with 'requests_browser' strategy...
2025-11-28 14:25:44,806 - INFO - [BBC] Success with 'requests_browser'. Found content (685 words).
2025-11-28 14:25:44,845 - INFO - Duplicate article skipped: Ukraine anti-corruption agents search home of Zelensky's top adviser Yermak from BBC
2025-11-28 14:25:45,134 - INFO - [The Guardian] Article: https://www.theguardian.com/world/2025/nov/25/jacob-zuma-daughter-accused-tricking-men-fighting-for-russia-in-ukraine
2025-11-28 14:25:45,134 - INFO - [The Guardian] Attempt 1/1: Trying with 'requests_browser' strategy...
2025-11-28 14:25:45,166 - INFO - [The Guardian] Success with 'requests_browser'. Found content (656 words).
2025-11-28 14:25:45,212 - INFO - Duplicate article skipped: Jacob Zuma’s daughter accused of tricking men into fighting for Russia in Ukraine | South Africa | The Guardian from The Guardian
2025-11-28 14:25:45,468 - INFO - [BBC] Article: https://www.bbc.com/news/articles/clyz7njqwvvo?at_medium=RSS&at_campaign=rss
2025-11-28 14:25:45,468 - INFO - [BBC] Attempt 1/1: Trying with 'requests_browser' strategy...
2025-11-28 14:25:45,491 - INFO - [BBC] Success with 'requests_browser'. Found content (345 words).
2025-11-28 14:25:45,525 - INFO - Duplicate article skipped: Japan's same-sex marriage ban is constitutional, says Tokyo court from BBC
2025-11-28 14:25:46,099 - INFO - [The Guardian] Article: https://www.theguardian.com/uk-news/2025/nov/24/uk-rejects-nigerian-request-to-deport-former-politican-ike-ekweremadu-jailed-for-organ-trafficking
2025-11-28 14:25:46,099 - INFO - [The Guardian] Attempt 1/1: Trying with 'requests_browser' strategy...
2025-11-28 14:25:46,121 - INFO - [The Guardian] Success with 'requests_browser'. Found content (545 words).
2025-11-28 14:25:46,179 - INFO - Duplicate article skipped: UK rejects Nigerian request to deport former politican jailed for organ trafficking | UK news | The Guardian from The Guardian
2025-11-28 14:25:47,002 - INFO - [BBC] Article: https://www.bbc.com/news/articles/c0l9z176lnlo?at_medium=RSS&at_campaign=rss
2025-11-28 14:25:47,002 - INFO - [BBC] Attempt 1/1: Trying with 'requests_browser' strategy...
2025-11-28 14:25:47,027 - INFO - [The Guardian] Article: https://www.theguardian.com/world/2025/nov/28/st-vincent-caribbean-opposition-party-celebrates-historic-election-win
2025-11-28 14:25:47,027 - INFO - [The Guardian] Attempt 1/1: Trying with 'requests_browser' strategy...
2025-11-28 14:25:47,030 - INFO - [BBC] Success with 'requests_browser'. Found content (598 words).
2025-11-28 14:25:47,068 - INFO - Duplicate article skipped: Austrian nuns win reprieve in abandoned convent - if they stay off social media from BBC
2025-11-28 14:25:47,085 - INFO - [The Guardian] Success with 'requests_browser'. Found content (609 words).
2025-11-28 14:25:47,123 - INFO - Duplicate article skipped: St Vincent opposition party celebrates historic election win | St Vincent and the Grenadines | The Guardian from The Guardian
2025-11-28 14:25:48,081 - INFO - [The Guardian] Article: https://www.theguardian.com/world/2025/nov/27/st-vincent-prime-minister-seeks-record-sixth-term-in-tight-election
2025-11-28 14:25:48,081 - INFO - [The Guardian] Attempt 1/1: Trying with 'requests_browser' strategy...
2025-11-28 14:25:48,103 - INFO - [The Guardian] Success with 'requests_browser'. Found content (678 words).
2025-11-28 14:25:48,144 - INFO - Duplicate article skipped: St Vincent prime minister seeks record sixth term in tight election | St Vincent and the Grenadines | The Guardian from The Guardian
2025-11-28 14:25:48,145 - INFO - Selenium driver initialized successfully.
2025-11-28 14:25:48,145 - INFO - Starting scrape for Times of India RSS feed: https://timesofindia.indiatimes.com/rssfeeds/296589292.cms
2025-11-28 14:25:48,146 - INFO - Selenium driver initialized successfully.
2025-11-28 14:25:48,146 - INFO - Starting scrape for The Hindu RSS feed: https://www.thehindu.com/news/national/feeder/default.rss
2025-11-28 14:25:48,274 - INFO - Found 20 articles in Times of India RSS feed. Processing up to 10.
2025-11-28 14:25:48,274 - INFO - [Times of India] Article: https://timesofindia.indiatimes.com/world/us/hideously-unnatural-social-media-debates-over-biden-trumps-age-neera-tanden-nate-silver-clash/articleshow/125632134.cms
2025-11-28 14:25:48,274 - INFO - [Times of India] Attempt 1/1: Trying with 'selenium_browser' strategy...
2025-11-28 14:25:48,299 - INFO - [BBC] Article: https://www.bbc.com/news/articles/cp89k31krz4o?at_medium=RSS&at_campaign=rss
2025-11-28 14:25:48,299 - INFO - [BBC] Attempt 1/1: Trying with 'requests_browser' strategy...
2025-11-28 14:25:48,323 - INFO - [BBC] Success with 'requests_browser'. Found content (350 words).
2025-11-28 14:25:48,357 - INFO - Duplicate article skipped: Ten killed in deadliest Israeli raid for months in southern Syria from BBC
2025-11-28 14:25:48,375 - INFO - Found 100 articles in The Hindu RSS feed. Processing up to 10.
2025-11-28 14:25:48,375 - INFO - [The Hindu] Article: https://www.thehindu.com/news/national/karnataka/madhu-bangarappa-in-favour-of-special-team-to-handle-human-elephant-conflict-in-shivamogga/article70334214.ece
2025-11-28 14:25:48,375 - INFO - [The Hindu] Attempt 1/1: Trying with 'selenium_browser' strategy...
2025-11-28 14:25:48,901 - INFO - [BBC] Article: https://www.bbc.com/news/articles/c0q5w13e58zo?at_medium=RSS&at_campaign=rss
2025-11-28 14:25:48,902 - INFO - [BBC] Attempt 1/1: Trying with 'requests_browser' strategy...
2025-11-28 14:25:48,934 - INFO - [BBC] Success with 'requests_browser'. Found content (421 words).
2025-11-28 14:25:48,979 - INFO - Saved article: Lightning detected on Mars by Nasa rover, scientists believe from BBC
2025-11-28 14:25:49,078 - INFO - [The Guardian] Article: https://www.theguardian.com/politics/2025/nov/28/uk-home-office-rejects-visa-young-girl-destitute-jamaica-hurricane-melissa
2025-11-28 14:25:49,078 - INFO - [The Guardian] Attempt 1/1: Trying with 'requests_browser' strategy...
2025-11-28 14:25:49,106 - INFO - [The Guardian] Success with 'requests_browser'. Found content (550 words).
2025-11-28 14:25:49,163 - INFO - Duplicate article skipped: UK rejects visa for girl left destitute in Jamaica by Hurricane Melissa | Home Office | The Guardian from The Guardian
2025-11-28 14:25:50,326 - INFO - [BBC] Article: https://www.bbc.com/news/articles/clyd4llgrego?at_medium=RSS&at_campaign=rss
2025-11-28 14:25:50,327 - INFO - [BBC] Attempt 1/1: Trying with 'requests_browser' strategy...
2025-11-28 14:25:50,400 - INFO - [BBC] Success with 'requests_browser'. Found content (415 words).
2025-11-28 14:25:50,434 - INFO - [The Guardian] Article: https://www.theguardian.com/world/2025/nov/27/mark-carney-alberta-oil-pipeline-deal-canada-first-nations
2025-11-28 14:25:50,434 - INFO - [The Guardian] Attempt 1/1: Trying with 'requests_browser' strategy...
2025-11-28 14:25:50,554 - INFO - Duplicate article skipped: Louvre to hike ticket prices for most non-EU tourists by 45% from BBC
2025-11-28 14:25:50,576 - INFO - [The Guardian] Success with 'requests_browser'. Found content (723 words).
2025-11-28 14:25:50,679 - INFO - Duplicate article skipped: Canada minister resigns from cabinet over Carney’s controversial oil pipeline deal | Canada | The Guardian from The Guardian
2025-11-28 14:25:51,164 - INFO - [BBC] Article: https://www.bbc.com/news/videos/cev8exezvw2o?at_medium=RSS&at_campaign=rss
2025-11-28 14:25:51,165 - INFO - [BBC] Attempt 1/1: Trying with 'requests_browser' strategy...
2025-11-28 14:25:51,337 - INFO - [BBC] Success with 'requests_browser'. Found content (89 words).
2025-11-28 14:25:51,474 - INFO - Duplicate article skipped: Pope Leo struggles to unveil plaque in Turkey from BBC
2025-11-28 14:25:51,885 - INFO - [The Guardian] Article: https://www.theguardian.com/world/2025/nov/27/perus-ousted-president-of-the-poor-gets-11-year-sentence-for-rebellion
2025-11-28 14:25:51,885 - INFO - [The Guardian] Attempt 1/1: Trying with 'requests_browser' strategy...
2025-11-28 14:25:52,008 - INFO - [The Guardian] Success with 'requests_browser'. Found content (346 words).
2025-11-28 14:25:52,126 - INFO - Duplicate article skipped: Peru’s ousted ‘president of the poor’ gets 11-year sentence for rebellion | Peru | The Guardian from The Guardian
2025-11-28 14:25:53,819 - INFO - [The Hindu] Page content loaded.
2025-11-28 14:25:53,987 - INFO - [The Hindu] Success with 'selenium_browser'. Found content (333 words).
2025-11-28 14:25:54,085 - INFO - Saved article: Madhu Bangarappa in favour of special team to handle human-elephant conflict in Shivamogga - The Hindu from The Hindu
2025-11-28 14:25:55,435 - INFO - [The Hindu] Article: https://www.thehindu.com/news/national/india-seeks-to-strengthen-multilateral-engagement-with-international-fleet-review-in-visakhapatnam/article70334909.ece
2025-11-28 14:25:55,436 - INFO - [The Hindu] Attempt 1/1: Trying with 'selenium_browser' strategy...
2025-11-28 14:26:01,769 - INFO - [The Hindu] Page content loaded.
2025-11-28 14:26:02,034 - INFO - [The Hindu] Success with 'selenium_browser'. Found content (462 words).
2025-11-28 14:26:02,763 - INFO - Saved article: India seeks to strengthen multilateral engagement with International Fleet Review in Visakhapatnam - The Hindu from The Hindu
2025-11-28 14:26:03,840 - INFO - [The Hindu] Article: https://www.thehindu.com/news/national/telangana/heavy-security-planned-for-telangana-rising-global-summit/article70335164.ece
2025-11-28 14:26:03,840 - INFO - [The Hindu] Attempt 1/1: Trying with 'selenium_browser' strategy...
2025-11-28 14:27:03,865 - ERROR - [The Hindu] Request failed for strategy 'selenium_browser' on URL https://www.thehindu.com/news/national/telangana/heavy-security-planned-for-telangana-rising-global-summit/article70335164.ece: Message: timeout: Timed out receiving message from renderer: 59.642
  (Session info: chrome=142.0.7444.162)
Stacktrace:
#0 0x562ef72a432a <unknown>
#1 0x562ef6cf0e4b <unknown>
#2 0x562ef6cd8e0d <unknown>
#3 0x562ef6cd8af0 <unknown>
#4 0x562ef6cd68ff <unknown>
#5 0x562ef6cd727f <unknown>
#6 0x562ef6ce5ca3 <unknown>
#7 0x562ef6cff601 <unknown>
#8 0x562ef6d05e0b <unknown>
#9 0x562ef6cd79bd <unknown>
#10 0x562ef6cff3a7 <unknown>
#11 0x562ef6d90170 <unknown>
#12 0x562ef6d35c1a <unknown>
#13 0x562ef6d36921 <unknown>
#14 0x562ef726b239 <unknown>
#15 0x562ef726e1e8 <unknown>
#16 0x562ef72544c9 <unknown>
#17 0x562ef726edb5 <unknown>
#18 0x562ef723be93 <unknown>
#19 0x562ef7291098 <unknown>
#20 0x562ef7291273 <unknown>
#21 0x562ef72a32c3 <unknown>
#22 0x7ffb2929caa4 <unknown>
#23 0x7ffb29329c6c <unknown>

2025-11-28 14:27:03,865 - ERROR - [The Hindu] All scrape strategies failed for https://www.thehindu.com/news/national/telangana/heavy-security-planned-for-telangana-rising-global-summit/article70335164.ece. Falling back to RSS description.
2025-11-28 14:27:03,869 - INFO - Saved article: Heavy security planned for Telangana Rising Global Summit from The Hindu
2025-11-28 14:27:05,206 - INFO - [The Hindu] Article: https://www.thehindu.com/news/national/karnataka/ensure-10-lakh-compensation-reaches-families-of-deceased-workers-safai-karmachari-commission-chief/article70334573.ece
2025-11-28 14:27:05,206 - INFO - [The Hindu] Attempt 1/1: Trying with 'selenium_browser' strategy...
2025-11-28 14:27:06,677 - INFO - [The Hindu] Page content loaded.
2025-11-28 14:27:06,779 - INFO - [The Hindu] Success with 'selenium_browser'. Found content (282 words).
2025-11-28 14:27:06,853 - INFO - Saved article: Ensure ₹10 lakh compensation reaches families of deceased workers: Safai Karmachari Commission Chief - The Hindu from The Hindu
2025-11-28 14:27:08,268 - INFO - [The Hindu] Article: https://www.thehindu.com/news/national/karnataka/jyotirao-phule-remembered-on-135th-death-anniversary/article70334700.ece
2025-11-28 14:27:08,268 - INFO - [The Hindu] Attempt 1/1: Trying with 'selenium_browser' strategy...
2025-11-28 14:27:17,486 - INFO - [The Hindu] Page content loaded.
2025-11-28 14:27:17,633 - INFO - [The Hindu] Success with 'selenium_browser'. Found content (373 words).
2025-11-28 14:27:17,744 - INFO - Saved article: Jyotirao Phule remembered on 135th death anniversary - The Hindu from The Hindu
2025-11-28 14:27:18,596 - INFO - [The Hindu] Article: https://www.thehindu.com/news/cities/Hyderabad/pastor-accused-of-cheating-threatening-woman/article70335297.ece
2025-11-28 14:27:18,596 - INFO - [The Hindu] Attempt 1/1: Trying with 'selenium_browser' strategy...
2025-11-28 14:27:20,045 - INFO - [The Hindu] Page content loaded.
2025-11-28 14:27:20,097 - INFO - [The Hindu] Success with 'selenium_browser'. Found content (192 words).
2025-11-28 14:27:20,159 - INFO - Saved article: Pastor accused of cheating, threatening woman - The Hindu from The Hindu
2025-11-28 14:27:20,909 - INFO - [The Hindu] Article: https://www.thehindu.com/news/cities/Coimbatore/coimbatores-food-sector-looks-at-investments-to-go-global/article70334969.ece
2025-11-28 14:27:20,909 - INFO - [The Hindu] Attempt 1/1: Trying with 'selenium_browser' strategy...
2025-11-28 14:27:21,830 - INFO - [The Hindu] Page content loaded.
2025-11-28 14:27:22,401 - INFO - [The Hindu] Success with 'selenium_browser'. Found content (549 words).
2025-11-28 14:27:22,466 - INFO - Saved article: Coimbatore’s food sector looks at investments to go global - The Hindu from The Hindu
2025-11-28 14:27:23,227 - INFO - [The Hindu] Article: https://www.thehindu.com/news/national/gujarat/one-year-old-girl-killed-by-leopard-in-gujarats-amreli-seven-cages-set-up-to-trap-animal/article70335295.ece
2025-11-28 14:27:23,228 - INFO - [The Hindu] Attempt 1/1: Trying with 'selenium_browser' strategy...
2025-11-28 14:27:23,787 - INFO - [The Hindu] Page content loaded.
2025-11-28 14:27:23,831 - INFO - [The Hindu] Success with 'selenium_browser'. Found content (186 words).
2025-11-28 14:27:23,884 - INFO - Saved article: One-year-old girl killed by leopard in Gujarat's Amreli; seven cages set up to trap animal - The Hindu from The Hindu
2025-11-28 14:27:24,931 - INFO - [The Hindu] Article: https://www.thehindu.com/news/national/karnataka/suresh-priyank-kharge-in-delhi-dks-says-he-is-in-no-hurry/article70335034.ece
2025-11-28 14:27:24,931 - INFO - [The Hindu] Attempt 1/1: Trying with 'selenium_browser' strategy...
2025-11-28 14:27:25,695 - INFO - [The Hindu] Page content loaded.
2025-11-28 14:27:25,872 - INFO - [The Hindu] Success with 'selenium_browser'. Found content (325 words).
2025-11-28 14:27:25,957 - INFO - Saved article: Suresh, Priyank Kharge in Delhi; DKS says he is in no hurry - The Hindu from The Hindu
2025-11-28 14:27:26,972 - INFO - [The Hindu] Article: https://www.thehindu.com/news/national/kerala/cpim-rebel-steps-up-fight-in-cherukunnu-levels-charges-of-corruption-intimidation/article70335129.ece
2025-11-28 14:27:26,972 - INFO - [The Hindu] Attempt 1/1: Trying with 'selenium_browser' strategy...
2025-11-28 14:27:28,171 - INFO - [The Hindu] Page content loaded.
2025-11-28 14:27:28,278 - INFO - [The Hindu] Success with 'selenium_browser'. Found content (291 words).
2025-11-28 14:27:28,392 - INFO - Saved article: CPI(M) rebel steps up fight in Cherukunnu, levels charges of corruption, intimidation - The Hindu from The Hindu
2025-11-28 14:27:29,754 - INFO - [The Hindu] (Thread) Finished. Attempting to shut down its Selenium driver.
2025-11-28 14:27:29,947 - INFO - [The Hindu] (Thread) driver.quit() successful.
2025-11-28 14:27:48,375 - ERROR - [Times of India] Request failed for strategy 'selenium_browser' on URL https://timesofindia.indiatimes.com/world/us/hideously-unnatural-social-media-debates-over-biden-trumps-age-neera-tanden-nate-silver-clash/articleshow/125632134.cms: HTTPConnectionPool(host='localhost', port=45663): Read timed out. (read timeout=120)
2025-11-28 14:27:48,375 - ERROR - [Times of India] All scrape strategies failed for https://timesofindia.indiatimes.com/world/us/hideously-unnatural-social-media-debates-over-biden-trumps-age-neera-tanden-nate-silver-clash/articleshow/125632134.cms. Falling back to RSS description.
2025-11-28 14:27:48,377 - INFO - Saved article: 'Hideously unnatural’: Social media debates over Biden, Trump’s age; Neera Tanden, Nate Silver clash from Times of India
2025-11-28 14:27:49,261 - INFO - [Times of India] Article: https://timesofindia.indiatimes.com/world/us/trump-says-the-word-indian-is-not-allowed-claims-only-indians-want-it-used-watch/articleshow/125629982.cms
2025-11-28 14:27:49,261 - INFO - [Times of India] Attempt 1/1: Trying with 'selenium_browser' strategy...
2025-11-28 14:29:49,362 - ERROR - [Times of India] Request failed for strategy 'selenium_browser' on URL https://timesofindia.indiatimes.com/world/us/trump-says-the-word-indian-is-not-allowed-claims-only-indians-want-it-used-watch/articleshow/125629982.cms: HTTPConnectionPool(host='localhost', port=45663): Read timed out. (read timeout=120)
2025-11-28 14:29:49,363 - ERROR - [Times of India] All scrape strategies failed for https://timesofindia.indiatimes.com/world/us/trump-says-the-word-indian-is-not-allowed-claims-only-indians-want-it-used-watch/articleshow/125629982.cms. Falling back to RSS description.
2025-11-28 14:29:49,366 - INFO - Saved article: Trump says word ‘Indian’ is not allowed anymore; claims only Indians want it used — watch from Times of India
2025-11-28 14:29:50,827 - INFO - [Times of India] Article: https://timesofindia.indiatimes.com/world/rest-of-world/thailand-floods-death-toll-rises-to-145-receding-waters-reveal-large-scale-devastation-millions-affected/articleshow/125639865.cms
2025-11-28 14:29:50,827 - INFO - [Times of India] Attempt 1/1: Trying with 'selenium_browser' strategy...
2025-11-28 14:30:41,428 - CRITICAL - --- TIMEOUT: 1 scrape jobs did not complete in 300s. ---
2025-11-28 14:30:41,428 - ERROR - A thread has timed out and will be abandoned.
2025-11-28 14:30:41,428 - INFO - Shutting down thread pool (wait=False)...
2025-11-28 14:30:41,428 - INFO - Scraped: 0 The Guardian, 1 BBC, 10 The Hindu, 1 Timed_Out_Jobs articles. (Total saved: 11)
2025-11-28 14:30:41,428 - INFO - --- Scraping job finished ---
2025-11-28 14:30:41,429 - INFO - --- Scraper service stopped and database connection closed. ---
2025-11-28 14:30:41,429 - INFO - --- Main thread finished. Forcing process exit to kill zombie threads. ---
