2025-12-26 06:40:06,102 - INFO - Initializing database connection at: news_articles.db
2025-12-26 06:40:06,102 - INFO - --- Scraper service started (CI Mode: Run Once) ---
2025-12-26 06:40:06,102 - INFO - --- Starting new scraping job (Parallel Mode) ---
2025-12-26 06:40:06,103 - INFO - Creating new robust session with 3 retries on 5xx/connection/read errors.
2025-12-26 06:40:06,103 - INFO - Proxy is DISABLED.
2025-12-26 06:40:06,103 - INFO - Starting scrape for BBC RSS feed: http://feeds.bbci.co.uk/news/world/rss.xml
2025-12-26 06:40:06,103 - INFO - [Times of India] (Thread) requires Selenium. Initializing driver...
2025-12-26 06:40:06,103 - INFO - Initializing headless Selenium Chrome driver (using SeleniumManager)...
2025-12-26 06:40:06,107 - INFO - Starting scrape for The Guardian RSS feed: https://www.theguardian.com/world/rss
2025-12-26 06:40:06,108 - INFO - [The Hindu] (Thread) requires Selenium. Initializing driver...
2025-12-26 06:40:06,108 - INFO - Submitted 4 jobs to thread pool. Waiting up to 300s for completion...
2025-12-26 06:40:06,108 - INFO - Initializing headless Selenium Chrome driver (using SeleniumManager)...
2025-12-26 06:40:06,222 - INFO - Found 45 articles in The Guardian RSS feed. Processing up to 10.
2025-12-26 06:40:06,223 - INFO - [The Guardian] Article: https://www.theguardian.com/us-news/2025/dec/25/us-carries-out-airstrikes-against-islamic-state-terrorist-scum-in-nigeria-trump-says
2025-12-26 06:40:06,223 - INFO - [The Guardian] Attempt 1/1: Trying with 'requests_browser' strategy...
2025-12-26 06:40:06,248 - INFO - [The Guardian] Success with 'requests_browser'. Found content (508 words).
2025-12-26 06:40:06,283 - INFO - Duplicate article skipped: US carries out strikes on Nigeria targeting Islamic State militants, Trump says | Trump administration | The Guardian from The Guardian
2025-12-26 06:40:06,546 - INFO - Found 26 articles in BBC RSS feed. Processing up to 10.
2025-12-26 06:40:06,546 - INFO - [BBC] Article: https://www.bbc.com/news/articles/cj69j8l918do?at_medium=RSS&at_campaign=rss
2025-12-26 06:40:06,547 - INFO - [BBC] Attempt 1/1: Trying with 'requests_browser' strategy...
2025-12-26 06:40:06,680 - INFO - [BBC] Success with 'requests_browser'. Found content (699 words).
2025-12-26 06:40:06,727 - INFO - Saved article: US launches 'powerful strikes' against Islamic State in Nigeria, says Trump from BBC
2025-12-26 06:40:06,907 - INFO - [The Guardian] Article: https://www.theguardian.com/world/2025/dec/25/displaced-islamic-state-insurgency-mozambique
2025-12-26 06:40:06,907 - INFO - [The Guardian] Attempt 1/1: Trying with 'requests_browser' strategy...
2025-12-26 06:40:06,931 - INFO - [The Guardian] Success with 'requests_browser'. Found content (767 words).
2025-12-26 06:40:06,967 - INFO - Duplicate article skipped: Hundreds of thousands newly displaced as Islamic State insurgency expands in Mozambique | Mozambique | The Guardian from The Guardian
2025-12-26 06:40:07,847 - INFO - [BBC] Article: https://www.bbc.com/news/articles/c4g413yz9g5o?at_medium=RSS&at_campaign=rss
2025-12-26 06:40:07,847 - INFO - [BBC] Attempt 1/1: Trying with 'requests_browser' strategy...
2025-12-26 06:40:07,881 - INFO - [BBC] Success with 'requests_browser'. Found content (654 words).
2025-12-26 06:40:07,916 - INFO - Duplicate article skipped: Zelensky hails 'new ideas' on peace after talk with US envoys from BBC
2025-12-26 06:40:08,424 - INFO - [The Guardian] Article: https://www.theguardian.com/world/2025/dec/24/algeria-passes-law-declaring-french-colonisation-crime
2025-12-26 06:40:08,424 - INFO - [The Guardian] Attempt 1/1: Trying with 'requests_browser' strategy...
2025-12-26 06:40:08,451 - INFO - [The Guardian] Success with 'requests_browser'. Found content (334 words).
2025-12-26 06:40:08,496 - INFO - Duplicate article skipped: Algeria passes law declaring French colonisation a crime | Algeria | The Guardian from The Guardian
2025-12-26 06:40:08,693 - INFO - [BBC] Article: https://www.bbc.com/news/articles/c1lr3p7n87yo?at_medium=RSS&at_campaign=rss
2025-12-26 06:40:08,693 - INFO - [BBC] Attempt 1/1: Trying with 'requests_browser' strategy...
2025-12-26 06:40:08,720 - INFO - [BBC] Success with 'requests_browser'. Found content (403 words).
2025-12-26 06:40:08,770 - INFO - Duplicate article skipped: Heavy rain storms in California leave three dead from BBC
2025-12-26 06:40:09,195 - INFO - [The Guardian] Article: https://www.theguardian.com/world/2025/dec/23/libyas-army-chief-dies-in-plane-crash-in-turkey
2025-12-26 06:40:09,195 - INFO - [The Guardian] Attempt 1/1: Trying with 'requests_browser' strategy...
2025-12-26 06:40:09,216 - INFO - [The Guardian] Success with 'requests_browser'. Found content (414 words).
2025-12-26 06:40:09,252 - INFO - Duplicate article skipped: Libya’s army chief dies in plane crash in Turkey | Libya | The Guardian from The Guardian
2025-12-26 06:40:09,592 - INFO - [BBC] Article: https://www.bbc.com/news/articles/ckgzwqjpzp4o?at_medium=RSS&at_campaign=rss
2025-12-26 06:40:09,592 - INFO - [BBC] Attempt 1/1: Trying with 'requests_browser' strategy...
2025-12-26 06:40:09,623 - INFO - [BBC] Success with 'requests_browser'. Found content (995 words).
2025-12-26 06:40:09,662 - INFO - Saved article: Sumatra floods: Indonesians raise white flags as anger grows over slow flood aid from BBC
2025-12-26 06:40:10,194 - INFO - [The Guardian] Article: https://www.theguardian.com/world/2025/dec/22/freed-nigerian-schoolchildren-set-to-be-reunited-with-families
2025-12-26 06:40:10,194 - INFO - [The Guardian] Attempt 1/1: Trying with 'requests_browser' strategy...
2025-12-26 06:40:10,216 - INFO - [The Guardian] Success with 'requests_browser'. Found content (365 words).
2025-12-26 06:40:10,250 - INFO - Duplicate article skipped: Freed Nigerian schoolchildren to be reunited with families | Nigeria | The Guardian from The Guardian
2025-12-26 06:40:10,961 - INFO - [The Guardian] Article: https://www.theguardian.com/environment/2025/dec/25/they-are-scared-of-us-now-how-one-tropical-forest-turned-the-tide-on-loggers
2025-12-26 06:40:10,961 - INFO - [The Guardian] Attempt 1/1: Trying with 'requests_browser' strategy...
2025-12-26 06:40:10,992 - INFO - [The Guardian] Success with 'requests_browser'. Found content (1079 words).
2025-12-26 06:40:11,048 - INFO - [BBC] Article: https://www.bbc.com/news/articles/cm21728nwxlo?at_medium=RSS&at_campaign=rss
2025-12-26 06:40:11,053 - INFO - [BBC] Attempt 1/1: Trying with 'requests_browser' strategy...
2025-12-26 06:40:11,062 - INFO - Duplicate article skipped: ‘They’re scared of us now’: how co-investment in a tropical forest saw off loggers | Panama | The Guardian from The Guardian
2025-12-26 06:40:11,082 - INFO - [BBC] Success with 'requests_browser'. Found content (400 words).
2025-12-26 06:40:11,120 - INFO - Duplicate article skipped: Pope Leo urges 'courage' to end Ukraine war in first Christmas address from BBC
2025-12-26 06:40:11,842 - INFO - [BBC] Article: https://www.bbc.com/news/articles/cn98w93l8plo?at_medium=RSS&at_campaign=rss
2025-12-26 06:40:11,843 - INFO - [BBC] Attempt 1/1: Trying with 'requests_browser' strategy...
2025-12-26 06:40:11,851 - INFO - [The Guardian] Article: https://www.theguardian.com/world/2025/dec/25/cape-froward-new-national-park-patagonia-chile
2025-12-26 06:40:11,851 - INFO - [The Guardian] Attempt 1/1: Trying with 'requests_browser' strategy...
2025-12-26 06:40:11,870 - INFO - [BBC] Success with 'requests_browser'. Found content (256 words).
2025-12-26 06:40:11,903 - INFO - Duplicate article skipped: Turkey arrests 115 IS suspects 'planning New Year's attacks' from BBC
2025-12-26 06:40:11,912 - INFO - [The Guardian] Success with 'requests_browser'. Found content (939 words).
2025-12-26 06:40:11,949 - INFO - Duplicate article skipped: ‘It’s the wildest place I have walked’: new national park will join up Chile’s 2,800km wildlife corridor | Chile | The Guardian from The Guardian
2025-12-26 06:40:12,493 - INFO - [BBC] Article: https://www.bbc.com/news/articles/c898zxyznxpo?at_medium=RSS&at_campaign=rss
2025-12-26 06:40:12,493 - INFO - [BBC] Attempt 1/1: Trying with 'requests_browser' strategy...
2025-12-26 06:40:12,522 - INFO - [BBC] Success with 'requests_browser'. Found content (403 words).
2025-12-26 06:40:12,559 - INFO - Duplicate article skipped: Brazil ex-president Bolsonaro's surgery for hernia 'successful' from BBC
2025-12-26 06:40:12,588 - INFO - [The Guardian] Article: https://www.theguardian.com/world/2025/dec/24/honduras-nasry-tito-asfura-declared-president-donald-trump-backed
2025-12-26 06:40:12,588 - INFO - [The Guardian] Attempt 1/1: Trying with 'requests_browser' strategy...
2025-12-26 06:40:12,618 - INFO - [The Guardian] Success with 'requests_browser'. Found content (577 words).
2025-12-26 06:40:12,661 - INFO - Duplicate article skipped: Trump-backed candidate Asfura declared new president of Honduras | Honduras | The Guardian from The Guardian
2025-12-26 06:40:13,393 - INFO - [BBC] Article: https://www.bbc.com/news/articles/crk733k1k1eo?at_medium=RSS&at_campaign=rss
2025-12-26 06:40:13,393 - INFO - [BBC] Attempt 1/1: Trying with 'requests_browser' strategy...
2025-12-26 06:40:13,416 - INFO - [BBC] Success with 'requests_browser'. Found content (223 words).
2025-12-26 06:40:13,451 - INFO - Duplicate article skipped: Front-runner to be Bangladesh PM returns after 17 years in exile from BBC
2025-12-26 06:40:13,454 - INFO - [The Guardian] Article: https://www.theguardian.com/media/2025/dec/23/60-minutes-cecot-appears-online
2025-12-26 06:40:13,454 - INFO - [The Guardian] Attempt 1/1: Trying with 'requests_browser' strategy...
2025-12-26 06:40:13,477 - INFO - [The Guardian] Success with 'requests_browser'. Found content (1062 words).
2025-12-26 06:40:13,514 - INFO - Duplicate article skipped: 60 Minutes episode on brutal El Salvador prison, pulled from air by CBS, appears online | CBS | The Guardian from The Guardian
2025-12-26 06:40:13,783 - INFO - Selenium driver initialized successfully.
2025-12-26 06:40:13,783 - INFO - Selenium driver initialized successfully.
2025-12-26 06:40:13,784 - INFO - Starting scrape for The Hindu RSS feed: https://www.thehindu.com/news/national/feeder/default.rss
2025-12-26 06:40:13,784 - INFO - Starting scrape for Times of India RSS feed: https://timesofindia.indiatimes.com/rssfeeds/296589292.cms
2025-12-26 06:40:13,882 - INFO - Found 100 articles in The Hindu RSS feed. Processing up to 10.
2025-12-26 06:40:13,882 - INFO - [The Hindu] Article: https://www.thehindu.com/news/national/andhra-pradesh/three-killed-as-bus-rams-into-car-on-nh-16-near-guntur/article70438880.ece
2025-12-26 06:40:13,883 - INFO - [The Hindu] Attempt 1/1: Trying with 'selenium_browser' strategy...
2025-12-26 06:40:13,926 - INFO - Found 20 articles in Times of India RSS feed. Processing up to 10.
2025-12-26 06:40:13,926 - INFO - [Times of India] Article: https://timesofindia.indiatimes.com/world/middle-east/saudi-arabia-introduces-new-white-land-rules-imposes-fines-up-to-100-on-undeveloped-plots/articleshow/126184174.cms
2025-12-26 06:40:13,926 - INFO - [Times of India] Attempt 1/1: Trying with 'selenium_browser' strategy...
2025-12-26 06:40:14,305 - INFO - [BBC] Article: https://www.bbc.com/news/articles/c14vdpyj1vjo?at_medium=RSS&at_campaign=rss
2025-12-26 06:40:14,305 - INFO - [BBC] Attempt 1/1: Trying with 'requests_browser' strategy...
2025-12-26 06:40:14,349 - INFO - [BBC] Success with 'requests_browser'. Found content (439 words).
2025-12-26 06:40:14,392 - INFO - Duplicate article skipped: Algeria's parliament approves law declaring France's colonisation a crime from BBC
2025-12-26 06:40:14,893 - INFO - [The Guardian] Article: https://www.theguardian.com/world/2025/dec/23/brazil-jair-bolsonaro-eduardo-havaianas-television-ad-fernanda-torres
2025-12-26 06:40:14,893 - INFO - [The Guardian] Attempt 1/1: Trying with 'requests_browser' strategy...
2025-12-26 06:40:14,940 - INFO - [The Guardian] Success with 'requests_browser'. Found content (381 words).
2025-12-26 06:40:15,033 - INFO - Duplicate article skipped: Bolsonaro supporters ‘cancel’ Havaianas flip-flop brand over television ad | Brazil | The Guardian from The Guardian
2025-12-26 06:40:15,862 - INFO - [BBC] Article: https://www.bbc.com/news/articles/c5yqe4j15lzo?at_medium=RSS&at_campaign=rss
2025-12-26 06:40:15,862 - INFO - [BBC] Attempt 1/1: Trying with 'requests_browser' strategy...
2025-12-26 06:40:15,906 - INFO - [BBC] Success with 'requests_browser'. Found content (544 words).
2025-12-26 06:40:16,063 - INFO - Duplicate article skipped: Sean 'Diddy' Combs files appeal asking for his immediate release from BBC
2025-12-26 06:40:19,394 - INFO - [The Hindu] Page content loaded.
2025-12-26 06:40:19,518 - INFO - [The Hindu] Success with 'selenium_browser'. Found content (269 words).
2025-12-26 06:40:19,597 - INFO - Saved article: Three killed as bus rams into car on NH-16 near Guntur - The Hindu from The Hindu
2025-12-26 06:40:20,623 - INFO - [The Hindu] Article: https://www.thehindu.com/news/national/kerala/kerala-congress-leader-booked-for-defamatory-post-against-cm-pinarayi-vijayan/article70438774.ece
2025-12-26 06:40:20,623 - INFO - [The Hindu] Attempt 1/1: Trying with 'selenium_browser' strategy...
2025-12-26 06:40:23,640 - INFO - [The Hindu] Page content loaded.
2025-12-26 06:40:24,276 - INFO - [The Hindu] Success with 'selenium_browser'. Found content (138 words).
2025-12-26 06:40:24,568 - INFO - Saved article: Kerala Congress leader booked for defamatory post against CM Pinarayi Vijayan - The Hindu from The Hindu
2025-12-26 06:40:25,117 - INFO - [The Hindu] Article: https://www.thehindu.com/news/national/tamil-nadu/tn-cm-stalin-extends-birthday-greetings-to-cpi-veteran-r-nallakannu/article70438905.ece
2025-12-26 06:40:25,118 - INFO - [The Hindu] Attempt 1/1: Trying with 'selenium_browser' strategy...
2025-12-26 06:40:27,003 - INFO - [The Hindu] Page content loaded.
2025-12-26 06:40:27,238 - INFO - [The Hindu] Success with 'selenium_browser'. Found content (87 words).
2025-12-26 06:40:27,582 - INFO - Saved article: T.N. CM Stalin extends birthday greetings to CPI veteran R. Nallakannu - The Hindu from The Hindu
2025-12-26 06:40:28,204 - INFO - [The Hindu] Article: https://www.thehindu.com/news/national/rajasthan/ceo-among-three-held-for-gang-rape-of-woman-it-firm-manager-in-udaipur/article70438992.ece
2025-12-26 06:40:28,204 - INFO - [The Hindu] Attempt 1/1: Trying with 'selenium_browser' strategy...
2025-12-26 06:40:30,555 - INFO - [The Hindu] Page content loaded.
2025-12-26 06:40:30,693 - INFO - [The Hindu] Success with 'selenium_browser'. Found content (285 words).
2025-12-26 06:40:30,796 - INFO - Saved article: CEO among three held for gang rape of woman IT firm manager in Udaipur - The Hindu from The Hindu
2025-12-26 06:40:31,448 - INFO - [The Hindu] Article: https://www.thehindu.com/news/cities/kozhikode/man-eating-tiger-trapped-in-wayanad/article70438763.ece
2025-12-26 06:40:31,448 - INFO - [The Hindu] Attempt 1/1: Trying with 'selenium_browser' strategy...
2025-12-26 06:40:35,092 - INFO - [The Hindu] Page content loaded.
2025-12-26 06:40:35,208 - INFO - [The Hindu] Success with 'selenium_browser'. Found content (201 words).
2025-12-26 06:40:35,326 - INFO - Saved article: Man-eating tiger trapped in Wayanad - The Hindu from The Hindu
2025-12-26 06:40:36,633 - INFO - [The Hindu] Article: https://www.thehindu.com/news/national/ed-registers-money-laundering-case-against-preacher-maulana-shamsul-huda-khan/article70438963.ece
2025-12-26 06:40:36,633 - INFO - [The Hindu] Attempt 1/1: Trying with 'selenium_browser' strategy...
2025-12-26 06:40:37,644 - INFO - [The Hindu] Page content loaded.
2025-12-26 06:40:37,918 - INFO - [The Hindu] Success with 'selenium_browser'. Found content (304 words).
2025-12-26 06:40:38,028 - INFO - Saved article: ED registers money laundering case against preacher Maulana Shamsul Huda Khan - The Hindu from The Hindu
2025-12-26 06:40:39,441 - INFO - [The Hindu] Article: https://www.thehindu.com/news/national/haryana/woman-shot-at-inside-gurugram-club-for-refusing-marriage-proposal/article70438915.ece
2025-12-26 06:40:39,441 - INFO - [The Hindu] Attempt 1/1: Trying with 'selenium_browser' strategy...
2025-12-26 06:40:40,423 - INFO - [The Hindu] Page content loaded.
2025-12-26 06:40:40,603 - INFO - [The Hindu] Success with 'selenium_browser'. Found content (274 words).
2025-12-26 06:40:40,691 - INFO - Saved article: Married woman shot in Gurugram club for refusing marriage proposal - The Hindu from The Hindu
2025-12-26 06:40:41,286 - INFO - [The Hindu] Article: https://www.thehindu.com/news/cities/Hyderabad/software-employee-killed-another-injured-as-motorcycle-crashes-into-pavement-in-gachibowli/article70438863.ece
2025-12-26 06:40:41,286 - INFO - [The Hindu] Attempt 1/1: Trying with 'selenium_browser' strategy...
2025-12-26 06:40:42,449 - INFO - [The Hindu] Page content loaded.
2025-12-26 06:40:42,679 - INFO - [The Hindu] Success with 'selenium_browser'. Found content (198 words).
2025-12-26 06:40:42,769 - INFO - Saved article: Software employee killed, another injured as motorcycle crashes into pavement in Gachibowli - The Hindu from The Hindu
2025-12-26 06:40:44,085 - INFO - [The Hindu] Article: https://www.thehindu.com/news/cities/Delhi/continue-pollution-control-measures-as-western-disturbance-may-worsen-delhi-weather-sirsa/article70438938.ece
2025-12-26 06:40:44,085 - INFO - [The Hindu] Attempt 1/1: Trying with 'selenium_browser' strategy...
2025-12-26 06:40:45,137 - INFO - [The Hindu] Page content loaded.
2025-12-26 06:40:45,240 - INFO - [The Hindu] Success with 'selenium_browser'. Found content (319 words).
2025-12-26 06:40:45,353 - INFO - Saved article: Continue pollution control measures as western disturbance may worsen Delhi weather: Sirsa - The Hindu from The Hindu
2025-12-26 06:40:46,610 - INFO - [The Hindu] Article: https://www.thehindu.com/news/national/jammu-and-kashmir/mirwaiz-umar-farooq-drops-hurriyat-chairman-title-from-x-profile/article70438959.ece
2025-12-26 06:40:46,611 - INFO - [The Hindu] Attempt 1/1: Trying with 'selenium_browser' strategy...
2025-12-26 06:40:47,844 - INFO - [The Hindu] Page content loaded.
2025-12-26 06:40:47,910 - INFO - [The Hindu] Success with 'selenium_browser'. Found content (203 words).
2025-12-26 06:40:48,010 - INFO - Saved article: Mirwaiz Umar Farooq drops ‘Hurriyat chairman’ title from X profile - The Hindu from The Hindu
2025-12-26 06:40:49,058 - INFO - [The Hindu] (Thread) Finished. Attempting to shut down its Selenium driver.
2025-12-26 06:40:49,190 - INFO - [The Hindu] (Thread) driver.quit() successful.
2025-12-26 06:42:14,024 - ERROR - [Times of India] Request failed for strategy 'selenium_browser' on URL https://timesofindia.indiatimes.com/world/middle-east/saudi-arabia-introduces-new-white-land-rules-imposes-fines-up-to-100-on-undeveloped-plots/articleshow/126184174.cms: HTTPConnectionPool(host='localhost', port=35161): Read timed out. (read timeout=120)
2025-12-26 06:42:14,024 - ERROR - [Times of India] All scrape strategies failed for https://timesofindia.indiatimes.com/world/middle-east/saudi-arabia-introduces-new-white-land-rules-imposes-fines-up-to-100-on-undeveloped-plots/articleshow/126184174.cms. Falling back to RSS description.
2025-12-26 06:42:14,027 - INFO - Saved article: Saudi Arabia introduces new White Land Rules, imposes fines up to 100% on undeveloped plots from Times of India
2025-12-26 06:42:14,842 - INFO - [Times of India] Article: https://timesofindia.indiatimes.com/world/middle-east/uae-sharjah-grants-government-employee-status-to-imams-and-muezzins-across-all-mosques/articleshow/126183032.cms
2025-12-26 06:42:14,842 - INFO - [Times of India] Attempt 1/1: Trying with 'selenium_browser' strategy...
2025-12-26 06:44:14,943 - ERROR - [Times of India] Request failed for strategy 'selenium_browser' on URL https://timesofindia.indiatimes.com/world/middle-east/uae-sharjah-grants-government-employee-status-to-imams-and-muezzins-across-all-mosques/articleshow/126183032.cms: HTTPConnectionPool(host='localhost', port=35161): Read timed out. (read timeout=120)
2025-12-26 06:44:14,943 - ERROR - [Times of India] All scrape strategies failed for https://timesofindia.indiatimes.com/world/middle-east/uae-sharjah-grants-government-employee-status-to-imams-and-muezzins-across-all-mosques/articleshow/126183032.cms. Falling back to RSS description.
2025-12-26 06:44:14,945 - INFO - Saved article: UAE: Sharjah grants government employee status to imams and muezzins across all mosques from Times of India
2025-12-26 06:44:15,688 - INFO - [Times of India] Article: https://timesofindia.indiatimes.com/world/us/enjoy-what-may-be-your-last-trumps-christmas-message-for-sleazebags-who-loved-jeffrey-epstein-warning-shot-fired/articleshow/126181193.cms
2025-12-26 06:44:15,688 - INFO - [Times of India] Attempt 1/1: Trying with 'selenium_browser' strategy...
2025-12-26 06:45:06,108 - CRITICAL - --- TIMEOUT: 1 scrape jobs did not complete in 300s. ---
2025-12-26 06:45:06,109 - ERROR - A thread has timed out and will be abandoned.
2025-12-26 06:45:06,109 - INFO - Shutting down thread pool (wait=False)...
2025-12-26 06:45:06,109 - INFO - Scraped: 0 The Guardian, 10 The Hindu, 2 BBC, 1 Timed_Out_Jobs articles. (Total saved: 12)
2025-12-26 06:45:06,109 - INFO - --- Scraping job finished ---
2025-12-26 06:45:06,109 - INFO - --- Scraper service stopped and database connection closed. ---
2025-12-26 06:45:06,109 - INFO - --- Main thread finished. Forcing process exit to kill zombie threads. ---
