2025-12-03 01:58:54,546 - INFO - Initializing database connection at: news_articles.db
2025-12-03 01:58:54,547 - INFO - --- Scraper service started (CI Mode: Run Once) ---
2025-12-03 01:58:54,547 - INFO - --- Starting new scraping job (Parallel Mode) ---
2025-12-03 01:58:54,547 - INFO - Creating new robust session with 3 retries on 5xx/connection/read errors.
2025-12-03 01:58:54,547 - INFO - Proxy is DISABLED.
2025-12-03 01:58:54,547 - INFO - Starting scrape for BBC RSS feed: http://feeds.bbci.co.uk/news/world/rss.xml
2025-12-03 01:58:54,547 - INFO - [Times of India] (Thread) requires Selenium. Initializing driver...
2025-12-03 01:58:54,548 - INFO - Initializing headless Selenium Chrome driver (using SeleniumManager)...
2025-12-03 01:58:54,548 - INFO - Starting scrape for The Guardian RSS feed: https://www.theguardian.com/world/rss
2025-12-03 01:58:54,549 - INFO - [The Hindu] (Thread) requires Selenium. Initializing driver...
2025-12-03 01:58:54,552 - INFO - Initializing headless Selenium Chrome driver (using SeleniumManager)...
2025-12-03 01:58:54,552 - INFO - Submitted 4 jobs to thread pool. Waiting up to 300s for completion...
2025-12-03 01:58:54,692 - INFO - Found 44 articles in The Guardian RSS feed. Processing up to 10.
2025-12-03 01:58:54,692 - INFO - [The Guardian] Article: https://www.theguardian.com/us-news/2025/dec/02/trump-somali-immigrants-minnesota
2025-12-03 01:58:54,692 - INFO - [The Guardian] Attempt 1/1: Trying with 'requests_browser' strategy...
2025-12-03 01:58:54,734 - INFO - [The Guardian] Success with 'requests_browser'. Found content (473 words).
2025-12-03 01:58:54,768 - INFO - Duplicate article skipped: Trump calls Somali immigrants ‘garbage’ as US reportedly targets Minnesota community | Trump administration | The Guardian from The Guardian
2025-12-03 01:58:54,812 - INFO - Found 38 articles in BBC RSS feed. Processing up to 10.
2025-12-03 01:58:54,812 - INFO - [BBC] Article: https://www.bbc.com/news/articles/cwyv0ex7v8ro?at_medium=RSS&at_campaign=rss
2025-12-03 01:58:54,812 - INFO - [BBC] Attempt 1/1: Trying with 'requests_browser' strategy...
2025-12-03 01:58:55,218 - INFO - [BBC] Success with 'requests_browser'. Found content (754 words).
2025-12-03 01:58:55,260 - INFO - Saved article: Putin hosts US negotiators at Kremlin for Ukraine talks from BBC
2025-12-03 01:58:56,027 - INFO - [The Guardian] Article: https://www.theguardian.com/world/2025/dec/01/south-africans-court-alleged-recruitment-russia-war-ukraine
2025-12-03 01:58:56,027 - INFO - [The Guardian] Attempt 1/1: Trying with 'requests_browser' strategy...
2025-12-03 01:58:56,092 - INFO - [The Guardian] Success with 'requests_browser'. Found content (506 words).
2025-12-03 01:58:56,133 - INFO - Duplicate article skipped: Five South Africans in court over alleged recruitment for Russia’s war in Ukraine | South Africa | The Guardian from The Guardian
2025-12-03 01:58:56,478 - INFO - [BBC] Article: https://www.bbc.com/news/articles/cpq47derx2vo?at_medium=RSS&at_campaign=rss
2025-12-03 01:58:56,478 - INFO - [BBC] Attempt 1/1: Trying with 'requests_browser' strategy...
2025-12-03 01:58:56,533 - INFO - [BBC] Success with 'requests_browser'. Found content (991 words).
2025-12-03 01:58:56,569 - INFO - Duplicate article skipped: Ukrainians in war-ravaged Donbas weigh prospects of peace deal from BBC
2025-12-03 01:58:57,284 - INFO - [BBC] Article: https://www.bbc.com/news/articles/c0r95q9kv1go?at_medium=RSS&at_campaign=rss
2025-12-03 01:58:57,284 - INFO - [BBC] Attempt 1/1: Trying with 'requests_browser' strategy...
2025-12-03 01:58:57,404 - INFO - [BBC] Success with 'requests_browser'. Found content (1075 words).
2025-12-03 01:58:57,411 - INFO - [The Guardian] Article: https://www.theguardian.com/global-development/2025/dec/01/global-health-hiv-aids-funding-cuts-infections-prevention
2025-12-03 01:58:57,411 - INFO - [The Guardian] Attempt 1/1: Trying with 'requests_browser' strategy...
2025-12-03 01:58:57,443 - INFO - Duplicate article skipped: US authorised second deadly Venezuela boat strike, White House says from BBC
2025-12-03 01:58:57,460 - INFO - [The Guardian] Success with 'requests_browser'. Found content (674 words).
2025-12-03 01:58:57,497 - INFO - Duplicate article skipped: Aid cuts have shaken HIV/Aids care to its core – and will mean millions more infections ahead | Global health | The Guardian from The Guardian
2025-12-03 01:58:58,166 - INFO - [The Guardian] Article: https://www.theguardian.com/world/2025/nov/30/african-leaders-push-for-recognition-of-colonial-crimes-and-reparations
2025-12-03 01:58:58,166 - INFO - [The Guardian] Attempt 1/1: Trying with 'requests_browser' strategy...
2025-12-03 01:58:58,214 - INFO - [BBC] Article: https://www.bbc.com/news/articles/cedxyvx74p4o?at_medium=RSS&at_campaign=rss
2025-12-03 01:58:58,214 - INFO - [BBC] Attempt 1/1: Trying with 'requests_browser' strategy...
2025-12-03 01:58:58,220 - INFO - [The Guardian] Success with 'requests_browser'. Found content (670 words).
2025-12-03 01:58:58,264 - INFO - Duplicate article skipped: African leaders push for recognition of colonial crimes and reparations | Colonialism | The Guardian from The Guardian
2025-12-03 01:58:58,284 - INFO - [BBC] Success with 'requests_browser'. Found content (768 words).
2025-12-03 01:58:58,318 - INFO - Duplicate article skipped: Sanchar Saathi: India mandates state-owned cyber safety app on all smartphones from BBC
2025-12-03 01:58:59,062 - INFO - [BBC] Article: https://www.bbc.com/news/articles/cn41jge1990o?at_medium=RSS&at_campaign=rss
2025-12-03 01:58:59,062 - INFO - [BBC] Attempt 1/1: Trying with 'requests_browser' strategy...
2025-12-03 01:58:59,106 - INFO - [BBC] Success with 'requests_browser'. Found content (595 words).
2025-12-03 01:58:59,141 - INFO - Duplicate article skipped: Pope prays at site of Beirut port blast at end of Lebanon visit from BBC
2025-12-03 01:58:59,365 - INFO - [The Guardian] Article: https://www.theguardian.com/world/2025/nov/28/jacob-zuma-daughter-resigns-claims-south-africans-tricked-fight-russia
2025-12-03 01:58:59,365 - INFO - [The Guardian] Attempt 1/1: Trying with 'requests_browser' strategy...
2025-12-03 01:58:59,407 - INFO - [The Guardian] Success with 'requests_browser'. Found content (753 words).
2025-12-03 01:58:59,460 - INFO - Duplicate article skipped: Jacob Zuma’s daughter resigns amid claims South Africans tricked to fight for Russia | South Africa | The Guardian from The Guardian
2025-12-03 01:59:00,626 - INFO - [BBC] Article: https://www.bbc.com/news/articles/cg7v24m1leyo?at_medium=RSS&at_campaign=rss
2025-12-03 01:59:00,626 - INFO - [BBC] Attempt 1/1: Trying with 'requests_browser' strategy...
2025-12-03 01:59:00,683 - INFO - [BBC] Success with 'requests_browser'. Found content (236 words).
2025-12-03 01:59:00,718 - INFO - Duplicate article skipped: Rare Fabergé egg fetches record £22.9m at London auction from BBC
2025-12-03 01:59:00,818 - INFO - [The Guardian] Article: https://www.theguardian.com/us-news/live/2025/dec/02/donald-trump-pete-hegseth-boat-venezuela-maduro-tennessee-us-politics-live-news-updates
2025-12-03 01:59:00,818 - INFO - [The Guardian] Attempt 1/1: Trying with 'requests_browser' strategy...
2025-12-03 01:59:01,145 - INFO - [The Guardian] Success with 'requests_browser'. Found content (3248 words).
2025-12-03 01:59:01,226 - INFO - Duplicate article skipped: Pete Hegseth says he ‘didn’t stick around’ to watch second strike on alleged drug boat as Democrats slam administration over attacks – live | Trump administration | The Guardian from The Guardian
2025-12-03 01:59:01,246 - INFO - [BBC] Article: https://www.bbc.com/news/articles/c0q5n3x0jn9o?at_medium=RSS&at_campaign=rss
2025-12-03 01:59:01,246 - INFO - [BBC] Attempt 1/1: Trying with 'requests_browser' strategy...
2025-12-03 01:59:01,473 - INFO - [BBC] Success with 'requests_browser'. Found content (328 words).
2025-12-03 01:59:01,506 - INFO - Duplicate article skipped: Thousands of rounds of German army ammunition stolen from lorry from BBC
2025-12-03 01:59:02,137 - INFO - [The Guardian] Article: https://www.theguardian.com/world/2025/dec/02/trump-intervention-honduras-presidential-vote-count-stalls-nasry-asfura
2025-12-03 01:59:02,137 - INFO - [The Guardian] Attempt 1/1: Trying with 'requests_browser' strategy...
2025-12-03 01:59:02,172 - INFO - [The Guardian] Success with 'requests_browser'. Found content (945 words).
2025-12-03 01:59:02,213 - INFO - Duplicate article skipped: Trump frees ex-Honduran president from prison as country awaits knife-edge election result | Honduras | The Guardian from The Guardian
2025-12-03 01:59:02,941 - INFO - [The Guardian] Article: https://www.theguardian.com/us-news/2025/dec/02/pete-hegseth-franklin-the-turtle
2025-12-03 01:59:02,941 - INFO - [The Guardian] Attempt 1/1: Trying with 'requests_browser' strategy...
2025-12-03 01:59:02,966 - INFO - [The Guardian] Success with 'requests_browser'. Found content (438 words).
2025-12-03 01:59:02,988 - INFO - [BBC] Article: https://www.bbc.com/news/articles/c93n4nx5yqro?at_medium=RSS&at_campaign=rss
2025-12-03 01:59:02,988 - INFO - [BBC] Attempt 1/1: Trying with 'requests_browser' strategy...
2025-12-03 01:59:03,004 - INFO - Duplicate article skipped: Publisher condemns ‘violent’ use of Franklin the Turtle after Hegseth’s boat strike post | Pete Hegseth | The Guardian from The Guardian
2025-12-03 01:59:03,042 - INFO - [BBC] Success with 'requests_browser'. Found content (1032 words).
2025-12-03 01:59:03,078 - INFO - Duplicate article skipped: Why is US President Trump threatening Venezuela's President Maduro? from BBC
2025-12-03 01:59:03,767 - INFO - [BBC] Article: https://www.bbc.com/news/articles/ce3wq2zznz1o?at_medium=RSS&at_campaign=rss
2025-12-03 01:59:03,767 - INFO - [BBC] Attempt 1/1: Trying with 'requests_browser' strategy...
2025-12-03 01:59:03,808 - INFO - [BBC] Success with 'requests_browser'. Found content (740 words).
2025-12-03 01:59:03,844 - INFO - Duplicate article skipped: Guinea Bissau coup: Nigeria grants asylum to presidential candidate Fernando Dias from BBC
2025-12-03 01:59:03,872 - INFO - [The Guardian] Article: https://www.theguardian.com/us-news/2025/dec/02/monterrey-mexico-air-quality-industrial-pollution
2025-12-03 01:59:03,872 - INFO - [The Guardian] Attempt 1/1: Trying with 'requests_browser' strategy...
2025-12-03 01:59:03,929 - INFO - [The Guardian] Success with 'requests_browser'. Found content (3688 words).
2025-12-03 01:59:03,977 - INFO - Duplicate article skipped: Revealed: Mexico’s industrial boomtown is making goods for the US. Residents say they’re ‘breathing poison’ | Mexico | The Guardian from The Guardian
2025-12-03 01:59:04,678 - INFO - [BBC] Article: https://www.bbc.com/news/articles/ce8ng18p7v3o?at_medium=RSS&at_campaign=rss
2025-12-03 01:59:04,678 - INFO - [BBC] Attempt 1/1: Trying with 'requests_browser' strategy...
2025-12-03 01:59:04,718 - INFO - [BBC] Success with 'requests_browser'. Found content (582 words).
2025-12-03 01:59:04,752 - INFO - Duplicate article skipped: Hong Kong leader orders investigation into deadly fire that killed 151 from BBC
2025-12-03 01:59:05,478 - INFO - [The Guardian] Article: https://www.theguardian.com/world/2025/dec/02/st-lucia-election-prime-minister-philip-pierre-wins
2025-12-03 01:59:05,478 - INFO - [The Guardian] Attempt 1/1: Trying with 'requests_browser' strategy...
2025-12-03 01:59:05,586 - INFO - [The Guardian] Success with 'requests_browser'. Found content (313 words).
2025-12-03 01:59:05,618 - INFO - Duplicate article skipped: St Lucia prime minister Philip Pierre keeps majority as ruling party wins | St Lucia | The Guardian from The Guardian
2025-12-03 01:59:16,499 - INFO - Selenium driver initialized successfully.
2025-12-03 01:59:16,499 - INFO - Selenium driver initialized successfully.
2025-12-03 01:59:16,499 - INFO - Starting scrape for Times of India RSS feed: https://timesofindia.indiatimes.com/rssfeeds/296589292.cms
2025-12-03 01:59:16,499 - INFO - Starting scrape for The Hindu RSS feed: https://www.thehindu.com/news/national/feeder/default.rss
2025-12-03 01:59:16,627 - INFO - Found 100 articles in The Hindu RSS feed. Processing up to 10.
2025-12-03 01:59:16,627 - INFO - [The Hindu] Article: https://www.thehindu.com/news/national/police-criminal-courts-must-be-careful-in-filing-chargesheet-framing-charges-in-civil-disputes-sc/article70351908.ece
2025-12-03 01:59:16,627 - INFO - [The Hindu] Attempt 1/1: Trying with 'selenium_browser' strategy...
2025-12-03 01:59:16,695 - INFO - Found 20 articles in Times of India RSS feed. Processing up to 10.
2025-12-03 01:59:16,695 - INFO - [Times of India] Article: https://timesofindia.indiatimes.com/world/us-streamers/i-will-be-naming-candace-owens-alleges-tpusa-leaders-betrayed-charlie-kirk-before-deadly-shooting-and-vows-to-show-evidence/articleshow/125728624.cms
2025-12-03 01:59:16,695 - INFO - [Times of India] Attempt 1/1: Trying with 'selenium_browser' strategy...
2025-12-03 01:59:20,996 - INFO - [The Hindu] Page content loaded.
2025-12-03 01:59:21,855 - INFO - [The Hindu] Success with 'selenium_browser'. Found content (356 words).
2025-12-03 01:59:22,133 - INFO - Saved article: Police, criminal courts must be careful in filing chargesheet, framing charges in civil disputes: SC - The Hindu from The Hindu
2025-12-03 01:59:22,684 - INFO - [The Hindu] Article: https://www.thehindu.com/news/national/air-india-other-airlines-face-check-in-system-glitches-briefly-on-december-2/article70351895.ece
2025-12-03 01:59:22,685 - INFO - [The Hindu] Attempt 1/1: Trying with 'selenium_browser' strategy...
2025-12-03 01:59:26,357 - INFO - [The Hindu] Page content loaded.
2025-12-03 01:59:26,562 - INFO - [The Hindu] Success with 'selenium_browser'. Found content (152 words).
2025-12-03 01:59:26,724 - INFO - Saved article: Air India, other airlines face check-in system glitches briefly on December 2 - The Hindu from The Hindu
2025-12-03 01:59:28,087 - INFO - [The Hindu] Article: https://www.thehindu.com/news/cities/chennai/the-long-struggle-to-remove-british-military-officer-james-george-smith-neil-statue-from-mount-road-in-chennai/article70346139.ece
2025-12-03 01:59:28,087 - INFO - [The Hindu] Attempt 1/1: Trying with 'selenium_browser' strategy...
2025-12-03 01:59:30,731 - INFO - [The Hindu] Page content loaded.
2025-12-03 01:59:30,893 - INFO - [The Hindu] Success with 'selenium_browser'. Found content (1586 words).
2025-12-03 01:59:31,062 - INFO - Saved article: The long struggle to remove a British military officer’s statue from Chennai’s Mount Road - The Hindu from The Hindu
2025-12-03 01:59:32,103 - INFO - [The Hindu] Article: https://www.thehindu.com/sci-tech/energy-and-environment/how-the-kosis-shifting-course-exposes-the-perils-of-embankments/article70275705.ece
2025-12-03 01:59:32,103 - INFO - [The Hindu] Attempt 1/1: Trying with 'selenium_browser' strategy...
2025-12-03 01:59:36,744 - INFO - [The Hindu] Page content loaded.
2025-12-03 01:59:36,984 - INFO - [The Hindu] Success with 'selenium_browser'. Found content (1528 words).
2025-12-03 01:59:37,183 - INFO - Saved article: How the Kosi’s shifting course exposes the perils of embankments - The Hindu from The Hindu
2025-12-03 01:59:38,052 - INFO - [The Hindu] Article: https://www.thehindu.com/news/national/tamil-nadu/tamil-nadu-infocus-on-k-ponnusamy-how-old-debt-defaults-came-to-haunt-an-ex-minister-in-a-corruption-case-many-years-later/article70351186.ece
2025-12-03 01:59:38,052 - INFO - [The Hindu] Attempt 1/1: Trying with 'selenium_browser' strategy...
2025-12-03 01:59:39,905 - INFO - [The Hindu] Page content loaded.
2025-12-03 01:59:39,969 - INFO - [The Hindu] Success with 'selenium_browser'. Found content (1012 words).
2025-12-03 01:59:40,056 - INFO - Saved article: How old debt defaults came to haunt an ex-Minister in a corruption case many years later - The Hindu from The Hindu
2025-12-03 01:59:41,379 - INFO - [The Hindu] Article: https://www.thehindu.com/news/cities/chennai/vacancies-in-loco-pilot-posts-cause-hardship-to-commuters-in-chennai-division/article70345655.ece
2025-12-03 01:59:41,379 - INFO - [The Hindu] Attempt 1/1: Trying with 'selenium_browser' strategy...
2025-12-03 02:01:16,782 - ERROR - [Times of India] Request failed for strategy 'selenium_browser' on URL https://timesofindia.indiatimes.com/world/us-streamers/i-will-be-naming-candace-owens-alleges-tpusa-leaders-betrayed-charlie-kirk-before-deadly-shooting-and-vows-to-show-evidence/articleshow/125728624.cms: HTTPConnectionPool(host='localhost', port=39585): Read timed out. (read timeout=120)
2025-12-03 02:01:16,783 - ERROR - [Times of India] All scrape strategies failed for https://timesofindia.indiatimes.com/world/us-streamers/i-will-be-naming-candace-owens-alleges-tpusa-leaders-betrayed-charlie-kirk-before-deadly-shooting-and-vows-to-show-evidence/articleshow/125728624.cms. Falling back to RSS description.
2025-12-03 02:01:16,785 - INFO - Saved article: Candace Owens alleges TPUSA leaders betrayed Charlie Kirk before deadly shooting and vows to show evidence from Times of India
2025-12-03 02:01:17,313 - INFO - [Times of India] Article: https://timesofindia.indiatimes.com/world/us-streamers/meghan-markle-faces-backlash-as-perez-hilton-calls-her-turkey-clip-a-safety-hazard-and-names-her-salmonella-sussex/articleshow/125730524.cms
2025-12-03 02:01:17,313 - INFO - [Times of India] Attempt 1/1: Trying with 'selenium_browser' strategy...
2025-12-03 02:01:41,481 - ERROR - [The Hindu] Request failed for strategy 'selenium_browser' on URL https://www.thehindu.com/news/cities/chennai/vacancies-in-loco-pilot-posts-cause-hardship-to-commuters-in-chennai-division/article70345655.ece: HTTPConnectionPool(host='localhost', port=33891): Read timed out. (read timeout=120)
2025-12-03 02:01:41,482 - ERROR - [The Hindu] All scrape strategies failed for https://www.thehindu.com/news/cities/chennai/vacancies-in-loco-pilot-posts-cause-hardship-to-commuters-in-chennai-division/article70345655.ece. Falling back to RSS description.
2025-12-03 02:01:41,484 - INFO - Saved article: Vacancies in loco pilot posts cause hardship to commuters in Chennai division from The Hindu
2025-12-03 02:01:41,991 - INFO - [The Hindu] Article: https://www.thehindu.com/news/national/peru-presidential-hopeful-bloodied-but-safe-after-gun-attack/article70351192.ece
2025-12-03 02:01:41,991 - INFO - [The Hindu] Attempt 1/1: Trying with 'selenium_browser' strategy...
2025-12-03 02:03:17,414 - ERROR - [Times of India] Request failed for strategy 'selenium_browser' on URL https://timesofindia.indiatimes.com/world/us-streamers/meghan-markle-faces-backlash-as-perez-hilton-calls-her-turkey-clip-a-safety-hazard-and-names-her-salmonella-sussex/articleshow/125730524.cms: HTTPConnectionPool(host='localhost', port=39585): Read timed out. (read timeout=120)
2025-12-03 02:03:17,414 - ERROR - [Times of India] All scrape strategies failed for https://timesofindia.indiatimes.com/world/us-streamers/meghan-markle-faces-backlash-as-perez-hilton-calls-her-turkey-clip-a-safety-hazard-and-names-her-salmonella-sussex/articleshow/125730524.cms. Falling back to RSS description.
2025-12-03 02:03:17,416 - INFO - Saved article: Meghan Markle faces backlash as Perez Hilton calls her turkey clip a safety hazard and names her Salmonella Sussex from Times of India
2025-12-03 02:03:18,676 - INFO - [Times of India] Article: https://timesofindia.indiatimes.com/world/us/subject-to-attack-trump-warns-any-country-trafficking-drugs-to-us-can-be-striked-names-colombia-bogota-hits-back/articleshow/125731104.cms
2025-12-03 02:03:18,676 - INFO - [Times of India] Attempt 1/1: Trying with 'selenium_browser' strategy...
2025-12-03 02:03:42,070 - ERROR - [The Hindu] Request failed for strategy 'selenium_browser' on URL https://www.thehindu.com/news/national/peru-presidential-hopeful-bloodied-but-safe-after-gun-attack/article70351192.ece: HTTPConnectionPool(host='localhost', port=33891): Read timed out. (read timeout=120)
2025-12-03 02:03:42,070 - ERROR - [The Hindu] All scrape strategies failed for https://www.thehindu.com/news/national/peru-presidential-hopeful-bloodied-but-safe-after-gun-attack/article70351192.ece. Falling back to RSS description.
2025-12-03 02:03:42,071 - INFO - Saved article: Peru presidential hopeful bloodied but safe after gun attack from The Hindu
2025-12-03 02:03:43,009 - INFO - [The Hindu] Article: https://www.thehindu.com/news/national/india-trashes-pakistans-claim-of-denial-of-overflight-to-send-aid-to-sri-lanka/article70351170.ece
2025-12-03 02:03:43,009 - INFO - [The Hindu] Attempt 1/1: Trying with 'selenium_browser' strategy...
2025-12-03 02:03:54,552 - CRITICAL - --- TIMEOUT: 2 scrape jobs did not complete in 300s. ---
2025-12-03 02:03:54,552 - ERROR - A thread has timed out and will be abandoned.
2025-12-03 02:03:54,552 - ERROR - A thread has timed out and will be abandoned.
2025-12-03 02:03:54,553 - INFO - Shutting down thread pool (wait=False)...
2025-12-03 02:03:54,553 - INFO - Scraped: 1 BBC, 0 The Guardian, 2 Timed_Out_Jobs articles. (Total saved: 1)
2025-12-03 02:03:54,553 - INFO - --- Scraping job finished ---
2025-12-03 02:03:54,553 - INFO - --- Scraper service stopped and database connection closed. ---
2025-12-03 02:03:54,553 - INFO - --- Main thread finished. Forcing process exit to kill zombie threads. ---
