2025-12-19 22:25:28,954 - INFO - Initializing database connection at: news_articles.db
2025-12-19 22:25:28,954 - INFO - --- Scraper service started (CI Mode: Run Once) ---
2025-12-19 22:25:28,954 - INFO - --- Starting new scraping job (Parallel Mode) ---
2025-12-19 22:25:28,954 - INFO - Creating new robust session with 3 retries on 5xx/connection/read errors.
2025-12-19 22:25:28,955 - INFO - Proxy is DISABLED.
2025-12-19 22:25:28,955 - INFO - Starting scrape for BBC RSS feed: http://feeds.bbci.co.uk/news/world/rss.xml
2025-12-19 22:25:28,955 - INFO - [Times of India] (Thread) requires Selenium. Initializing driver...
2025-12-19 22:25:28,955 - INFO - Initializing headless Selenium Chrome driver (using SeleniumManager)...
2025-12-19 22:25:28,958 - INFO - Starting scrape for The Guardian RSS feed: https://www.theguardian.com/world/rss
2025-12-19 22:25:28,960 - INFO - [The Hindu] (Thread) requires Selenium. Initializing driver...
2025-12-19 22:25:28,960 - INFO - Submitted 4 jobs to thread pool. Waiting up to 300s for completion...
2025-12-19 22:25:28,960 - INFO - Initializing headless Selenium Chrome driver (using SeleniumManager)...
2025-12-19 22:25:29,083 - INFO - Found 45 articles in The Guardian RSS feed. Processing up to 10.
2025-12-19 22:25:29,083 - INFO - [The Guardian] Article: https://www.theguardian.com/society/2025/dec/19/hepatitis-b-vaccine-study-guinea-bissau-rfk
2025-12-19 22:25:29,083 - INFO - [The Guardian] Attempt 1/1: Trying with 'requests_browser' strategy...
2025-12-19 22:25:29,201 - INFO - Found 38 articles in BBC RSS feed. Processing up to 10.
2025-12-19 22:25:29,202 - INFO - [BBC] Article: https://www.bbc.com/news/articles/cp89p082y2xo?at_medium=RSS&at_campaign=rss
2025-12-19 22:25:29,202 - INFO - [BBC] Attempt 1/1: Trying with 'requests_browser' strategy...
2025-12-19 22:25:29,296 - INFO - [The Guardian] Success with 'requests_browser'. Found content (1565 words).
2025-12-19 22:25:29,357 - INFO - Duplicate article skipped: US plan for $1.6m hepatitis B vaccine study in Africa called ‘highly unethical’ | Vaccines and immunisation | The Guardian from The Guardian
2025-12-19 22:25:29,383 - INFO - [BBC] Success with 'requests_browser'. Found content (1124 words).
2025-12-19 22:25:29,419 - INFO - Duplicate article skipped: Putin vows no more wars if West treats Russia with respect from BBC
2025-12-19 22:25:30,144 - INFO - [The Guardian] Article: https://www.theguardian.com/global-development/2025/dec/19/colombian-mercenaries-sudan-rsf-us-sanctions-recruited-uk-registered-firms-investigation
2025-12-19 22:25:30,144 - INFO - [The Guardian] Attempt 1/1: Trying with 'requests_browser' strategy...
2025-12-19 22:25:30,310 - INFO - [BBC] Article: https://www.bbc.com/news/articles/c3e025vyppeo?at_medium=RSS&at_campaign=rss
2025-12-19 22:25:30,310 - INFO - [BBC] Attempt 1/1: Trying with 'requests_browser' strategy...
2025-12-19 22:25:30,358 - INFO - [The Guardian] Success with 'requests_browser'. Found content (1251 words).
2025-12-19 22:25:30,419 - INFO - Duplicate article skipped: Colombian mercenaries in Sudan ‘recruited by UK-registered firms’ | Conflict and arms | The Guardian from The Guardian
2025-12-19 22:25:30,423 - INFO - [BBC] Success with 'requests_browser'. Found content (817 words).
2025-12-19 22:25:30,464 - INFO - Duplicate article skipped: EU leaders to loan €90bn to Ukraine - but fail to agree on using Russian assets from BBC
2025-12-19 22:25:30,735 - INFO - Selenium driver initialized successfully.
2025-12-19 22:25:30,735 - INFO - Starting scrape for The Hindu RSS feed: https://www.thehindu.com/news/national/feeder/default.rss
2025-12-19 22:25:30,736 - INFO - Selenium driver initialized successfully.
2025-12-19 22:25:30,736 - INFO - Starting scrape for Times of India RSS feed: https://timesofindia.indiatimes.com/rssfeeds/296589292.cms
2025-12-19 22:25:30,864 - INFO - Found 20 articles in Times of India RSS feed. Processing up to 10.
2025-12-19 22:25:30,864 - INFO - [Times of India] Article: https://timesofindia.indiatimes.com/world/us/epstein-files-released-justice-department-website-crashes-as-thousands-try-to-access-documents-how-to-view-them/articleshow/126084657.cms
2025-12-19 22:25:30,864 - INFO - [Times of India] Attempt 1/1: Trying with 'selenium_browser' strategy...
2025-12-19 22:25:30,951 - INFO - [The Guardian] Article: https://www.theguardian.com/global-development/2025/dec/18/morocco-genz212-protests-police-mass-arrests-beatings-detentions-rights
2025-12-19 22:25:30,951 - INFO - [The Guardian] Attempt 1/1: Trying with 'requests_browser' strategy...
2025-12-19 22:25:30,975 - INFO - [The Guardian] Success with 'requests_browser'. Found content (772 words).
2025-12-19 22:25:31,024 - INFO - Duplicate article skipped: Morocco accused of ‘horrific’ abuse of detained gen Z protesters | Morocco | The Guardian from The Guardian
2025-12-19 22:25:31,071 - INFO - Found 100 articles in The Hindu RSS feed. Processing up to 10.
2025-12-19 22:25:31,072 - INFO - [The Hindu] Article: https://www.thehindu.com/education/rajasthan-high-court-refuses-to-order-immediate-student-union-elections/article70416083.ece
2025-12-19 22:25:31,072 - INFO - [The Hindu] Attempt 1/1: Trying with 'selenium_browser' strategy...
2025-12-19 22:25:31,956 - INFO - [BBC] Article: https://www.bbc.com/news/articles/c8dy8r7lq0go?at_medium=RSS&at_campaign=rss
2025-12-19 22:25:31,956 - INFO - [BBC] Attempt 1/1: Trying with 'requests_browser' strategy...
2025-12-19 22:25:32,035 - INFO - [BBC] Success with 'requests_browser'. Found content (1597 words).
2025-12-19 22:25:32,122 - INFO - Saved article: Palestinians tell BBC they were sexually abused in Israeli prisons from BBC
2025-12-19 22:25:32,193 - INFO - [The Guardian] Article: https://www.theguardian.com/world/2025/dec/16/five-key-moments-in-the-assault-on-the-rights-of-women-and-girls-in-2025
2025-12-19 22:25:32,193 - INFO - [The Guardian] Attempt 1/1: Trying with 'requests_browser' strategy...
2025-12-19 22:25:32,411 - INFO - [The Guardian] Success with 'requests_browser'. Found content (914 words).
2025-12-19 22:25:32,488 - INFO - Duplicate article skipped: Five key moments in the assault on the rights of women and girls in 2025 | Anti-rights movement | The Guardian from The Guardian
2025-12-19 22:25:33,492 - INFO - [The Guardian] Article: https://www.theguardian.com/world/2025/dec/16/south-africa-russia-men-tricked-fighting-ukraine
2025-12-19 22:25:33,492 - INFO - [The Guardian] Attempt 1/1: Trying with 'requests_browser' strategy...
2025-12-19 22:25:33,499 - INFO - [BBC] Article: https://www.bbc.com/news/articles/cx251p7k23mo?at_medium=RSS&at_campaign=rss
2025-12-19 22:25:33,499 - INFO - [BBC] Attempt 1/1: Trying with 'requests_browser' strategy...
2025-12-19 22:25:33,599 - INFO - [BBC] Success with 'requests_browser'. Found content (415 words).
2025-12-19 22:25:33,732 - INFO - Duplicate article skipped: Taiwan: Knife attacker kills three after smoke bombing Taipei metro from BBC
2025-12-19 22:25:33,806 - INFO - [The Guardian] Success with 'requests_browser'. Found content (503 words).
2025-12-19 22:25:34,082 - INFO - Duplicate article skipped: South Africa in talks with Russia over men ‘tricked’ into fighting in Ukraine | South Africa | The Guardian from The Guardian
2025-12-19 22:25:34,984 - INFO - [The Hindu] Page content loaded.
2025-12-19 22:25:35,041 - INFO - [BBC] Article: https://www.bbc.com/news/articles/cp84p722m3do?at_medium=RSS&at_campaign=rss
2025-12-19 22:25:35,041 - INFO - [BBC] Attempt 1/1: Trying with 'requests_browser' strategy...
2025-12-19 22:25:35,194 - INFO - [BBC] Success with 'requests_browser'. Found content (516 words).
2025-12-19 22:25:35,267 - INFO - Duplicate article skipped: Erika Kirk endorses JD Vance for president at conservative event from BBC
2025-12-19 22:25:35,409 - INFO - [The Guardian] Article: https://www.theguardian.com/us-news/2025/dec/19/trump-venezuela-war
2025-12-19 22:25:35,410 - INFO - [The Guardian] Attempt 1/1: Trying with 'requests_browser' strategy...
2025-12-19 22:25:35,536 - INFO - [The Guardian] Success with 'requests_browser'. Found content (817 words).
2025-12-19 22:25:35,630 - INFO - Duplicate article skipped: Trump and top aides refuse to rule out war with Venezuela | US foreign policy | The Guardian from The Guardian
2025-12-19 22:25:36,122 - INFO - [The Hindu] Success with 'selenium_browser'. Found content (337 words).
2025-12-19 22:25:36,299 - INFO - [BBC] Article: https://www.bbc.com/news/articles/c5y9x4pj54eo?at_medium=RSS&at_campaign=rss
2025-12-19 22:25:36,299 - INFO - [BBC] Attempt 1/1: Trying with 'requests_browser' strategy...
2025-12-19 22:25:36,312 - INFO - Saved article: Rajasthan High Court refuses to order immediate student union elections - The Hindu from The Hindu
2025-12-19 22:25:36,335 - INFO - [BBC] Success with 'requests_browser'. Found content (346 words).
2025-12-19 22:25:36,393 - INFO - Duplicate article skipped: French court rejects Shein website ban over childlike sex dolls from BBC
2025-12-19 22:25:36,420 - INFO - [The Guardian] Article: https://www.theguardian.com/world/2025/dec/19/montreal-grocery-store-santas-elves-robbery
2025-12-19 22:25:36,420 - INFO - [The Guardian] Attempt 1/1: Trying with 'requests_browser' strategy...
2025-12-19 22:25:36,460 - INFO - [The Guardian] Success with 'requests_browser'. Found content (403 words).
2025-12-19 22:25:36,522 - INFO - Duplicate article skipped: Santas and elves rob Montreal grocery store to ‘give food to the needy’ | Canada | The Guardian from The Guardian
2025-12-19 22:25:37,264 - INFO - [The Hindu] Article: https://www.thehindu.com/news/national/govt-to-launch-nationwide-awareness-campaign-on-vb-g-ram-g-scheme/article70416592.ece
2025-12-19 22:25:37,266 - INFO - [The Hindu] Attempt 1/1: Trying with 'selenium_browser' strategy...
2025-12-19 22:25:37,646 - INFO - [The Guardian] Article: https://www.theguardian.com/world/2025/dec/19/colombia-eln-guerrilla-group-attack-military-base
2025-12-19 22:25:37,646 - INFO - [The Guardian] Attempt 1/1: Trying with 'requests_browser' strategy...
2025-12-19 22:25:37,841 - INFO - [The Guardian] Success with 'requests_browser'. Found content (351 words).
2025-12-19 22:25:37,863 - INFO - [BBC] Article: https://www.bbc.com/news/articles/cp89p41gr06o?at_medium=RSS&at_campaign=rss
2025-12-19 22:25:37,863 - INFO - [BBC] Attempt 1/1: Trying with 'requests_browser' strategy...
2025-12-19 22:25:37,945 - INFO - Duplicate article skipped: Seven Colombian soldiers killed in rebel drone attack on base near Venezuela | Colombia | The Guardian from The Guardian
2025-12-19 22:25:37,992 - INFO - [BBC] Success with 'requests_browser'. Found content (291 words).
2025-12-19 22:25:38,131 - INFO - Duplicate article skipped: Rome: Tourists to face €2 fee to get near Trevi Fountain from BBC
2025-12-19 22:25:38,857 - INFO - [The Guardian] Article: https://www.theguardian.com/world/2025/dec/19/i-cant-think-of-a-place-more-pristine-133000-hectares-of-chilean-patagonia-preserved-after-local-fundraising
2025-12-19 22:25:38,858 - INFO - [The Guardian] Attempt 1/1: Trying with 'requests_browser' strategy...
2025-12-19 22:25:39,018 - INFO - [The Guardian] Success with 'requests_browser'. Found content (1210 words).
2025-12-19 22:25:39,114 - INFO - [BBC] Article: https://www.bbc.com/news/articles/cpq4p535347o?at_medium=RSS&at_campaign=rss
2025-12-19 22:25:39,114 - INFO - [BBC] Attempt 1/1: Trying with 'requests_browser' strategy...
2025-12-19 22:25:39,169 - INFO - Duplicate article skipped: ‘I can’t think of a place more pristine’: 133,000 hectares of Chilean Patagonia preserved after local fundraising | Chile | The Guardian from The Guardian
2025-12-19 22:25:39,197 - INFO - [BBC] Success with 'requests_browser'. Found content (548 words).
2025-12-19 22:25:39,316 - INFO - Duplicate article skipped: Norway's crown princess likely needs lung transplant, palace says from BBC
2025-12-19 22:25:40,531 - INFO - [BBC] Article: https://www.bbc.com/news/articles/cm21pxen1jno?at_medium=RSS&at_campaign=rss
2025-12-19 22:25:40,531 - INFO - [BBC] Attempt 1/1: Trying with 'requests_browser' strategy...
2025-12-19 22:25:40,596 - INFO - [The Guardian] Article: https://www.theguardian.com/world/2025/dec/18/brazilian-congress-passes-bill-cut-jair-bolsonaro-prison-term
2025-12-19 22:25:40,597 - INFO - [The Guardian] Attempt 1/1: Trying with 'requests_browser' strategy...
2025-12-19 22:25:40,639 - INFO - [BBC] Success with 'requests_browser'. Found content (325 words).
2025-12-19 22:25:40,736 - INFO - Duplicate article skipped: German court jails man for drugging, raping and filming wife for years from BBC
2025-12-19 22:25:40,835 - INFO - [The Guardian] Success with 'requests_browser'. Found content (472 words).
2025-12-19 22:25:40,980 - INFO - Duplicate article skipped: Brazilian president vows to veto bill cutting Jair Bolsonaro’s prison term | Jair Bolsonaro | The Guardian from The Guardian
2025-12-19 22:25:42,096 - INFO - [BBC] Article: https://www.bbc.com/news/articles/c2462r82864o?at_medium=RSS&at_campaign=rss
2025-12-19 22:25:42,096 - INFO - [BBC] Attempt 1/1: Trying with 'requests_browser' strategy...
2025-12-19 22:25:42,237 - INFO - [BBC] Success with 'requests_browser'. Found content (614 words).
2025-12-19 22:25:42,443 - INFO - Duplicate article skipped: Bangladesh newspaper staff 'gasping for air' as offices set ablaze from BBC
2025-12-19 22:26:30,899 - ERROR - [Times of India] Request failed for strategy 'selenium_browser' on URL https://timesofindia.indiatimes.com/world/us/epstein-files-released-justice-department-website-crashes-as-thousands-try-to-access-documents-how-to-view-them/articleshow/126084657.cms: Message: timeout: Timed out receiving message from renderer: 59.882
  (Session info: chrome=143.0.7499.109)
Stacktrace:
#0 0x561e426bf19a <unknown>
#1 0x561e4213cc4b <unknown>
#2 0x561e42124cf3 <unknown>
#3 0x561e421249d6 <unknown>
#4 0x561e42122897 <unknown>
#5 0x561e421231af <unknown>
#6 0x561e42131970 <unknown>
#7 0x561e4214b017 <unknown>
#8 0x561e421516cb <unknown>
#9 0x561e421238d8 <unknown>
#10 0x561e4214adc3 <unknown>
#11 0x561e421d9f60 <unknown>
#12 0x561e42180c42 <unknown>
#13 0x561e421818f1 <unknown>
#14 0x561e42687f39 <unknown>
#15 0x561e4268ae7d <unknown>
#16 0x561e42670c81 <unknown>
#17 0x561e4268ba5b <unknown>
#18 0x561e42657a50 <unknown>
#19 0x561e426acaa8 <unknown>
#20 0x561e426acc79 <unknown>
#21 0x561e426be4f3 <unknown>
#22 0x7fbd2dc9caa4 <unknown>
#23 0x7fbd2dd29c6c <unknown>

2025-12-19 22:26:30,899 - ERROR - [Times of India] All scrape strategies failed for https://timesofindia.indiatimes.com/world/us/epstein-files-released-justice-department-website-crashes-as-thousands-try-to-access-documents-how-to-view-them/articleshow/126084657.cms. Falling back to RSS description.
2025-12-19 22:26:30,902 - INFO - Saved article: Epstein files released: Justice Department website crashes as thousands try to access documents – how to view them from Times of India
2025-12-19 22:26:31,911 - INFO - [Times of India] Article: https://timesofindia.indiatimes.com/world/us/they-did-know-each-other-claudio-neves-valente-had-ties-to-brown-university-and-mit-professor-decades-before-deadly-shootings/articleshow/126084418.cms
2025-12-19 22:26:31,911 - INFO - [Times of India] Attempt 1/1: Trying with 'selenium_browser' strategy...
2025-12-19 22:26:32,740 - INFO - [Times of India] Page content loaded.
2025-12-19 22:26:32,891 - INFO - [Times of India] Success with 'selenium_browser'. Found content (282 words).
2025-12-19 22:26:32,998 - INFO - Saved article: 'They did know each other': Claudio Neves Valente had ties to Brown University and MIT professor decades before deadly shootings - The Times of India from Times of India
2025-12-19 22:26:34,205 - INFO - [Times of India] Article: https://timesofindia.indiatimes.com/world/us/visa-applicants-go-through-indian-origin-congresswoman-weighs-in-on-trump-suspending-us-green-card-lottery/articleshow/126084380.cms
2025-12-19 22:26:34,205 - INFO - [Times of India] Attempt 1/1: Trying with 'selenium_browser' strategy...
2025-12-19 22:26:35,168 - INFO - [Times of India] Page content loaded.
2025-12-19 22:26:35,262 - INFO - [Times of India] Success with 'selenium_browser'. Found content (299 words).
2025-12-19 22:26:35,324 - INFO - Saved article: 'Visa applicants go through...': Indian-origin Congresswoman weighs in on Trump suspending US green card lottery - The Times of India from Times of India
2025-12-19 22:26:36,419 - INFO - [Times of India] Article: https://timesofindia.indiatimes.com/world/south-asia/massive-protests-in-bdesh-after-anti-india-radical-dies/articleshow/126084355.cms
2025-12-19 22:26:36,419 - INFO - [Times of India] Attempt 1/1: Trying with 'selenium_browser' strategy...
2025-12-19 22:26:37,297 - ERROR - [The Hindu] Request failed for strategy 'selenium_browser' on URL https://www.thehindu.com/news/national/govt-to-launch-nationwide-awareness-campaign-on-vb-g-ram-g-scheme/article70416592.ece: Message: timeout: Timed out receiving message from renderer: 59.918
  (Session info: chrome=143.0.7499.109)
Stacktrace:
#0 0x555d0d6fc19a <unknown>
#1 0x555d0d179c4b <unknown>
#2 0x555d0d161cf3 <unknown>
#3 0x555d0d1619d6 <unknown>
#4 0x555d0d15f897 <unknown>
#5 0x555d0d1601af <unknown>
#6 0x555d0d16e970 <unknown>
#7 0x555d0d188017 <unknown>
#8 0x555d0d18e6cb <unknown>
#9 0x555d0d1608d8 <unknown>
#10 0x555d0d187dc3 <unknown>
#11 0x555d0d216f60 <unknown>
#12 0x555d0d1bdc42 <unknown>
#13 0x555d0d1be8f1 <unknown>
#14 0x555d0d6c4f39 <unknown>
#15 0x555d0d6c7e7d <unknown>
#16 0x555d0d6adc81 <unknown>
#17 0x555d0d6c8a5b <unknown>
#18 0x555d0d694a50 <unknown>
#19 0x555d0d6e9aa8 <unknown>
#20 0x555d0d6e9c79 <unknown>
#21 0x555d0d6fb4f3 <unknown>
#22 0x7fe4e809caa4 <unknown>
#23 0x7fe4e8129c6c <unknown>

2025-12-19 22:26:37,297 - ERROR - [The Hindu] All scrape strategies failed for https://www.thehindu.com/news/national/govt-to-launch-nationwide-awareness-campaign-on-vb-g-ram-g-scheme/article70416592.ece. Falling back to RSS description.
2025-12-19 22:26:37,299 - INFO - Saved article: Govt. to launch nationwide awareness campaign on VB-G RAM G scheme from The Hindu
2025-12-19 22:26:37,610 - INFO - [Times of India] Page content loaded.
2025-12-19 22:26:37,731 - INFO - [Times of India] Success with 'selenium_browser'. Found content (306 words).
2025-12-19 22:26:37,790 - INFO - Saved article: Massive protests in Bangladesh after anti-India radical dies - The Times of India from Times of India
2025-12-19 22:26:38,433 - INFO - [The Hindu] Article: https://www.thehindu.com/news/cities/mumbai/leopard-spotted-in-thane-injuring-several-people/article70416834.ece
2025-12-19 22:26:38,433 - INFO - [The Hindu] Attempt 1/1: Trying with 'selenium_browser' strategy...
2025-12-19 22:26:38,699 - INFO - [Times of India] Article: https://timesofindia.indiatimes.com/world/us/green-card-on-steroids-trump-unveils-1-million-gold-card-immigration-visa-video/articleshow/126084315.cms
2025-12-19 22:26:38,699 - INFO - [Times of India] Attempt 1/1: Trying with 'selenium_browser' strategy...
2025-12-19 22:26:39,998 - INFO - [The Hindu] Page content loaded.
2025-12-19 22:26:40,064 - INFO - [The Hindu] Success with 'selenium_browser'. Found content (393 words).
2025-12-19 22:26:40,163 - INFO - Saved article: Leopard spotted in Thane, injuring several people - The Hindu from The Hindu
2025-12-19 22:26:41,502 - INFO - [The Hindu] Article: https://www.thehindu.com/news/national/tamil-nadu/official-to-be-suspended-over-delay-in-opening-gym-in-ward-62/article70417467.ece
2025-12-19 22:26:41,502 - INFO - [The Hindu] Attempt 1/1: Trying with 'selenium_browser' strategy...
2025-12-19 22:26:42,127 - INFO - [Times of India] Page content loaded.
2025-12-19 22:26:42,294 - INFO - [Times of India] Success with 'selenium_browser'. Found content (357 words).
2025-12-19 22:26:42,382 - INFO - Saved article: 'Green card on steroids': Trump unveils $1 million 'Gold Card' immigration visa – video - The Times of India from Times of India
2025-12-19 22:26:42,671 - INFO - [The Hindu] Page content loaded.
2025-12-19 22:26:42,726 - INFO - [The Hindu] Success with 'selenium_browser'. Found content (120 words).
2025-12-19 22:26:42,807 - INFO - Saved article: Official to be suspended over delay in opening gym in Ward 62 - The Hindu from The Hindu
2025-12-19 22:26:43,303 - INFO - [Times of India] Article: https://timesofindia.indiatimes.com/world/rest-of-world/marry-me-journalist-proposes-to-girlfriend-at-putins-year-end-press-conference-she-says-yes/articleshow/126084302.cms
2025-12-19 22:26:43,304 - INFO - [Times of India] Attempt 1/1: Trying with 'selenium_browser' strategy...
2025-12-19 22:26:44,239 - INFO - [The Hindu] Article: https://www.thehindu.com/sci-tech/science/isro-to-launch-us-satellite-on-december-24/article70416470.ece
2025-12-19 22:26:44,239 - INFO - [The Hindu] Attempt 1/1: Trying with 'selenium_browser' strategy...
2025-12-19 22:26:44,849 - INFO - [Times of India] Page content loaded.
2025-12-19 22:26:45,158 - INFO - [Times of India] Success with 'selenium_browser'. Found content (319 words).
2025-12-19 22:26:45,244 - INFO - Duplicate article skipped: 'Marry me': Journalist proposes to girlfriend at Putin's year-end press conference; she says 'yes' - The Times of India from Times of India
2025-12-19 22:26:45,608 - INFO - [The Hindu] Page content loaded.
2025-12-19 22:26:45,965 - INFO - [The Hindu] Success with 'selenium_browser'. Found content (110 words).
2025-12-19 22:26:46,120 - INFO - Saved article: ISRO to launch U.S. satellite on December 24 - The Hindu from The Hindu
2025-12-19 22:26:46,547 - INFO - [Times of India] Article: https://timesofindia.indiatimes.com/world/us-streamers/woman-understander-has-logged-on-hasan-piker-roasts-asmongolds-white-women-take/articleshow/126084269.cms
2025-12-19 22:26:46,547 - INFO - [Times of India] Attempt 1/1: Trying with 'selenium_browser' strategy...
2025-12-19 22:26:47,478 - INFO - [The Hindu] Article: https://www.thehindu.com/news/national/kerala/cial-hands-over-7982-crore-dividend-to-kerala-govt/article70415548.ece
2025-12-19 22:26:47,478 - INFO - [The Hindu] Attempt 1/1: Trying with 'selenium_browser' strategy...
2025-12-19 22:26:48,403 - INFO - [Times of India] Page content loaded.
2025-12-19 22:26:48,579 - INFO - [Times of India] Success with 'selenium_browser'. Found content (429 words).
2025-12-19 22:26:48,667 - INFO - [The Hindu] Page content loaded.
2025-12-19 22:26:48,682 - INFO - Duplicate article skipped: "Woman understander has logged on": Hasan Piker roasts Asmongold’s white women take - The Times of India from Times of India
2025-12-19 22:26:48,982 - INFO - [The Hindu] Success with 'selenium_browser'. Found content (151 words).
2025-12-19 22:26:49,150 - INFO - Duplicate article skipped: CIAL hands over ₹79.82 crore dividend to Kerala govt. - The Hindu from The Hindu
2025-12-19 22:26:50,045 - INFO - [Times of India] Article: https://timesofindia.indiatimes.com/world/us/even-if-indians-pay-100000-deport-them-maga-influencer-says-no-economic-gain-from-h-1bs-can-justify-destroying-american-culture/articleshow/126083807.cms
2025-12-19 22:26:50,045 - INFO - [Times of India] Attempt 1/1: Trying with 'selenium_browser' strategy...
2025-12-19 22:26:50,425 - INFO - [The Hindu] Article: https://www.thehindu.com/news/cities/kolkata/around-4000-micro-observers-to-scrutinise-sir-hearing-process-in-west-bengal/article70416405.ece
2025-12-19 22:26:50,425 - INFO - [The Hindu] Attempt 1/1: Trying with 'selenium_browser' strategy...
2025-12-19 22:26:51,514 - INFO - [The Hindu] Page content loaded.
2025-12-19 22:26:51,614 - INFO - [The Hindu] Success with 'selenium_browser'. Found content (311 words).
2025-12-19 22:26:51,776 - INFO - Duplicate article skipped: Around 4,000 micro-observers to scrutinise SIR hearing process in West Bengal - The Hindu from The Hindu
2025-12-19 22:26:52,123 - INFO - [Times of India] Page content loaded.
2025-12-19 22:26:52,233 - INFO - [Times of India] Success with 'selenium_browser'. Found content (291 words).
2025-12-19 22:26:52,310 - INFO - Duplicate article skipped: 'Even if Indians pay $100,000, deport them': MAGA influencer says no economic gain from H-1Bs can justify 'destroying' American culture - The Times of India from Times of India
2025-12-19 22:26:52,930 - INFO - [Times of India] Article: https://timesofindia.indiatimes.com/world/us/fits-the-pattern-former-immigration-official-says-trump-could-permanently-end-green-card-program-as-lottery-stops/articleshow/126083935.cms
2025-12-19 22:26:52,930 - INFO - [Times of India] Attempt 1/1: Trying with 'selenium_browser' strategy...
2025-12-19 22:26:53,063 - INFO - [The Hindu] Article: https://www.thehindu.com/news/national/bjp-working-president-nitin-nabin-meets-pm-modi/article70417476.ece
2025-12-19 22:26:53,063 - INFO - [The Hindu] Attempt 1/1: Trying with 'selenium_browser' strategy...
2025-12-19 22:26:54,264 - INFO - [The Hindu] Page content loaded.
2025-12-19 22:26:54,513 - INFO - [The Hindu] Success with 'selenium_browser'. Found content (213 words).
2025-12-19 22:26:54,595 - INFO - Duplicate article skipped: BJP working president Nitin Nabin meets PM Modi - The Hindu from The Hindu
2025-12-19 22:26:54,745 - INFO - [Times of India] Page content loaded.
2025-12-19 22:26:54,983 - INFO - [Times of India] Success with 'selenium_browser'. Found content (467 words).
2025-12-19 22:26:55,201 - INFO - Duplicate article skipped: 'Fits the pattern': Former immigration official says Trump could permanently end Green Card program as lottery stops - The Times of India from Times of India
2025-12-19 22:26:55,400 - INFO - [The Hindu] Article: https://www.thehindu.com/news/national/tamil-nadu/ai-training-programme-for-government-officials-to-be-launched/article70416928.ece
2025-12-19 22:26:55,401 - INFO - [The Hindu] Attempt 1/1: Trying with 'selenium_browser' strategy...
2025-12-19 22:26:55,858 - INFO - [Times of India] Article: https://timesofindia.indiatimes.com/world/middle-east/24000-pakistanis-deported-from-saudi-arabia-6000-sent-back-from-dubai-over-begging-report/articleshow/126083404.cms
2025-12-19 22:26:55,858 - INFO - [Times of India] Attempt 1/1: Trying with 'selenium_browser' strategy...
2025-12-19 22:26:56,536 - INFO - [The Hindu] Page content loaded.
2025-12-19 22:26:56,640 - INFO - [The Hindu] Success with 'selenium_browser'. Found content (116 words).
2025-12-19 22:26:56,755 - INFO - Duplicate article skipped: AI training programme for government officials to be launched - The Hindu from The Hindu
2025-12-19 22:26:57,298 - INFO - [Times of India] Page content loaded.
2025-12-19 22:26:57,670 - INFO - [Times of India] Success with 'selenium_browser'. Found content (352 words).
2025-12-19 22:26:57,814 - INFO - Duplicate article skipped: 24,000 Pakistanis deported from Saudi Arabia, 6,000 sent back from Dubai over ‘begging’: Report - The Times of India from Times of India
2025-12-19 22:26:58,250 - INFO - [The Hindu] Article: https://www.thehindu.com/news/national/karnataka/bengaluru-firm-deploys-ai-driven-climate-intelligence-system-in-its-coffee-plantations/article70416120.ece
2025-12-19 22:26:58,250 - INFO - [The Hindu] Attempt 1/1: Trying with 'selenium_browser' strategy...
2025-12-19 22:26:58,544 - INFO - [Times of India] (Thread) Finished. Attempting to shut down its Selenium driver.
2025-12-19 22:26:58,966 - INFO - [Times of India] (Thread) driver.quit() successful.
2025-12-19 22:26:59,565 - INFO - [The Hindu] Page content loaded.
2025-12-19 22:26:59,609 - INFO - [The Hindu] Success with 'selenium_browser'. Found content (231 words).
2025-12-19 22:26:59,685 - INFO - Duplicate article skipped: Bengaluru firm deploys AI-driven climate intelligence system in its coffee plantations - The Hindu from The Hindu
2025-12-19 22:27:00,365 - INFO - [The Hindu] (Thread) Finished. Attempting to shut down its Selenium driver.
2025-12-19 22:27:00,518 - INFO - [The Hindu] (Thread) driver.quit() successful.
2025-12-19 22:27:00,518 - INFO - Shutting down thread pool (wait=False)...
2025-12-19 22:27:00,518 - INFO - Scraped: 5 The Hindu, 1 BBC, 5 Times of India, 0 The Guardian articles. (Total saved: 11)
2025-12-19 22:27:00,519 - INFO - --- Scraping job finished ---
2025-12-19 22:27:00,524 - INFO - --- Scraper service stopped and database connection closed. ---
2025-12-19 22:27:00,524 - INFO - --- Main thread finished. Forcing process exit to kill zombie threads. ---
