2025-12-07 10:23:33,200 - INFO - Initializing database connection at: news_articles.db
2025-12-07 10:23:33,200 - INFO - --- Scraper service started (CI Mode: Run Once) ---
2025-12-07 10:23:33,200 - INFO - --- Starting new scraping job (Parallel Mode) ---
2025-12-07 10:23:33,200 - INFO - Creating new robust session with 3 retries on 5xx/connection/read errors.
2025-12-07 10:23:33,201 - INFO - Proxy is DISABLED.
2025-12-07 10:23:33,201 - INFO - Starting scrape for BBC RSS feed: http://feeds.bbci.co.uk/news/world/rss.xml
2025-12-07 10:23:33,201 - INFO - [Times of India] (Thread) requires Selenium. Initializing driver...
2025-12-07 10:23:33,201 - INFO - Initializing headless Selenium Chrome driver (using SeleniumManager)...
2025-12-07 10:23:33,202 - INFO - Starting scrape for The Guardian RSS feed: https://www.theguardian.com/world/rss
2025-12-07 10:23:33,202 - INFO - [The Hindu] (Thread) requires Selenium. Initializing driver...
2025-12-07 10:23:33,202 - INFO - Initializing headless Selenium Chrome driver (using SeleniumManager)...
2025-12-07 10:23:33,202 - INFO - Submitted 4 jobs to thread pool. Waiting up to 300s for completion...
2025-12-07 10:23:33,284 - INFO - Found 45 articles in The Guardian RSS feed. Processing up to 10.
2025-12-07 10:23:33,285 - INFO - [The Guardian] Article: https://www.theguardian.com/world/2025/dec/06/gunmen-kill-pretoria-south-african-hostel
2025-12-07 10:23:33,285 - INFO - [The Guardian] Attempt 1/1: Trying with 'requests_browser' strategy...
2025-12-07 10:23:33,429 - INFO - Found 29 articles in BBC RSS feed. Processing up to 10.
2025-12-07 10:23:33,429 - INFO - [BBC] Article: https://www.bbc.com/news/articles/cdj82d0nd4eo?at_medium=RSS&at_campaign=rss
2025-12-07 10:23:33,429 - INFO - [BBC] Attempt 1/1: Trying with 'requests_browser' strategy...
2025-12-07 10:23:33,446 - INFO - [The Guardian] Success with 'requests_browser'. Found content (285 words).
2025-12-07 10:23:33,481 - INFO - Duplicate article skipped: Gunmen kill at least 12 people including three-year-old in hostel in South Africa | South Africa | The Guardian from The Guardian
2025-12-07 10:23:33,700 - INFO - [BBC] Success with 'requests_browser'. Found content (620 words).
2025-12-07 10:23:33,731 - INFO - Duplicate article skipped: India: Staff and tourists among 25 killed in Goa nightclub fire from BBC
2025-12-07 10:23:34,877 - INFO - [BBC] Article: https://www.bbc.com/news/articles/c62v7n9wzkyo?at_medium=RSS&at_campaign=rss
2025-12-07 10:23:34,877 - INFO - [BBC] Attempt 1/1: Trying with 'requests_browser' strategy...
2025-12-07 10:23:34,903 - INFO - [BBC] Success with 'requests_browser'. Found content (248 words).
2025-12-07 10:23:34,938 - INFO - Saved article: Benin coup announced: Soldiers say they have ousted President Talon from power from BBC
2025-12-07 10:23:34,962 - INFO - [The Guardian] Article: https://www.theguardian.com/world/2025/dec/05/people-flee-dr-congo-fighting-one-day-after-peace-deal-signed-in-washington
2025-12-07 10:23:34,962 - INFO - [The Guardian] Attempt 1/1: Trying with 'requests_browser' strategy...
2025-12-07 10:23:35,125 - INFO - [The Guardian] Success with 'requests_browser'. Found content (411 words).
2025-12-07 10:23:35,167 - INFO - Duplicate article skipped: People flee DR Congo fighting one day after peace deal signed in Washington | Democratic Republic of the Congo | The Guardian from The Guardian
2025-12-07 10:23:35,934 - INFO - [The Guardian] Article: https://www.theguardian.com/global-development/2025/dec/05/rsf-massacres-sudanese-city-el-fasher-slaughterhouse-satellite-images
2025-12-07 10:23:35,934 - INFO - [The Guardian] Attempt 1/1: Trying with 'requests_browser' strategy...
2025-12-07 10:23:36,124 - INFO - [The Guardian] Success with 'requests_browser'. Found content (684 words).
2025-12-07 10:23:36,160 - INFO - Duplicate article skipped: RSF massacres left Sudanese city ‘a slaughterhouse’, satellite images show | Global development | The Guardian from The Guardian
2025-12-07 10:23:36,382 - INFO - [BBC] Article: https://www.bbc.com/news/articles/cz680jx511no?at_medium=RSS&at_campaign=rss
2025-12-07 10:23:36,383 - INFO - [BBC] Attempt 1/1: Trying with 'requests_browser' strategy...
2025-12-07 10:23:37,208 - INFO - [BBC] Success with 'requests_browser'. Found content (596 words).
2025-12-07 10:23:37,242 - INFO - Duplicate article skipped: Ukrainian city hit by 'massive' strike as peace talks in US conclude from BBC
2025-12-07 10:23:37,285 - INFO - [The Guardian] Article: https://www.theguardian.com/environment/2025/dec/05/african-penguins-starve-to-death-south-africa-sardine-population-aoe
2025-12-07 10:23:37,285 - INFO - [The Guardian] Attempt 1/1: Trying with 'requests_browser' strategy...
2025-12-07 10:23:37,308 - INFO - [The Guardian] Success with 'requests_browser'. Found content (530 words).
2025-12-07 10:23:37,343 - INFO - Duplicate article skipped: 60,000 African penguins starved to death after sardine numbers collapsed – study | Birds | The Guardian from The Guardian
2025-12-07 10:23:38,001 - INFO - [The Guardian] Article: https://www.theguardian.com/world/2025/dec/05/us-sanctions-sudan-army-rsf-ceasefire
2025-12-07 10:23:38,001 - INFO - [The Guardian] Attempt 1/1: Trying with 'requests_browser' strategy...
2025-12-07 10:23:38,171 - INFO - [The Guardian] Success with 'requests_browser'. Found content (849 words).
2025-12-07 10:23:38,219 - INFO - Duplicate article skipped: US considers wider sanctions on Sudanese army and RSF as ceasefire efforts falter | Sudan | The Guardian from The Guardian
2025-12-07 10:23:38,419 - INFO - [BBC] Article: https://www.bbc.com/news/articles/cqjgydnwxrpo?at_medium=RSS&at_campaign=rss
2025-12-07 10:23:38,419 - INFO - [BBC] Attempt 1/1: Trying with 'requests_browser' strategy...
2025-12-07 10:23:38,621 - INFO - [BBC] Success with 'requests_browser'. Found content (393 words).
2025-12-07 10:23:38,656 - INFO - Duplicate article skipped: Death toll passes 900 after devastating Indonesia floods from BBC
2025-12-07 10:23:39,530 - INFO - [The Guardian] Article: https://www.theguardian.com/world/2025/dec/06/venezuela-oil-trump-maduro
2025-12-07 10:23:39,530 - INFO - [The Guardian] Attempt 1/1: Trying with 'requests_browser' strategy...
2025-12-07 10:23:39,554 - INFO - [The Guardian] Success with 'requests_browser'. Found content (863 words).
2025-12-07 10:23:39,614 - INFO - Duplicate article skipped: Maduro says the real reason for Trump’s Venezuela fixation is oil – is he right? | Venezuela | The Guardian from The Guardian
2025-12-07 10:23:39,928 - INFO - [BBC] Article: https://www.bbc.com/news/articles/c3r7plnwr0zo?at_medium=RSS&at_campaign=rss
2025-12-07 10:23:39,928 - INFO - [BBC] Attempt 1/1: Trying with 'requests_browser' strategy...
2025-12-07 10:23:40,111 - INFO - [BBC] Success with 'requests_browser'. Found content (946 words).
2025-12-07 10:23:40,148 - INFO - Duplicate article skipped: LegCo: Hong Kong votes in election as city mourns deadly fire from BBC
2025-12-07 10:23:40,802 - INFO - [The Guardian] Article: https://www.theguardian.com/us-news/2025/dec/05/us-airstrike-survivors-clung-to-boat-wreckage-for-an-hour-before-second-deadly-attack-video-shows
2025-12-07 10:23:40,802 - INFO - [The Guardian] Attempt 1/1: Trying with 'requests_browser' strategy...
2025-12-07 10:23:40,865 - INFO - [BBC] Article: https://www.bbc.com/news/articles/cr7l4n89lr1o?at_medium=RSS&at_campaign=rss
2025-12-07 10:23:40,865 - INFO - [BBC] Attempt 1/1: Trying with 'requests_browser' strategy...
2025-12-07 10:23:40,970 - INFO - [The Guardian] Success with 'requests_browser'. Found content (1016 words).
2025-12-07 10:23:41,016 - INFO - Duplicate article skipped: US airstrike survivors clung to boat wreckage for an hour before second deadly attack, video shows | US military | The Guardian from The Guardian
2025-12-07 10:23:41,522 - INFO - [BBC] Success with 'requests_browser'. Found content (441 words).
2025-12-07 10:23:41,552 - INFO - Duplicate article skipped: National Park Service removes free entry on Martin Luther King Jr Day and Juneteenth from BBC
2025-12-07 10:23:41,882 - INFO - [The Guardian] Article: https://www.theguardian.com/us-news/2025/dec/05/neo-nazi-base-leader-on-terrorism-arrest
2025-12-07 10:23:41,883 - INFO - [The Guardian] Attempt 1/1: Trying with 'requests_browser' strategy...
2025-12-07 10:23:42,044 - INFO - [The Guardian] Success with 'requests_browser'. Found content (1072 words).
2025-12-07 10:23:42,080 - INFO - Duplicate article skipped: US leader of global neo-Nazi terrorist group signals retribution for arrests | Far right (US) | The Guardian from The Guardian
2025-12-07 10:23:42,626 - INFO - [BBC] Article: https://www.bbc.com/news/videos/cr4de0x2xqvo?at_medium=RSS&at_campaign=rss
2025-12-07 10:23:42,626 - INFO - [BBC] Attempt 1/1: Trying with 'requests_browser' strategy...
2025-12-07 10:23:42,677 - INFO - [BBC] Success with 'requests_browser'. Found content (92 words).
2025-12-07 10:23:42,721 - INFO - Duplicate article skipped: Australia wildfire rips through homes from BBC
2025-12-07 10:23:43,396 - INFO - [The Guardian] Article: https://www.theguardian.com/politics/audio/2025/dec/05/donald-trump-about-to-invade-venezuela-podcast
2025-12-07 10:23:43,397 - INFO - [The Guardian] Attempt 1/1: Trying with 'requests_browser' strategy...
2025-12-07 10:23:43,447 - INFO - Selenium driver initialized successfully.
2025-12-07 10:23:43,447 - INFO - Selenium driver initialized successfully.
2025-12-07 10:23:43,447 - INFO - Starting scrape for Times of India RSS feed: https://timesofindia.indiatimes.com/rssfeeds/296589292.cms
2025-12-07 10:23:43,447 - INFO - Starting scrape for The Hindu RSS feed: https://www.thehindu.com/news/national/feeder/default.rss
2025-12-07 10:23:43,540 - INFO - [BBC] Article: https://www.bbc.com/news/articles/c2em8wpkzkxo?at_medium=RSS&at_campaign=rss
2025-12-07 10:23:43,541 - INFO - [BBC] Attempt 1/1: Trying with 'requests_browser' strategy...
2025-12-07 10:23:43,556 - WARNING - [The Guardian] FAILED with 'requests_browser' (content was too short: 72 words).
2025-12-07 10:23:43,557 - ERROR - [The Guardian] All scrape strategies failed for https://www.theguardian.com/politics/audio/2025/dec/05/donald-trump-about-to-invade-venezuela-podcast. Falling back to RSS description.
2025-12-07 10:23:43,557 - INFO - Duplicate article skipped: “This is war”: Is Trump about to invade Venezuela? – podcast from The Guardian
2025-12-07 10:23:43,833 - INFO - Found 20 articles in Times of India RSS feed. Processing up to 10.
2025-12-07 10:23:43,833 - INFO - [Times of India] Article: https://timesofindia.indiatimes.com/world/middle-east/uae-imposes-penalties-of-up-to-dh5000-on-businesses-violating-e-invoicing-guidelines/articleshow/125815561.cms
2025-12-07 10:23:43,833 - INFO - [Times of India] Attempt 1/1: Trying with 'selenium_browser' strategy...
2025-12-07 10:23:44,254 - INFO - Found 100 articles in The Hindu RSS feed. Processing up to 10.
2025-12-07 10:23:44,254 - INFO - [The Hindu] Article: https://www.thehindu.com/news/national/tamil-nadu/tn-rising-summit-in-madurai-sees-91-mous-stalin-says-focus-is-on-uniform-development/article70368482.ece
2025-12-07 10:23:44,254 - INFO - [The Hindu] Attempt 1/1: Trying with 'selenium_browser' strategy...
2025-12-07 10:23:44,317 - INFO - [The Guardian] Article: https://www.theguardian.com/us-news/2025/dec/04/pentagon-boat-strike-pacific
2025-12-07 10:23:44,317 - INFO - [The Guardian] Attempt 1/1: Trying with 'requests_browser' strategy...
2025-12-07 10:23:44,346 - INFO - [The Guardian] Success with 'requests_browser'. Found content (637 words).
2025-12-07 10:23:44,407 - INFO - Duplicate article skipped: Pentagon announces it has killed four men in another boat strike in Pacific | US military | The Guardian from The Guardian
2025-12-07 10:23:44,433 - INFO - [BBC] Success with 'requests_browser'. Found content (1027 words).
2025-12-07 10:23:44,480 - INFO - Saved article: MF Husain: New Doha museum Lawh Wa Qalam celebrates Indian art legend from BBC
2025-12-07 10:23:44,995 - INFO - [BBC] Article: https://www.bbc.com/news/articles/c3e0z97qn3eo?at_medium=RSS&at_campaign=rss
2025-12-07 10:23:44,995 - INFO - [BBC] Attempt 1/1: Trying with 'requests_browser' strategy...
2025-12-07 10:23:45,909 - INFO - [BBC] Success with 'requests_browser'. Found content (429 words).
2025-12-07 10:23:45,967 - INFO - Duplicate article skipped: Iran arrests marathon organisers over women not wearing hijab from BBC
2025-12-07 10:23:46,596 - INFO - [BBC] Article: https://www.bbc.com/news/videos/czdg0598ry0o?at_medium=RSS&at_campaign=rss
2025-12-07 10:23:46,596 - INFO - [BBC] Attempt 1/1: Trying with 'requests_browser' strategy...
2025-12-07 10:23:48,182 - INFO - [BBC] Success with 'requests_browser'. Found content (202 words).
2025-12-07 10:23:48,453 - INFO - Duplicate article skipped: Olympic flame arrives in Rome ahead of Winter Olympics from BBC
2025-12-07 10:25:43,934 - ERROR - [Times of India] Request failed for strategy 'selenium_browser' on URL https://timesofindia.indiatimes.com/world/middle-east/uae-imposes-penalties-of-up-to-dh5000-on-businesses-violating-e-invoicing-guidelines/articleshow/125815561.cms: HTTPConnectionPool(host='localhost', port=57935): Read timed out. (read timeout=120)
2025-12-07 10:25:43,934 - ERROR - [Times of India] All scrape strategies failed for https://timesofindia.indiatimes.com/world/middle-east/uae-imposes-penalties-of-up-to-dh5000-on-businesses-violating-e-invoicing-guidelines/articleshow/125815561.cms. Falling back to RSS description.
2025-12-07 10:25:43,936 - INFO - Saved article: UAE imposes penalties of up to Dh5,000 on businesses violating e-invoicing guidelines from Times of India
2025-12-07 10:25:44,355 - ERROR - [The Hindu] Request failed for strategy 'selenium_browser' on URL https://www.thehindu.com/news/national/tamil-nadu/tn-rising-summit-in-madurai-sees-91-mous-stalin-says-focus-is-on-uniform-development/article70368482.ece: HTTPConnectionPool(host='localhost', port=49775): Read timed out. (read timeout=120)
2025-12-07 10:25:44,355 - ERROR - [The Hindu] All scrape strategies failed for https://www.thehindu.com/news/national/tamil-nadu/tn-rising-summit-in-madurai-sees-91-mous-stalin-says-focus-is-on-uniform-development/article70368482.ece. Falling back to RSS description.
2025-12-07 10:25:44,356 - INFO - Saved article: T.N. Rising Summit in Madurai sees 91 MoUs, Stalin says focus is on uniform development from The Hindu
2025-12-07 10:25:45,069 - INFO - [Times of India] Article: https://timesofindia.indiatimes.com/world/middle-east/uae-dubai-unveils-595-new-smart-bus-shelters-for-192-million-riders/articleshow/125815634.cms
2025-12-07 10:25:45,070 - INFO - [Times of India] Attempt 1/1: Trying with 'selenium_browser' strategy...
2025-12-07 10:25:45,583 - INFO - [The Hindu] Article: https://www.thehindu.com/news/national/tamil-nadu/fee-determination-order-to-be-produced-for-renewal-of-recognition-of-private-schools-in-tamil-nadu/article70368496.ece
2025-12-07 10:25:45,583 - INFO - [The Hindu] Attempt 1/1: Trying with 'selenium_browser' strategy...
2025-12-07 10:27:45,166 - ERROR - [Times of India] Request failed for strategy 'selenium_browser' on URL https://timesofindia.indiatimes.com/world/middle-east/uae-dubai-unveils-595-new-smart-bus-shelters-for-192-million-riders/articleshow/125815634.cms: HTTPConnectionPool(host='localhost', port=57935): Read timed out. (read timeout=120)
2025-12-07 10:27:45,166 - ERROR - [Times of India] All scrape strategies failed for https://timesofindia.indiatimes.com/world/middle-east/uae-dubai-unveils-595-new-smart-bus-shelters-for-192-million-riders/articleshow/125815634.cms. Falling back to RSS description.
2025-12-07 10:27:45,169 - INFO - Saved article: UAE: Dubai unveils 595 new smart bus shelters for 192 million riders from Times of India
2025-12-07 10:27:45,685 - ERROR - [The Hindu] Request failed for strategy 'selenium_browser' on URL https://www.thehindu.com/news/national/tamil-nadu/fee-determination-order-to-be-produced-for-renewal-of-recognition-of-private-schools-in-tamil-nadu/article70368496.ece: HTTPConnectionPool(host='localhost', port=49775): Read timed out. (read timeout=120)
2025-12-07 10:27:45,685 - ERROR - [The Hindu] All scrape strategies failed for https://www.thehindu.com/news/national/tamil-nadu/fee-determination-order-to-be-produced-for-renewal-of-recognition-of-private-schools-in-tamil-nadu/article70368496.ece. Falling back to RSS description.
2025-12-07 10:27:45,687 - INFO - Saved article: Fee determination order to be produced for renewal of recognition of private schools in Tamil Nadu from The Hindu
2025-12-07 10:27:46,456 - INFO - [The Hindu] Article: https://www.thehindu.com/news/national/kerala/no-good-certificate-to-jamaat-e-islami-hind-ever-says-kerala-cm/article70368435.ece
2025-12-07 10:27:46,457 - INFO - [The Hindu] Attempt 1/1: Trying with 'selenium_browser' strategy...
2025-12-07 10:27:46,517 - INFO - [Times of India] Article: https://timesofindia.indiatimes.com/world/middle-east/uae-aims-to-produce-60-trillion-ai-tokens-what-are-ai-tokens-and-why-they-matter/articleshow/125814739.cms
2025-12-07 10:27:46,517 - INFO - [Times of India] Attempt 1/1: Trying with 'selenium_browser' strategy...
2025-12-07 10:28:33,203 - CRITICAL - --- TIMEOUT: 2 scrape jobs did not complete in 300s. ---
2025-12-07 10:28:33,203 - ERROR - A thread has timed out and will be abandoned.
2025-12-07 10:28:33,203 - ERROR - A thread has timed out and will be abandoned.
2025-12-07 10:28:33,203 - INFO - Shutting down thread pool (wait=False)...
2025-12-07 10:28:33,203 - INFO - Scraped: 0 The Guardian, 2 BBC, 2 Timed_Out_Jobs articles. (Total saved: 2)
2025-12-07 10:28:33,203 - INFO - --- Scraping job finished ---
2025-12-07 10:28:33,203 - INFO - --- Scraper service stopped and database connection closed. ---
2025-12-07 10:28:33,203 - INFO - --- Main thread finished. Forcing process exit to kill zombie threads. ---
