2025-12-13 03:21:43,794 - INFO - Initializing database connection at: news_articles.db
2025-12-13 03:21:43,794 - INFO - --- Scraper service started (CI Mode: Run Once) ---
2025-12-13 03:21:43,794 - INFO - --- Starting new scraping job (Parallel Mode) ---
2025-12-13 03:21:43,795 - INFO - Creating new robust session with 3 retries on 5xx/connection/read errors.
2025-12-13 03:21:43,795 - INFO - Proxy is DISABLED.
2025-12-13 03:21:43,795 - INFO - Starting scrape for BBC RSS feed: http://feeds.bbci.co.uk/news/world/rss.xml
2025-12-13 03:21:43,795 - INFO - [Times of India] (Thread) requires Selenium. Initializing driver...
2025-12-13 03:21:43,796 - INFO - Starting scrape for The Guardian RSS feed: https://www.theguardian.com/world/rss
2025-12-13 03:21:43,796 - INFO - [The Hindu] (Thread) requires Selenium. Initializing driver...
2025-12-13 03:21:43,796 - INFO - Initializing headless Selenium Chrome driver (using SeleniumManager)...
2025-12-13 03:21:43,799 - INFO - Submitted 4 jobs to thread pool. Waiting up to 300s for completion...
2025-12-13 03:21:43,799 - INFO - Initializing headless Selenium Chrome driver (using SeleniumManager)...
2025-12-13 03:21:44,080 - INFO - Found 29 articles in BBC RSS feed. Processing up to 10.
2025-12-13 03:21:44,080 - INFO - [BBC] Article: https://www.bbc.com/news/articles/c98nnd01g91o?at_medium=RSS&at_campaign=rss
2025-12-13 03:21:44,080 - INFO - [BBC] Attempt 1/1: Trying with 'requests_browser' strategy...
2025-12-13 03:21:44,101 - INFO - Found 45 articles in The Guardian RSS feed. Processing up to 10.
2025-12-13 03:21:44,101 - INFO - [The Guardian] Article: https://www.theguardian.com/world/2025/dec/13/us-accuses-rwanda-of-violating-peace-deal
2025-12-13 03:21:44,102 - INFO - [The Guardian] Attempt 1/1: Trying with 'requests_browser' strategy...
2025-12-13 03:21:44,270 - INFO - [The Guardian] Success with 'requests_browser'. Found content (632 words).
2025-12-13 03:21:44,319 - INFO - Saved article: US scolds Rwanda for breaking peace deal as M23 rebels seize key Congo city | Rwanda | The Guardian from The Guardian
2025-12-13 03:21:44,408 - INFO - [BBC] Success with 'requests_browser'. Found content (1340 words).
2025-12-13 03:21:44,445 - INFO - Duplicate article skipped: EU backs indefinite freeze on Russia's frozen cash ahead of big loan plan for Ukraine from BBC
2025-12-13 03:21:44,967 - INFO - [BBC] Article: https://www.bbc.com/news/articles/crk777lj763o?at_medium=RSS&at_campaign=rss
2025-12-13 03:21:44,967 - INFO - [BBC] Attempt 1/1: Trying with 'requests_browser' strategy...
2025-12-13 03:21:45,010 - INFO - [BBC] Success with 'requests_browser'. Found content (1120 words).
2025-12-13 03:21:45,046 - INFO - Duplicate article skipped: New Epstein photos show Trump, Clinton and Andrew from BBC
2025-12-13 03:21:45,367 - INFO - [The Guardian] Article: https://www.theguardian.com/us-news/2025/dec/12/trump-ends-temporary-legal-status-ethiopia
2025-12-13 03:21:45,367 - INFO - [The Guardian] Attempt 1/1: Trying with 'requests_browser' strategy...
2025-12-13 03:21:45,395 - INFO - [The Guardian] Success with 'requests_browser'. Found content (322 words).
2025-12-13 03:21:45,431 - INFO - Duplicate article skipped: US ends temporary legal status for Ethiopians amid Trump crackdown | Trump administration | The Guardian from The Guardian
2025-12-13 03:21:46,230 - INFO - [BBC] Article: https://www.bbc.com/news/articles/cd0kkyx3vvxo?at_medium=RSS&at_campaign=rss
2025-12-13 03:21:46,230 - INFO - [BBC] Attempt 1/1: Trying with 'requests_browser' strategy...
2025-12-13 03:21:46,269 - INFO - [BBC] Success with 'requests_browser'. Found content (552 words).
2025-12-13 03:21:46,304 - INFO - Duplicate article skipped: Thailand-Cambodia fighting continues after Trump says countries agree to ceasefire from BBC
2025-12-13 03:21:46,657 - INFO - [The Guardian] Article: https://www.theguardian.com/world/2025/dec/12/uk-sanctions-four-rsf-commanders-heinous-violence-against-sudan-civilians
2025-12-13 03:21:46,657 - INFO - [The Guardian] Attempt 1/1: Trying with 'requests_browser' strategy...
2025-12-13 03:21:46,864 - INFO - [The Guardian] Success with 'requests_browser'. Found content (798 words).
2025-12-13 03:21:46,910 - INFO - Duplicate article skipped: UK imposes sanctions on four RSF officers for ‘heinous’ mass killings in Sudan | Sudan | The Guardian from The Guardian
2025-12-13 03:21:47,493 - INFO - [BBC] Article: https://www.bbc.com/news/articles/cqlkk9qk7vyo?at_medium=RSS&at_campaign=rss
2025-12-13 03:21:47,493 - INFO - [BBC] Attempt 1/1: Trying with 'requests_browser' strategy...
2025-12-13 03:21:47,530 - INFO - [BBC] Success with 'requests_browser'. Found content (521 words).
2025-12-13 03:21:47,570 - INFO - Saved article: Ukraine's health supplies hit in series of Russian strikes on medical warehouses from BBC
2025-12-13 03:21:48,073 - INFO - [BBC] Article: https://www.bbc.com/news/articles/c4gk34k9k23o?at_medium=RSS&at_campaign=rss
2025-12-13 03:21:48,073 - INFO - [BBC] Attempt 1/1: Trying with 'requests_browser' strategy...
2025-12-13 03:21:48,122 - INFO - [BBC] Success with 'requests_browser'. Found content (1685 words).
2025-12-13 03:21:48,165 - INFO - Duplicate article skipped: DR Congo-Rwanda peace process: Can Trump's shattered plan be glued back together? from BBC
2025-12-13 03:21:48,246 - INFO - [The Guardian] Article: https://www.theguardian.com/world/2025/dec/11/fate-of-11-nigerian-troops-unclear-after-unauthorised-plane-landing-in-burkina-faso
2025-12-13 03:21:48,246 - INFO - [The Guardian] Attempt 1/1: Trying with 'requests_browser' strategy...
2025-12-13 03:21:48,397 - INFO - [The Guardian] Success with 'requests_browser'. Found content (276 words).
2025-12-13 03:21:48,429 - INFO - Duplicate article skipped: Fate of 11 Nigerian troops unclear after ‘unauthorised’ plane landing in Burkina Faso | Burkina Faso | The Guardian from The Guardian
2025-12-13 03:21:49,119 - INFO - [BBC] Article: https://www.bbc.com/news/articles/c5y2271q20lo?at_medium=RSS&at_campaign=rss
2025-12-13 03:21:49,119 - INFO - [BBC] Attempt 1/1: Trying with 'requests_browser' strategy...
2025-12-13 03:21:49,160 - INFO - [BBC] Success with 'requests_browser'. Found content (444 words).
2025-12-13 03:21:49,223 - INFO - Saved article: Drunk raccoon found in liquor store suspected in karate studio break-in from BBC
2025-12-13 03:21:49,857 - INFO - [The Guardian] Article: https://www.theguardian.com/world/2025/dec/10/burkina-faso-releases-nigerian-troops-unauthorised-emergency-landing
2025-12-13 03:21:49,857 - INFO - [The Guardian] Attempt 1/1: Trying with 'requests_browser' strategy...
2025-12-13 03:21:50,009 - INFO - [The Guardian] Success with 'requests_browser'. Found content (388 words).
2025-12-13 03:21:50,043 - INFO - Duplicate article skipped: Burkina Faso releases 11 Nigerian troops after ‘unauthorised’ plane landing | Nigeria | The Guardian from The Guardian
2025-12-13 03:21:50,708 - INFO - [BBC] Article: https://www.bbc.com/news/articles/c5yjj2epvlro?at_medium=RSS&at_campaign=rss
2025-12-13 03:21:50,708 - INFO - [BBC] Attempt 1/1: Trying with 'requests_browser' strategy...
2025-12-13 03:21:50,753 - INFO - [BBC] Success with 'requests_browser'. Found content (615 words).
2025-12-13 03:21:50,794 - INFO - Duplicate article skipped: Ukraine accuses Russia of bombing Turkish ship in Odesa from BBC
2025-12-13 03:21:51,324 - INFO - Selenium driver initialized successfully.
2025-12-13 03:21:51,324 - INFO - Starting scrape for The Hindu RSS feed: https://www.thehindu.com/news/national/feeder/default.rss
2025-12-13 03:21:51,325 - INFO - Selenium driver initialized successfully.
2025-12-13 03:21:51,326 - INFO - Starting scrape for Times of India RSS feed: https://timesofindia.indiatimes.com/rssfeeds/296589292.cms
2025-12-13 03:21:51,404 - INFO - [The Guardian] Article: https://www.theguardian.com/world/2025/dec/12/brazilian-judge-sanction-lifted-bolsonaro
2025-12-13 03:21:51,404 - INFO - [The Guardian] Attempt 1/1: Trying with 'requests_browser' strategy...
2025-12-13 03:21:51,430 - INFO - [The Guardian] Success with 'requests_browser'. Found content (426 words).
2025-12-13 03:21:51,462 - INFO - Duplicate article skipped: US treasury lifts sanctions on Brazilian judge who presided over Bolsonaro case | Brazil | The Guardian from The Guardian
2025-12-13 03:21:51,600 - INFO - Found 20 articles in Times of India RSS feed. Processing up to 10.
2025-12-13 03:21:51,601 - INFO - [Times of India] Article: https://timesofindia.indiatimes.com/business/international-business/jjs-talc-trouble-continues-johnson-johnson-ordered-to-pay-40-million-in-baby-powder-cancer-case/articleshow/125943232.cms
2025-12-13 03:21:51,601 - INFO - [Times of India] Attempt 1/1: Trying with 'selenium_browser' strategy...
2025-12-13 03:21:51,714 - INFO - Found 100 articles in The Hindu RSS feed. Processing up to 10.
2025-12-13 03:21:51,714 - INFO - [The Hindu] Article: https://www.thehindu.com/news/national/maharashtra/14526-children-died-in-last-three-years-in-maharashtra-state-health-minister/article70388890.ece
2025-12-13 03:21:51,715 - INFO - [The Hindu] Attempt 1/1: Trying with 'selenium_browser' strategy...
2025-12-13 03:21:52,036 - INFO - [The Guardian] Article: https://www.theguardian.com/world/2025/dec/12/colombia-eln-guerrilla-rebels-trump
2025-12-13 03:21:52,036 - INFO - [The Guardian] Attempt 1/1: Trying with 'requests_browser' strategy...
2025-12-13 03:21:52,071 - INFO - [The Guardian] Success with 'requests_browser'. Found content (431 words).
2025-12-13 03:21:52,128 - INFO - Duplicate article skipped: Colombian rebels warn civilians of military drills amid ‘imperialist’ Trump threats | Colombia | The Guardian from The Guardian
2025-12-13 03:21:52,225 - INFO - [BBC] Article: https://www.bbc.com/news/articles/cvgrrnylzzyo?at_medium=RSS&at_campaign=rss
2025-12-13 03:21:52,225 - INFO - [BBC] Attempt 1/1: Trying with 'requests_browser' strategy...
2025-12-13 03:21:52,270 - INFO - [BBC] Success with 'requests_browser'. Found content (522 words).
2025-12-13 03:21:52,321 - INFO - Duplicate article skipped: Germany accuses Russia of 2024 cyber attack and election disinformation campaign from BBC
2025-12-13 03:21:53,153 - INFO - [The Guardian] Article: https://www.theguardian.com/world/2025/dec/12/canada-liberals-government-majority-conservative-michael-ma
2025-12-13 03:21:53,153 - INFO - [The Guardian] Attempt 1/1: Trying with 'requests_browser' strategy...
2025-12-13 03:21:53,181 - INFO - [BBC] Article: https://www.bbc.com/news/articles/cly559exm87o?at_medium=RSS&at_campaign=rss
2025-12-13 03:21:53,181 - INFO - [BBC] Attempt 1/1: Trying with 'requests_browser' strategy...
2025-12-13 03:21:53,190 - INFO - [The Guardian] Success with 'requests_browser'. Found content (467 words).
2025-12-13 03:21:53,249 - INFO - Duplicate article skipped: Canada’s Liberals edge closer to majority after Conservative lawmaker crosses floor | Canada | The Guardian from The Guardian
2025-12-13 03:21:53,266 - INFO - [BBC] Success with 'requests_browser'. Found content (450 words).
2025-12-13 03:21:53,322 - INFO - Duplicate article skipped: Nobel laureate Narges Mohammadi arrested in Iran, supporters say from BBC
2025-12-13 03:21:54,194 - INFO - [The Hindu] Page content loaded.
2025-12-13 03:21:54,337 - INFO - [The Guardian] Article: https://www.theguardian.com/us-news/2025/dec/12/flood-water-rain-pacific-northwest-washington
2025-12-13 03:21:54,337 - INFO - [The Guardian] Attempt 1/1: Trying with 'requests_browser' strategy...
2025-12-13 03:21:54,466 - INFO - [The Hindu] Success with 'selenium_browser'. Found content (523 words).
2025-12-13 03:21:54,475 - INFO - [The Guardian] Success with 'requests_browser'. Found content (677 words).
2025-12-13 03:21:54,596 - INFO - [BBC] Article: https://www.bbc.com/news/articles/cm211xz0vl8o?at_medium=RSS&at_campaign=rss
2025-12-13 03:21:54,606 - INFO - [BBC] Attempt 1/1: Trying with 'requests_browser' strategy...
2025-12-13 03:21:54,906 - INFO - Duplicate article skipped: Flooding remains threat in Pacific north-west as Washington declares emergency | US weather | The Guardian from The Guardian
2025-12-13 03:21:54,953 - INFO - [BBC] Success with 'requests_browser'. Found content (409 words).
2025-12-13 03:21:54,955 - INFO - Saved article: 14,526 children died in last three years in Maharashtra: State Health Minister - The Hindu from The Hindu
2025-12-13 03:21:55,102 - INFO - Duplicate article skipped: Farmers call for French blockades over cow disease cull from BBC
2025-12-13 03:21:55,491 - INFO - [The Hindu] Article: https://www.thehindu.com/news/national/kerala/kerala-local-body-polls-2025-results-live-updates/article70391419.ece
2025-12-13 03:21:55,491 - INFO - [The Hindu] Attempt 1/1: Trying with 'selenium_browser' strategy...
2025-12-13 03:21:55,874 - INFO - [The Guardian] Article: https://www.theguardian.com/world/2025/dec/12/maria-corina-machado-escape-venezuela-us-norway
2025-12-13 03:21:55,874 - INFO - [The Guardian] Attempt 1/1: Trying with 'requests_browser' strategy...
2025-12-13 03:21:56,036 - INFO - [The Guardian] Success with 'requests_browser'. Found content (911 words).
2025-12-13 03:21:56,296 - INFO - Duplicate article skipped: Machado escape planner feared US strike on her vessel as it fled Venezuela | María Corina Machado | The Guardian from The Guardian
2025-12-13 03:21:58,908 - INFO - [The Hindu] Page content loaded.
2025-12-13 03:21:59,090 - INFO - [The Hindu] Success with 'selenium_browser'. Found content (95 words).
2025-12-13 03:21:59,303 - INFO - Saved article: Kerala local body polls 2025 results LIVE: Political fronts wait with bated breath as counting of votes begins - The Hindu from The Hindu
2025-12-13 03:22:00,495 - INFO - [The Hindu] Article: https://www.thehindu.com/news/national/kerala/kerala-local-body-polls-2025-results/article70391414.ece
2025-12-13 03:22:00,495 - INFO - [The Hindu] Attempt 1/1: Trying with 'selenium_browser' strategy...
2025-12-13 03:22:01,272 - INFO - [Times of India] Page content loaded.
2025-12-13 03:22:01,655 - INFO - [Times of India] Success with 'selenium_browser'. Found content (445 words).
2025-12-13 03:22:01,805 - INFO - [The Hindu] Page content loaded.
2025-12-13 03:22:01,850 - INFO - Saved article: J&J’s talc trouble continues: Johnson & Johnson ordered to pay $40 million in baby powder cancer case - The Times of India from Times of India
2025-12-13 03:22:01,888 - INFO - [The Hindu] Success with 'selenium_browser'. Found content (399 words).
2025-12-13 03:22:02,011 - INFO - Duplicate article skipped: Kerala local body polls: Political fronts wait with bated breath as counting of votes begins - The Hindu from The Hindu
2025-12-13 03:22:02,559 - INFO - [Times of India] Article: https://timesofindia.indiatimes.com/world/us/thailand-and-cambodia-have-agreed-to-fresh-truce-trump/articleshow/125943289.cms
2025-12-13 03:22:02,559 - INFO - [Times of India] Attempt 1/1: Trying with 'selenium_browser' strategy...
2025-12-13 03:22:03,041 - INFO - [The Hindu] Article: https://www.thehindu.com/news/national/jammu-and-kashmir/from-jama-masjid-pulpit-mirwaiz-seeks-end-to-practice-of-arresting-leaders-in-decades-old-cases/article70389053.ece
2025-12-13 03:22:03,041 - INFO - [The Hindu] Attempt 1/1: Trying with 'selenium_browser' strategy...
2025-12-13 03:22:05,649 - INFO - [The Hindu] Page content loaded.
2025-12-13 03:22:05,954 - INFO - [The Hindu] Success with 'selenium_browser'. Found content (374 words).
2025-12-13 03:22:06,062 - INFO - Duplicate article skipped: From Jama Masjid pulpit, Mirwaiz seeks end to practice of ‘arresting leaders in decades-old cases’ - The Hindu from The Hindu
2025-12-13 03:22:06,863 - INFO - [Times of India] Page content loaded.
2025-12-13 03:22:07,023 - INFO - [Times of India] Success with 'selenium_browser'. Found content (296 words).
2025-12-13 03:22:07,113 - INFO - Saved article: Thailand and Cambodia have agreed to fresh truce: Trump - The Times of India from Times of India
2025-12-13 03:22:07,505 - INFO - [The Hindu] Article: https://www.thehindu.com/news/national/jammu-and-kashmir/jk-l-g-hands-over-appointment-letters-to-kin-of-nowgam-blast-victims/article70389147.ece
2025-12-13 03:22:07,505 - INFO - [The Hindu] Attempt 1/1: Trying with 'selenium_browser' strategy...
2025-12-13 03:22:08,495 - INFO - [The Hindu] Page content loaded.
2025-12-13 03:22:08,522 - INFO - [Times of India] Article: https://timesofindia.indiatimes.com/world/us/denmark-intel-report-warns-of-us-military-threat-under-trump/articleshow/125943261.cms
2025-12-13 03:22:08,522 - INFO - [Times of India] Attempt 1/1: Trying with 'selenium_browser' strategy...
2025-12-13 03:22:08,546 - INFO - [The Hindu] Success with 'selenium_browser'. Found content (213 words).
2025-12-13 03:22:08,676 - INFO - Duplicate article skipped: J&K L-G hands over appointment letters to kin of Nowgam blast victims - The Hindu from The Hindu
2025-12-13 03:22:09,588 - INFO - [The Hindu] Article: https://www.thehindu.com/news/national/punjab/bjp-leader-amarinder-singh-calls-bjp-rigid-praises-congresss-flexibility/article70389337.ece
2025-12-13 03:22:09,589 - INFO - [The Hindu] Attempt 1/1: Trying with 'selenium_browser' strategy...
2025-12-13 03:22:10,257 - INFO - [Times of India] Page content loaded.
2025-12-13 03:22:10,534 - INFO - [Times of India] Success with 'selenium_browser'. Found content (232 words).
2025-12-13 03:22:10,618 - INFO - Saved article: Denmark intel report warns of US military threat under Trump - The Times of India from Times of India
2025-12-13 03:22:10,783 - INFO - [The Hindu] Page content loaded.
2025-12-13 03:22:10,847 - INFO - [The Hindu] Success with 'selenium_browser'. Found content (317 words).
2025-12-13 03:22:10,933 - INFO - Duplicate article skipped: BJP leader Amarinder Singh calls BJP ‘rigid,’ praises Congress’s flexibility - The Hindu from The Hindu
2025-12-13 03:22:11,403 - INFO - [Times of India] Article: https://timesofindia.indiatimes.com/world/europe/russian-forces-to-stay-in-donbas-even-after-peace/articleshow/125943233.cms
2025-12-13 03:22:11,404 - INFO - [Times of India] Attempt 1/1: Trying with 'selenium_browser' strategy...
2025-12-13 03:22:11,908 - INFO - [The Hindu] Article: https://www.thehindu.com/news/national/madhya-pradesh/mohan-yadav-says-elimination-of-maoism-his-biggest-feat-congress-rakes-up-farmer-issues-debt/article70389513.ece
2025-12-13 03:22:11,908 - INFO - [The Hindu] Attempt 1/1: Trying with 'selenium_browser' strategy...
2025-12-13 03:22:12,935 - INFO - [The Hindu] Page content loaded.
2025-12-13 03:22:13,000 - INFO - [The Hindu] Success with 'selenium_browser'. Found content (508 words).
2025-12-13 03:22:13,090 - INFO - Duplicate article skipped: Mohan Yadav says ‘elimination’ of Maoism his biggest feat; Congress rakes up farmer issues, debt - The Hindu from The Hindu
2025-12-13 03:22:13,731 - INFO - [Times of India] Page content loaded.
2025-12-13 03:22:14,119 - INFO - [Times of India] Success with 'selenium_browser'. Found content (125 words).
2025-12-13 03:22:14,298 - INFO - [The Hindu] Article: https://www.thehindu.com/opinion/op-ed/goa-nightclub-fire-the-party-that-took-a-tragic-turn/article70389933.ece
2025-12-13 03:22:14,299 - INFO - [The Hindu] Attempt 1/1: Trying with 'selenium_browser' strategy...
2025-12-13 03:22:14,497 - INFO - Saved article: ‘Russian forces to stay in Donbas even after peace’ - The Times of India from Times of India
2025-12-13 03:22:15,767 - INFO - [Times of India] Article: https://timesofindia.indiatimes.com/world/europe/eu-indefinitely-freezes-russian-assets-removing-ukraines-obstacle-to-get-loan/articleshow/125943208.cms
2025-12-13 03:22:15,767 - INFO - [Times of India] Attempt 1/1: Trying with 'selenium_browser' strategy...
2025-12-13 03:22:20,269 - INFO - [The Hindu] Page content loaded.
2025-12-13 03:22:20,920 - INFO - [The Hindu] Success with 'selenium_browser'. Found content (2246 words).
2025-12-13 03:22:21,056 - INFO - Duplicate article skipped: Goa nightclub fire: The party that took a tragic turn - The Hindu from The Hindu
2025-12-13 03:22:21,993 - INFO - [The Hindu] Article: https://www.thehindu.com/news/national/chhattisgarh/need-to-take-development-to-maoist-affected-areas-says-cm-sai/article70389879.ece
2025-12-13 03:22:21,993 - INFO - [The Hindu] Attempt 1/1: Trying with 'selenium_browser' strategy...
2025-12-13 03:22:23,106 - INFO - [Times of India] Page content loaded.
2025-12-13 03:22:23,435 - INFO - [Times of India] Success with 'selenium_browser'. Found content (349 words).
2025-12-13 03:22:23,566 - INFO - Saved article: EU indefinitely freezes Russian assets, removing Ukraine’s obstacle to get loan - The Times of India from Times of India
2025-12-13 03:22:23,567 - INFO - [The Hindu] Page content loaded.
2025-12-13 03:22:23,723 - INFO - [The Hindu] Success with 'selenium_browser'. Found content (343 words).
2025-12-13 03:22:23,860 - INFO - Duplicate article skipped: Need to take development to Maoist-affected areas, says CM Sai - The Hindu from The Hindu
2025-12-13 03:22:24,881 - INFO - [Times of India] Article: https://timesofindia.indiatimes.com/world/us/washington-floods-evacuations-road-closures-and-trump-signs-emergency-declarationwhat-to-know/articleshow/125942720.cms
2025-12-13 03:22:24,881 - INFO - [Times of India] Attempt 1/1: Trying with 'selenium_browser' strategy...
2025-12-13 03:22:25,227 - INFO - [The Hindu] Article: https://www.thehindu.com/news/national/very-optimistic-india-on-possibility-of-sealing-trade-deal-with-oman-during-pm-modis-visit/article70390362.ece
2025-12-13 03:22:25,227 - INFO - [The Hindu] Attempt 1/1: Trying with 'selenium_browser' strategy...
2025-12-13 03:22:26,230 - INFO - [Times of India] Page content loaded.
2025-12-13 03:22:26,381 - INFO - [The Hindu] Page content loaded.
2025-12-13 03:22:26,516 - INFO - [The Hindu] Success with 'selenium_browser'. Found content (583 words).
2025-12-13 03:22:26,579 - INFO - [Times of India] Success with 'selenium_browser'. Found content (539 words).
2025-12-13 03:22:26,776 - INFO - Duplicate article skipped: Very optimistic: India on possibility of sealing trade deal with Oman during PM Modi's visit - The Hindu from The Hindu
2025-12-13 03:22:26,805 - INFO - Duplicate article skipped: Washington floods: Evacuations, road closures and Trump signs emergency declaration—what to know - The Times of India from Times of India
2025-12-13 03:22:27,621 - INFO - [The Hindu] (Thread) Finished. Attempting to shut down its Selenium driver.
2025-12-13 03:22:27,781 - INFO - [Times of India] Article: https://timesofindia.indiatimes.com/world/us/us-seized-tanker-carrying-venezuelan-crude-sails-toward-houston-report/articleshow/125942631.cms
2025-12-13 03:22:27,781 - INFO - [Times of India] Attempt 1/1: Trying with 'selenium_browser' strategy...
2025-12-13 03:22:27,787 - INFO - [The Hindu] (Thread) driver.quit() successful.
2025-12-13 03:22:28,602 - INFO - [Times of India] Page content loaded.
2025-12-13 03:22:28,770 - INFO - [Times of India] Success with 'selenium_browser'. Found content (340 words).
2025-12-13 03:22:28,842 - INFO - Duplicate article skipped: US-seized tanker carrying Venezuelan crude sails toward Houston: Report - The Times of India from Times of India
2025-12-13 03:22:29,561 - INFO - [Times of India] Article: https://timesofindia.indiatimes.com/world/us/jail-fines-or-deportation-what-ted-cruz-said-about-claims-over-ilhan-omars-marriage-to-brother/articleshow/125942563.cms
2025-12-13 03:22:29,561 - INFO - [Times of India] Attempt 1/1: Trying with 'selenium_browser' strategy...
2025-12-13 03:22:30,260 - INFO - [Times of India] Page content loaded.
2025-12-13 03:22:30,457 - INFO - [Times of India] Success with 'selenium_browser'. Found content (454 words).
2025-12-13 03:22:30,531 - INFO - Duplicate article skipped: Jail, fines or deportation? What Ted Cruz said about claims over Ilhan Omar’s marriage to brother - The Times of India from Times of India
2025-12-13 03:22:31,746 - INFO - [Times of India] Article: https://timesofindia.indiatimes.com/world/us/dhs-ends-family-reunification-parole-programs-for-seven-countries-deadline-set-for-january-14-2026/articleshow/125940132.cms
2025-12-13 03:22:31,746 - INFO - [Times of India] Attempt 1/1: Trying with 'selenium_browser' strategy...
2025-12-13 03:22:32,700 - INFO - [Times of India] Page content loaded.
2025-12-13 03:22:32,864 - INFO - [Times of India] Success with 'selenium_browser'. Found content (305 words).
2025-12-13 03:22:32,922 - INFO - Duplicate article skipped: DHS ends family reunification parole programs for seven countries, deadline set for January 14, 2026 - The Times of India from Times of India
2025-12-13 03:22:33,709 - INFO - [Times of India] Article: https://timesofindia.indiatimes.com/world/us/any-company-abusing-h-1b-us-labor-secretary-says-american-jobs-must-go-to-americans-first/articleshow/125940068.cms
2025-12-13 03:22:33,709 - INFO - [Times of India] Attempt 1/1: Trying with 'selenium_browser' strategy...
2025-12-13 03:22:34,702 - INFO - [Times of India] Page content loaded.
2025-12-13 03:22:34,834 - INFO - [Times of India] Success with 'selenium_browser'. Found content (288 words).
2025-12-13 03:22:34,887 - INFO - Duplicate article skipped: 'Any company abusing H-1B...': US labor secretary says 'American jobs must go to Americans first' - The Times of India from Times of India
2025-12-13 03:22:36,199 - INFO - [Times of India] (Thread) Finished. Attempting to shut down its Selenium driver.
2025-12-13 03:22:36,326 - INFO - [Times of India] (Thread) driver.quit() successful.
2025-12-13 03:22:36,326 - INFO - Shutting down thread pool (wait=False)...
2025-12-13 03:22:36,327 - INFO - Scraped: 2 BBC, 2 The Hindu, 5 Times of India, 1 The Guardian articles. (Total saved: 10)
2025-12-13 03:22:36,327 - INFO - --- Scraping job finished ---
2025-12-13 03:22:36,333 - INFO - --- Scraper service stopped and database connection closed. ---
2025-12-13 03:22:36,334 - INFO - --- Main thread finished. Forcing process exit to kill zombie threads. ---
