2025-12-05 16:33:09,114 - INFO - Initializing database connection at: news_articles.db
2025-12-05 16:33:09,114 - INFO - --- Scraper service started (CI Mode: Run Once) ---
2025-12-05 16:33:09,115 - INFO - --- Starting new scraping job (Parallel Mode) ---
2025-12-05 16:33:09,115 - INFO - Creating new robust session with 3 retries on 5xx/connection/read errors.
2025-12-05 16:33:09,115 - INFO - Proxy is DISABLED.
2025-12-05 16:33:09,115 - INFO - Starting scrape for BBC RSS feed: http://feeds.bbci.co.uk/news/world/rss.xml
2025-12-05 16:33:09,115 - INFO - [Times of India] (Thread) requires Selenium. Initializing driver...
2025-12-05 16:33:09,116 - INFO - Initializing headless Selenium Chrome driver (using SeleniumManager)...
2025-12-05 16:33:09,116 - INFO - Starting scrape for The Guardian RSS feed: https://www.theguardian.com/world/rss
2025-12-05 16:33:09,119 - INFO - [The Hindu] (Thread) requires Selenium. Initializing driver...
2025-12-05 16:33:09,119 - INFO - Submitted 4 jobs to thread pool. Waiting up to 300s for completion...
2025-12-05 16:33:09,119 - INFO - Initializing headless Selenium Chrome driver (using SeleniumManager)...
2025-12-05 16:33:09,223 - INFO - Found 45 articles in The Guardian RSS feed. Processing up to 10.
2025-12-05 16:33:09,223 - INFO - [The Guardian] Article: https://www.theguardian.com/global-development/2025/dec/05/rsf-massacres-sudanese-city-el-fasher-slaughterhouse-satellite-images
2025-12-05 16:33:09,223 - INFO - [The Guardian] Attempt 1/1: Trying with 'requests_browser' strategy...
2025-12-05 16:33:09,262 - INFO - [The Guardian] Success with 'requests_browser'. Found content (684 words).
2025-12-05 16:33:09,317 - INFO - Duplicate article skipped: RSF massacres left Sudanese city ‘a slaughterhouse’, satellite images show | Global development | The Guardian from The Guardian
2025-12-05 16:33:09,334 - INFO - Found 38 articles in BBC RSS feed. Processing up to 10.
2025-12-05 16:33:09,334 - INFO - [BBC] Article: https://www.bbc.com/news/articles/c4g482m3yyzo?at_medium=RSS&at_campaign=rss
2025-12-05 16:33:09,334 - INFO - [BBC] Attempt 1/1: Trying with 'requests_browser' strategy...
2025-12-05 16:33:09,555 - INFO - [BBC] Success with 'requests_browser'. Found content (690 words).
2025-12-05 16:33:09,591 - INFO - Duplicate article skipped: Putin in India: Russia ready to provide 'uninterrupted' fuel supplies from BBC
2025-12-05 16:33:10,463 - INFO - [BBC] Article: https://www.bbc.com/news/articles/ckg9drg8pg1o?at_medium=RSS&at_campaign=rss
2025-12-05 16:33:10,463 - INFO - [BBC] Attempt 1/1: Trying with 'requests_browser' strategy...
2025-12-05 16:33:10,502 - INFO - [BBC] Success with 'requests_browser'. Found content (692 words).
2025-12-05 16:33:10,539 - INFO - Duplicate article skipped: Germany votes to bring in voluntary military service programme for 18-year-olds from BBC
2025-12-05 16:33:10,658 - INFO - [The Guardian] Article: https://www.theguardian.com/environment/2025/dec/05/african-penguins-starve-to-death-south-africa-sardine-population-aoe
2025-12-05 16:33:10,658 - INFO - [The Guardian] Attempt 1/1: Trying with 'requests_browser' strategy...
2025-12-05 16:33:10,767 - INFO - [The Guardian] Success with 'requests_browser'. Found content (530 words).
2025-12-05 16:33:10,803 - INFO - Duplicate article skipped: 60,000 African penguins starved to death after sardine numbers collapsed – study | Birds | The Guardian from The Guardian
2025-12-05 16:33:11,151 - INFO - [BBC] Article: https://www.bbc.com/news/articles/cx2500jkd41o?at_medium=RSS&at_campaign=rss
2025-12-05 16:33:11,151 - INFO - [BBC] Attempt 1/1: Trying with 'requests_browser' strategy...
2025-12-05 16:33:11,187 - INFO - [BBC] Success with 'requests_browser'. Found content (558 words).
2025-12-05 16:33:11,224 - INFO - Duplicate article skipped: Eritreans, including Olympian Zeragaber Gebrehiwot, freed after 18 years in jail without trial from BBC
2025-12-05 16:33:11,342 - INFO - [The Guardian] Article: https://www.theguardian.com/world/2025/dec/05/us-sanctions-sudan-army-rsf-ceasefire
2025-12-05 16:33:11,342 - INFO - [The Guardian] Attempt 1/1: Trying with 'requests_browser' strategy...
2025-12-05 16:33:11,380 - INFO - [The Guardian] Success with 'requests_browser'. Found content (849 words).
2025-12-05 16:33:11,429 - INFO - Duplicate article skipped: US considers wider sanctions on Sudanese army and RSF as ceasefire efforts falter | Sudan | The Guardian from The Guardian
2025-12-05 16:33:11,891 - INFO - [BBC] Article: https://www.bbc.com/news/articles/ce91x2jm5pjo?at_medium=RSS&at_campaign=rss
2025-12-05 16:33:11,891 - INFO - [BBC] Attempt 1/1: Trying with 'requests_browser' strategy...
2025-12-05 16:33:11,928 - INFO - [BBC] Success with 'requests_browser'. Found content (894 words).
2025-12-05 16:33:11,964 - INFO - Duplicate article skipped: Netflix to buy Warner Bros film and streaming businesses for $72bn from BBC
2025-12-05 16:33:12,548 - INFO - [The Guardian] Article: https://www.theguardian.com/world/2025/dec/04/us-eu-critical-minerals-project-drc-report-lobito-corridor
2025-12-05 16:33:12,548 - INFO - [The Guardian] Attempt 1/1: Trying with 'requests_browser' strategy...
2025-12-05 16:33:12,575 - INFO - [The Guardian] Success with 'requests_browser'. Found content (813 words).
2025-12-05 16:33:12,612 - INFO - Duplicate article skipped: US and EU critical minerals project could displace thousands in DRC – report | Democratic Republic of the Congo | The Guardian from The Guardian
2025-12-05 16:33:13,120 - INFO - [The Guardian] Article: https://www.theguardian.com/global-development/2025/dec/04/aid-cuts-africa-uganda-stops-refugee-status-eritreans-somalis-ethiopians
2025-12-05 16:33:13,120 - INFO - [The Guardian] Attempt 1/1: Trying with 'requests_browser' strategy...
2025-12-05 16:33:13,149 - INFO - [The Guardian] Success with 'requests_browser'. Found content (620 words).
2025-12-05 16:33:13,188 - INFO - Duplicate article skipped: Uganda stops granting refugee status for Eritreans, Somalis and Ethiopians | Global development | The Guardian from The Guardian
2025-12-05 16:33:13,308 - INFO - [BBC] Article: https://www.bbc.com/news/articles/cjrjn88jqn4o?at_medium=RSS&at_campaign=rss
2025-12-05 16:33:13,308 - INFO - [BBC] Attempt 1/1: Trying with 'requests_browser' strategy...
2025-12-05 16:33:13,432 - INFO - [BBC] Success with 'requests_browser'. Found content (1231 words).
2025-12-05 16:33:13,500 - INFO - Duplicate article skipped: Trump hosts signing of peace deal between leaders of DR Congo and Rwanda from BBC
2025-12-05 16:33:13,946 - INFO - [The Guardian] Article: https://www.theguardian.com/us-news/2025/dec/05/us-airstrike-survivors-clung-to-boat-wreckage-for-an-hour-before-second-deadly-attack-video-shows
2025-12-05 16:33:13,946 - INFO - [The Guardian] Attempt 1/1: Trying with 'requests_browser' strategy...
2025-12-05 16:33:13,983 - INFO - [The Guardian] Success with 'requests_browser'. Found content (1016 words).
2025-12-05 16:33:14,028 - INFO - Duplicate article skipped: US airstrike survivors clung to boat wreckage for an hour before second deadly attack, video shows | US military | The Guardian from The Guardian
2025-12-05 16:33:14,269 - INFO - [BBC] Article: https://www.bbc.com/news/articles/cd6x2ppjv4go?at_medium=RSS&at_campaign=rss
2025-12-05 16:33:14,269 - INFO - [BBC] Attempt 1/1: Trying with 'requests_browser' strategy...
2025-12-05 16:33:14,304 - INFO - [BBC] Success with 'requests_browser'. Found content (1035 words).
2025-12-05 16:33:14,340 - INFO - Duplicate article skipped: Hong Kong fire: Arrest over petition stirs public debate from BBC
2025-12-05 16:33:14,937 - INFO - [The Guardian] Article: https://www.theguardian.com/us-news/2025/dec/05/neo-nazi-base-leader-on-terrorism-arrest
2025-12-05 16:33:14,937 - INFO - [The Guardian] Attempt 1/1: Trying with 'requests_browser' strategy...
2025-12-05 16:33:14,967 - INFO - [The Guardian] Success with 'requests_browser'. Found content (1072 words).
2025-12-05 16:33:15,009 - INFO - Duplicate article skipped: US leader of global neo-Nazi terrorist group signals retribution for arrests | Far right (US) | The Guardian from The Guardian
2025-12-05 16:33:15,782 - INFO - [BBC] Article: https://www.bbc.com/news/articles/c30j7q6qjp9o?at_medium=RSS&at_campaign=rss
2025-12-05 16:33:15,782 - INFO - [BBC] Attempt 1/1: Trying with 'requests_browser' strategy...
2025-12-05 16:33:15,815 - INFO - [BBC] Success with 'requests_browser'. Found content (795 words).
2025-12-05 16:33:15,854 - INFO - Saved article: Namibia loses bid to overturn ban on rhino horn trade at Cites conference in Samarkand from BBC
2025-12-05 16:33:16,238 - INFO - [The Guardian] Article: https://www.theguardian.com/politics/audio/2025/dec/05/donald-trump-about-to-invade-venezuela-podcast
2025-12-05 16:33:16,238 - INFO - [The Guardian] Attempt 1/1: Trying with 'requests_browser' strategy...
2025-12-05 16:33:16,270 - WARNING - [The Guardian] FAILED with 'requests_browser' (content was too short: 72 words).
2025-12-05 16:33:16,270 - ERROR - [The Guardian] All scrape strategies failed for https://www.theguardian.com/politics/audio/2025/dec/05/donald-trump-about-to-invade-venezuela-podcast. Falling back to RSS description.
2025-12-05 16:33:16,271 - INFO - Duplicate article skipped: “This is war”: Is Trump about to invade Venezuela? – podcast from The Guardian
2025-12-05 16:33:16,803 - INFO - [The Guardian] Article: https://www.theguardian.com/us-news/2025/dec/04/pentagon-boat-strike-pacific
2025-12-05 16:33:16,804 - INFO - [The Guardian] Attempt 1/1: Trying with 'requests_browser' strategy...
2025-12-05 16:33:16,832 - INFO - [The Guardian] Success with 'requests_browser'. Found content (637 words).
2025-12-05 16:33:16,873 - INFO - Duplicate article skipped: Pentagon announces it has killed four men in another boat strike in Pacific | US military | The Guardian from The Guardian
2025-12-05 16:33:17,303 - INFO - [BBC] Article: https://www.bbc.com/news/articles/clyz18z1gk0o?at_medium=RSS&at_campaign=rss
2025-12-05 16:33:17,303 - INFO - [BBC] Attempt 1/1: Trying with 'requests_browser' strategy...
2025-12-05 16:33:17,333 - INFO - [BBC] Success with 'requests_browser'. Found content (466 words).
2025-12-05 16:33:17,369 - INFO - Duplicate article skipped: IndiGO: Travel chaos worsens in India with hundreds of flights cancelled from BBC
2025-12-05 16:33:17,757 - INFO - [The Guardian] Article: https://www.theguardian.com/us-news/2025/dec/04/video-second-boat-strike-military-caribbean
2025-12-05 16:33:17,757 - INFO - [The Guardian] Attempt 1/1: Trying with 'requests_browser' strategy...
2025-12-05 16:33:17,792 - INFO - [The Guardian] Success with 'requests_browser'. Found content (1287 words).
2025-12-05 16:33:17,837 - INFO - Duplicate article skipped: Experts urge release of boat strike video as US admiral denies ‘kill them all’ order | US military | The Guardian from The Guardian
2025-12-05 16:33:18,821 - INFO - [BBC] Article: https://www.bbc.com/news/articles/c8xdvg2ydddo?at_medium=RSS&at_campaign=rss
2025-12-05 16:33:18,821 - INFO - [BBC] Attempt 1/1: Trying with 'requests_browser' strategy...
2025-12-05 16:33:18,862 - INFO - [BBC] Success with 'requests_browser'. Found content (658 words).
2025-12-05 16:33:18,912 - INFO - Saved article: Tanzania election: Western embassies press for release of bodies of poll violence from BBC
2025-12-05 16:33:19,743 - INFO - Selenium driver initialized successfully.
2025-12-05 16:33:19,743 - INFO - Starting scrape for The Hindu RSS feed: https://www.thehindu.com/news/national/feeder/default.rss
2025-12-05 16:33:19,744 - INFO - Selenium driver initialized successfully.
2025-12-05 16:33:19,744 - INFO - Starting scrape for Times of India RSS feed: https://timesofindia.indiatimes.com/rssfeeds/296589292.cms
2025-12-05 16:33:19,778 - INFO - [BBC] Article: https://www.bbc.com/news/articles/cj4qedglzpwo?at_medium=RSS&at_campaign=rss
2025-12-05 16:33:19,778 - INFO - [BBC] Attempt 1/1: Trying with 'requests_browser' strategy...
2025-12-05 16:33:19,807 - INFO - [BBC] Success with 'requests_browser'. Found content (276 words).
2025-12-05 16:33:19,842 - INFO - Duplicate article skipped: New Zealand police recovers $19k Fabergé egg swallowed by suspected thief from BBC
2025-12-05 16:33:19,995 - INFO - Found 100 articles in The Hindu RSS feed. Processing up to 10.
2025-12-05 16:33:19,996 - INFO - [The Hindu] Article: https://www.thehindu.com/news/national/telangana/hc-notices-to-state-centre-over-industrial-land-conversion/article70362918.ece
2025-12-05 16:33:19,996 - INFO - [The Hindu] Attempt 1/1: Trying with 'selenium_browser' strategy...
2025-12-05 16:33:20,013 - INFO - Found 20 articles in Times of India RSS feed. Processing up to 10.
2025-12-05 16:33:20,013 - INFO - [Times of India] Article: https://timesofindia.indiatimes.com/world/us/war-criminal-indian-origin-shri-thanedar-announces-impeachment-notice-against-pete-hegseth-over-venezuela-botch-up/articleshow/125791961.cms
2025-12-05 16:33:20,013 - INFO - [Times of India] Attempt 1/1: Trying with 'selenium_browser' strategy...
2025-12-05 16:33:24,914 - INFO - [The Hindu] Page content loaded.
2025-12-05 16:33:24,983 - INFO - [The Hindu] Success with 'selenium_browser'. Found content (489 words).
2025-12-05 16:33:25,088 - INFO - Saved article: HC notices to State, Centre over industrial land conversion - The Hindu from The Hindu
2025-12-05 16:33:26,325 - INFO - [The Hindu] Article: https://www.thehindu.com/news/national/indian-railways-adds-extra-coaches-to-meet-rush-of-weary-passengers/article70363044.ece
2025-12-05 16:33:26,325 - INFO - [The Hindu] Attempt 1/1: Trying with 'selenium_browser' strategy...
2025-12-05 16:33:30,497 - INFO - [Times of India] Page content loaded.
2025-12-05 16:33:31,072 - INFO - [Times of India] Success with 'selenium_browser'. Found content (369 words).
2025-12-05 16:33:31,333 - INFO - Saved article: 'War criminal': Indian-origin Shri Thanedar announces impeachment articles against Pete Hegseth over Venezuela 'botch-up' - The Times of India from Times of India
2025-12-05 16:33:32,643 - INFO - [Times of India] Article: https://timesofindia.indiatimes.com/world/middle-east/dubai-police-adds-ferrari-purosangue-a-755hp-beast-to-its-luxury-patrol-lineup/articleshow/125790494.cms
2025-12-05 16:33:32,643 - INFO - [Times of India] Attempt 1/1: Trying with 'selenium_browser' strategy...
2025-12-05 16:33:33,120 - INFO - [The Hindu] Page content loaded.
2025-12-05 16:33:33,769 - INFO - [The Hindu] Success with 'selenium_browser'. Found content (300 words).
2025-12-05 16:33:33,924 - INFO - Saved article: Indian Railways adds extra coaches to meet rush of weary passengers - The Hindu from The Hindu
2025-12-05 16:33:34,393 - INFO - [Times of India] Page content loaded.
2025-12-05 16:33:34,530 - INFO - [The Hindu] Article: https://www.thehindu.com/news/national/karnataka/blf-affected-too/article70363205.ece
2025-12-05 16:33:34,530 - INFO - [The Hindu] Attempt 1/1: Trying with 'selenium_browser' strategy...
2025-12-05 16:33:34,542 - INFO - [Times of India] Success with 'selenium_browser'. Found content (533 words).
2025-12-05 16:33:34,628 - INFO - Saved article: Dubai Police adds Ferrari Purosangue, a 755hp beast, to its luxury patrol lineup | World News - The Times of India from Times of India
2025-12-05 16:33:35,758 - INFO - [Times of India] Article: https://timesofindia.indiatimes.com/world/us-streamers/i-will-be-naming-candace-owens-alleges-tpusa-leaders-betrayed-charlie-kirk-before-deadly-shooting-and-vows-to-show-evidence/articleshow/125728624.cms
2025-12-05 16:33:35,758 - INFO - [Times of India] Attempt 1/1: Trying with 'selenium_browser' strategy...
2025-12-05 16:33:36,355 - INFO - [The Hindu] Page content loaded.
2025-12-05 16:33:36,609 - INFO - [The Hindu] Success with 'selenium_browser'. Found content (100 words).
2025-12-05 16:33:36,741 - INFO - Saved article: BLF affected too - The Hindu from The Hindu
2025-12-05 16:33:37,266 - INFO - [Times of India] Page content loaded.
2025-12-05 16:33:37,405 - INFO - [Times of India] Success with 'selenium_browser'. Found content (426 words).
2025-12-05 16:33:37,481 - INFO - Duplicate article skipped: Candace Owens alleges TPUSA leaders betrayed Charlie Kirk before deadly shooting and vows to show evidence - The Times of India from Times of India
2025-12-05 16:33:37,936 - INFO - [The Hindu] Article: https://www.thehindu.com/news/national/west-bengal/row-in-lok-sabha-after-trinamool-mp-objects-to-deportation-of-bangla-speaking-people/article70363109.ece
2025-12-05 16:33:37,936 - INFO - [The Hindu] Attempt 1/1: Trying with 'selenium_browser' strategy...
2025-12-05 16:33:38,168 - INFO - [Times of India] Article: https://timesofindia.indiatimes.com/world/pakistan/pakistan-military-revamp-defence-ministry-notifies-appointment-of-asim-munir-as-chief-of-defence-forces-5-year-tenure-begins/articleshow/125791516.cms
2025-12-05 16:33:38,168 - INFO - [Times of India] Attempt 1/1: Trying with 'selenium_browser' strategy...
2025-12-05 16:33:40,256 - INFO - [The Hindu] Page content loaded.
2025-12-05 16:33:40,390 - INFO - [The Hindu] Success with 'selenium_browser'. Found content (218 words).
2025-12-05 16:33:40,467 - INFO - [Times of India] Page content loaded.
2025-12-05 16:33:40,499 - INFO - Saved article: Row in Lok Sabha after Trinamool MP objects to deportation of Bangla-speaking people - The Hindu from The Hindu
2025-12-05 16:33:40,620 - INFO - [Times of India] Success with 'selenium_browser'. Found content (700 words).
2025-12-05 16:33:40,764 - INFO - Saved article: Pakistan military revamp: Defence ministry notifies appointment of Asim Munir as Chief of Defence Forces; 5-year tenure begins - The Times of India from Times of India
2025-12-05 16:33:41,883 - INFO - [The Hindu] Article: https://www.thehindu.com/news/national/karnataka/taxes-collection-sees-slower-pace/article70362608.ece
2025-12-05 16:33:41,883 - INFO - [The Hindu] Attempt 1/1: Trying with 'selenium_browser' strategy...
2025-12-05 16:33:41,978 - INFO - [Times of India] Article: https://timesofindia.indiatimes.com/world/us-streamers/i-can-count-on-that-inside-linus-sebastians-business-empire-as-youtuber-breaks-down-how-his-tech-channel-really-makes-money/articleshow/125791354.cms
2025-12-05 16:33:41,978 - INFO - [Times of India] Attempt 1/1: Trying with 'selenium_browser' strategy...
2025-12-05 16:33:44,580 - INFO - [The Hindu] Page content loaded.
2025-12-05 16:33:44,774 - INFO - [The Hindu] Success with 'selenium_browser'. Found content (293 words).
2025-12-05 16:33:44,932 - INFO - [Times of India] Page content loaded.
2025-12-05 16:33:45,000 - INFO - Saved article: Taxes collection sees slower pace - The Hindu from The Hindu
2025-12-05 16:33:45,172 - INFO - [Times of India] Success with 'selenium_browser'. Found content (424 words).
2025-12-05 16:33:45,336 - INFO - Saved article: “I can count on that”: Inside Linus Sebastian's business empire as YouTuber breaks down how his tech channel really makes money - The Times of India from Times of India
2025-12-05 16:33:45,540 - INFO - [The Hindu] Article: https://www.thehindu.com/news/national/kerala/bjp-alleges-corruption-in-corporation-cpim-leaders-to-take-legal-action/article70362903.ece
2025-12-05 16:33:45,540 - INFO - [The Hindu] Attempt 1/1: Trying with 'selenium_browser' strategy...
2025-12-05 16:33:46,452 - INFO - [The Hindu] Page content loaded.
2025-12-05 16:33:46,668 - INFO - [Times of India] Article: https://timesofindia.indiatimes.com/world/us/we-stand-with-trump-itserve-alliance-says-they-dont-endorse-kick-trump-speech-amid-major-controversy/articleshow/125791351.cms
2025-12-05 16:33:46,668 - INFO - [Times of India] Attempt 1/1: Trying with 'selenium_browser' strategy...
2025-12-05 16:33:46,801 - INFO - [The Hindu] Success with 'selenium_browser'. Found content (424 words).
2025-12-05 16:33:46,915 - INFO - Saved article: BJP alleges corruption in Corporation, CPI(M) leaders to take legal action - The Hindu from The Hindu
2025-12-05 16:33:48,155 - INFO - [The Hindu] Article: https://www.thehindu.com/news/national/karnataka/how-a-small-intervention-eased-a-big-bottleneck-at-byatarayanapura-junction/article70361923.ece
2025-12-05 16:33:48,156 - INFO - [The Hindu] Attempt 1/1: Trying with 'selenium_browser' strategy...
2025-12-05 16:33:52,375 - INFO - [The Hindu] Page content loaded.
2025-12-05 16:33:52,535 - INFO - [The Hindu] Success with 'selenium_browser'. Found content (513 words).
2025-12-05 16:33:52,664 - INFO - Saved article: How a small intervention eased a big bottleneck at Byatarayanapura Junction - The Hindu from The Hindu
2025-12-05 16:33:53,426 - INFO - [The Hindu] Article: https://www.thehindu.com/news/national/telangana/warangal-will-be-developed-on-the-lines-of-hyderabad-says-revanth/article70363138.ece
2025-12-05 16:33:53,426 - INFO - [The Hindu] Attempt 1/1: Trying with 'selenium_browser' strategy...
2025-12-05 16:33:57,610 - INFO - [The Hindu] Page content loaded.
2025-12-05 16:33:57,747 - INFO - [The Hindu] Success with 'selenium_browser'. Found content (359 words).
2025-12-05 16:33:57,844 - INFO - Saved article: Warangal will be developed on the lines of Hyderabad, says Revanth - The Hindu from The Hindu
2025-12-05 16:33:58,526 - INFO - [The Hindu] Article: https://www.thehindu.com/news/national/sunali-returns-to-india-six-months-after-being-pushed-back-into-bangladesh/article70362482.ece
2025-12-05 16:33:58,526 - INFO - [The Hindu] Attempt 1/1: Trying with 'selenium_browser' strategy...
2025-12-05 16:34:00,844 - INFO - [The Hindu] Page content loaded.
2025-12-05 16:34:01,239 - INFO - [The Hindu] Success with 'selenium_browser'. Found content (497 words).
2025-12-05 16:34:01,334 - INFO - Saved article: Sunali returns to India six months after being pushed back into Bangladesh - The Hindu from The Hindu
2025-12-05 16:34:02,006 - INFO - [The Hindu] Article: https://www.thehindu.com/news/national/karnataka/7-year-old-girl-dies-of-severe-dengue-shock-syndrome-in-bengaluru/article70358003.ece
2025-12-05 16:34:02,006 - INFO - [The Hindu] Attempt 1/1: Trying with 'selenium_browser' strategy...
2025-12-05 16:34:02,788 - INFO - [The Hindu] Page content loaded.
2025-12-05 16:34:02,985 - INFO - [The Hindu] Success with 'selenium_browser'. Found content (476 words).
2025-12-05 16:34:03,074 - INFO - Saved article: 7-year-old girl dies of severe dengue shock syndrome in Bengaluru - The Hindu from The Hindu
2025-12-05 16:34:03,772 - INFO - [The Hindu] (Thread) Finished. Attempting to shut down its Selenium driver.
2025-12-05 16:34:03,934 - INFO - [The Hindu] (Thread) driver.quit() successful.
2025-12-05 16:35:46,769 - ERROR - [Times of India] Request failed for strategy 'selenium_browser' on URL https://timesofindia.indiatimes.com/world/us/we-stand-with-trump-itserve-alliance-says-they-dont-endorse-kick-trump-speech-amid-major-controversy/articleshow/125791351.cms: HTTPConnectionPool(host='localhost', port=42015): Read timed out. (read timeout=120)
2025-12-05 16:35:46,769 - ERROR - [Times of India] All scrape strategies failed for https://timesofindia.indiatimes.com/world/us/we-stand-with-trump-itserve-alliance-says-they-dont-endorse-kick-trump-speech-amid-major-controversy/articleshow/125791351.cms. Falling back to RSS description.
2025-12-05 16:35:46,772 - INFO - Saved article: 'We stand with Trump': ITServe Alliance says they don't endorse 'kick Trump' speech amid major controversy from Times of India
2025-12-05 16:35:47,715 - INFO - [Times of India] Article: https://timesofindia.indiatimes.com/world/us-streamers/why-are-fans-questioning-pokimanes-relationship-status-amid-celibacy-rumors-her-latest-statement-sparks-huge-buzz/articleshow/125788158.cms
2025-12-05 16:35:47,715 - INFO - [Times of India] Attempt 1/1: Trying with 'selenium_browser' strategy...
2025-12-05 16:37:47,738 - ERROR - [Times of India] Request failed for strategy 'selenium_browser' on URL https://timesofindia.indiatimes.com/world/us-streamers/why-are-fans-questioning-pokimanes-relationship-status-amid-celibacy-rumors-her-latest-statement-sparks-huge-buzz/articleshow/125788158.cms: HTTPConnectionPool(host='localhost', port=42015): Read timed out. (read timeout=120)
2025-12-05 16:37:47,738 - ERROR - [Times of India] All scrape strategies failed for https://timesofindia.indiatimes.com/world/us-streamers/why-are-fans-questioning-pokimanes-relationship-status-amid-celibacy-rumors-her-latest-statement-sparks-huge-buzz/articleshow/125788158.cms. Falling back to RSS description.
2025-12-05 16:37:47,740 - INFO - Saved article: Why are fans questioning Pokimane's relationship status amid celibacy rumors? Her latest statement sparks huge buzz from Times of India
2025-12-05 16:37:49,223 - INFO - [Times of India] Article: https://timesofindia.indiatimes.com/world/us-streamers/did-andrea-botez-lose-her-hearing-popular-twitch-streamer-shares-alarming-medical-update-with-fans/articleshow/125788063.cms
2025-12-05 16:37:49,223 - INFO - [Times of India] Attempt 1/1: Trying with 'selenium_browser' strategy...
2025-12-05 16:38:09,120 - CRITICAL - --- TIMEOUT: 1 scrape jobs did not complete in 300s. ---
2025-12-05 16:38:09,120 - ERROR - A thread has timed out and will be abandoned.
2025-12-05 16:38:09,120 - INFO - Shutting down thread pool (wait=False)...
2025-12-05 16:38:09,120 - INFO - Scraped: 0 The Guardian, 10 The Hindu, 2 BBC, 1 Timed_Out_Jobs articles. (Total saved: 12)
2025-12-05 16:38:09,120 - INFO - --- Scraping job finished ---
2025-12-05 16:38:09,120 - INFO - --- Scraper service stopped and database connection closed. ---
2025-12-05 16:38:09,121 - INFO - --- Main thread finished. Forcing process exit to kill zombie threads. ---
