2025-11-15 14:20:36,671 - INFO - Initializing database connection at: news_articles.db
2025-11-15 14:20:36,671 - INFO - --- Scraper service started (CI Mode: Run Once) ---
2025-11-15 14:20:36,671 - INFO - --- Starting new scraping job (Parallel Mode) ---
2025-11-15 14:20:36,671 - INFO - Creating new robust session with 3 retries on 5xx/connection/read errors.
2025-11-15 14:20:36,672 - INFO - Proxy is DISABLED.
2025-11-15 14:20:36,672 - INFO - Starting scrape for BBC RSS feed: http://feeds.bbci.co.uk/news/world/rss.xml
2025-11-15 14:20:36,672 - INFO - [Times of India] (Thread) requires Selenium. Initializing driver...
2025-11-15 14:20:36,672 - INFO - Initializing headless Selenium Chrome driver (using SeleniumManager)...
2025-11-15 14:20:36,673 - INFO - Starting scrape for The Guardian RSS feed: https://www.theguardian.com/world/rss
2025-11-15 14:20:36,674 - INFO - [The Hindu] (Thread) requires Selenium. Initializing driver...
2025-11-15 14:20:36,674 - INFO - Initializing headless Selenium Chrome driver (using SeleniumManager)...
2025-11-15 14:20:36,674 - INFO - Submitted 4 jobs to thread pool. Waiting up to 300s for completion...
2025-11-15 14:20:36,877 - INFO - Found 45 articles in The Guardian RSS feed. Processing up to 10.
2025-11-15 14:20:36,877 - INFO - [The Guardian] Article: https://www.theguardian.com/global-development/2025/nov/15/health-uk-cut-global-fund-aids-tuberculosis-tb-malaria-africa
2025-11-15 14:20:36,877 - INFO - [The Guardian] Attempt 1/1: Trying with 'requests_browser' strategy...
2025-11-15 14:20:36,915 - INFO - [The Guardian] Success with 'requests_browser'. Found content (681 words).
2025-11-15 14:20:36,959 - INFO - Duplicate article skipped: UK warned that 15% cut to health fund will force ‘impossible choices’ on Africa | Global Fund to Fight Aids, Tuberculosis and Malaria | The Guardian from The Guardian
2025-11-15 14:20:37,330 - INFO - Found 29 articles in BBC RSS feed. Processing up to 10.
2025-11-15 14:20:37,330 - INFO - [BBC] Article: https://www.bbc.com/news/articles/c891jp9j79do?at_medium=RSS&at_campaign=rss
2025-11-15 14:20:37,330 - INFO - [BBC] Attempt 1/1: Trying with 'requests_browser' strategy...
2025-11-15 14:20:37,627 - INFO - [BBC] Success with 'requests_browser'. Found content (870 words).
2025-11-15 14:20:37,666 - INFO - Duplicate article skipped: Trump says he will sue BBC for at least $1bn over Panorama edit from BBC
2025-11-15 14:20:38,293 - INFO - [The Guardian] Article: https://www.theguardian.com/world/2025/nov/14/anger-south-africa-plane-palestinians-held-12-hours
2025-11-15 14:20:38,294 - INFO - [The Guardian] Attempt 1/1: Trying with 'requests_browser' strategy...
2025-11-15 14:20:38,340 - INFO - [The Guardian] Success with 'requests_browser'. Found content (620 words).
2025-11-15 14:20:38,393 - INFO - Duplicate article skipped: South Africa to investigate ‘mysterious’ arrival of 153 Palestinians on plane | South Africa | The Guardian from The Guardian
2025-11-15 14:20:38,700 - INFO - [BBC] Article: https://www.bbc.com/news/articles/cdjr4xw83eko?at_medium=RSS&at_campaign=rss
2025-11-15 14:20:38,700 - INFO - [BBC] Attempt 1/1: Trying with 'requests_browser' strategy...
2025-11-15 14:20:38,733 - INFO - [BBC] Success with 'requests_browser'. Found content (676 words).
2025-11-15 14:20:38,767 - INFO - Duplicate article skipped: Trump rolls back tariffs on dozens of food products from BBC
2025-11-15 14:20:38,945 - INFO - [The Guardian] Article: https://www.theguardian.com/world/2025/nov/14/british-egyptian-activist-alaa-abd-el-fattah-stopped-from-flying-to-uk-says-family
2025-11-15 14:20:38,946 - INFO - [The Guardian] Attempt 1/1: Trying with 'requests_browser' strategy...
2025-11-15 14:20:38,988 - INFO - [The Guardian] Success with 'requests_browser'. Found content (456 words).
2025-11-15 14:20:39,032 - INFO - Duplicate article skipped: British-Egyptian activist stopped from flying to UK, says family | Egypt | The Guardian from The Guardian
2025-11-15 14:20:40,079 - INFO - [BBC] Article: https://www.bbc.com/news/articles/cnvel2gvqeqo?at_medium=RSS&at_campaign=rss
2025-11-15 14:20:40,079 - INFO - [BBC] Attempt 1/1: Trying with 'requests_browser' strategy...
2025-11-15 14:20:40,104 - INFO - [BBC] Success with 'requests_browser'. Found content (320 words).
2025-11-15 14:20:40,134 - INFO - Duplicate article skipped: Kashmir blast: Nine killed in accidental explosion at police station in Indian-administered Kashmir, officials say from BBC
2025-11-15 14:20:40,456 - INFO - [The Guardian] Article: https://www.theguardian.com/world/2025/nov/12/state-sanctioned-fuel-smuggling-cost-libya-20bn-over-three-years-report
2025-11-15 14:20:40,456 - INFO - [The Guardian] Attempt 1/1: Trying with 'requests_browser' strategy...
2025-11-15 14:20:40,482 - INFO - [The Guardian] Success with 'requests_browser'. Found content (670 words).
2025-11-15 14:20:40,518 - INFO - Duplicate article skipped: State-sanctioned fuel smuggling cost Libya $20bn over three years – report | Libya | The Guardian from The Guardian
2025-11-15 14:20:41,167 - INFO - [BBC] Article: https://www.bbc.com/news/articles/cze6zxjw3g3o?at_medium=RSS&at_campaign=rss
2025-11-15 14:20:41,167 - INFO - [BBC] Attempt 1/1: Trying with 'requests_browser' strategy...
2025-11-15 14:20:41,194 - INFO - [BBC] Success with 'requests_browser'. Found content (348 words).
2025-11-15 14:20:41,221 - INFO - [The Guardian] Article: https://www.theguardian.com/global-development/2025/nov/13/british-american-tobacco-africa-zambia-uk
2025-11-15 14:20:41,221 - INFO - [The Guardian] Attempt 1/1: Trying with 'requests_browser' strategy...
2025-11-15 14:20:41,234 - INFO - Saved article: Iran confirms it seized tanker in Strait of Hormuz from BBC
2025-11-15 14:20:41,267 - INFO - [The Guardian] Success with 'requests_browser'. Found content (753 words).
2025-11-15 14:20:41,303 - INFO - Duplicate article skipped: ‘Utter hypocrisy’: tobacco firm lobbied against rules in Africa that are law in UK | Global development | The Guardian from The Guardian
2025-11-15 14:20:41,974 - INFO - [The Guardian] Article: https://www.theguardian.com/environment/2025/nov/15/indigenous-lands-must-be-recognised-as-part-of-climate-policy-says-brazilian-minister
2025-11-15 14:20:41,974 - INFO - [The Guardian] Attempt 1/1: Trying with 'requests_browser' strategy...
2025-11-15 14:20:42,003 - INFO - [The Guardian] Success with 'requests_browser'. Found content (777 words).
2025-11-15 14:20:42,042 - INFO - Saved article: Indigenous lands must be recognised as part of climate policy, says Brazilian minister | Cop30 | The Guardian from The Guardian
2025-11-15 14:20:42,521 - INFO - [BBC] Article: https://www.bbc.com/news/articles/c9wv4dx05q5o?at_medium=RSS&at_campaign=rss
2025-11-15 14:20:42,521 - INFO - [BBC] Attempt 1/1: Trying with 'requests_browser' strategy...
2025-11-15 14:20:42,576 - INFO - [BBC] Success with 'requests_browser'. Found content (459 words).
2025-11-15 14:20:42,607 - INFO - Duplicate article skipped: Trump targets longtime MAGA ally Marjorie Taylor Greene from BBC
2025-11-15 14:20:43,359 - INFO - [The Guardian] Article: https://www.theguardian.com/environment/2025/nov/14/protesters-blockade-cop30-summit-over-plight-of-indigenous-peoples
2025-11-15 14:20:43,359 - INFO - [The Guardian] Attempt 1/1: Trying with 'requests_browser' strategy...
2025-11-15 14:20:43,398 - INFO - [The Guardian] Success with 'requests_browser'. Found content (976 words).
2025-11-15 14:20:43,446 - INFO - Duplicate article skipped: Protesters blockade Cop30 summit over plight of Indigenous peoples | Cop30 | The Guardian from The Guardian
2025-11-15 14:20:43,909 - INFO - [BBC] Article: https://www.bbc.com/news/articles/c5ylw4pz83do?at_medium=RSS&at_campaign=rss
2025-11-15 14:20:43,909 - INFO - [BBC] Attempt 1/1: Trying with 'requests_browser' strategy...
2025-11-15 14:20:43,948 - INFO - [BBC] Success with 'requests_browser'. Found content (2026 words).
2025-11-15 14:20:43,958 - INFO - [The Guardian] Article: https://www.theguardian.com/world/2025/nov/14/mark-carney-nation-building-canada
2025-11-15 14:20:43,964 - INFO - [The Guardian] Attempt 1/1: Trying with 'requests_browser' strategy...
2025-11-15 14:20:43,991 - INFO - Duplicate article skipped: Should Hitler's DNA have been studied? from BBC
2025-11-15 14:20:44,007 - INFO - [The Guardian] Success with 'requests_browser'. Found content (745 words).
2025-11-15 14:20:44,043 - INFO - Duplicate article skipped: Carney’s ‘nation-building’ programme misses mark to be truly transformative for Canada | Canada | The Guardian from The Guardian
2025-11-15 14:20:45,115 - INFO - [BBC] Article: https://www.bbc.com/news/articles/crklvx2n7rzo?at_medium=RSS&at_campaign=rss
2025-11-15 14:20:45,115 - INFO - [BBC] Attempt 1/1: Trying with 'requests_browser' strategy...
2025-11-15 14:20:45,157 - INFO - [BBC] Success with 'requests_browser'. Found content (1092 words).
2025-11-15 14:20:45,195 - INFO - Duplicate article skipped: China and Japan in escalating spat over Taiwan: What to know from BBC
2025-11-15 14:20:45,414 - INFO - [The Guardian] Article: https://www.theguardian.com/world/2025/nov/14/venezuela-maduro-urges-trump-to-avoid-afghanistan-style-forever-war
2025-11-15 14:20:45,415 - INFO - [The Guardian] Attempt 1/1: Trying with 'requests_browser' strategy...
2025-11-15 14:20:45,448 - INFO - [The Guardian] Success with 'requests_browser'. Found content (499 words).
2025-11-15 14:20:45,494 - INFO - Duplicate article skipped: Venezuela’s Maduro urges Trump to avoid Afghanistan-style ‘forever war’ | Venezuela | The Guardian from The Guardian
2025-11-15 14:20:45,630 - INFO - Selenium driver initialized successfully.
2025-11-15 14:20:45,630 - INFO - Starting scrape for The Hindu RSS feed: https://www.thehindu.com/news/national/feeder/default.rss
2025-11-15 14:20:45,631 - INFO - Selenium driver initialized successfully.
2025-11-15 14:20:45,631 - INFO - Starting scrape for Times of India RSS feed: https://timesofindia.indiatimes.com/rssfeeds/296589292.cms
2025-11-15 14:20:45,753 - INFO - Found 100 articles in The Hindu RSS feed. Processing up to 10.
2025-11-15 14:20:45,753 - INFO - [The Hindu] Article: https://www.thehindu.com/news/national/karnataka/federation-of-organisations-and-associations-of-mysuru-seeks-action-over-footpath-encroachment-in-mysuru/article70284276.ece
2025-11-15 14:20:45,753 - INFO - [The Hindu] Attempt 1/1: Trying with 'selenium_browser' strategy...
2025-11-15 14:20:45,847 - INFO - Found 20 articles in Times of India RSS feed. Processing up to 10.
2025-11-15 14:20:45,847 - INFO - [Times of India] Article: https://timesofindia.indiatimes.com/world/us/crazy-fearmongering-indian-malaysian-ceo-vishen-lakhiani-says-he-was-stopped-by-fbi-agents-at-miami-airport-because-/articleshow/125348963.cms
2025-11-15 14:20:45,847 - INFO - [Times of India] Attempt 1/1: Trying with 'selenium_browser' strategy...
2025-11-15 14:20:46,327 - INFO - [BBC] Article: https://www.bbc.com/news/articles/ckgy81jlxqgo?at_medium=RSS&at_campaign=rss
2025-11-15 14:20:46,327 - INFO - [BBC] Attempt 1/1: Trying with 'requests_browser' strategy...
2025-11-15 14:20:46,371 - INFO - [BBC] Success with 'requests_browser'. Found content (695 words).
2025-11-15 14:20:46,406 - INFO - [The Guardian] Article: https://www.theguardian.com/environment/2025/nov/14/london-judge-rules-bhp-group-liable-for-brazil-2015-samarco-dam-collapse
2025-11-15 14:20:46,406 - INFO - [The Guardian] Attempt 1/1: Trying with 'requests_browser' strategy...
2025-11-15 14:20:46,425 - INFO - Duplicate article skipped: Emails highlight Jeffrey Epstein and Steve Bannon relationship from BBC
2025-11-15 14:20:46,470 - INFO - [The Guardian] Success with 'requests_browser'. Found content (407 words).
2025-11-15 14:20:46,525 - INFO - Duplicate article skipped: Mining firm BHP found liable in UK for disastrous Brazilian dam collapse | Mining | The Guardian from The Guardian
2025-11-15 14:20:47,256 - INFO - [BBC] Article: https://www.bbc.com/news/articles/cj97x2lere0o?at_medium=RSS&at_campaign=rss
2025-11-15 14:20:47,256 - INFO - [BBC] Attempt 1/1: Trying with 'requests_browser' strategy...
2025-11-15 14:20:47,315 - INFO - [BBC] Success with 'requests_browser'. Found content (968 words).
2025-11-15 14:20:47,380 - INFO - Duplicate article skipped: US justice department investigates Epstein's alleged ties to Clinton and banks after Trump request from BBC
2025-11-15 14:20:48,602 - INFO - [BBC] Article: https://www.bbc.com/news/articles/c629m7jm777o?at_medium=RSS&at_campaign=rss
2025-11-15 14:20:48,602 - INFO - [BBC] Attempt 1/1: Trying with 'requests_browser' strategy...
2025-11-15 14:20:48,661 - INFO - [BBC] Success with 'requests_browser'. Found content (264 words).
2025-11-15 14:20:48,765 - INFO - Duplicate article skipped: Several killed after bus crashes into bus stop in Stockholm from BBC
2025-11-15 14:20:52,325 - INFO - [The Hindu] Page content loaded.
2025-11-15 14:20:52,716 - INFO - [The Hindu] Success with 'selenium_browser'. Found content (217 words).
2025-11-15 14:20:52,901 - INFO - Saved article: Federation of Organisations and Associations of Mysuru seeks action over footpath encroachment in Mysuru - The Hindu from The Hindu
2025-11-15 14:20:53,519 - INFO - [The Hindu] Article: https://www.thehindu.com/news/national/kerala/rift-in-nda-averted-as-bdjs-allotted-13-seats-in-kochi-corporation/article70283903.ece
2025-11-15 14:20:53,519 - INFO - [The Hindu] Attempt 1/1: Trying with 'selenium_browser' strategy...
2025-11-15 14:20:56,421 - INFO - [The Hindu] Page content loaded.
2025-11-15 14:20:56,884 - INFO - [The Hindu] Success with 'selenium_browser'. Found content (334 words).
2025-11-15 14:20:57,295 - INFO - Saved article: Rift in NDA averted as BDJS allotted 13 seats in Kochi Corporation - The Hindu from The Hindu
2025-11-15 14:20:58,722 - INFO - [The Hindu] Article: https://www.thehindu.com/news/national/telangana/12-children-fall-ill-after-leaving-paediatric-ward-at-area-hospital-in-nagarjunasagar/article70283764.ece
2025-11-15 14:20:58,722 - INFO - [The Hindu] Attempt 1/1: Trying with 'selenium_browser' strategy...
2025-11-15 14:21:04,538 - INFO - [The Hindu] Page content loaded.
2025-11-15 14:21:04,660 - INFO - [The Hindu] Success with 'selenium_browser'. Found content (307 words).
2025-11-15 14:21:04,805 - INFO - Saved article: 12 children fall ill after leaving paediatric ward at Area Hospital in Nagarjunasagar - The Hindu from The Hindu
2025-11-15 14:21:05,452 - INFO - [The Hindu] Article: https://www.thehindu.com/news/national/andhra-pradesh/prime-minister-narendra-modi-virtually-inaugurates-two-ekalavya-model-residential-schools-in-asr-district/article70284158.ece
2025-11-15 14:21:05,452 - INFO - [The Hindu] Attempt 1/1: Trying with 'selenium_browser' strategy...
2025-11-15 14:21:06,603 - INFO - [The Hindu] Page content loaded.
2025-11-15 14:21:07,511 - WARNING - [The Hindu] FAILED with 'selenium_browser' (content was too short: 70 words).
2025-11-15 14:21:07,512 - ERROR - [The Hindu] All scrape strategies failed for https://www.thehindu.com/news/national/andhra-pradesh/prime-minister-narendra-modi-virtually-inaugurates-two-ekalavya-model-residential-schools-in-asr-district/article70284158.ece. Falling back to RSS description.
2025-11-15 14:21:07,514 - INFO - Saved article: Prime Minister Narendra Modi virtually inaugurates two Ekalavya Model Residential Schools in ASR district from The Hindu
2025-11-15 14:21:08,726 - INFO - [The Hindu] Article: https://www.thehindu.com/news/national/andhra-pradesh/ministry-of-culture-sanctions-85-lakh-for-gouthami-library-in-rajamahendravaram/article70284105.ece
2025-11-15 14:21:08,726 - INFO - [The Hindu] Attempt 1/1: Trying with 'selenium_browser' strategy...
2025-11-15 14:21:09,940 - INFO - [The Hindu] Page content loaded.
2025-11-15 14:21:10,023 - WARNING - [The Hindu] FAILED with 'selenium_browser' (content was too short: 64 words).
2025-11-15 14:21:10,023 - ERROR - [The Hindu] All scrape strategies failed for https://www.thehindu.com/news/national/andhra-pradesh/ministry-of-culture-sanctions-85-lakh-for-gouthami-library-in-rajamahendravaram/article70284105.ece. Falling back to RSS description.
2025-11-15 14:21:10,027 - INFO - Saved article: Ministry of Culture sanctions ₹85 lakh for Gouthami Library in Rajamahendravaram from The Hindu
2025-11-15 14:21:11,473 - INFO - [The Hindu] Article: https://www.thehindu.com/news/national/delhi-blast-police-registers-two-firs-against-al-falah-university-for-forgery-and-cheating/article70284374.ece
2025-11-15 14:21:11,473 - INFO - [The Hindu] Attempt 1/1: Trying with 'selenium_browser' strategy...
2025-11-15 14:22:45,945 - ERROR - [Times of India] Request failed for strategy 'selenium_browser' on URL https://timesofindia.indiatimes.com/world/us/crazy-fearmongering-indian-malaysian-ceo-vishen-lakhiani-says-he-was-stopped-by-fbi-agents-at-miami-airport-because-/articleshow/125348963.cms: HTTPConnectionPool(host='localhost', port=44361): Read timed out. (read timeout=120)
2025-11-15 14:22:45,945 - ERROR - [Times of India] All scrape strategies failed for https://timesofindia.indiatimes.com/world/us/crazy-fearmongering-indian-malaysian-ceo-vishen-lakhiani-says-he-was-stopped-by-fbi-agents-at-miami-airport-because-/articleshow/125348963.cms. Falling back to RSS description.
2025-11-15 14:22:45,947 - INFO - Saved article: 'Crazy fearmongering': Indian-Malaysian CEO Vishen Lakhiani says he was stopped by FBI agents at Miami airport because... from Times of India
2025-11-15 14:22:47,292 - INFO - [Times of India] Article: https://timesofindia.indiatimes.com/world/us/maga-is-dead-major-split-in-republican-party-as-trump-ditches-longtime-ally-marjorie-taylor-greene-calls-her-wacky/articleshow/125348467.cms
2025-11-15 14:22:47,292 - INFO - [Times of India] Attempt 1/1: Trying with 'selenium_browser' strategy...
2025-11-15 14:23:11,543 - ERROR - [The Hindu] Request failed for strategy 'selenium_browser' on URL https://www.thehindu.com/news/national/delhi-blast-police-registers-two-firs-against-al-falah-university-for-forgery-and-cheating/article70284374.ece: HTTPConnectionPool(host='localhost', port=57243): Read timed out. (read timeout=120)
2025-11-15 14:23:11,543 - ERROR - [The Hindu] All scrape strategies failed for https://www.thehindu.com/news/national/delhi-blast-police-registers-two-firs-against-al-falah-university-for-forgery-and-cheating/article70284374.ece. Falling back to RSS description.
2025-11-15 14:23:11,545 - INFO - Saved article: Delhi blast: Police registers two FIRs against Al-Falah University for forgery and cheating from The Hindu
2025-11-15 14:23:12,645 - INFO - [The Hindu] Article: https://www.thehindu.com/news/national/kerala/woman-partner-arrested-for-allegedly-assaulting-minor-son-in-kochi/article70284142.ece
2025-11-15 14:23:12,645 - INFO - [The Hindu] Attempt 1/1: Trying with 'selenium_browser' strategy...
2025-11-15 14:24:47,394 - ERROR - [Times of India] Request failed for strategy 'selenium_browser' on URL https://timesofindia.indiatimes.com/world/us/maga-is-dead-major-split-in-republican-party-as-trump-ditches-longtime-ally-marjorie-taylor-greene-calls-her-wacky/articleshow/125348467.cms: HTTPConnectionPool(host='localhost', port=44361): Read timed out. (read timeout=120)
2025-11-15 14:24:47,394 - ERROR - [Times of India] All scrape strategies failed for https://timesofindia.indiatimes.com/world/us/maga-is-dead-major-split-in-republican-party-as-trump-ditches-longtime-ally-marjorie-taylor-greene-calls-her-wacky/articleshow/125348467.cms. Falling back to RSS description.
2025-11-15 14:24:47,395 - INFO - Saved article: 'MAGA is dead': Major split in Republican Party as Trump ditches longtime ally Marjorie Taylor Greene, calls her 'wacky' from Times of India
2025-11-15 14:24:48,525 - INFO - [Times of India] Article: https://timesofindia.indiatimes.com/world/us/i-dont-worship-or-serve-marjorie-taylor-greene-reacts-to-political-breakup-with-trump-amid-h-1b-epstein-split/articleshow/125347517.cms
2025-11-15 14:24:48,525 - INFO - [Times of India] Attempt 1/1: Trying with 'selenium_browser' strategy...
2025-11-15 14:25:12,670 - ERROR - [The Hindu] Request failed for strategy 'selenium_browser' on URL https://www.thehindu.com/news/national/kerala/woman-partner-arrested-for-allegedly-assaulting-minor-son-in-kochi/article70284142.ece: HTTPConnectionPool(host='localhost', port=57243): Read timed out. (read timeout=120)
2025-11-15 14:25:12,670 - ERROR - [The Hindu] All scrape strategies failed for https://www.thehindu.com/news/national/kerala/woman-partner-arrested-for-allegedly-assaulting-minor-son-in-kochi/article70284142.ece. Falling back to RSS description.
2025-11-15 14:25:12,671 - INFO - Saved article: Woman, partner arrested for allegedly assaulting minor son in Kochi from The Hindu
2025-11-15 14:25:13,637 - INFO - [The Hindu] Article: https://www.thehindu.com/news/national/kerala/rajeev-chandrasekhar-launches-ndas-kerala-local-body-poll-campaign-in-thrissur/article70284033.ece
2025-11-15 14:25:13,637 - INFO - [The Hindu] Attempt 1/1: Trying with 'selenium_browser' strategy...
2025-11-15 14:25:36,675 - CRITICAL - --- TIMEOUT: 2 scrape jobs did not complete in 300s. ---
2025-11-15 14:25:36,675 - ERROR - A thread has timed out and will be abandoned.
2025-11-15 14:25:36,675 - ERROR - A thread has timed out and will be abandoned.
2025-11-15 14:25:36,675 - INFO - Shutting down thread pool (wait=False)...
2025-11-15 14:25:36,675 - INFO - Scraped: 1 BBC, 1 The Guardian, 2 Timed_Out_Jobs articles. (Total saved: 2)
2025-11-15 14:25:36,675 - INFO - --- Scraping job finished ---
2025-11-15 14:25:36,675 - INFO - --- Scraper service stopped and database connection closed. ---
2025-11-15 14:25:36,675 - INFO - --- Main thread finished. Forcing process exit to kill zombie threads. ---
