2025-12-18 22:25:31,444 - INFO - Initializing database connection at: news_articles.db
2025-12-18 22:25:31,445 - INFO - --- Scraper service started (CI Mode: Run Once) ---
2025-12-18 22:25:31,445 - INFO - --- Starting new scraping job (Parallel Mode) ---
2025-12-18 22:25:31,445 - INFO - Creating new robust session with 3 retries on 5xx/connection/read errors.
2025-12-18 22:25:31,445 - INFO - Proxy is DISABLED.
2025-12-18 22:25:31,445 - INFO - Starting scrape for BBC RSS feed: http://feeds.bbci.co.uk/news/world/rss.xml
2025-12-18 22:25:31,445 - INFO - [Times of India] (Thread) requires Selenium. Initializing driver...
2025-12-18 22:25:31,445 - INFO - Initializing headless Selenium Chrome driver (using SeleniumManager)...
2025-12-18 22:25:31,446 - INFO - Starting scrape for The Guardian RSS feed: https://www.theguardian.com/world/rss
2025-12-18 22:25:31,447 - INFO - [The Hindu] (Thread) requires Selenium. Initializing driver...
2025-12-18 22:25:31,447 - INFO - Initializing headless Selenium Chrome driver (using SeleniumManager)...
2025-12-18 22:25:31,447 - INFO - Submitted 4 jobs to thread pool. Waiting up to 300s for completion...
2025-12-18 22:25:31,624 - INFO - Found 45 articles in The Guardian RSS feed. Processing up to 10.
2025-12-18 22:25:31,624 - INFO - [The Guardian] Article: https://www.theguardian.com/global-development/2025/dec/18/morocco-genz212-protests-police-mass-arrests-beatings-detentions-rights
2025-12-18 22:25:31,624 - INFO - [The Guardian] Attempt 1/1: Trying with 'requests_browser' strategy...
2025-12-18 22:25:31,656 - INFO - [The Guardian] Success with 'requests_browser'. Found content (772 words).
2025-12-18 22:25:31,694 - INFO - Duplicate article skipped: Morocco accused of ‘horrific’ abuse of detained gen Z protesters | Morocco | The Guardian from The Guardian
2025-12-18 22:25:31,810 - INFO - Found 34 articles in BBC RSS feed. Processing up to 10.
2025-12-18 22:25:31,810 - INFO - [BBC] Article: https://www.bbc.com/news/articles/c9vjlj1ezpgo?at_medium=RSS&at_campaign=rss
2025-12-18 22:25:31,810 - INFO - [BBC] Attempt 1/1: Trying with 'requests_browser' strategy...
2025-12-18 22:25:32,030 - INFO - [BBC] Success with 'requests_browser'. Found content (1202 words).
2025-12-18 22:25:32,066 - INFO - Duplicate article skipped: Zelensky gives stark warning as EU leaders decide on Russia's frozen assets from BBC
2025-12-18 22:25:32,236 - INFO - [The Guardian] Article: https://www.theguardian.com/world/2025/dec/16/five-key-moments-in-the-assault-on-the-rights-of-women-and-girls-in-2025
2025-12-18 22:25:32,236 - INFO - [The Guardian] Attempt 1/1: Trying with 'requests_browser' strategy...
2025-12-18 22:25:32,263 - INFO - [The Guardian] Success with 'requests_browser'. Found content (914 words).
2025-12-18 22:25:32,302 - INFO - Duplicate article skipped: Five key moments in the assault on the rights of women and girls in 2025 | Anti-rights movement | The Guardian from The Guardian
2025-12-18 22:25:33,003 - INFO - [BBC] Article: https://www.bbc.com/news/articles/c623rzzenmyo?at_medium=RSS&at_campaign=rss
2025-12-18 22:25:33,003 - INFO - [BBC] Attempt 1/1: Trying with 'requests_browser' strategy...
2025-12-18 22:25:33,037 - INFO - [BBC] Success with 'requests_browser'. Found content (379 words).
2025-12-18 22:25:33,081 - INFO - Saved article: Violence erupts in Bangladesh after death of youth protest leader from BBC
2025-12-18 22:25:33,450 - INFO - [The Guardian] Article: https://www.theguardian.com/world/2025/dec/16/south-africa-russia-men-tricked-fighting-ukraine
2025-12-18 22:25:33,450 - INFO - [The Guardian] Attempt 1/1: Trying with 'requests_browser' strategy...
2025-12-18 22:25:33,472 - INFO - [The Guardian] Success with 'requests_browser'. Found content (503 words).
2025-12-18 22:25:33,506 - INFO - Duplicate article skipped: South Africa in talks with Russia over men ‘tricked’ into fighting in Ukraine | South Africa | The Guardian from The Guardian
2025-12-18 22:25:33,724 - INFO - [BBC] Article: https://www.bbc.com/news/articles/c741r9ve3z7o?at_medium=RSS&at_campaign=rss
2025-12-18 22:25:33,724 - INFO - [BBC] Attempt 1/1: Trying with 'requests_browser' strategy...
2025-12-18 22:25:33,750 - INFO - [BBC] Success with 'requests_browser'. Found content (570 words).
2025-12-18 22:25:33,785 - INFO - Saved article: Greg Biffle: Ex-Nascar driver and family believed to be among seven killed in aircrash from BBC
2025-12-18 22:25:34,151 - INFO - [The Guardian] Article: https://www.theguardian.com/world/2025/dec/16/libya-national-museum-reopens
2025-12-18 22:25:34,151 - INFO - [The Guardian] Attempt 1/1: Trying with 'requests_browser' strategy...
2025-12-18 22:25:34,176 - INFO - [The Guardian] Success with 'requests_browser'. Found content (1229 words).
2025-12-18 22:25:34,214 - INFO - Duplicate article skipped: Libya looks to its past to build a new future as national museum reopens | Libya | The Guardian from The Guardian
2025-12-18 22:25:34,973 - INFO - [The Guardian] Article: https://www.theguardian.com/education/2025/dec/14/ghana-students-uk-universities-face-deportion-funding-crisis
2025-12-18 22:25:34,973 - INFO - [The Guardian] Attempt 1/1: Trying with 'requests_browser' strategy...
2025-12-18 22:25:34,999 - INFO - [The Guardian] Success with 'requests_browser'. Found content (604 words).
2025-12-18 22:25:35,032 - INFO - Duplicate article skipped: Ghanaian students at UK universities face deportation amid funding crisis | International students | The Guardian from The Guardian
2025-12-18 22:25:35,101 - INFO - [BBC] Article: https://www.bbc.com/news/articles/cp8z684r6vlo?at_medium=RSS&at_campaign=rss
2025-12-18 22:25:35,101 - INFO - [BBC] Attempt 1/1: Trying with 'requests_browser' strategy...
2025-12-18 22:25:35,130 - INFO - [BBC] Success with 'requests_browser'. Found content (692 words).
2025-12-18 22:25:35,166 - INFO - Duplicate article skipped: Trump expands access to cannabis in a major shift in drug policy from BBC
2025-12-18 22:25:36,213 - INFO - [BBC] Article: https://www.bbc.com/news/articles/cg7vp937jyxo?at_medium=RSS&at_campaign=rss
2025-12-18 22:25:36,213 - INFO - [BBC] Attempt 1/1: Trying with 'requests_browser' strategy...
2025-12-18 22:25:36,244 - INFO - [BBC] Success with 'requests_browser'. Found content (830 words).
2025-12-18 22:25:36,298 - INFO - Duplicate article skipped: Kristin Cabot: HR exec in viral Coldplay clip speaks of abuse, threats and trying to find a new job from BBC
2025-12-18 22:25:36,533 - INFO - [The Guardian] Article: https://www.theguardian.com/world/2025/dec/18/brazilian-congress-passes-bill-cut-jair-bolsonaro-prison-term
2025-12-18 22:25:36,533 - INFO - [The Guardian] Attempt 1/1: Trying with 'requests_browser' strategy...
2025-12-18 22:25:36,566 - INFO - [The Guardian] Success with 'requests_browser'. Found content (472 words).
2025-12-18 22:25:36,609 - INFO - Duplicate article skipped: Brazilian president vows to veto bill cutting Jair Bolsonaro’s prison term | Jair Bolsonaro | The Guardian from The Guardian
2025-12-18 22:25:37,588 - INFO - [BBC] Article: https://www.bbc.com/news/articles/c93wxp2p05xo?at_medium=RSS&at_campaign=rss
2025-12-18 22:25:37,588 - INFO - [BBC] Attempt 1/1: Trying with 'requests_browser' strategy...
2025-12-18 22:25:37,616 - INFO - [BBC] Success with 'requests_browser'. Found content (425 words).
2025-12-18 22:25:37,648 - INFO - Duplicate article skipped: Wiz Khalifa sentenced to nine months jail in Romania from BBC
2025-12-18 22:25:37,850 - INFO - [The Guardian] Article: https://www.theguardian.com/world/2025/dec/18/canada-immigration-population-analysis
2025-12-18 22:25:37,850 - INFO - [The Guardian] Attempt 1/1: Trying with 'requests_browser' strategy...
2025-12-18 22:25:37,874 - INFO - [The Guardian] Success with 'requests_browser'. Found content (1042 words).
2025-12-18 22:25:37,909 - INFO - Duplicate article skipped: Canada’s population drop reflects souring of attitudes to immigration | Canada | The Guardian from The Guardian
2025-12-18 22:25:38,365 - INFO - [BBC] Article: https://www.bbc.com/news/articles/c2epv08xwz7o?at_medium=RSS&at_campaign=rss
2025-12-18 22:25:38,365 - INFO - [BBC] Attempt 1/1: Trying with 'requests_browser' strategy...
2025-12-18 22:25:38,390 - INFO - [BBC] Success with 'requests_browser'. Found content (746 words).
2025-12-18 22:25:38,421 - INFO - Duplicate article skipped: French 'Doctor Death' who poisoned patients jailed for life from BBC
2025-12-18 22:25:38,952 - INFO - [The Guardian] Article: https://www.theguardian.com/us-news/2025/dec/17/military-strike-pacific-hegseth
2025-12-18 22:25:38,952 - INFO - [The Guardian] Attempt 1/1: Trying with 'requests_browser' strategy...
2025-12-18 22:25:38,976 - INFO - [The Guardian] Success with 'requests_browser'. Found content (524 words).
2025-12-18 22:25:39,013 - INFO - Duplicate article skipped: US strike on alleged drug boat in Pacific kills four, as Trump accuses Venezuela of taking ‘our oil’ | US news | The Guardian from The Guardian
2025-12-18 22:25:39,477 - INFO - [BBC] Article: https://www.bbc.com/news/articles/cgmneem1e89o?at_medium=RSS&at_campaign=rss
2025-12-18 22:25:39,477 - INFO - [BBC] Attempt 1/1: Trying with 'requests_browser' strategy...
2025-12-18 22:25:39,506 - INFO - [BBC] Success with 'requests_browser'. Found content (720 words).
2025-12-18 22:25:39,540 - INFO - Duplicate article skipped: Anthony Albanese announces hate speech crackdown after Bondi shooting from BBC
2025-12-18 22:25:40,404 - INFO - [The Guardian] Article: https://www.theguardian.com/world/2025/dec/17/canada-population-drop-international-students
2025-12-18 22:25:40,404 - INFO - [The Guardian] Attempt 1/1: Trying with 'requests_browser' strategy...
2025-12-18 22:25:40,430 - INFO - [The Guardian] Success with 'requests_browser'. Found content (489 words).
2025-12-18 22:25:40,465 - INFO - Duplicate article skipped: Canada sees large drop in population amid international students crackdown | Canada | The Guardian from The Guardian
2025-12-18 22:25:40,994 - INFO - [BBC] Article: https://www.bbc.com/news/articles/cp9kv9lld38o?at_medium=RSS&at_campaign=rss
2025-12-18 22:25:40,994 - INFO - [BBC] Attempt 1/1: Trying with 'requests_browser' strategy...
2025-12-18 22:25:41,019 - INFO - [BBC] Success with 'requests_browser'. Found content (419 words).
2025-12-18 22:25:41,051 - INFO - Duplicate article skipped: Trump Media to merge with fusion energy firm in $6bn deal from BBC
2025-12-18 22:25:41,141 - INFO - [The Guardian] Article: https://www.theguardian.com/world/2025/dec/17/canada-polar-bear-adopts-new-cub
2025-12-18 22:25:41,141 - INFO - [The Guardian] Attempt 1/1: Trying with 'requests_browser' strategy...
2025-12-18 22:25:41,163 - INFO - [The Guardian] Success with 'requests_browser'. Found content (520 words).
2025-12-18 22:25:41,197 - INFO - Duplicate article skipped: Scientists log rare case of female polar bear adopting cub: ‘They’re really good moms’ | Canada | The Guardian from The Guardian
2025-12-18 22:25:42,019 - INFO - [BBC] Article: https://www.bbc.com/news/articles/ce86j7n6d3do?at_medium=RSS&at_campaign=rss
2025-12-18 22:25:42,019 - INFO - [BBC] Attempt 1/1: Trying with 'requests_browser' strategy...
2025-12-18 22:25:42,056 - INFO - [BBC] Success with 'requests_browser'. Found content (596 words).
2025-12-18 22:25:42,090 - INFO - Duplicate article skipped: Peter Arnett, Pulitzer-winning war reporter, dies aged 91 from BBC
2025-12-18 22:25:43,379 - INFO - Selenium driver initialized successfully.
2025-12-18 22:25:43,380 - INFO - Starting scrape for Times of India RSS feed: https://timesofindia.indiatimes.com/rssfeeds/296589292.cms
2025-12-18 22:25:43,380 - INFO - Selenium driver initialized successfully.
2025-12-18 22:25:43,381 - INFO - Starting scrape for The Hindu RSS feed: https://www.thehindu.com/news/national/feeder/default.rss
2025-12-18 22:25:43,548 - INFO - Found 20 articles in Times of India RSS feed. Processing up to 10.
2025-12-18 22:25:43,548 - INFO - [Times of India] Article: https://timesofindia.indiatimes.com/world/us/first-casualty-of-the-fusion-wars-killing-of-mits-top-nuclear-scientist-nuno-loureiro-sparks-online-speculation/articleshow/126064676.cms
2025-12-18 22:25:43,548 - INFO - [Times of India] Attempt 1/1: Trying with 'selenium_browser' strategy...
2025-12-18 22:25:43,588 - INFO - Found 100 articles in The Hindu RSS feed. Processing up to 10.
2025-12-18 22:25:43,588 - INFO - [The Hindu] Article: https://www.thehindu.com/news/cities/mumbai/congress-mlc-pradnya-satav-abandons-party-just-before-local-polls-to-join-bjp/article70412859.ece
2025-12-18 22:25:43,588 - INFO - [The Hindu] Attempt 1/1: Trying with 'selenium_browser' strategy...
2025-12-18 22:25:47,466 - INFO - [The Hindu] Page content loaded.
2025-12-18 22:25:47,657 - INFO - [The Hindu] Success with 'selenium_browser'. Found content (323 words).
2025-12-18 22:25:47,797 - INFO - Saved article: Congress MLC Pradnya Satav abandons party just before local polls to join BJP - The Hindu from The Hindu
2025-12-18 22:25:48,346 - INFO - [The Hindu] Article: https://www.thehindu.com/sci-tech/health/diabetes-atlas-projections-indicate-900-million-people-will-have-diabetes-in-2050/article70412984.ece
2025-12-18 22:25:48,346 - INFO - [The Hindu] Attempt 1/1: Trying with 'selenium_browser' strategy...
2025-12-18 22:25:51,476 - INFO - [The Hindu] Page content loaded.
2025-12-18 22:25:52,222 - INFO - [The Hindu] Success with 'selenium_browser'. Found content (436 words).
2025-12-18 22:25:52,566 - INFO - Saved article: Diabetes Atlas projections indicate 900 million people will have diabetes in 2050 - The Hindu from The Hindu
2025-12-18 22:25:53,714 - INFO - [The Hindu] Article: https://www.thehindu.com/news/national/in-rajya-sabha-opposition-flags-lack-of-consultations-before-tabling-new-rural-jobs-bill/article70413064.ece
2025-12-18 22:25:53,714 - INFO - [The Hindu] Attempt 1/1: Trying with 'selenium_browser' strategy...
2025-12-18 22:26:02,163 - INFO - [The Hindu] Page content loaded.
2025-12-18 22:26:02,258 - INFO - [The Hindu] Success with 'selenium_browser'. Found content (348 words).
2025-12-18 22:26:02,456 - INFO - Saved article: In Rajya Sabha, Opposition flags lack of consultations before tabling new rural jobs Bill - The Hindu from The Hindu
2025-12-18 22:26:03,003 - INFO - [The Hindu] Article: https://www.thehindu.com/news/national/opposition-sits-on-overnight-protest-in-parliament-against-passage-of-vb-g-ram-g-bill/article70413276.ece
2025-12-18 22:26:03,003 - INFO - [The Hindu] Attempt 1/1: Trying with 'selenium_browser' strategy...
2025-12-18 22:26:05,383 - INFO - [The Hindu] Page content loaded.
2025-12-18 22:26:05,832 - INFO - [The Hindu] Success with 'selenium_browser'. Found content (469 words).
2025-12-18 22:26:05,913 - INFO - Saved article: Opposition sits on overnight protest in Parliament against passage of VB-G RAM G Bill - The Hindu from The Hindu
2025-12-18 22:26:07,033 - INFO - [The Hindu] Article: https://www.thehindu.com/news/national/karnataka/two-wheelers-autorickshaws-continue-to-flout-ban-on-bengalurumysuru-highway-commuters-raise-safety-concerns/article70412282.ece
2025-12-18 22:26:07,033 - INFO - [The Hindu] Attempt 1/1: Trying with 'selenium_browser' strategy...
2025-12-18 22:26:09,712 - INFO - [The Hindu] Page content loaded.
2025-12-18 22:26:09,890 - INFO - [The Hindu] Success with 'selenium_browser'. Found content (603 words).
2025-12-18 22:26:09,998 - INFO - Duplicate article skipped: Two-wheelers, autorickshaws continue to flout ban on Bengaluru–Mysuru highway; commuters raise safety concerns - The Hindu from The Hindu
2025-12-18 22:26:10,816 - INFO - [The Hindu] Article: https://www.thehindu.com/news/national/tamil-nadu/palaniswami-says-his-partys-alliance-is-only-for-electoral-success/article70412865.ece
2025-12-18 22:26:10,816 - INFO - [The Hindu] Attempt 1/1: Trying with 'selenium_browser' strategy...
2025-12-18 22:26:11,410 - INFO - [The Hindu] Page content loaded.
2025-12-18 22:26:11,468 - INFO - [The Hindu] Success with 'selenium_browser'. Found content (194 words).
2025-12-18 22:26:11,569 - INFO - Duplicate article skipped: Palaniswami says his party’s alliance is only for electoral success - The Hindu from The Hindu
2025-12-18 22:26:12,398 - INFO - [The Hindu] Article: https://www.thehindu.com/news/national/tamil-nadu/cm-stalin-inaugurates-new-projects-in-kolathur/article70412284.ece
2025-12-18 22:26:12,398 - INFO - [The Hindu] Attempt 1/1: Trying with 'selenium_browser' strategy...
2025-12-18 22:26:15,957 - INFO - [The Hindu] Page content loaded.
2025-12-18 22:26:16,026 - INFO - [The Hindu] Success with 'selenium_browser'. Found content (169 words).
2025-12-18 22:26:16,106 - INFO - Duplicate article skipped: CM Stalin inaugurates new projects in Kolathur - The Hindu from The Hindu
2025-12-18 22:26:17,451 - INFO - [The Hindu] Article: https://www.thehindu.com/news/national/tamil-nadu/finding-resolution-to-tariff-issues-with-us-the-only-way-to-address-exchange-rate-issues-c-rangarajan/article70411802.ece
2025-12-18 22:26:17,452 - INFO - [The Hindu] Attempt 1/1: Trying with 'selenium_browser' strategy...
2025-12-18 22:26:19,180 - INFO - [The Hindu] Page content loaded.
2025-12-18 22:26:19,347 - INFO - [The Hindu] Success with 'selenium_browser'. Found content (325 words).
2025-12-18 22:26:19,482 - INFO - Duplicate article skipped: Finding resolution to tariff issues with U.S., the only way to address exchange rate issues: C. Rangarajan - The Hindu from The Hindu
2025-12-18 22:26:20,095 - INFO - [The Hindu] Article: https://www.thehindu.com/news/cities/kolkata/temporary-relief-for-sacked-bengal-teachers-after-sc-order-on-extension-of-recruitment-deadline/article70412017.ece
2025-12-18 22:26:20,095 - INFO - [The Hindu] Attempt 1/1: Trying with 'selenium_browser' strategy...
2025-12-18 22:26:21,426 - INFO - [The Hindu] Page content loaded.
2025-12-18 22:26:21,506 - INFO - [The Hindu] Success with 'selenium_browser'. Found content (418 words).
2025-12-18 22:26:21,602 - INFO - Duplicate article skipped: ‘Temporary relief’ for sacked Bengal teachers after SC order on extension of recruitment deadline - The Hindu from The Hindu
2025-12-18 22:26:22,581 - INFO - [The Hindu] Article: https://www.thehindu.com/news/national/punjab/punjab-farmers-stage-protests-against-bill/article70412012.ece
2025-12-18 22:26:22,581 - INFO - [The Hindu] Attempt 1/1: Trying with 'selenium_browser' strategy...
2025-12-18 22:26:23,679 - INFO - [Times of India] Page content loaded.
2025-12-18 22:26:24,142 - INFO - [Times of India] Success with 'selenium_browser'. Found content (610 words).
2025-12-18 22:26:24,377 - INFO - Saved article: ‘First casualty of the fusion wars’: Killing of MIT’s top nuclear scientist Nuno Loureiro sparks online speculation | World News - The Times of India from Times of India
2025-12-18 22:26:24,900 - INFO - [The Hindu] Page content loaded.
2025-12-18 22:26:25,086 - INFO - [The Hindu] Success with 'selenium_browser'. Found content (249 words).
2025-12-18 22:26:25,336 - INFO - Duplicate article skipped: Punjab farmers stage protests against Bill - The Hindu from The Hindu
2025-12-18 22:26:25,455 - INFO - [Times of India] Article: https://timesofindia.indiatimes.com/world/us-streamers/adin-ross-instantly-bans-mizkif-from-his-kick-chat-during-livestream/articleshow/126064615.cms
2025-12-18 22:26:25,456 - INFO - [Times of India] Attempt 1/1: Trying with 'selenium_browser' strategy...
2025-12-18 22:26:26,398 - INFO - [The Hindu] (Thread) Finished. Attempting to shut down its Selenium driver.
2025-12-18 22:26:26,904 - INFO - [The Hindu] (Thread) driver.quit() successful.
2025-12-18 22:26:27,827 - INFO - [Times of India] Page content loaded.
2025-12-18 22:26:27,983 - INFO - [Times of India] Success with 'selenium_browser'. Found content (445 words).
2025-12-18 22:26:28,065 - INFO - Saved article: Adin Ross instantly bans Mizkif from his Kick chat during livestream - The Times of India from Times of India
2025-12-18 22:26:28,582 - INFO - [Times of India] Article: https://timesofindia.indiatimes.com/world/us/greg-biffles-plane-crashes-as-he-was-flying-to-florida-with-family-to-meet-friend-we-are-devastated/articleshow/126064511.cms
2025-12-18 22:26:28,582 - INFO - [Times of India] Attempt 1/1: Trying with 'selenium_browser' strategy...
2025-12-18 22:26:29,647 - INFO - [Times of India] Page content loaded.
2025-12-18 22:26:29,840 - INFO - [Times of India] Success with 'selenium_browser'. Found content (517 words).
2025-12-18 22:26:29,893 - INFO - Duplicate article skipped: Greg Biffle's plane crashes as he was flying to Florida with family to meet friend: 'We are devastated' - The Times of India from Times of India
2025-12-18 22:26:30,644 - INFO - [Times of India] Article: https://timesofindia.indiatimes.com/world/us-streamers/mike-liaory-accident-goes-viral-after-kick-stream-shows-red-light-crash-in-los-angeles-traffic/articleshow/126064487.cms
2025-12-18 22:26:30,644 - INFO - [Times of India] Attempt 1/1: Trying with 'selenium_browser' strategy...
2025-12-18 22:26:31,348 - INFO - [Times of India] Page content loaded.
2025-12-18 22:26:31,530 - INFO - [Times of India] Success with 'selenium_browser'. Found content (454 words).
2025-12-18 22:26:31,586 - INFO - Duplicate article skipped: Mike Liaory accident goes viral after Kick stream shows red light crash in Los Angeles traffic - The Times of India from Times of India
2025-12-18 22:26:32,274 - INFO - [Times of India] Article: https://timesofindia.indiatimes.com/world/us-streamers/aint-no-way-nina-lin-addresses-twitch-permaban-rumors-after-viral-target-stream/articleshow/126064457.cms
2025-12-18 22:26:32,275 - INFO - [Times of India] Attempt 1/1: Trying with 'selenium_browser' strategy...
2025-12-18 22:26:33,081 - INFO - [Times of India] Page content loaded.
2025-12-18 22:26:33,204 - INFO - [Times of India] Success with 'selenium_browser'. Found content (392 words).
2025-12-18 22:26:33,265 - INFO - Saved article: “Ain’t no way”: Nina Lin addresses Twitch permaban rumors after viral Target stream - The Times of India from Times of India
2025-12-18 22:26:33,991 - INFO - [Times of India] Article: https://timesofindia.indiatimes.com/world/us/what-happened-to-greg-biffles-cessna-550-shortly-after-it-took-off-from-ncs-statesville-airport/articleshow/126063387.cms
2025-12-18 22:26:33,991 - INFO - [Times of India] Attempt 1/1: Trying with 'selenium_browser' strategy...
2025-12-18 22:26:34,527 - INFO - [Times of India] Page content loaded.
2025-12-18 22:26:34,660 - INFO - [Times of India] Success with 'selenium_browser'. Found content (363 words).
2025-12-18 22:26:34,721 - INFO - Saved article: What happened to Greg Biffle's Cessna 550 shortly after it took off from NC's Statesville airport? - The Times of India from Times of India
2025-12-18 22:26:35,433 - INFO - [Times of India] Article: https://timesofindia.indiatimes.com/world/us/befriending-others-for-status-katie-millers-mean-girls-past-resurfaces-as-classmates-speak-out/articleshow/126063194.cms
2025-12-18 22:26:35,433 - INFO - [Times of India] Attempt 1/1: Trying with 'selenium_browser' strategy...
2025-12-18 22:26:36,005 - INFO - [Times of India] Page content loaded.
2025-12-18 22:26:36,132 - INFO - [Times of India] Success with 'selenium_browser'. Found content (798 words).
2025-12-18 22:26:36,199 - INFO - Saved article: "Befriending others for status": Katie Miller’s ‘Mean Girls’ past resurfaces as classmates speak out - The Times of India from Times of India
2025-12-18 22:26:37,411 - INFO - [Times of India] Article: https://timesofindia.indiatimes.com/world/south-asia/bangladesh-who-was-sharif-osman-hadi-key-figure-in-sheikh-hasina-ouster/articleshow/126062393.cms
2025-12-18 22:26:37,411 - INFO - [Times of India] Attempt 1/1: Trying with 'selenium_browser' strategy...
2025-12-18 22:26:43,105 - INFO - [Times of India] Page content loaded.
2025-12-18 22:26:43,251 - INFO - [Times of India] Success with 'selenium_browser'. Found content (116 words).
2025-12-18 22:26:43,311 - INFO - Duplicate article skipped: Bangladesh: Who was Sharif Osman Hadi? Key figure in Sheikh Hasina ouster - The Times of India from Times of India
2025-12-18 22:26:44,508 - INFO - [Times of India] Article: https://timesofindia.indiatimes.com/world/us/were-greg-biffle-family-on-board-when-cessna-c550-jet-crashed-in-north-carolina-heres-what-we-know-so-far/articleshow/126062755.cms
2025-12-18 22:26:44,508 - INFO - [Times of India] Attempt 1/1: Trying with 'selenium_browser' strategy...
2025-12-18 22:26:46,494 - INFO - [Times of India] Page content loaded.
2025-12-18 22:26:46,642 - INFO - [Times of India] Success with 'selenium_browser'. Found content (484 words).
2025-12-18 22:26:46,696 - INFO - Duplicate article skipped: Were Greg Biffle, family on board when Cessna C550 jet crashed in North Carolina? Here's what we know so far - The Times of India from Times of India
2025-12-18 22:26:47,711 - INFO - [Times of India] Article: https://timesofindia.indiatimes.com/world/us/first-american-pope-appoints-bishop-ronald-hicks-as-new-yorks-next-archbishop/articleshow/126061479.cms
2025-12-18 22:26:47,711 - INFO - [Times of India] Attempt 1/1: Trying with 'selenium_browser' strategy...
2025-12-18 22:26:49,555 - INFO - [Times of India] Page content loaded.
2025-12-18 22:26:49,689 - INFO - [Times of India] Success with 'selenium_browser'. Found content (753 words).
2025-12-18 22:26:49,787 - INFO - Saved article: First American Pope appoints Bishop Ronald Hicks as New York’s next archbishop | World News - The Times of India from Times of India
2025-12-18 22:26:51,052 - INFO - [Times of India] (Thread) Finished. Attempting to shut down its Selenium driver.
2025-12-18 22:26:51,230 - INFO - [Times of India] (Thread) driver.quit() successful.
2025-12-18 22:26:51,230 - INFO - Shutting down thread pool (wait=False)...
2025-12-18 22:26:51,230 - INFO - Scraped: 4 The Hindu, 2 BBC, 6 Times of India, 0 The Guardian articles. (Total saved: 12)
2025-12-18 22:26:51,230 - INFO - --- Scraping job finished ---
2025-12-18 22:26:51,235 - INFO - --- Scraper service stopped and database connection closed. ---
2025-12-18 22:26:51,235 - INFO - --- Main thread finished. Forcing process exit to kill zombie threads. ---
