2025-12-09 02:00:45,243 - INFO - Initializing database connection at: news_articles.db
2025-12-09 02:00:45,243 - INFO - --- Scraper service started (CI Mode: Run Once) ---
2025-12-09 02:00:45,243 - INFO - --- Starting new scraping job (Parallel Mode) ---
2025-12-09 02:00:45,243 - INFO - Creating new robust session with 3 retries on 5xx/connection/read errors.
2025-12-09 02:00:45,243 - INFO - Proxy is DISABLED.
2025-12-09 02:00:45,243 - INFO - Starting scrape for BBC RSS feed: http://feeds.bbci.co.uk/news/world/rss.xml
2025-12-09 02:00:45,244 - INFO - [Times of India] (Thread) requires Selenium. Initializing driver...
2025-12-09 02:00:45,244 - INFO - Initializing headless Selenium Chrome driver (using SeleniumManager)...
2025-12-09 02:00:45,244 - INFO - Starting scrape for The Guardian RSS feed: https://www.theguardian.com/world/rss
2025-12-09 02:00:45,245 - INFO - [The Hindu] (Thread) requires Selenium. Initializing driver...
2025-12-09 02:00:45,245 - INFO - Initializing headless Selenium Chrome driver (using SeleniumManager)...
2025-12-09 02:00:45,245 - INFO - Submitted 4 jobs to thread pool. Waiting up to 300s for completion...
2025-12-09 02:00:45,387 - INFO - Found 45 articles in The Guardian RSS feed. Processing up to 10.
2025-12-09 02:00:45,387 - INFO - [The Guardian] Article: https://www.theguardian.com/world/2025/dec/08/white-supremacist-notions-threaten-sovereignty-of-south-africa-ramaphosa
2025-12-09 02:00:45,387 - INFO - [The Guardian] Attempt 1/1: Trying with 'requests_browser' strategy...
2025-12-09 02:00:45,422 - INFO - [The Guardian] Success with 'requests_browser'. Found content (547 words).
2025-12-09 02:00:45,470 - INFO - Duplicate article skipped: False claims Afrikaners are persecuted threaten South Africa’s sovereignty, says president | South Africa | The Guardian from The Guardian
2025-12-09 02:00:45,481 - INFO - Found 45 articles in BBC RSS feed. Processing up to 10.
2025-12-09 02:00:45,481 - INFO - [BBC] Article: https://www.bbc.com/news/articles/c2k4z9nwz4yo?at_medium=RSS&at_campaign=rss
2025-12-09 02:00:45,481 - INFO - [BBC] Attempt 1/1: Trying with 'requests_browser' strategy...
2025-12-09 02:00:45,703 - INFO - [BBC] Success with 'requests_browser'. Found content (886 words).
2025-12-09 02:00:45,741 - INFO - Duplicate article skipped: Critical moment to ramp up support for Ukraine, European allies say from BBC
2025-12-09 02:00:46,310 - INFO - [BBC] Article: https://www.bbc.com/news/articles/c8r3v5mmyp8o?at_medium=RSS&at_campaign=rss
2025-12-09 02:00:46,311 - INFO - [BBC] Attempt 1/1: Trying with 'requests_browser' strategy...
2025-12-09 02:00:46,336 - INFO - [The Guardian] Article: https://www.theguardian.com/world/2025/dec/08/ancient-egyptian-pleasure-boat-found-archaeologists-alexandria-coast
2025-12-09 02:00:46,336 - INFO - [The Guardian] Attempt 1/1: Trying with 'requests_browser' strategy...
2025-12-09 02:00:46,346 - INFO - [BBC] Success with 'requests_browser'. Found content (888 words).
2025-12-09 02:00:46,382 - INFO - Duplicate article skipped: European leaders walk tightrope between backing Ukraine and keeping US on board from BBC
2025-12-09 02:00:46,398 - INFO - [The Guardian] Success with 'requests_browser'. Found content (765 words).
2025-12-09 02:00:46,432 - INFO - Duplicate article skipped: Ancient Egyptian pleasure boat found by archaeologists off Alexandria coast | Egypt | The Guardian from The Guardian
2025-12-09 02:00:47,355 - INFO - [The Guardian] Article: https://www.theguardian.com/world/2025/dec/07/release-secured-of-100-kidnapped-nigerian-schoolchildren-but-many-still-being-held
2025-12-09 02:00:47,355 - INFO - [The Guardian] Attempt 1/1: Trying with 'requests_browser' strategy...
2025-12-09 02:00:47,515 - INFO - [The Guardian] Success with 'requests_browser'. Found content (413 words).
2025-12-09 02:00:47,549 - INFO - Duplicate article skipped: Nigerian state secures release of 100 out of 265 kidnapped schoolchildren | Nigeria | The Guardian from The Guardian
2025-12-09 02:00:47,832 - INFO - [BBC] Article: https://www.bbc.com/news/articles/c7091k5pg31o?at_medium=RSS&at_campaign=rss
2025-12-09 02:00:47,832 - INFO - [BBC] Attempt 1/1: Trying with 'requests_browser' strategy...
2025-12-09 02:00:47,860 - INFO - [BBC] Success with 'requests_browser'. Found content (448 words).
2025-12-09 02:00:47,896 - INFO - Duplicate article skipped: Dozens injured after magnitude 7.5 quake strikes northern Japan from BBC
2025-12-09 02:00:48,309 - INFO - [The Guardian] Article: https://www.theguardian.com/world/2025/dec/07/troops-and-warplanes-deployed-in-benin-after-failed-coup-attempt
2025-12-09 02:00:48,310 - INFO - [The Guardian] Attempt 1/1: Trying with 'requests_browser' strategy...
2025-12-09 02:00:48,463 - INFO - [The Guardian] Success with 'requests_browser'. Found content (553 words).
2025-12-09 02:00:48,500 - INFO - Duplicate article skipped: Troops and warplanes deployed in Benin after ‘failed coup attempt’ | Benin | The Guardian from The Guardian
2025-12-09 02:00:48,902 - INFO - [BBC] Article: https://www.bbc.com/news/articles/cd0k7g202l2o?at_medium=RSS&at_campaign=rss
2025-12-09 02:00:48,902 - INFO - [BBC] Attempt 1/1: Trying with 'requests_browser' strategy...
2025-12-09 02:00:48,940 - INFO - [BBC] Success with 'requests_browser'. Found content (1711 words).
2025-12-09 02:00:48,987 - INFO - Saved article: Sudan war: Air force's bombing of towns, markets and schools has killed hundreds, report says from BBC
2025-12-09 02:00:49,452 - INFO - [The Guardian] Article: https://www.theguardian.com/world/2025/dec/06/gunmen-kill-pretoria-south-african-hostel
2025-12-09 02:00:49,452 - INFO - [The Guardian] Attempt 1/1: Trying with 'requests_browser' strategy...
2025-12-09 02:00:49,474 - INFO - [The Guardian] Success with 'requests_browser'. Found content (285 words).
2025-12-09 02:00:49,508 - INFO - Duplicate article skipped: Gunmen kill at least 12 people including three-year-old in hostel in South Africa | South Africa | The Guardian from The Guardian
2025-12-09 02:00:49,712 - INFO - [BBC] Article: https://www.bbc.com/news/articles/cr7l0rjz05eo?at_medium=RSS&at_campaign=rss
2025-12-09 02:00:49,712 - INFO - [BBC] Attempt 1/1: Trying with 'requests_browser' strategy...
2025-12-09 02:00:49,740 - INFO - [BBC] Success with 'requests_browser'. Found content (669 words).
2025-12-09 02:00:49,804 - INFO - Duplicate article skipped: Thailand-Cambodia conflict: Thousands flee disputed border after deadly clashes and air strikes from BBC
2025-12-09 02:00:50,865 - INFO - [BBC] Article: https://www.bbc.com/news/articles/cj69xzpzrdyo?at_medium=RSS&at_campaign=rss
2025-12-09 02:00:50,865 - INFO - [BBC] Attempt 1/1: Trying with 'requests_browser' strategy...
2025-12-09 02:00:50,895 - INFO - [BBC] Success with 'requests_browser'. Found content (775 words).
2025-12-09 02:00:50,914 - INFO - [The Guardian] Article: https://www.theguardian.com/us-news/2025/dec/08/trump-mexico-tariffs-water-dispute
2025-12-09 02:00:50,914 - INFO - [The Guardian] Attempt 1/1: Trying with 'requests_browser' strategy...
2025-12-09 02:00:50,939 - INFO - Duplicate article skipped: Paramount launches rival bid for Warner Bros Discovery from BBC
2025-12-09 02:00:51,075 - INFO - [The Guardian] Success with 'requests_browser'. Found content (612 words).
2025-12-09 02:00:51,116 - INFO - Saved article: ‘Very unfair’: Trump threatens extra 5% tariff on Mexico over water dispute | Trump tariffs | The Guardian from The Guardian
2025-12-09 02:00:52,160 - INFO - [The Guardian] Article: https://www.theguardian.com/us-news/2025/dec/08/ice-family-college-student-deported-honduras
2025-12-09 02:00:52,160 - INFO - [The Guardian] Attempt 1/1: Trying with 'requests_browser' strategy...
2025-12-09 02:00:52,187 - INFO - [The Guardian] Success with 'requests_browser'. Found content (535 words).
2025-12-09 02:00:52,229 - INFO - Selenium driver initialized successfully.
2025-12-09 02:00:52,230 - INFO - Selenium driver initialized successfully.
2025-12-09 02:00:52,230 - INFO - Starting scrape for The Hindu RSS feed: https://www.thehindu.com/news/national/feeder/default.rss
2025-12-09 02:00:52,230 - INFO - Duplicate article skipped: Family of student deported to Honduras say they were targeted by ICE agents | US immigration | The Guardian from The Guardian
2025-12-09 02:00:52,230 - INFO - Starting scrape for Times of India RSS feed: https://timesofindia.indiatimes.com/rssfeeds/296589292.cms
2025-12-09 02:00:52,330 - INFO - Found 100 articles in The Hindu RSS feed. Processing up to 10.
2025-12-09 02:00:52,330 - INFO - [The Hindu] Article: https://www.thehindu.com/news/cities/chennai/after-years-of-flood-risk-varadharajapuram-residents-hope-for-safer-monsoons-with-new-projects/article70369160.ece
2025-12-09 02:00:52,330 - INFO - [The Hindu] Attempt 1/1: Trying with 'selenium_browser' strategy...
2025-12-09 02:00:52,368 - INFO - Found 20 articles in Times of India RSS feed. Processing up to 10.
2025-12-09 02:00:52,368 - INFO - [Times of India] Article: https://timesofindia.indiatimes.com/world/us-streamers/youtuber-whistlindiesel-accuses-tennessee-state-of-blocking-him-from-speaking-after-tax-arrest/articleshow/125850307.cms
2025-12-09 02:00:52,368 - INFO - [Times of India] Attempt 1/1: Trying with 'selenium_browser' strategy...
2025-12-09 02:00:52,437 - INFO - [BBC] Article: https://www.bbc.com/news/articles/c0589g0dqq7o?at_medium=RSS&at_campaign=rss
2025-12-09 02:00:52,437 - INFO - [BBC] Attempt 1/1: Trying with 'requests_browser' strategy...
2025-12-09 02:00:52,606 - INFO - [BBC] Success with 'requests_browser'. Found content (514 words).
2025-12-09 02:00:52,651 - INFO - Duplicate article skipped: Elon Musk's X bans European Commission from making ads after €120m fine from BBC
2025-12-09 02:00:53,651 - INFO - [The Guardian] Article: https://www.theguardian.com/film/2025/dec/08/jim-caviezel-jair-bolsonaro-biopic
2025-12-09 02:00:53,651 - INFO - [The Guardian] Attempt 1/1: Trying with 'requests_browser' strategy...
2025-12-09 02:00:53,686 - INFO - [The Guardian] Success with 'requests_browser'. Found content (515 words).
2025-12-09 02:00:53,744 - INFO - Duplicate article skipped: Jim Caviezel to play Jair Bolsonaro in ‘heroic’ biopic | Biopics | The Guardian from The Guardian
2025-12-09 02:00:54,114 - INFO - [BBC] Article: https://www.bbc.com/news/articles/cqxqz4227x7o?at_medium=RSS&at_campaign=rss
2025-12-09 02:00:54,114 - INFO - [BBC] Attempt 1/1: Trying with 'requests_browser' strategy...
2025-12-09 02:00:54,139 - INFO - [BBC] Success with 'requests_browser'. Found content (530 words).
2025-12-09 02:00:54,186 - INFO - Duplicate article skipped: Israel to review reports that troops killed three-year-old in Gaza from BBC
2025-12-09 02:00:54,933 - INFO - [The Guardian] Article: https://www.theguardian.com/us-news/2025/dec/08/ex-honduran-president-juan-orlando-hernandez-trump-pardon
2025-12-09 02:00:54,933 - INFO - [The Guardian] Attempt 1/1: Trying with 'requests_browser' strategy...
2025-12-09 02:00:55,048 - INFO - [The Guardian] Success with 'requests_browser'. Found content (794 words).
2025-12-09 02:00:55,193 - INFO - Duplicate article skipped: Ex-Honduran president thanks God – and Trump – for drug-trafficking pardon | Donald Trump | The Guardian from The Guardian
2025-12-09 02:00:55,511 - INFO - [BBC] Article: https://www.bbc.com/news/articles/cgex2d3y3dxo?at_medium=RSS&at_campaign=rss
2025-12-09 02:00:55,511 - INFO - [BBC] Attempt 1/1: Trying with 'requests_browser' strategy...
2025-12-09 02:00:55,634 - INFO - [BBC] Success with 'requests_browser'. Found content (893 words).
2025-12-09 02:00:55,719 - INFO - Duplicate article skipped: Benin coup attempt: Hunt for plotters as two hostages reportedly freed from BBC
2025-12-09 02:00:56,663 - INFO - [The Guardian] Article: https://www.theguardian.com/world/2025/dec/08/us-attack-venezuela-risks-vietnam-style-conflict-lula-adviser
2025-12-09 02:00:56,663 - INFO - [The Guardian] Attempt 1/1: Trying with 'requests_browser' strategy...
2025-12-09 02:00:56,726 - INFO - [BBC] Article: https://www.bbc.com/news/articles/c0mp4nevdz7o?at_medium=RSS&at_campaign=rss
2025-12-09 02:00:56,726 - INFO - [BBC] Attempt 1/1: Trying with 'requests_browser' strategy...
2025-12-09 02:00:56,898 - INFO - [The Guardian] Success with 'requests_browser'. Found content (935 words).
2025-12-09 02:00:56,905 - INFO - [BBC] Success with 'requests_browser'. Found content (385 words).
2025-12-09 02:00:57,087 - INFO - Duplicate article skipped: Thieves walk out of Brazil library with eight Matisse art works from BBC
2025-12-09 02:00:57,173 - INFO - Duplicate article skipped: US attack on Venezuela risks ‘Vietnam-style’ regional conflict, warns Lula adviser | Venezuela | The Guardian from The Guardian
2025-12-09 02:00:59,171 - INFO - [The Hindu] Page content loaded.
2025-12-09 02:00:59,523 - INFO - [The Hindu] Success with 'selenium_browser'. Found content (422 words).
2025-12-09 02:00:59,755 - INFO - Saved article: After years of flood risk, Varadharajapuram residents hope for safer monsoons with new projects - The Hindu from The Hindu
2025-12-09 02:01:01,154 - INFO - [The Hindu] Article: https://www.thehindu.com/news/national/tamil-nadu/denmark-envoy-to-india-calls-on-tn-cm-stalin/article70371929.ece
2025-12-09 02:01:01,154 - INFO - [The Hindu] Attempt 1/1: Trying with 'selenium_browser' strategy...
2025-12-09 02:01:04,466 - INFO - [The Hindu] Page content loaded.
2025-12-09 02:01:04,788 - WARNING - [The Hindu] FAILED with 'selenium_browser' (content was too short: 76 words).
2025-12-09 02:01:04,788 - ERROR - [The Hindu] All scrape strategies failed for https://www.thehindu.com/news/national/tamil-nadu/denmark-envoy-to-india-calls-on-tn-cm-stalin/article70371929.ece. Falling back to RSS description.
2025-12-09 02:01:04,798 - INFO - Saved article: Denmark envoy to India calls on T.N. CM Stalin from The Hindu
2025-12-09 02:01:05,761 - INFO - [The Hindu] Article: https://www.thehindu.com/news/national/tamil-nadu/stalin-hands-over-assistance-to-four-children-from-kallakurichi-district/article70371927.ece
2025-12-09 02:01:05,761 - INFO - [The Hindu] Attempt 1/1: Trying with 'selenium_browser' strategy...
2025-12-09 02:01:08,215 - INFO - [The Hindu] Page content loaded.
2025-12-09 02:01:08,656 - INFO - [The Hindu] Success with 'selenium_browser'. Found content (343 words).
2025-12-09 02:01:09,077 - INFO - Saved article: Stalin hands over assistance to four children from Kallakurichi district - The Hindu from The Hindu
2025-12-09 02:01:09,686 - INFO - [The Hindu] Article: https://www.thehindu.com/news/national/uttar-pradesh/up-cm-asks-residents-to-remain-vigilant-against-infiltrators/article70372723.ece
2025-12-09 02:01:09,686 - INFO - [The Hindu] Attempt 1/1: Trying with 'selenium_browser' strategy...
2025-12-09 02:01:14,567 - INFO - [The Hindu] Page content loaded.
2025-12-09 02:01:14,751 - INFO - [The Hindu] Success with 'selenium_browser'. Found content (188 words).
2025-12-09 02:01:15,001 - INFO - Duplicate article skipped: U.P. CM asks residents to remain vigilant against ‘infiltrators’ - The Hindu from The Hindu
2025-12-09 02:01:16,401 - INFO - [The Hindu] Article: https://www.thehindu.com/news/national/jammu-and-kashmir/mp-engineer-rashid-seeks-pm-intervention-to-end-growing-disconnect-between-l-g-cm-in-jk/article70373145.ece
2025-12-09 02:01:16,401 - INFO - [The Hindu] Attempt 1/1: Trying with 'selenium_browser' strategy...
2025-12-09 02:01:19,898 - INFO - [The Hindu] Page content loaded.
2025-12-09 02:01:20,201 - INFO - [The Hindu] Success with 'selenium_browser'. Found content (330 words).
2025-12-09 02:01:20,353 - INFO - Duplicate article skipped: MP Engineer Rashid seeks PM intervention ‘to end growing disconnect between L-G, CM’ in J&K - The Hindu from The Hindu
2025-12-09 02:01:21,670 - INFO - [The Hindu] Article: https://www.thehindu.com/news/national/odisha/headless-body-of-woman-sparks-unrest-between-odisha-villages-internet-suspended/article70372705.ece
2025-12-09 02:01:21,670 - INFO - [The Hindu] Attempt 1/1: Trying with 'selenium_browser' strategy...
2025-12-09 02:01:22,406 - INFO - [The Hindu] Page content loaded.
2025-12-09 02:01:22,644 - INFO - [The Hindu] Success with 'selenium_browser'. Found content (278 words).
2025-12-09 02:01:22,768 - INFO - Duplicate article skipped: Headless body of woman sparks unrest between Odisha villages; Internet suspended - The Hindu from The Hindu
2025-12-09 02:01:23,405 - INFO - [The Hindu] Article: https://www.thehindu.com/news/national/tamil-nadu/tamil-nadu-urges-cwma-against-permitting-karnatakas-projects-not-recognised-by-cwdt-supreme-court/article70372958.ece
2025-12-09 02:01:23,405 - INFO - [The Hindu] Attempt 1/1: Trying with 'selenium_browser' strategy...
2025-12-09 02:01:24,268 - INFO - [The Hindu] Page content loaded.
2025-12-09 02:01:24,314 - INFO - [The Hindu] Success with 'selenium_browser'. Found content (233 words).
2025-12-09 02:01:24,372 - INFO - Duplicate article skipped: Tamil Nadu urges CWMA against permitting Karnataka’s projects not recognised by CWDT, Supreme Court - The Hindu from The Hindu
2025-12-09 02:01:25,149 - INFO - [The Hindu] Article: https://www.thehindu.com/news/national/tamil-nadu/anbumani-ramadoss-calls-for-probe-into-1020-crore-tender-scam/article70373853.ece
2025-12-09 02:01:25,150 - INFO - [The Hindu] Attempt 1/1: Trying with 'selenium_browser' strategy...
2025-12-09 02:01:28,421 - INFO - [The Hindu] Page content loaded.
2025-12-09 02:01:28,573 - INFO - [The Hindu] Success with 'selenium_browser'. Found content (83 words).
2025-12-09 02:01:28,764 - INFO - Duplicate article skipped: Anbumani Ramadoss calls for probe into ₹1,020 crore tender scam - The Hindu from The Hindu
2025-12-09 02:01:29,489 - INFO - [The Hindu] Article: https://www.thehindu.com/news/national/tamil-nadu/st-josephs-college-of-engineering-hosts-smart-india-hackathon-2025/article70373552.ece
2025-12-09 02:01:29,489 - INFO - [The Hindu] Attempt 1/1: Trying with 'selenium_browser' strategy...
2025-12-09 02:01:30,156 - INFO - [The Hindu] Page content loaded.
2025-12-09 02:01:30,211 - INFO - [The Hindu] Success with 'selenium_browser'. Found content (110 words).
2025-12-09 02:01:30,264 - INFO - Duplicate article skipped: St. Joseph’s College of Engineering hosts Smart India Hackathon 2025 - The Hindu from The Hindu
2025-12-09 02:01:31,364 - INFO - [The Hindu] Article: https://www.thehindu.com/news/national/chhattisgarh/chhattisgarh-govt-amends-provisions-on-land-valuation-guidelines-amid-opposition-backlash/article70373774.ece
2025-12-09 02:01:31,364 - INFO - [The Hindu] Attempt 1/1: Trying with 'selenium_browser' strategy...
2025-12-09 02:01:32,428 - INFO - [The Hindu] Page content loaded.
2025-12-09 02:01:32,488 - INFO - [The Hindu] Success with 'selenium_browser'. Found content (822 words).
2025-12-09 02:01:32,568 - INFO - Duplicate article skipped: Chhattisgarh govt amends provisions on land valuation guidelines amid Opposition backlash - The Hindu from The Hindu
2025-12-09 02:01:33,185 - INFO - [The Hindu] (Thread) Finished. Attempting to shut down its Selenium driver.
2025-12-09 02:01:33,306 - INFO - [The Hindu] (Thread) driver.quit() successful.
2025-12-09 02:02:52,454 - ERROR - [Times of India] Request failed for strategy 'selenium_browser' on URL https://timesofindia.indiatimes.com/world/us-streamers/youtuber-whistlindiesel-accuses-tennessee-state-of-blocking-him-from-speaking-after-tax-arrest/articleshow/125850307.cms: HTTPConnectionPool(host='localhost', port=57921): Read timed out. (read timeout=120)
2025-12-09 02:02:52,454 - ERROR - [Times of India] All scrape strategies failed for https://timesofindia.indiatimes.com/world/us-streamers/youtuber-whistlindiesel-accuses-tennessee-state-of-blocking-him-from-speaking-after-tax-arrest/articleshow/125850307.cms. Falling back to RSS description.
2025-12-09 02:02:52,456 - INFO - Saved article: YouTuber WhistlinDiesel accuses Tennessee state of blocking him from speaking after tax arrest from Times of India
2025-12-09 02:02:52,963 - INFO - [Times of India] Article: https://timesofindia.indiatimes.com/world/us-streamers/he-admitted-hes-racist-piers-morgan-fires-back-after-nick-fuentes-explodes-over-family-racism-question/articleshow/125851892.cms
2025-12-09 02:02:52,964 - INFO - [Times of India] Attempt 1/1: Trying with 'selenium_browser' strategy...
2025-12-09 02:04:52,967 - ERROR - [Times of India] Request failed for strategy 'selenium_browser' on URL https://timesofindia.indiatimes.com/world/us-streamers/he-admitted-hes-racist-piers-morgan-fires-back-after-nick-fuentes-explodes-over-family-racism-question/articleshow/125851892.cms: HTTPConnectionPool(host='localhost', port=57921): Read timed out. (read timeout=120)
2025-12-09 02:04:52,967 - ERROR - [Times of India] All scrape strategies failed for https://timesofindia.indiatimes.com/world/us-streamers/he-admitted-hes-racist-piers-morgan-fires-back-after-nick-fuentes-explodes-over-family-racism-question/articleshow/125851892.cms. Falling back to RSS description.
2025-12-09 02:04:52,969 - INFO - Saved article: ‘He admitted he’s racist’: Piers Morgan fires back after Nick Fuentes explodes over family racism question from Times of India
2025-12-09 02:04:53,869 - INFO - [Times of India] Article: https://timesofindia.indiatimes.com/world/us-streamers/influencer-eugenia-cooney-makes-rare-public-appearance-at-orlando-airport-health-concerns-resurface/articleshow/125852648.cms
2025-12-09 02:04:53,869 - INFO - [Times of India] Attempt 1/1: Trying with 'selenium_browser' strategy...
2025-12-09 02:05:45,245 - CRITICAL - --- TIMEOUT: 1 scrape jobs did not complete in 300s. ---
2025-12-09 02:05:45,245 - ERROR - A thread has timed out and will be abandoned.
2025-12-09 02:05:45,245 - INFO - Shutting down thread pool (wait=False)...
2025-12-09 02:05:45,245 - INFO - Scraped: 1 BBC, 3 The Hindu, 1 The Guardian, 1 Timed_Out_Jobs articles. (Total saved: 5)
2025-12-09 02:05:45,245 - INFO - --- Scraping job finished ---
2025-12-09 02:05:45,246 - INFO - --- Scraper service stopped and database connection closed. ---
2025-12-09 02:05:45,246 - INFO - --- Main thread finished. Forcing process exit to kill zombie threads. ---
