2025-12-15 20:30:44,591 - INFO - Initializing database connection at: news_articles.db
2025-12-15 20:30:44,592 - INFO - --- Scraper service started (CI Mode: Run Once) ---
2025-12-15 20:30:44,592 - INFO - --- Starting new scraping job (Parallel Mode) ---
2025-12-15 20:30:44,592 - INFO - Creating new robust session with 3 retries on 5xx/connection/read errors.
2025-12-15 20:30:44,592 - INFO - Proxy is DISABLED.
2025-12-15 20:30:44,592 - INFO - Starting scrape for BBC RSS feed: http://feeds.bbci.co.uk/news/world/rss.xml
2025-12-15 20:30:44,593 - INFO - [Times of India] (Thread) requires Selenium. Initializing driver...
2025-12-15 20:30:44,593 - INFO - Initializing headless Selenium Chrome driver (using SeleniumManager)...
2025-12-15 20:30:44,593 - INFO - Starting scrape for The Guardian RSS feed: https://www.theguardian.com/world/rss
2025-12-15 20:30:44,594 - INFO - [The Hindu] (Thread) requires Selenium. Initializing driver...
2025-12-15 20:30:44,594 - INFO - Initializing headless Selenium Chrome driver (using SeleniumManager)...
2025-12-15 20:30:44,594 - INFO - Submitted 4 jobs to thread pool. Waiting up to 300s for completion...
2025-12-15 20:30:44,691 - INFO - Found 45 articles in The Guardian RSS feed. Processing up to 10.
2025-12-15 20:30:44,691 - INFO - [The Guardian] Article: https://www.theguardian.com/education/2025/dec/14/ghana-students-uk-universities-face-deportion-funding-crisis
2025-12-15 20:30:44,691 - INFO - [The Guardian] Attempt 1/1: Trying with 'requests_browser' strategy...
2025-12-15 20:30:44,725 - INFO - [The Guardian] Success with 'requests_browser'. Found content (604 words).
2025-12-15 20:30:44,760 - INFO - Duplicate article skipped: Ghanaian students at UK universities face deportation amid funding crisis | International students | The Guardian from The Guardian
2025-12-15 20:30:45,001 - INFO - Found 36 articles in BBC RSS feed. Processing up to 10.
2025-12-15 20:30:45,002 - INFO - [BBC] Article: https://www.bbc.com/news/articles/c8dy54e6ljqo?at_medium=RSS&at_campaign=rss
2025-12-15 20:30:45,002 - INFO - [BBC] Attempt 1/1: Trying with 'requests_browser' strategy...
2025-12-15 20:30:45,379 - INFO - [BBC] Success with 'requests_browser'. Found content (1000 words).
2025-12-15 20:30:45,423 - INFO - Duplicate article skipped: How Bondi's Hanukkah festival turned from joy to horror within minutes from BBC
2025-12-15 20:30:46,173 - INFO - [The Guardian] Article: https://www.theguardian.com/science/2025/dec/15/little-foot-hominin-fossil-may-be-new-species-of-human-ancestor
2025-12-15 20:30:46,173 - INFO - [The Guardian] Attempt 1/1: Trying with 'requests_browser' strategy...
2025-12-15 20:30:46,202 - INFO - [The Guardian] Success with 'requests_browser'. Found content (553 words).
2025-12-15 20:30:46,237 - INFO - Duplicate article skipped: Little Foot hominin fossil may be new species of human ancestor | Evolution | The Guardian from The Guardian
2025-12-15 20:30:46,431 - INFO - [BBC] Article: https://www.bbc.com/news/articles/ckgz15d5718o?at_medium=RSS&at_campaign=rss
2025-12-15 20:30:46,431 - INFO - [BBC] Attempt 1/1: Trying with 'requests_browser' strategy...
2025-12-15 20:30:46,488 - INFO - [BBC] Success with 'requests_browser'. Found content (1272 words).
2025-12-15 20:30:46,530 - INFO - Duplicate article skipped: Who were the Bondi beach shooting victims? What we know from BBC
2025-12-15 20:30:47,315 - INFO - Selenium driver initialized successfully.
2025-12-15 20:30:47,315 - INFO - Starting scrape for Times of India RSS feed: https://timesofindia.indiatimes.com/rssfeeds/296589292.cms
2025-12-15 20:30:47,316 - INFO - Selenium driver initialized successfully.
2025-12-15 20:30:47,316 - INFO - Starting scrape for The Hindu RSS feed: https://www.thehindu.com/news/national/feeder/default.rss
2025-12-15 20:30:47,370 - INFO - [The Guardian] Article: https://www.theguardian.com/world/2025/dec/13/drone-strike-on-un-facility-in-war-torn-sudan-leaves-six-peacekeepers-dead
2025-12-15 20:30:47,370 - INFO - [The Guardian] Attempt 1/1: Trying with 'requests_browser' strategy...
2025-12-15 20:30:47,405 - INFO - [The Guardian] Success with 'requests_browser'. Found content (357 words).
2025-12-15 20:30:47,448 - INFO - Duplicate article skipped: Drone strike on UN facility in war-torn Sudan leaves six peacekeepers dead | Sudan | The Guardian from The Guardian
2025-12-15 20:30:47,538 - INFO - Found 100 articles in The Hindu RSS feed. Processing up to 10.
2025-12-15 20:30:47,538 - INFO - [The Hindu] Article: https://www.thehindu.com/news/national/kerala/youth-killed-as-bike-crashes-into-metro-pillar/article70400300.ece
2025-12-15 20:30:47,538 - INFO - [The Hindu] Attempt 1/1: Trying with 'selenium_browser' strategy...
2025-12-15 20:30:47,674 - INFO - Found 20 articles in Times of India RSS feed. Processing up to 10.
2025-12-15 20:30:47,674 - INFO - [Times of India] Article: https://timesofindia.indiatimes.com/world/rest-of-world/huge-rat-spotted-inside-caribbean-bound-flight-over-250-passengers-stranded-as-plane-had-to-be-grounded/articleshow/125990092.cms
2025-12-15 20:30:47,674 - INFO - [Times of India] Attempt 1/1: Trying with 'selenium_browser' strategy...
2025-12-15 20:30:47,705 - INFO - [BBC] Article: https://www.bbc.com/news/articles/cjrjq2v7l3po?at_medium=RSS&at_campaign=rss
2025-12-15 20:30:47,706 - INFO - [BBC] Attempt 1/1: Trying with 'requests_browser' strategy...
2025-12-15 20:30:47,774 - INFO - [BBC] Success with 'requests_browser'. Found content (745 words).
2025-12-15 20:30:47,841 - INFO - Duplicate article skipped: US offers Ukraine 'strong' security guarantees but territory still unresolved from BBC
2025-12-15 20:30:47,957 - INFO - [The Guardian] Article: https://www.theguardian.com/world/2025/dec/13/us-accuses-rwanda-of-violating-peace-deal
2025-12-15 20:30:47,957 - INFO - [The Guardian] Attempt 1/1: Trying with 'requests_browser' strategy...
2025-12-15 20:30:48,009 - INFO - [The Guardian] Success with 'requests_browser'. Found content (632 words).
2025-12-15 20:30:48,059 - INFO - Duplicate article skipped: US scolds Rwanda for breaking peace deal as M23 rebels seize key Congo city | Rwanda | The Guardian from The Guardian
2025-12-15 20:30:49,021 - INFO - [The Guardian] Article: https://www.theguardian.com/us-news/2025/dec/12/trump-ends-temporary-legal-status-ethiopia
2025-12-15 20:30:49,021 - INFO - [The Guardian] Attempt 1/1: Trying with 'requests_browser' strategy...
2025-12-15 20:30:49,082 - INFO - [The Guardian] Success with 'requests_browser'. Found content (322 words).
2025-12-15 20:30:49,159 - INFO - Duplicate article skipped: US ends temporary legal status for Ethiopians amid Trump crackdown | Trump administration | The Guardian from The Guardian
2025-12-15 20:30:49,313 - INFO - [BBC] Article: https://www.bbc.com/news/articles/cp844kjj37vo?at_medium=RSS&at_campaign=rss
2025-12-15 20:30:49,313 - INFO - [BBC] Attempt 1/1: Trying with 'requests_browser' strategy...
2025-12-15 20:30:49,571 - INFO - [BBC] Success with 'requests_browser'. Found content (1364 words).
2025-12-15 20:30:49,702 - INFO - [The Guardian] Article: https://www.theguardian.com/world/2025/dec/15/trinidad-tobago-us-access-airports-venezuela-tensions-grow
2025-12-15 20:30:49,702 - INFO - [The Guardian] Attempt 1/1: Trying with 'requests_browser' strategy...
2025-12-15 20:30:49,744 - INFO - Duplicate article skipped: Jimmy Lai: Hong Kong tycoon found guilty in high-profile national security case from BBC
2025-12-15 20:30:49,954 - INFO - [The Guardian] Success with 'requests_browser'. Found content (678 words).
2025-12-15 20:30:50,062 - INFO - Duplicate article skipped: Venezuela accuses Trinidad and Tobago of taking part in US seizure of oil tanker | Trinidad and Tobago | The Guardian from The Guardian
2025-12-15 20:30:50,793 - INFO - [BBC] Article: https://www.bbc.com/news/articles/c2dz15556l1o?at_medium=RSS&at_campaign=rss
2025-12-15 20:30:50,793 - INFO - [BBC] Attempt 1/1: Trying with 'requests_browser' strategy...
2025-12-15 20:30:50,881 - INFO - [The Hindu] Page content loaded.
2025-12-15 20:30:50,915 - INFO - [BBC] Success with 'requests_browser'. Found content (563 words).
2025-12-15 20:30:51,010 - INFO - Duplicate article skipped: Iran Nobel laureate taken to hospital after 'violent arrest' - family from BBC
2025-12-15 20:30:51,169 - INFO - [The Hindu] Success with 'selenium_browser'. Found content (97 words).
2025-12-15 20:30:51,290 - INFO - Saved article: Youth killed as bike crashes into Metro pillar - The Hindu from The Hindu
2025-12-15 20:30:51,433 - INFO - [The Guardian] Article: https://www.theguardian.com/world/2025/dec/15/jose-antonio-kast-chile-election-analysis
2025-12-15 20:30:51,433 - INFO - [The Guardian] Attempt 1/1: Trying with 'requests_browser' strategy...
2025-12-15 20:30:51,545 - INFO - [The Guardian] Success with 'requests_browser'. Found content (839 words).
2025-12-15 20:30:51,653 - INFO - Saved article: Chile’s new far-right head is latest Latin American leader to ride hardline wave to power | Chile | The Guardian from The Guardian
2025-12-15 20:30:52,158 - INFO - [The Hindu] Article: https://www.thehindu.com/news/national/kerala/suraj-lama-missing-case-police-submit-report-to-kerala-high-court/article70400317.ece
2025-12-15 20:30:52,158 - INFO - [The Hindu] Attempt 1/1: Trying with 'selenium_browser' strategy...
2025-12-15 20:30:52,228 - INFO - [BBC] Article: https://www.bbc.com/news/articles/cjwyzlly6eno?at_medium=RSS&at_campaign=rss
2025-12-15 20:30:52,229 - INFO - [BBC] Attempt 1/1: Trying with 'requests_browser' strategy...
2025-12-15 20:30:52,301 - INFO - [BBC] Success with 'requests_browser'. Found content (250 words).
2025-12-15 20:30:52,395 - INFO - Duplicate article skipped: Morocco floods: Dozens killed in port city of Safi after heavy rains from BBC
2025-12-15 20:30:52,833 - INFO - [The Guardian] Article: https://www.theguardian.com/world/2025/dec/15/maria-corina-machado-venezuela-norway
2025-12-15 20:30:52,833 - INFO - [The Guardian] Attempt 1/1: Trying with 'requests_browser' strategy...
2025-12-15 20:30:52,952 - INFO - [The Guardian] Success with 'requests_browser'. Found content (192 words).
2025-12-15 20:30:53,121 - INFO - Duplicate article skipped: Machado suffered vertebra fracture on secret trip from Venezuela to Norway | María Corina Machado | The Guardian from The Guardian
2025-12-15 20:30:53,766 - INFO - [BBC] Article: https://www.bbc.com/news/articles/cdxwg94v4veo?at_medium=RSS&at_campaign=rss
2025-12-15 20:30:53,766 - INFO - [BBC] Attempt 1/1: Trying with 'requests_browser' strategy...
2025-12-15 20:30:53,886 - INFO - [BBC] Success with 'requests_browser'. Found content (546 words).
2025-12-15 20:30:54,000 - INFO - Duplicate article skipped: Messi: Football icon wraps up India tour with Delhi visit from BBC
2025-12-15 20:30:54,445 - INFO - [The Guardian] Article: https://www.theguardian.com/world/2025/dec/15/jose-antonio-kast-wins-election-chile-president
2025-12-15 20:30:54,445 - INFO - [The Guardian] Attempt 1/1: Trying with 'requests_browser' strategy...
2025-12-15 20:30:54,548 - INFO - [The Guardian] Success with 'requests_browser'. Found content (860 words).
2025-12-15 20:30:54,705 - INFO - Duplicate article skipped: Ultra-conservative José Antonio Kast elected Chile’s next president | Chile | The Guardian from The Guardian
2025-12-15 20:30:55,253 - INFO - [BBC] Article: https://www.bbc.com/news/articles/c0kde07lvvro?at_medium=RSS&at_campaign=rss
2025-12-15 20:30:55,253 - INFO - [BBC] Attempt 1/1: Trying with 'requests_browser' strategy...
2025-12-15 20:30:55,399 - INFO - [BBC] Success with 'requests_browser'. Found content (911 words).
2025-12-15 20:30:55,556 - INFO - Duplicate article skipped: Chile elects far-right José Antonio Kast as next president from BBC
2025-12-15 20:30:55,887 - INFO - [The Guardian] Article: https://www.theguardian.com/us-news/2025/dec/14/jetblue-pilot-avoids-midair-collision-air-force-venezuela
2025-12-15 20:30:55,887 - INFO - [The Guardian] Attempt 1/1: Trying with 'requests_browser' strategy...
2025-12-15 20:30:56,084 - INFO - [The Guardian] Success with 'requests_browser'. Found content (321 words).
2025-12-15 20:30:56,146 - INFO - [BBC] Article: https://www.bbc.com/news/articles/ckg9ll6jpl0o?at_medium=RSS&at_campaign=rss
2025-12-15 20:30:56,146 - INFO - [BBC] Attempt 1/1: Trying with 'requests_browser' strategy...
2025-12-15 20:30:56,264 - INFO - Duplicate article skipped: Pilot narrowly avoids ‘midair collision’ with US air force plane near Venezuela | US news | The Guardian from The Guardian
2025-12-15 20:30:56,309 - INFO - [BBC] Success with 'requests_browser'. Found content (827 words).
2025-12-15 20:30:56,400 - INFO - Duplicate article skipped: Brown University shooting: Two victims named as hunt resumes for gunman from BBC
2025-12-15 20:30:57,644 - INFO - [BBC] Article: https://www.bbc.com/news/articles/cvg1r89m6g7o?at_medium=RSS&at_campaign=rss
2025-12-15 20:30:57,644 - INFO - [BBC] Attempt 1/1: Trying with 'requests_browser' strategy...
2025-12-15 20:30:57,719 - INFO - [BBC] Success with 'requests_browser'. Found content (1005 words).
2025-12-15 20:30:57,797 - INFO - Duplicate article skipped: 'Never give up': Belarusian prisoners celebrate release after US lifts sanctions from BBC
2025-12-15 20:31:00,083 - INFO - [Times of India] Page content loaded.
2025-12-15 20:31:00,490 - INFO - [Times of India] Success with 'selenium_browser'. Found content (209 words).
2025-12-15 20:31:00,779 - INFO - Saved article: Huge rat spotted inside Caribbean-bound flight, over 250 passengers stranded as plane had to be grounded - The Times of India from Times of India
2025-12-15 20:31:01,866 - INFO - [Times of India] Article: https://timesofindia.indiatimes.com/world/us/watch-fbi-shares-surveillance-video-of-far-left-terror-group-plotting-new-years-eve-attack-in-los-angeles/articleshow/125989998.cms
2025-12-15 20:31:01,866 - INFO - [Times of India] Attempt 1/1: Trying with 'selenium_browser' strategy...
2025-12-15 20:31:34,013 - INFO - [Times of India] Page content loaded.
2025-12-15 20:31:34,236 - INFO - [Times of India] Success with 'selenium_browser'. Found content (292 words).
2025-12-15 20:31:34,315 - INFO - Saved article: Watch: FBI shares surveillance video of far-left terror group plotting New Year’s Eve attack in Los Angeles - The Times of India from Times of India
2025-12-15 20:31:35,257 - INFO - [Times of India] Article: https://timesofindia.indiatimes.com/world/us-streamers/moistcr1tikal-reviews-the-game-awards-2025-while-downplaying-his-own-win/articleshow/125990101.cms
2025-12-15 20:31:35,257 - INFO - [Times of India] Attempt 1/1: Trying with 'selenium_browser' strategy...
2025-12-15 20:31:52,173 - ERROR - [The Hindu] Request failed for strategy 'selenium_browser' on URL https://www.thehindu.com/news/national/kerala/suraj-lama-missing-case-police-submit-report-to-kerala-high-court/article70400317.ece: Message: timeout: Timed out receiving message from renderer: 59.686
  (Session info: chrome=143.0.7499.40)
Stacktrace:
#0 0x564c6fb0216a <unknown>
#1 0x564c6f57fc4b <unknown>
#2 0x564c6f567cf3 <unknown>
#3 0x564c6f5679d6 <unknown>
#4 0x564c6f565897 <unknown>
#5 0x564c6f5661af <unknown>
#6 0x564c6f574970 <unknown>
#7 0x564c6f58e017 <unknown>
#8 0x564c6f5946cb <unknown>
#9 0x564c6f5668d8 <unknown>
#10 0x564c6f58ddc3 <unknown>
#11 0x564c6f61cf60 <unknown>
#12 0x564c6f5c3c42 <unknown>
#13 0x564c6f5c48f1 <unknown>
#14 0x564c6facaf09 <unknown>
#15 0x564c6facde4d <unknown>
#16 0x564c6fab3c51 <unknown>
#17 0x564c6facea2b <unknown>
#18 0x564c6fa9aa20 <unknown>
#19 0x564c6faefa78 <unknown>
#20 0x564c6faefc49 <unknown>
#21 0x564c6fb014c3 <unknown>
#22 0x7f8554a9caa4 <unknown>
#23 0x7f8554b29c6c <unknown>

2025-12-15 20:31:52,173 - ERROR - [The Hindu] All scrape strategies failed for https://www.thehindu.com/news/national/kerala/suraj-lama-missing-case-police-submit-report-to-kerala-high-court/article70400317.ece. Falling back to RSS description.
2025-12-15 20:31:52,177 - INFO - Saved article: Suraj Lama missing case: police submit report to Kerala High Court from The Hindu
2025-12-15 20:31:52,875 - INFO - [The Hindu] Article: https://www.thehindu.com/news/national/kerala/pipeline-bursts-again-at-kaloor-residents-stage-protest/article70400449.ece
2025-12-15 20:31:52,876 - INFO - [The Hindu] Attempt 1/1: Trying with 'selenium_browser' strategy...
2025-12-15 20:31:54,262 - INFO - [The Hindu] Page content loaded.
2025-12-15 20:31:54,374 - INFO - [The Hindu] Success with 'selenium_browser'. Found content (315 words).
2025-12-15 20:31:54,460 - INFO - Saved article: Pipeline bursts again at Kaloor, residents stage protest - The Hindu from The Hindu
2025-12-15 20:31:55,135 - INFO - [The Hindu] Article: https://www.thehindu.com/news/cities/Kochi/thikkakara-municipality-sees-two-contenders-for-chairperson-post/article70399542.ece
2025-12-15 20:31:55,135 - INFO - [The Hindu] Attempt 1/1: Trying with 'selenium_browser' strategy...
2025-12-15 20:31:55,917 - WARNING - [Times of India] Page timed out (10s). No <p> tags found. Proceeding anyway.
2025-12-15 20:31:56,220 - INFO - [Times of India] Success with 'selenium_browser'. Found content (382 words).
2025-12-15 20:31:56,311 - INFO - Saved article: MoistCr1TiKaL reviews The Game Awards 2025 while downplaying his own win - The Times of India from Times of India
2025-12-15 20:31:57,507 - INFO - [Times of India] Article: https://timesofindia.indiatimes.com/etimes/trending/surgeon-who-tried-to-save-john-lennon-describes-the-chilling-moments-before-his-death/articleshow/125986429.cms
2025-12-15 20:31:57,507 - INFO - [Times of India] Attempt 1/1: Trying with 'selenium_browser' strategy...
2025-12-15 20:32:08,500 - WARNING - [Times of India] Page timed out (10s). No <p> tags found. Proceeding anyway.
2025-12-15 20:32:08,631 - INFO - [Times of India] Success with 'selenium_browser'. Found content (936 words).
2025-12-15 20:32:08,704 - INFO - Saved article: Surgeon who tried to save John Lennon describes the chilling moments before his death | - The Times of India from Times of India
2025-12-15 20:32:09,337 - INFO - [Times of India] Article: https://timesofindia.indiatimes.com/world/us/florida-doctor-found-dead-in-dollar-tree-freezer-under-mysterious-circumstances/articleshow/125989984.cms
2025-12-15 20:32:09,337 - INFO - [Times of India] Attempt 1/1: Trying with 'selenium_browser' strategy...
2025-12-15 20:32:25,086 - INFO - [Times of India] Page content loaded.
2025-12-15 20:32:25,360 - INFO - [Times of India] Success with 'selenium_browser'. Found content (374 words).
2025-12-15 20:32:25,537 - INFO - Saved article: Florida doctor found dead in Dollar Tree freezer under mysterious circumstances | World News - The Times of India from Times of India
2025-12-15 20:32:25,661 - INFO - [The Hindu] Page content loaded.
2025-12-15 20:32:25,742 - INFO - [The Hindu] Success with 'selenium_browser'. Found content (288 words).
2025-12-15 20:32:25,881 - INFO - Saved article: Thrikkakara municipality sees two contenders for chairperson post - The Hindu from The Hindu
2025-12-15 20:32:26,122 - INFO - [Times of India] Article: https://timesofindia.indiatimes.com/world/us/racial-profiling-tim-walz-says-ilhan-omars-son-questioned-by-ice-was-following-the-law/articleshow/125989572.cms
2025-12-15 20:32:26,122 - INFO - [Times of India] Attempt 1/1: Trying with 'selenium_browser' strategy...
2025-12-15 20:32:26,786 - INFO - [Times of India] Page content loaded.
2025-12-15 20:32:26,912 - INFO - [Times of India] Success with 'selenium_browser'. Found content (316 words).
2025-12-15 20:32:26,984 - INFO - Saved article: ‘Racial profiling’: Tim Walz says Ilhan Omar's son, questioned by ICE, was 'following the law' - The Times of India from Times of India
2025-12-15 20:32:27,258 - INFO - [The Hindu] Article: https://www.thehindu.com/news/national/kerala/in-kochi-corporation-palluruthy-is-ldfs-only-bright-spot/article70399126.ece
2025-12-15 20:32:27,258 - INFO - [The Hindu] Attempt 1/1: Trying with 'selenium_browser' strategy...
2025-12-15 20:32:28,079 - INFO - [Times of India] Article: https://timesofindia.indiatimes.com/world/us-streamers/mizkif-leaves-twitch-for-kick-in-dramatic-star-wars-themed-announcement/articleshow/125989824.cms
2025-12-15 20:32:28,079 - INFO - [Times of India] Attempt 1/1: Trying with 'selenium_browser' strategy...
2025-12-15 20:32:29,161 - INFO - [The Hindu] Page content loaded.
2025-12-15 20:32:29,230 - INFO - [The Hindu] Success with 'selenium_browser'. Found content (491 words).
2025-12-15 20:32:29,323 - INFO - Saved article: In Kochi Corporation, Palluruthy is LDF’s only bright spot - The Hindu from The Hindu
2025-12-15 20:32:30,229 - INFO - [The Hindu] Article: https://www.thehindu.com/news/cities/Delhi/aqi-aqi-chants-greet-cm-rekha-gupta-at-messi-event-in-smog-hit-delhi/article70400527.ece
2025-12-15 20:32:30,229 - INFO - [The Hindu] Attempt 1/1: Trying with 'selenium_browser' strategy...
2025-12-15 20:32:32,148 - INFO - [The Hindu] Page content loaded.
2025-12-15 20:32:32,326 - INFO - [The Hindu] Success with 'selenium_browser'. Found content (460 words).
2025-12-15 20:32:32,474 - INFO - Saved article: ‘AQI’, ‘AQI’ chants greet CM Rekha Gupta at Messi event in smog-hit Delhi - The Hindu from The Hindu
2025-12-15 20:32:33,151 - INFO - [The Hindu] Article: https://www.thehindu.com/news/national/karnataka/48-flights-delayed-at-bengaluru-airport-owing-to-low-visibility/article70399178.ece
2025-12-15 20:32:33,152 - INFO - [The Hindu] Attempt 1/1: Trying with 'selenium_browser' strategy...
2025-12-15 20:32:34,632 - INFO - [The Hindu] Page content loaded.
2025-12-15 20:32:34,928 - INFO - [The Hindu] Success with 'selenium_browser'. Found content (136 words).
2025-12-15 20:32:35,132 - INFO - Saved article: 48 flights delayed at Bengaluru airport owing to low visibility - The Hindu from The Hindu
2025-12-15 20:32:35,843 - INFO - [The Hindu] Article: https://www.thehindu.com/news/cities/bangalore/bengaluru-police-book-two-pubs-including-shilpa-shettyco-owned-bastian-for-staying-open-late/article70400204.ece
2025-12-15 20:32:35,843 - INFO - [The Hindu] Attempt 1/1: Trying with 'selenium_browser' strategy...
2025-12-15 20:32:36,714 - INFO - [The Hindu] Page content loaded.
2025-12-15 20:32:36,967 - INFO - [The Hindu] Success with 'selenium_browser'. Found content (138 words).
2025-12-15 20:32:37,107 - INFO - Saved article: Bengaluru police book two pubs, including Shilpa Shetty–co-owned Bastian, for staying open late - The Hindu from The Hindu
2025-12-15 20:32:38,434 - INFO - [The Hindu] Article: https://www.thehindu.com/news/national/tamil-nadu/kanchi-kamakoti-peetam-moves-madras-high-court-to-take-back-its-elephants/article70399104.ece
2025-12-15 20:32:38,434 - INFO - [The Hindu] Attempt 1/1: Trying with 'selenium_browser' strategy...
2025-12-15 20:32:39,160 - WARNING - [Times of India] Page timed out (10s). No <p> tags found. Proceeding anyway.
2025-12-15 20:32:39,265 - INFO - [The Hindu] Page content loaded.
2025-12-15 20:32:39,465 - INFO - [Times of India] Success with 'selenium_browser'. Found content (424 words).
2025-12-15 20:32:39,475 - INFO - [The Hindu] Success with 'selenium_browser'. Found content (432 words).
2025-12-15 20:32:39,678 - INFO - Saved article: Kanchi Kamakoti Peetam moves Madras High Court to take back its elephants - The Hindu from The Hindu
2025-12-15 20:32:39,683 - INFO - Saved article: Mizkif leaves Twitch for Kick in dramatic Star Wars themed announcement - The Times of India from Times of India
2025-12-15 20:32:40,358 - INFO - [Times of India] Article: https://timesofindia.indiatimes.com/world/us/brian-walshe-found-guilty-for-horrifying-2023-murder-of-wife-ana-her-body-was-never-found/articleshow/125989645.cms
2025-12-15 20:32:40,359 - INFO - [Times of India] Attempt 1/1: Trying with 'selenium_browser' strategy...
2025-12-15 20:32:40,800 - INFO - [The Hindu] Article: https://www.thehindu.com/news/national/tamil-nadu/stalin-to-lay-foundation-for-hajj-house-near-chennai-airport/article70400117.ece
2025-12-15 20:32:40,800 - INFO - [The Hindu] Attempt 1/1: Trying with 'selenium_browser' strategy...
2025-12-15 20:32:40,981 - INFO - [Times of India] Page content loaded.
2025-12-15 20:32:41,176 - INFO - [Times of India] Success with 'selenium_browser'. Found content (350 words).
2025-12-15 20:32:41,286 - INFO - Saved article: Brian Walshe found guilty for horrifying 2023 murder of wife Ana; her body was never found - The Times of India from Times of India
2025-12-15 20:32:42,334 - INFO - [Times of India] Article: https://timesofindia.indiatimes.com/world/us/brown-university-shooting-second-victim-identified-as-uzbek-national-muhammadaziz-umurzakov-jd-vance-reacts/articleshow/125988780.cms
2025-12-15 20:32:42,334 - INFO - [Times of India] Attempt 1/1: Trying with 'selenium_browser' strategy...
2025-12-15 20:32:42,955 - INFO - [Times of India] Page content loaded.
2025-12-15 20:32:43,096 - INFO - [Times of India] Success with 'selenium_browser'. Found content (341 words).
2025-12-15 20:32:43,281 - INFO - Saved article: Brown University shooting: Second victim identified as Uzbek national MuhammadAziz Umurzakov, JD Vance reacts - The Times of India from Times of India
2025-12-15 20:32:44,254 - INFO - [Times of India] Article: https://timesofindia.indiatimes.com/world/rest-of-world/i-am-very-stressed-pakistani-man-in-sydney-says-hes-scared-as-he-got-mistaken-for-shooter-naveed-akram/articleshow/125989032.cms
2025-12-15 20:32:44,254 - INFO - [Times of India] Attempt 1/1: Trying with 'selenium_browser' strategy...
2025-12-15 20:32:44,823 - INFO - [The Hindu] Page content loaded.
2025-12-15 20:32:44,960 - INFO - [The Hindu] Success with 'selenium_browser'. Found content (81 words).
2025-12-15 20:32:45,071 - INFO - Saved article: Stalin to lay foundation for Hajj House near Chennai airport - The Hindu from The Hindu
2025-12-15 20:32:46,252 - INFO - [The Hindu] (Thread) Finished. Attempting to shut down its Selenium driver.
2025-12-15 20:32:46,408 - INFO - [The Hindu] (Thread) driver.quit() successful.
2025-12-15 20:33:02,433 - INFO - [Times of India] Page content loaded.
2025-12-15 20:33:02,692 - INFO - [Times of India] Success with 'selenium_browser'. Found content (326 words).
2025-12-15 20:33:02,786 - INFO - Saved article: 'I am very stressed': Pakistani man in Sydney says he's scared as he got mistaken for shooter Naveed Akram - The Times of India from Times of India
2025-12-15 20:33:03,324 - INFO - [Times of India] (Thread) Finished. Attempting to shut down its Selenium driver.
2025-12-15 20:33:03,623 - INFO - [Times of India] (Thread) driver.quit() successful.
2025-12-15 20:33:03,623 - INFO - Shutting down thread pool (wait=False)...
2025-12-15 20:33:03,623 - INFO - Scraped: 1 The Guardian, 0 BBC, 10 Times of India, 10 The Hindu articles. (Total saved: 21)
2025-12-15 20:33:03,623 - INFO - --- Scraping job finished ---
2025-12-15 20:33:03,628 - INFO - --- Scraper service stopped and database connection closed. ---
2025-12-15 20:33:03,628 - INFO - --- Main thread finished. Forcing process exit to kill zombie threads. ---
