2025-11-14 19:19:07,703 - INFO - Initializing database connection at: news_articles.db
2025-11-14 19:19:07,704 - INFO - --- Scraper service started (CI Mode: Run Once) ---
2025-11-14 19:19:07,704 - INFO - --- Starting new scraping job (Parallel Mode) ---
2025-11-14 19:19:07,704 - INFO - Creating new robust session with 3 retries on 5xx/connection/read errors.
2025-11-14 19:19:07,704 - INFO - Proxy is DISABLED.
2025-11-14 19:19:07,704 - INFO - Starting scrape for BBC RSS feed: http://feeds.bbci.co.uk/news/world/rss.xml
2025-11-14 19:19:07,705 - INFO - [Times of India] (Thread) requires Selenium. Initializing driver...
2025-11-14 19:19:07,705 - INFO - Initializing headless Selenium Chrome driver (using SeleniumManager)...
2025-11-14 19:19:07,705 - INFO - Starting scrape for The Guardian RSS feed: https://www.theguardian.com/world/rss
2025-11-14 19:19:07,706 - INFO - [The Hindu] (Thread) requires Selenium. Initializing driver...
2025-11-14 19:19:07,706 - INFO - Initializing headless Selenium Chrome driver (using SeleniumManager)...
2025-11-14 19:19:07,706 - INFO - Submitted 4 jobs to thread pool. Waiting up to 300s for completion...
2025-11-14 19:19:07,975 - INFO - Found 44 articles in The Guardian RSS feed. Processing up to 10.
2025-11-14 19:19:07,976 - INFO - [The Guardian] Article: https://www.theguardian.com/world/2025/nov/14/anger-south-africa-plane-palestinians-held-12-hours
2025-11-14 19:19:07,976 - INFO - [The Guardian] Attempt 1/1: Trying with 'requests_browser' strategy...
2025-11-14 19:19:08,020 - INFO - [The Guardian] Success with 'requests_browser'. Found content (620 words).
2025-11-14 19:19:08,063 - INFO - Duplicate article skipped: South Africa to investigate ‘mysterious’ arrival of 153 Palestinians on plane | South Africa | The Guardian from The Guardian
2025-11-14 19:19:08,158 - INFO - Found 25 articles in BBC RSS feed. Processing up to 10.
2025-11-14 19:19:08,158 - INFO - [BBC] Article: https://www.bbc.com/news/articles/cn4jn94gyllo?at_medium=RSS&at_campaign=rss
2025-11-14 19:19:08,158 - INFO - [BBC] Attempt 1/1: Trying with 'requests_browser' strategy...
2025-11-14 19:19:08,476 - INFO - [BBC] Success with 'requests_browser'. Found content (584 words).
2025-11-14 19:19:08,564 - INFO - Duplicate article skipped: Russian drone slams into block of flats in deadly wave of strikes across Kyiv from BBC
2025-11-14 19:19:09,436 - INFO - [The Guardian] Article: https://www.theguardian.com/world/2025/nov/14/british-egyptian-activist-alaa-abd-el-fattah-stopped-from-flying-to-uk-says-family
2025-11-14 19:19:09,436 - INFO - [The Guardian] Attempt 1/1: Trying with 'requests_browser' strategy...
2025-11-14 19:19:09,470 - INFO - [The Guardian] Success with 'requests_browser'. Found content (456 words).
2025-11-14 19:19:09,512 - INFO - Duplicate article skipped: British-Egyptian activist stopped from flying to UK, says family | Egypt | The Guardian from The Guardian
2025-11-14 19:19:09,662 - INFO - [BBC] Article: https://www.bbc.com/news/articles/cj97x2lere0o?at_medium=RSS&at_campaign=rss
2025-11-14 19:19:09,662 - INFO - [BBC] Attempt 1/1: Trying with 'requests_browser' strategy...
2025-11-14 19:19:09,700 - INFO - [BBC] Success with 'requests_browser'. Found content (743 words).
2025-11-14 19:19:09,735 - INFO - Duplicate article skipped: Trump to order probe into Epstein's alleged ties to Clinton and banks from BBC
2025-11-14 19:19:10,831 - INFO - [The Guardian] Article: https://www.theguardian.com/world/2025/nov/12/state-sanctioned-fuel-smuggling-cost-libya-20bn-over-three-years-report
2025-11-14 19:19:10,831 - INFO - [The Guardian] Attempt 1/1: Trying with 'requests_browser' strategy...
2025-11-14 19:19:10,858 - INFO - [The Guardian] Success with 'requests_browser'. Found content (670 words).
2025-11-14 19:19:10,894 - INFO - Duplicate article skipped: State-sanctioned fuel smuggling cost Libya $20bn over three years – report | Libya | The Guardian from The Guardian
2025-11-14 19:19:11,006 - INFO - [BBC] Article: https://www.bbc.com/news/articles/c3dn3g4jdxjo?at_medium=RSS&at_campaign=rss
2025-11-14 19:19:11,006 - INFO - [BBC] Attempt 1/1: Trying with 'requests_browser' strategy...
2025-11-14 19:19:11,239 - INFO - [BBC] Success with 'requests_browser'. Found content (795 words).
2025-11-14 19:19:11,275 - INFO - Duplicate article skipped: South Africa to investigate 'mystery' of planeload of Palestinians, Cyril Ramaphosa says from BBC
2025-11-14 19:19:12,082 - INFO - [The Guardian] Article: https://www.theguardian.com/global-development/2025/nov/13/british-american-tobacco-africa-zambia-uk
2025-11-14 19:19:12,083 - INFO - [The Guardian] Attempt 1/1: Trying with 'requests_browser' strategy...
2025-11-14 19:19:12,115 - INFO - [The Guardian] Success with 'requests_browser'. Found content (753 words).
2025-11-14 19:19:12,151 - INFO - Duplicate article skipped: ‘Utter hypocrisy’: tobacco firm lobbied against rules in Africa that are law in UK | Global development | The Guardian from The Guardian
2025-11-14 19:19:12,332 - INFO - [BBC] Article: https://www.bbc.com/news/articles/ce8zkrplpdyo?at_medium=RSS&at_campaign=rss
2025-11-14 19:19:12,332 - INFO - [BBC] Attempt 1/1: Trying with 'requests_browser' strategy...
2025-11-14 19:19:12,366 - INFO - [BBC] Success with 'requests_browser'. Found content (786 words).
2025-11-14 19:19:12,399 - INFO - Duplicate article skipped: US agrees deal to slash Swiss tariffs to 15% after golden charm offensive from BBC
2025-11-14 19:19:13,221 - INFO - [The Guardian] Article: https://www.theguardian.com/world/2025/nov/12/french-algerian-writer-boualem-sansal-pardoned-and-to-be-released-from-prison
2025-11-14 19:19:13,221 - INFO - [The Guardian] Attempt 1/1: Trying with 'requests_browser' strategy...
2025-11-14 19:19:13,246 - INFO - [The Guardian] Success with 'requests_browser'. Found content (322 words).
2025-11-14 19:19:13,283 - INFO - Duplicate article skipped: French-Algerian writer Boualem Sansal pardoned and to be released from prison | Algeria | The Guardian from The Guardian
2025-11-14 19:19:13,827 - INFO - [BBC] Article: https://www.bbc.com/news/articles/c8034v2e3l3o?at_medium=RSS&at_campaign=rss
2025-11-14 19:19:13,827 - INFO - [BBC] Attempt 1/1: Trying with 'requests_browser' strategy...
2025-11-14 19:19:14,686 - INFO - [BBC] Success with 'requests_browser'. Found content (770 words).
2025-11-14 19:19:14,750 - INFO - [The Guardian] Article: https://www.theguardian.com/environment/2025/nov/14/protesters-blockade-cop30-summit-over-plight-of-indigenous-peoples
2025-11-14 19:19:14,750 - INFO - [The Guardian] Attempt 1/1: Trying with 'requests_browser' strategy...
2025-11-14 19:19:14,751 - INFO - Duplicate article skipped: UK court finds mining firm liable for Brazil's worst environmental disaster from BBC
2025-11-14 19:19:14,927 - INFO - [The Guardian] Success with 'requests_browser'. Found content (976 words).
2025-11-14 19:19:14,985 - INFO - Duplicate article skipped: Protesters blockade Cop30 summit over plight of Indigenous peoples | Cop30 | The Guardian from The Guardian
2025-11-14 19:19:15,731 - INFO - Selenium driver initialized successfully.
2025-11-14 19:19:15,731 - INFO - Starting scrape for The Hindu RSS feed: https://www.thehindu.com/news/national/feeder/default.rss
2025-11-14 19:19:15,732 - INFO - Selenium driver initialized successfully.
2025-11-14 19:19:15,732 - INFO - Starting scrape for Times of India RSS feed: https://timesofindia.indiatimes.com/rssfeeds/296589292.cms
2025-11-14 19:19:15,833 - INFO - [BBC] Article: https://www.bbc.com/news/articles/c629m7jm777o?at_medium=RSS&at_campaign=rss
2025-11-14 19:19:15,833 - INFO - [BBC] Attempt 1/1: Trying with 'requests_browser' strategy...
2025-11-14 19:19:15,862 - INFO - [BBC] Success with 'requests_browser'. Found content (261 words).
2025-11-14 19:19:15,892 - INFO - Duplicate article skipped: Several killed after bus crashes into bus stop in Stockholm from BBC
2025-11-14 19:19:15,913 - INFO - Found 100 articles in The Hindu RSS feed. Processing up to 10.
2025-11-14 19:19:15,913 - INFO - [The Hindu] Article: https://www.thehindu.com/news/cities/bangalore/ironic-that-climate-sensitive-coffee-is-not-covered-under-climate-linked-insurance-says-kpa-president/article70280998.ece
2025-11-14 19:19:15,913 - INFO - [The Hindu] Attempt 1/1: Trying with 'selenium_browser' strategy...
2025-11-14 19:19:15,970 - INFO - Found 20 articles in Times of India RSS feed. Processing up to 10.
2025-11-14 19:19:15,970 - INFO - [Times of India] Article: https://timesofindia.indiatimes.com/world/us/epstein-emails-list-of-celebrities-named-in-latest-files/articleshow/125335552.cms
2025-11-14 19:19:15,970 - INFO - [Times of India] Attempt 1/1: Trying with 'selenium_browser' strategy...
2025-11-14 19:19:16,035 - INFO - [The Guardian] Article: https://www.theguardian.com/world/2025/nov/14/mark-carney-nation-building-canada
2025-11-14 19:19:16,036 - INFO - [The Guardian] Attempt 1/1: Trying with 'requests_browser' strategy...
2025-11-14 19:19:16,063 - INFO - [The Guardian] Success with 'requests_browser'. Found content (745 words).
2025-11-14 19:19:16,100 - INFO - Duplicate article skipped: Carney’s ‘nation-building’ programme misses mark to be truly transformative for Canada | Canada | The Guardian from The Guardian
2025-11-14 19:19:16,955 - INFO - [The Guardian] Article: https://www.theguardian.com/world/2025/nov/14/venezuela-maduro-urges-trump-to-avoid-afghanistan-style-forever-war
2025-11-14 19:19:16,956 - INFO - [The Guardian] Attempt 1/1: Trying with 'requests_browser' strategy...
2025-11-14 19:19:17,036 - INFO - [The Guardian] Success with 'requests_browser'. Found content (499 words).
2025-11-14 19:19:17,129 - INFO - Duplicate article skipped: Venezuela’s Maduro urges Trump to avoid Afghanistan-style ‘forever war’ | Venezuela | The Guardian from The Guardian
2025-11-14 19:19:17,132 - INFO - [BBC] Article: https://www.bbc.com/news/articles/c4gpdxp5vl2o?at_medium=RSS&at_campaign=rss
2025-11-14 19:19:17,132 - INFO - [BBC] Attempt 1/1: Trying with 'requests_browser' strategy...
2025-11-14 19:19:17,184 - INFO - [BBC] Success with 'requests_browser'. Found content (539 words).
2025-11-14 19:19:17,245 - INFO - Duplicate article skipped: Tanzania's President Samia Suluhu Hassan promises probe into post-election unrest from BBC
2025-11-14 19:19:18,432 - INFO - [The Guardian] Article: https://www.theguardian.com/environment/2025/nov/14/london-judge-rules-bhp-group-liable-for-brazil-2015-samarco-dam-collapse
2025-11-14 19:19:18,432 - INFO - [The Guardian] Attempt 1/1: Trying with 'requests_browser' strategy...
2025-11-14 19:19:18,533 - INFO - [BBC] Article: https://www.bbc.com/news/articles/c70jd4elgwzo?at_medium=RSS&at_campaign=rss
2025-11-14 19:19:18,533 - INFO - [BBC] Attempt 1/1: Trying with 'requests_browser' strategy...
2025-11-14 19:19:18,552 - INFO - [The Guardian] Success with 'requests_browser'. Found content (407 words).
2025-11-14 19:19:18,765 - INFO - Duplicate article skipped: Mining firm BHP found liable in UK for disastrous Brazilian dam collapse | Mining | The Guardian from The Guardian
2025-11-14 19:19:18,788 - INFO - [BBC] Success with 'requests_browser'. Found content (1179 words).
2025-11-14 19:19:18,891 - INFO - Duplicate article skipped: Sudan conflict: Mass killings investigation gets green light from UN from BBC
2025-11-14 19:19:19,510 - INFO - [BBC] Article: https://www.bbc.com/news/articles/c051q4pnz39o?at_medium=RSS&at_campaign=rss
2025-11-14 19:19:19,511 - INFO - [BBC] Attempt 1/1: Trying with 'requests_browser' strategy...
2025-11-14 19:19:19,619 - INFO - [BBC] Success with 'requests_browser'. Found content (579 words).
2025-11-14 19:19:19,740 - INFO - Duplicate article skipped: Wicked: Man who grabbed Ariana Grande in Singapore charged in court from BBC
2025-11-14 19:19:20,074 - INFO - [The Guardian] Article: https://www.theguardian.com/environment/live/2025/nov/13/cop30-live-calls-for-just-transition-plan-grow-as-report-warns-world-on-track-for-26c-of-heating
2025-11-14 19:19:20,077 - INFO - [The Guardian] Attempt 1/1: Trying with 'requests_browser' strategy...
2025-11-14 19:19:20,331 - INFO - [BBC] Article: https://www.bbc.com/news/articles/c7v846p9nd1o?at_medium=RSS&at_campaign=rss
2025-11-14 19:19:20,331 - INFO - [BBC] Attempt 1/1: Trying with 'requests_browser' strategy...
2025-11-14 19:19:20,566 - INFO - [BBC] Success with 'requests_browser'. Found content (516 words).
2025-11-14 19:19:20,689 - INFO - Duplicate article skipped: Second brother of French anti-drugs campaigner shot dead in Marseille from BBC
2025-11-14 19:19:21,359 - INFO - [The Guardian] Success with 'requests_browser'. Found content (3548 words).
2025-11-14 19:19:21,597 - INFO - Duplicate article skipped: Cop30: ‘We will exterminate ourselves’ if we keep extracting fossil fuels, activists say – as it happened | Cop30 | The Guardian from The Guardian
2025-11-14 19:19:24,128 - INFO - [The Hindu] Page content loaded.
2025-11-14 19:19:24,419 - INFO - [The Hindu] Success with 'selenium_browser'. Found content (509 words).
2025-11-14 19:19:24,906 - INFO - Saved article: Ironic that climate sensitive coffee is not covered under climate-linked insurance, says KPA president - The Hindu from The Hindu
2025-11-14 19:19:26,306 - INFO - [The Hindu] Article: https://www.thehindu.com/news/national/kerala/sir-in-ernakulam-over-19-lakh-enumeration-forms-distributed/article70280989.ece
2025-11-14 19:19:26,307 - INFO - [The Hindu] Attempt 1/1: Trying with 'selenium_browser' strategy...
2025-11-14 19:19:33,074 - INFO - [The Hindu] Page content loaded.
2025-11-14 19:19:33,188 - INFO - [The Hindu] Success with 'selenium_browser'. Found content (219 words).
2025-11-14 19:19:33,356 - INFO - Saved article: SIR in Ernakulam: over 19 lakh enumeration forms distributed - The Hindu from The Hindu
2025-11-14 19:19:34,777 - INFO - [The Hindu] Article: https://www.thehindu.com/news/national/tamil-nadu/anbumani-demands-cbi-enquiry-into-procurement-of-transformers/article70281043.ece
2025-11-14 19:19:34,777 - INFO - [The Hindu] Attempt 1/1: Trying with 'selenium_browser' strategy...
2025-11-14 19:19:35,490 - INFO - [The Hindu] Page content loaded.
2025-11-14 19:19:35,545 - INFO - [The Hindu] Success with 'selenium_browser'. Found content (344 words).
2025-11-14 19:19:35,598 - INFO - Saved article: Anbumani demands CBI enquiry into procurement of transformers - The Hindu from The Hindu
2025-11-14 19:19:36,584 - INFO - [The Hindu] Article: https://www.thehindu.com/news/national/kerala/state-should-follow-bihars-example-surendran/article70281375.ece
2025-11-14 19:19:36,584 - INFO - [The Hindu] Attempt 1/1: Trying with 'selenium_browser' strategy...
2025-11-14 19:19:37,714 - INFO - [The Hindu] Page content loaded.
2025-11-14 19:19:37,759 - INFO - [The Hindu] Success with 'selenium_browser'. Found content (86 words).
2025-11-14 19:19:37,811 - INFO - Duplicate article skipped: State should follow Bihar’s example: Surendran - The Hindu from The Hindu
2025-11-14 19:19:38,467 - INFO - [The Hindu] Article: https://www.thehindu.com/news/national/kerala/ldf-set-to-lose-power-in-corporation-kmuraleedharan/article70281696.ece
2025-11-14 19:19:38,467 - INFO - [The Hindu] Attempt 1/1: Trying with 'selenium_browser' strategy...
2025-11-14 19:19:39,765 - INFO - [The Hindu] Page content loaded.
2025-11-14 19:19:39,809 - INFO - [The Hindu] Success with 'selenium_browser'. Found content (166 words).
2025-11-14 19:19:39,860 - INFO - Duplicate article skipped: LDF set to lose power in Corporation: K.Muraleedharan - The Hindu from The Hindu
2025-11-14 19:19:40,420 - INFO - [The Hindu] Article: https://www.thehindu.com/news/national/andhra-pradesh/students-advised-to-join-only-government-recognised-veterinary-colleges/article70281282.ece
2025-11-14 19:19:40,420 - INFO - [The Hindu] Attempt 1/1: Trying with 'selenium_browser' strategy...
2025-11-14 19:19:41,406 - INFO - [The Hindu] Page content loaded.
2025-11-14 19:19:41,452 - INFO - [The Hindu] Success with 'selenium_browser'. Found content (263 words).
2025-11-14 19:19:41,504 - INFO - Duplicate article skipped: Students advised to join only government-recognised veterinary colleges - The Hindu from The Hindu
2025-11-14 19:19:42,961 - INFO - [The Hindu] Article: https://www.thehindu.com/news/national/supreme-court-to-examine-plea-seeking-hospital-patient-care-allowance-to-pwds/article70281445.ece
2025-11-14 19:19:42,961 - INFO - [The Hindu] Attempt 1/1: Trying with 'selenium_browser' strategy...
2025-11-14 19:19:44,099 - INFO - [The Hindu] Page content loaded.
2025-11-14 19:19:44,148 - INFO - [The Hindu] Success with 'selenium_browser'. Found content (304 words).
2025-11-14 19:19:44,202 - INFO - Duplicate article skipped: Supreme Court to examine plea seeking hospital patient care allowance to PwDs - The Hindu from The Hindu
2025-11-14 19:19:45,398 - INFO - [The Hindu] Article: https://www.thehindu.com/news/national/andhra-pradesh/octopus-team-bags-second-place-in-national-joint-counter-ied-exercise/article70281384.ece
2025-11-14 19:19:45,398 - INFO - [The Hindu] Attempt 1/1: Trying with 'selenium_browser' strategy...
2025-11-14 19:19:46,324 - INFO - [The Hindu] Page content loaded.
2025-11-14 19:19:46,367 - INFO - [The Hindu] Success with 'selenium_browser'. Found content (106 words).
2025-11-14 19:19:46,418 - INFO - Duplicate article skipped: OCTOPUS team bags second place in National Joint Counter IED exercise - The Hindu from The Hindu
2025-11-14 19:19:47,141 - INFO - [The Hindu] Article: https://www.thehindu.com/news/national/andhra-pradesh/sit-arrests-notorious-economic-offender-anil-chokhara/article70281577.ece
2025-11-14 19:19:47,141 - INFO - [The Hindu] Attempt 1/1: Trying with 'selenium_browser' strategy...
2025-11-14 19:19:48,201 - INFO - [The Hindu] Page content loaded.
2025-11-14 19:19:48,246 - WARNING - [The Hindu] FAILED with 'selenium_browser' (content was too short: 60 words).
2025-11-14 19:19:48,246 - ERROR - [The Hindu] All scrape strategies failed for https://www.thehindu.com/news/national/andhra-pradesh/sit-arrests-notorious-economic-offender-anil-chokhara/article70281577.ece. Falling back to RSS description.
2025-11-14 19:19:48,246 - INFO - Duplicate article skipped: SIT arrests notorious economic offender Anil Chokhara from The Hindu
2025-11-14 19:19:49,466 - INFO - [The Hindu] Article: https://www.thehindu.com/news/national/tamil-nadu/vellore-police-seize-130-kg-gutkha-three-held/article70280344.ece
2025-11-14 19:19:49,468 - INFO - [The Hindu] Attempt 1/1: Trying with 'selenium_browser' strategy...
2025-11-14 19:19:50,616 - INFO - [The Hindu] Page content loaded.
2025-11-14 19:19:50,668 - INFO - [The Hindu] Success with 'selenium_browser'. Found content (193 words).
2025-11-14 19:19:50,722 - INFO - Duplicate article skipped: Vellore police seize 130 kg gutkha; three held - The Hindu from The Hindu
2025-11-14 19:19:52,212 - INFO - [The Hindu] (Thread) Finished. Attempting to shut down its Selenium driver.
2025-11-14 19:19:52,367 - INFO - [The Hindu] (Thread) driver.quit() successful.
2025-11-14 19:20:15,993 - ERROR - [Times of India] Request failed for strategy 'selenium_browser' on URL https://timesofindia.indiatimes.com/world/us/epstein-emails-list-of-celebrities-named-in-latest-files/articleshow/125335552.cms: Message: timeout: Timed out receiving message from renderer: 59.633
  (Session info: chrome=142.0.7444.162)
Stacktrace:
#0 0x564e1e3e832a <unknown>
#1 0x564e1de34e4b <unknown>
#2 0x564e1de1ce0d <unknown>
#3 0x564e1de1caf0 <unknown>
#4 0x564e1de1a8ff <unknown>
#5 0x564e1de1b27f <unknown>
#6 0x564e1de29ca3 <unknown>
#7 0x564e1de43601 <unknown>
#8 0x564e1de49e0b <unknown>
#9 0x564e1de1b9bd <unknown>
#10 0x564e1de433a7 <unknown>
#11 0x564e1ded4170 <unknown>
#12 0x564e1de79c1a <unknown>
#13 0x564e1de7a921 <unknown>
#14 0x564e1e3af239 <unknown>
#15 0x564e1e3b21e8 <unknown>
#16 0x564e1e3984c9 <unknown>
#17 0x564e1e3b2db5 <unknown>
#18 0x564e1e37fe93 <unknown>
#19 0x564e1e3d5098 <unknown>
#20 0x564e1e3d5273 <unknown>
#21 0x564e1e3e72c3 <unknown>
#22 0x7f06e3a9caa4 <unknown>
#23 0x7f06e3b29c6c <unknown>

2025-11-14 19:20:15,993 - ERROR - [Times of India] All scrape strategies failed for https://timesofindia.indiatimes.com/world/us/epstein-emails-list-of-celebrities-named-in-latest-files/articleshow/125335552.cms. Falling back to RSS description.
2025-11-14 19:20:15,997 - INFO - Saved article: Epstein emails: List of celebrities named in latest files from Times of India
2025-11-14 19:20:16,921 - INFO - [Times of India] Article: https://timesofindia.indiatimes.com/world/us/inside-h-1b-row-how-trumps-sudden-u-turns-could-leave-america-losing-the-talent-war-to-foreigners/articleshow/125333580.cms
2025-11-14 19:20:16,921 - INFO - [Times of India] Attempt 1/1: Trying with 'selenium_browser' strategy...
2025-11-14 19:20:18,058 - INFO - [Times of India] Page content loaded.
2025-11-14 19:20:18,200 - INFO - [Times of India] Success with 'selenium_browser'. Found content (564 words).
2025-11-14 19:20:18,263 - INFO - Saved article: Inside H-1B row: How Trump’s sudden U-turns could leave America losing the talent war to foreigners - The Times of India from Times of India
2025-11-14 19:20:18,938 - INFO - [Times of India] Article: https://timesofindia.indiatimes.com/world/rest-of-world/you-dont-own-the-country-indian-man-in-canada-gets-615-ticket-for-driving-while-watching-a-video-calls-it-racist/articleshow/125333643.cms
2025-11-14 19:20:18,938 - INFO - [Times of India] Attempt 1/1: Trying with 'selenium_browser' strategy...
2025-11-14 19:20:20,142 - INFO - [Times of India] Page content loaded.
2025-11-14 19:20:20,271 - INFO - [Times of India] Success with 'selenium_browser'. Found content (320 words).
2025-11-14 19:20:20,327 - INFO - Duplicate article skipped: 'You don't own the country': Indian man in Canada gets $615 ticket for driving while 'watching a video', calls it 'racist' - The Times of India from Times of India
2025-11-14 19:20:21,197 - INFO - [Times of India] Article: https://timesofindia.indiatimes.com/world/us-streamers/was-whistlindiesel-arrested-youtubers-reported-arrest-sparks-big-buzz-after-tax-details-leak-online/articleshow/125332974.cms
2025-11-14 19:20:21,197 - INFO - [Times of India] Attempt 1/1: Trying with 'selenium_browser' strategy...
2025-11-14 19:20:32,683 - WARNING - [Times of India] Page timed out (10s). No <p> tags found. Proceeding anyway.
2025-11-14 19:20:32,870 - INFO - [Times of India] Success with 'selenium_browser'. Found content (396 words).
2025-11-14 19:20:33,013 - INFO - Duplicate article skipped: Was WhistlinDiesel arrested? YouTuber’s reported arrest sparks big buzz after tax details leak online - The Times of India from Times of India
2025-11-14 19:20:34,386 - INFO - [Times of India] Article: https://timesofindia.indiatimes.com/world/us-streamers/emiru-sparks-confusion-by-revealing-an-unexpected-warning-to-stop-flying-alone-after-her-twitchcon-assault/articleshow/125332095.cms
2025-11-14 19:20:34,386 - INFO - [Times of India] Attempt 1/1: Trying with 'selenium_browser' strategy...
2025-11-14 19:22:43,377 - ERROR - [Times of India] Request failed for strategy 'selenium_browser' on URL https://timesofindia.indiatimes.com/world/us-streamers/emiru-sparks-confusion-by-revealing-an-unexpected-warning-to-stop-flying-alone-after-her-twitchcon-assault/articleshow/125332095.cms: HTTPConnectionPool(host='localhost', port=60481): Read timed out. (read timeout=120)
2025-11-14 19:22:43,377 - ERROR - [Times of India] All scrape strategies failed for https://timesofindia.indiatimes.com/world/us-streamers/emiru-sparks-confusion-by-revealing-an-unexpected-warning-to-stop-flying-alone-after-her-twitchcon-assault/articleshow/125332095.cms. Falling back to RSS description.
2025-11-14 19:22:43,380 - INFO - Saved article: Emiru sparks confusion by revealing an unexpected warning to stop flying alone after her TwitchCon assault from Times of India
2025-11-14 19:22:44,479 - INFO - [Times of India] Article: https://timesofindia.indiatimes.com/world/uk/amazon-delivery-driver-barges-into-british-mps-house-cops-say-we-cant-do-anything/articleshow/125332339.cms
2025-11-14 19:22:44,479 - INFO - [Times of India] Attempt 1/1: Trying with 'selenium_browser' strategy...
2025-11-14 19:24:07,706 - CRITICAL - --- TIMEOUT: 1 scrape jobs did not complete in 300s. ---
2025-11-14 19:24:07,706 - ERROR - A thread has timed out and will be abandoned.
2025-11-14 19:24:07,706 - INFO - Shutting down thread pool (wait=False)...
2025-11-14 19:24:07,706 - INFO - Scraped: 3 The Hindu, 0 The Guardian, 0 BBC, 1 Timed_Out_Jobs articles. (Total saved: 3)
2025-11-14 19:24:07,706 - INFO - --- Scraping job finished ---
2025-11-14 19:24:07,707 - INFO - --- Scraper service stopped and database connection closed. ---
2025-11-14 19:24:07,707 - INFO - --- Main thread finished. Forcing process exit to kill zombie threads. ---
