2025-11-21 10:26:41,546 - INFO - Initializing database connection at: news_articles.db
2025-11-21 10:26:41,546 - INFO - --- Scraper service started (CI Mode: Run Once) ---
2025-11-21 10:26:41,546 - INFO - --- Starting new scraping job (Parallel Mode) ---
2025-11-21 10:26:41,546 - INFO - Creating new robust session with 3 retries on 5xx/connection/read errors.
2025-11-21 10:26:41,547 - INFO - Proxy is DISABLED.
2025-11-21 10:26:41,547 - INFO - Starting scrape for BBC RSS feed: http://feeds.bbci.co.uk/news/world/rss.xml
2025-11-21 10:26:41,547 - INFO - [Times of India] (Thread) requires Selenium. Initializing driver...
2025-11-21 10:26:41,547 - INFO - Initializing headless Selenium Chrome driver (using SeleniumManager)...
2025-11-21 10:26:41,548 - INFO - Starting scrape for The Guardian RSS feed: https://www.theguardian.com/world/rss
2025-11-21 10:26:41,548 - INFO - [The Hindu] (Thread) requires Selenium. Initializing driver...
2025-11-21 10:26:41,548 - INFO - Initializing headless Selenium Chrome driver (using SeleniumManager)...
2025-11-21 10:26:41,548 - INFO - Submitted 4 jobs to thread pool. Waiting up to 300s for completion...
2025-11-21 10:26:41,793 - INFO - Found 45 articles in The Guardian RSS feed. Processing up to 10.
2025-11-21 10:26:41,793 - INFO - [The Guardian] Article: https://www.theguardian.com/politics/2025/nov/20/keir-starmer-defends-south-africa-g20-budget
2025-11-21 10:26:41,793 - INFO - [The Guardian] Attempt 1/1: Trying with 'requests_browser' strategy...
2025-11-21 10:26:41,842 - INFO - [The Guardian] Success with 'requests_browser'. Found content (646 words).
2025-11-21 10:26:41,879 - INFO - Duplicate article skipped: Keir Starmer defends trip to South Africa for G20 summit as budget looms | Keir Starmer | The Guardian from The Guardian
2025-11-21 10:26:41,957 - INFO - Found 35 articles in BBC RSS feed. Processing up to 10.
2025-11-21 10:26:41,957 - INFO - [BBC] Article: https://www.bbc.com/news/articles/cly1ypqlle0o?at_medium=RSS&at_campaign=rss
2025-11-21 10:26:41,957 - INFO - [BBC] Attempt 1/1: Trying with 'requests_browser' strategy...
2025-11-21 10:26:42,671 - INFO - [BBC] Success with 'requests_browser'. Found content (1134 words).
2025-11-21 10:26:42,720 - INFO - Duplicate article skipped: Zelensky ready to work with US on 'their vision' for ending Ukraine war from BBC
2025-11-21 10:26:43,156 - INFO - [The Guardian] Article: https://www.theguardian.com/world/2025/nov/20/south-africa-says-us-boycott-of-g20-is-coercion-by-absentia
2025-11-21 10:26:43,156 - INFO - [The Guardian] Attempt 1/1: Trying with 'requests_browser' strategy...
2025-11-21 10:26:43,205 - INFO - [The Guardian] Success with 'requests_browser'. Found content (765 words).
2025-11-21 10:26:43,273 - INFO - Duplicate article skipped: US in talks to attend G20 summit after initial boycott, South Africa says | G20 | The Guardian from The Guardian
2025-11-21 10:26:43,437 - INFO - [BBC] Article: https://www.bbc.com/news/articles/ce3w1zeerywo?at_medium=RSS&at_campaign=rss
2025-11-21 10:26:43,437 - INFO - [BBC] Attempt 1/1: Trying with 'requests_browser' strategy...
2025-11-21 10:26:43,481 - INFO - [BBC] Success with 'requests_browser'. Found content (431 words).
2025-11-21 10:26:43,514 - INFO - Saved article: Trump's growing impatience to end Ukraine war is a concern for Kyiv from BBC
2025-11-21 10:26:44,110 - INFO - [The Guardian] Article: https://www.theguardian.com/world/2025/nov/20/nigerian-court-convicts-biafran-separatist-leader-on-terrorism-charges-nnamdi-kanu
2025-11-21 10:26:44,111 - INFO - [The Guardian] Attempt 1/1: Trying with 'requests_browser' strategy...
2025-11-21 10:26:44,154 - INFO - [The Guardian] Success with 'requests_browser'. Found content (554 words).
2025-11-21 10:26:44,199 - INFO - Duplicate article skipped: Biafran separatist leader sentenced to life on terrorism charges by Nigerian court | Nigeria | The Guardian from The Guardian
2025-11-21 10:26:44,898 - INFO - [BBC] Article: https://www.bbc.com/news/articles/ceq0q3e2j17o?at_medium=RSS&at_campaign=rss
2025-11-21 10:26:44,898 - INFO - [BBC] Attempt 1/1: Trying with 'requests_browser' strategy...
2025-11-21 10:26:44,941 - INFO - [BBC] Success with 'requests_browser'. Found content (512 words).
2025-11-21 10:26:44,974 - INFO - Duplicate article skipped: Vietnam: At least 41 dead as relentless rains flood central region from BBC
2025-11-21 10:26:45,118 - INFO - [The Guardian] Article: https://www.theguardian.com/global-development/2025/nov/19/new-drug-could-be-breakthrough-killer-tb-tuberculosis-sorfequiline
2025-11-21 10:26:45,118 - INFO - [The Guardian] Attempt 1/1: Trying with 'requests_browser' strategy...
2025-11-21 10:26:45,302 - INFO - [The Guardian] Success with 'requests_browser'. Found content (589 words).
2025-11-21 10:26:45,340 - INFO - Duplicate article skipped: New drug could be a breakthrough in treatment for killer TB, trial suggests | Global health | The Guardian from The Guardian
2025-11-21 10:26:46,068 - INFO - [BBC] Article: https://www.bbc.com/news/articles/c33mnvy5zppo?at_medium=RSS&at_campaign=rss
2025-11-21 10:26:46,068 - INFO - [BBC] Attempt 1/1: Trying with 'requests_browser' strategy...
2025-11-21 10:26:46,112 - INFO - [BBC] Success with 'requests_browser'. Found content (534 words).
2025-11-21 10:26:46,147 - INFO - Saved article: Venezuela says opposition leader will become fugitive if she collects Nobel from BBC
2025-11-21 10:26:46,809 - INFO - [The Guardian] Article: https://www.theguardian.com/environment/2025/nov/18/congo-basin-rainforest-africa-research-funding-aoe
2025-11-21 10:26:46,809 - INFO - [The Guardian] Attempt 1/1: Trying with 'requests_browser' strategy...
2025-11-21 10:26:46,992 - INFO - [The Guardian] Success with 'requests_browser'. Found content (1040 words).
2025-11-21 10:26:47,033 - INFO - Duplicate article skipped: The rainforest the world forgot: the Congo basin is the second largest on Earth, so why is it being neglected? | Global development | The Guardian from The Guardian
2025-11-21 10:26:47,150 - INFO - [BBC] Article: https://www.bbc.com/news/articles/cj4qxvy74qyo?at_medium=RSS&at_campaign=rss
2025-11-21 10:26:47,150 - INFO - [BBC] Attempt 1/1: Trying with 'requests_browser' strategy...
2025-11-21 10:26:47,189 - INFO - [BBC] Success with 'requests_browser'. Found content (170 words).
2025-11-21 10:26:47,247 - INFO - Saved article: St Mary's School in Niger state: Pupils abducted from Nigerian Catholic school from BBC
2025-11-21 10:26:47,732 - INFO - [The Guardian] Article: https://www.theguardian.com/world/2025/nov/21/axolotl-banknote-mexico-amphibian
2025-11-21 10:26:47,732 - INFO - [The Guardian] Attempt 1/1: Trying with 'requests_browser' strategy...
2025-11-21 10:26:47,907 - INFO - [The Guardian] Success with 'requests_browser'. Found content (475 words).
2025-11-21 10:26:47,948 - INFO - Saved article: A lot of axolotls: the amphibian-themed banknote Mexicans don’t want to spend | Mexico | The Guardian from The Guardian
2025-11-21 10:26:48,393 - INFO - [BBC] Article: https://www.bbc.com/news/articles/cz7p783g2j5o?at_medium=RSS&at_campaign=rss
2025-11-21 10:26:48,393 - INFO - [BBC] Attempt 1/1: Trying with 'requests_browser' strategy...
2025-11-21 10:26:48,435 - INFO - [BBC] Success with 'requests_browser'. Found content (573 words).
2025-11-21 10:26:48,469 - INFO - Saved article: Scientists reveal what triggered Santorini 'earthquake swarm' from BBC
2025-11-21 10:26:48,909 - INFO - Selenium driver initialized successfully.
2025-11-21 10:26:48,909 - INFO - Starting scrape for Times of India RSS feed: https://timesofindia.indiatimes.com/rssfeeds/296589292.cms
2025-11-21 10:26:48,910 - INFO - Selenium driver initialized successfully.
2025-11-21 10:26:48,910 - INFO - Starting scrape for The Hindu RSS feed: https://www.thehindu.com/news/national/feeder/default.rss
2025-11-21 10:26:49,016 - INFO - [BBC] Article: https://www.bbc.com/news/articles/cgmxmxljg8mo?at_medium=RSS&at_campaign=rss
2025-11-21 10:26:49,016 - INFO - [BBC] Attempt 1/1: Trying with 'requests_browser' strategy...
2025-11-21 10:26:49,068 - INFO - [BBC] Success with 'requests_browser'. Found content (1379 words).
2025-11-21 10:26:49,105 - INFO - Duplicate article skipped: Miss Universe: Mexico's Fatima Bosch, who walked out on organisers, wins pageant from BBC
2025-11-21 10:26:49,125 - INFO - Found 100 articles in The Hindu RSS feed. Processing up to 10.
2025-11-21 10:26:49,125 - INFO - [The Hindu] Article: https://www.thehindu.com/news/national/telangana/thirty-two-ips-officers-transferred-in-telangana/article70307101.ece
2025-11-21 10:26:49,125 - INFO - [The Hindu] Attempt 1/1: Trying with 'selenium_browser' strategy...
2025-11-21 10:26:49,201 - INFO - Found 20 articles in Times of India RSS feed. Processing up to 10.
2025-11-21 10:26:49,201 - INFO - [Times of India] Article: https://timesofindia.indiatimes.com/world/middle-east/abu-dhabi-natural-history-museum-the-biggest-science-landmark-opens-22-nov/articleshow/125480356.cms
2025-11-21 10:26:49,202 - INFO - [Times of India] Attempt 1/1: Trying with 'selenium_browser' strategy...
2025-11-21 10:26:49,338 - INFO - [The Guardian] Article: https://www.theguardian.com/world/2025/nov/21/woman-jailed-for-20-years-over-death-of-australian-surfer-brothers-and-american-man-in-mexico
2025-11-21 10:26:49,338 - INFO - [The Guardian] Attempt 1/1: Trying with 'requests_browser' strategy...
2025-11-21 10:26:49,375 - INFO - [The Guardian] Success with 'requests_browser'. Found content (366 words).
2025-11-21 10:26:49,408 - INFO - Duplicate article skipped: Woman jailed for 20 years over death of Australian surfer brothers and American man in Mexico | Mexico | The Guardian from The Guardian
2025-11-21 10:26:50,160 - INFO - [BBC] Article: https://www.bbc.com/news/articles/cx24200d7y9o?at_medium=RSS&at_campaign=rss
2025-11-21 10:26:50,160 - INFO - [BBC] Attempt 1/1: Trying with 'requests_browser' strategy...
2025-11-21 10:26:50,202 - INFO - [BBC] Success with 'requests_browser'. Found content (715 words).
2025-11-21 10:26:50,240 - INFO - Saved article: US says countries with DEI policies as infringing human rights from BBC
2025-11-21 10:26:50,466 - INFO - [The Guardian] Article: https://www.theguardian.com/artanddesign/2025/nov/21/frida-kahlo-self-portrait-sells-547-million-new-auction-record-female-artist
2025-11-21 10:26:50,466 - INFO - [The Guardian] Attempt 1/1: Trying with 'requests_browser' strategy...
2025-11-21 10:26:50,521 - INFO - [The Guardian] Success with 'requests_browser'. Found content (559 words).
2025-11-21 10:26:50,586 - INFO - Duplicate article skipped: Frida Kahlo self-portrait sells for $54.7m to set new auction record for a female artist | Frida Kahlo | The Guardian from The Guardian
2025-11-21 10:26:51,688 - INFO - [BBC] Article: https://www.bbc.com/news/articles/c4gpgp07zdko?at_medium=RSS&at_campaign=rss
2025-11-21 10:26:51,694 - INFO - [BBC] Attempt 1/1: Trying with 'requests_browser' strategy...
2025-11-21 10:26:51,936 - INFO - [BBC] Success with 'requests_browser'. Found content (408 words).
2025-11-21 10:26:52,019 - INFO - [The Guardian] Article: https://www.theguardian.com/environment/live/2025/nov/20/cop30-live-news-updates-belem-brazil-president-lula
2025-11-21 10:26:52,019 - INFO - [The Guardian] Attempt 1/1: Trying with 'requests_browser' strategy...
2025-11-21 10:26:52,149 - INFO - Saved article: Bengaluru: Men posing as Reserve Bank of India officials pull off $800,000 heist from BBC
2025-11-21 10:26:52,939 - INFO - [The Guardian] Success with 'requests_browser'. Found content (3839 words).
2025-11-21 10:26:52,975 - INFO - [BBC] Article: https://www.bbc.com/news/articles/cx2n2955g10o?at_medium=RSS&at_campaign=rss
2025-11-21 10:26:52,983 - INFO - [BBC] Attempt 1/1: Trying with 'requests_browser' strategy...
2025-11-21 10:26:53,201 - INFO - Duplicate article skipped: Cop30 conference centre evacuated as fire breaks out – as it happened | Cop30 | The Guardian from The Guardian
2025-11-21 10:26:53,204 - INFO - [BBC] Success with 'requests_browser'. Found content (480 words).
2025-11-21 10:26:53,281 - INFO - Duplicate article skipped: Streaming platform Twitch added to Australia's teen social media ban from BBC
2025-11-21 10:26:54,569 - INFO - [The Guardian] Article: https://www.theguardian.com/us-news/2025/nov/20/senate-report-cia-assassination-plots-gerald-ford
2025-11-21 10:26:54,569 - INFO - [The Guardian] Attempt 1/1: Trying with 'requests_browser' strategy...
2025-11-21 10:26:55,016 - INFO - [The Guardian] Success with 'requests_browser'. Found content (977 words).
2025-11-21 10:26:55,141 - INFO - Duplicate article skipped: Documents reveal Gerald Ford’s effort to block report on CIA assassination plots | CIA | The Guardian from The Guardian
2025-11-21 10:26:57,409 - INFO - [The Hindu] Page content loaded.
2025-11-21 10:26:58,800 - INFO - [The Hindu] Success with 'selenium_browser'. Found content (567 words).
2025-11-21 10:26:59,003 - INFO - Saved article: Thirty-two IPS officers transferred in Telangana - The Hindu from The Hindu
2025-11-21 10:26:59,802 - INFO - [The Hindu] Article: https://www.thehindu.com/news/national/labour-laws-passed-by-parliament-in-2020-comes-into-effect-today/article70307091.ece
2025-11-21 10:26:59,802 - INFO - [The Hindu] Attempt 1/1: Trying with 'selenium_browser' strategy...
2025-11-21 10:27:49,216 - ERROR - [Times of India] Request failed for strategy 'selenium_browser' on URL https://timesofindia.indiatimes.com/world/middle-east/abu-dhabi-natural-history-museum-the-biggest-science-landmark-opens-22-nov/articleshow/125480356.cms: Message: timeout: Timed out receiving message from renderer: 59.621
  (Session info: chrome=142.0.7444.162)
Stacktrace:
#0 0x562fcfbbb32a <unknown>
#1 0x562fcf607e4b <unknown>
#2 0x562fcf5efe0d <unknown>
#3 0x562fcf5efaf0 <unknown>
#4 0x562fcf5ed8ff <unknown>
#5 0x562fcf5ee27f <unknown>
#6 0x562fcf5fcca3 <unknown>
#7 0x562fcf616601 <unknown>
#8 0x562fcf61ce0b <unknown>
#9 0x562fcf5ee9bd <unknown>
#10 0x562fcf6163a7 <unknown>
#11 0x562fcf6a7170 <unknown>
#12 0x562fcf64cc1a <unknown>
#13 0x562fcf64d921 <unknown>
#14 0x562fcfb82239 <unknown>
#15 0x562fcfb851e8 <unknown>
#16 0x562fcfb6b4c9 <unknown>
#17 0x562fcfb85db5 <unknown>
#18 0x562fcfb52e93 <unknown>
#19 0x562fcfba8098 <unknown>
#20 0x562fcfba8273 <unknown>
#21 0x562fcfbba2c3 <unknown>
#22 0x7f707289caa4 <unknown>
#23 0x7f7072929c6c <unknown>

2025-11-21 10:27:49,216 - ERROR - [Times of India] All scrape strategies failed for https://timesofindia.indiatimes.com/world/middle-east/abu-dhabi-natural-history-museum-the-biggest-science-landmark-opens-22-nov/articleshow/125480356.cms. Falling back to RSS description.
2025-11-21 10:27:49,218 - INFO - Saved article: Abu Dhabi Natural History Museum: The biggest science landmark opens 22 Nov from Times of India
2025-11-21 10:27:50,458 - INFO - [Times of India] Article: https://timesofindia.indiatimes.com/world/middle-east/dubai-world-cup-2026-tickets-from-just-dh40-now-on-sale-for-30th-anniversary-celebration/articleshow/125481206.cms
2025-11-21 10:27:50,459 - INFO - [Times of India] Attempt 1/1: Trying with 'selenium_browser' strategy...
2025-11-21 10:27:51,948 - INFO - [Times of India] Page content loaded.
2025-11-21 10:27:52,112 - INFO - [Times of India] Success with 'selenium_browser'. Found content (546 words).
2025-11-21 10:27:52,274 - INFO - Saved article: Dubai World Cup 2026: Tickets from just Dh40 now on sale for 30th anniversary celebration | World News - The Times of India from Times of India
2025-11-21 10:27:53,146 - INFO - [Times of India] Article: https://timesofindia.indiatimes.com/world/middle-east/noah-zeaiter-lebanons-most-wanted-drug-trafficker-arrested-in-baalbek/articleshow/125481031.cms
2025-11-21 10:27:53,147 - INFO - [Times of India] Attempt 1/1: Trying with 'selenium_browser' strategy...
2025-11-21 10:27:59,826 - ERROR - [The Hindu] Request failed for strategy 'selenium_browser' on URL https://www.thehindu.com/news/national/labour-laws-passed-by-parliament-in-2020-comes-into-effect-today/article70307091.ece: Message: timeout: Timed out receiving message from renderer: 59.928
  (Session info: chrome=142.0.7444.162)
Stacktrace:
#0 0x56286e35332a <unknown>
#1 0x56286dd9fe4b <unknown>
#2 0x56286dd87e0d <unknown>
#3 0x56286dd87af0 <unknown>
#4 0x56286dd858ff <unknown>
#5 0x56286dd8627f <unknown>
#6 0x56286dd94ca3 <unknown>
#7 0x56286ddae601 <unknown>
#8 0x56286ddb4e0b <unknown>
#9 0x56286dd869bd <unknown>
#10 0x56286ddae3a7 <unknown>
#11 0x56286de3f170 <unknown>
#12 0x56286dde4c1a <unknown>
#13 0x56286dde5921 <unknown>
#14 0x56286e31a239 <unknown>
#15 0x56286e31d1e8 <unknown>
#16 0x56286e3034c9 <unknown>
#17 0x56286e31ddb5 <unknown>
#18 0x56286e2eae93 <unknown>
#19 0x56286e340098 <unknown>
#20 0x56286e340273 <unknown>
#21 0x56286e3522c3 <unknown>
#22 0x7f7058c9caa4 <unknown>
#23 0x7f7058d29c6c <unknown>

2025-11-21 10:27:59,826 - ERROR - [The Hindu] All scrape strategies failed for https://www.thehindu.com/news/national/labour-laws-passed-by-parliament-in-2020-comes-into-effect-today/article70307091.ece. Falling back to RSS description.
2025-11-21 10:27:59,828 - INFO - Saved article: Labour laws passed by Parliament in 2020 comes into effect today from The Hindu
2025-11-21 10:28:00,912 - INFO - [The Hindu] Article: https://www.thehindu.com/news/national/andhra-pradesh/gajuwakas-cement-unit-plan-raises-a-dust/article70303266.ece
2025-11-21 10:28:00,912 - INFO - [The Hindu] Attempt 1/1: Trying with 'selenium_browser' strategy...
2025-11-21 10:28:12,918 - INFO - [The Hindu] Page content loaded.
2025-11-21 10:28:13,113 - INFO - [The Hindu] Success with 'selenium_browser'. Found content (1684 words).
2025-11-21 10:28:13,206 - INFO - Saved article: Gajuwaka’s cement unit plan raises a ‘dust’ - The Hindu from The Hindu
2025-11-21 10:28:13,973 - INFO - [The Hindu] Article: https://www.thehindu.com/news/national/tamil-nadu/dmk-led-alliance-to-protest-centres-refusal-to-relax-moisture-content-limit-for-paddy-procurement/article70306951.ece
2025-11-21 10:28:13,973 - INFO - [The Hindu] Attempt 1/1: Trying with 'selenium_browser' strategy...
2025-11-21 10:28:14,697 - INFO - [The Hindu] Page content loaded.
2025-11-21 10:28:14,769 - INFO - [The Hindu] Success with 'selenium_browser'. Found content (163 words).
2025-11-21 10:28:14,876 - INFO - Saved article: DMK-led alliance to protest Centre’s refusal to relax moisture-content limit for paddy procurement - The Hindu from The Hindu
2025-11-21 10:28:15,871 - INFO - [The Hindu] Article: https://www.thehindu.com/news/national/seven-states-enact-laws-on-lines-of-jan-vishwas-act-to-encourage-business/article70306862.ece
2025-11-21 10:28:15,872 - INFO - [The Hindu] Attempt 1/1: Trying with 'selenium_browser' strategy...
2025-11-21 10:28:16,650 - INFO - [The Hindu] Page content loaded.
2025-11-21 10:28:16,788 - INFO - [The Hindu] Success with 'selenium_browser'. Found content (266 words).
2025-11-21 10:28:16,862 - INFO - Saved article: Seven States enact laws on lines of Jan Vishwas Act to encourage business - The Hindu from The Hindu
2025-11-21 10:28:17,945 - INFO - [The Hindu] Article: https://www.thehindu.com/news/national/supreme-court-issues-notice-to-ec-as-kerala-government-political-parties-seek-deferment-of-sir/article70306970.ece
2025-11-21 10:28:17,945 - INFO - [The Hindu] Attempt 1/1: Trying with 'selenium_browser' strategy...
2025-11-21 10:28:19,381 - INFO - [The Hindu] Page content loaded.
2025-11-21 10:28:19,436 - INFO - [The Hindu] Success with 'selenium_browser'. Found content (691 words).
2025-11-21 10:28:19,533 - INFO - Saved article: Supreme Court issues notice to EC as Kerala Government, political parties seek deferment of SIR - The Hindu from The Hindu
2025-11-21 10:28:20,564 - INFO - [The Hindu] Article: https://www.thehindu.com/sci-tech/energy-and-environment/snakebites-cost-the-countrys-poorest-thousands-in-treatment/article70294240.ece
2025-11-21 10:28:20,564 - INFO - [The Hindu] Attempt 1/1: Trying with 'selenium_browser' strategy...
2025-11-21 10:28:21,515 - INFO - [The Hindu] Page content loaded.
2025-11-21 10:28:21,631 - INFO - [The Hindu] Success with 'selenium_browser'. Found content (449 words).
2025-11-21 10:28:21,732 - INFO - Saved article: High costs, poor training deepen India’s stinging snakebite toll - The Hindu from The Hindu
2025-11-21 10:28:22,753 - INFO - [The Hindu] Article: https://www.thehindu.com/news/national/karnataka/karnataka-chief-minister-siddaramaiah-rules-out-leadership-change/article70307001.ece
2025-11-21 10:28:22,753 - INFO - [The Hindu] Attempt 1/1: Trying with 'selenium_browser' strategy...
2025-11-21 10:28:53,174 - ERROR - [Times of India] Request failed for strategy 'selenium_browser' on URL https://timesofindia.indiatimes.com/world/middle-east/noah-zeaiter-lebanons-most-wanted-drug-trafficker-arrested-in-baalbek/articleshow/125481031.cms: Message: timeout: Timed out receiving message from renderer: 59.360
  (Session info: chrome=142.0.7444.162)
Stacktrace:
#0 0x562fcfbbb32a <unknown>
#1 0x562fcf607e4b <unknown>
#2 0x562fcf5efe0d <unknown>
#3 0x562fcf5efaf0 <unknown>
#4 0x562fcf5ed8ff <unknown>
#5 0x562fcf5ee27f <unknown>
#6 0x562fcf5fcca3 <unknown>
#7 0x562fcf616601 <unknown>
#8 0x562fcf61ce0b <unknown>
#9 0x562fcf5ee9bd <unknown>
#10 0x562fcf6163a7 <unknown>
#11 0x562fcf6a7170 <unknown>
#12 0x562fcf64cc1a <unknown>
#13 0x562fcf64d921 <unknown>
#14 0x562fcfb82239 <unknown>
#15 0x562fcfb851e8 <unknown>
#16 0x562fcfb6b4c9 <unknown>
#17 0x562fcfb85db5 <unknown>
#18 0x562fcfb52e93 <unknown>
#19 0x562fcfba8098 <unknown>
#20 0x562fcfba8273 <unknown>
#21 0x562fcfbba2c3 <unknown>
#22 0x7f707289caa4 <unknown>
#23 0x7f7072929c6c <unknown>

2025-11-21 10:28:53,174 - ERROR - [Times of India] All scrape strategies failed for https://timesofindia.indiatimes.com/world/middle-east/noah-zeaiter-lebanons-most-wanted-drug-trafficker-arrested-in-baalbek/articleshow/125481031.cms. Falling back to RSS description.
2025-11-21 10:28:53,178 - INFO - Saved article: Noah Zeaiter, Lebanon’s most wanted drug trafficker, arrested in Baalbek from Times of India
2025-11-21 10:28:54,159 - INFO - [Times of India] Article: https://timesofindia.indiatimes.com/science/3i/atlas-why-harvard-astronomer-avi-loeb-thinks-3i/atlas-is-defying-comet-physics/articleshow/125481275.cms
2025-11-21 10:28:54,159 - INFO - [Times of India] Attempt 1/1: Trying with 'selenium_browser' strategy...
2025-11-21 10:28:55,230 - INFO - [Times of India] Page content loaded.
2025-11-21 10:28:55,358 - INFO - [Times of India] Success with 'selenium_browser'. Found content (730 words).
2025-11-21 10:28:55,412 - INFO - Saved article: Why Harvard astronomer Avi Loeb thinks 3I/ATLAS is defying comet physics - The Times of India from Times of India
2025-11-21 10:28:56,510 - INFO - [Times of India] Article: https://timesofindia.indiatimes.com/world/us/hes-frank-white-house-defends-trumps-piggy-remark-on-female-reporter-asks-media-to-appreciate-his-candour/articleshow/125478988.cms
2025-11-21 10:28:56,510 - INFO - [Times of India] Attempt 1/1: Trying with 'selenium_browser' strategy...
2025-11-21 10:28:57,672 - INFO - [Times of India] Page content loaded.
2025-11-21 10:28:57,838 - INFO - [Times of India] Success with 'selenium_browser'. Found content (295 words).
2025-11-21 10:28:57,900 - INFO - Duplicate article skipped: 'He’s frank': White House defends Trump’s 'Piggy' remark on female reporter; asks media to appreciate his 'candour' - The Times of India from Times of India
2025-11-21 10:28:59,395 - INFO - [Times of India] Article: https://timesofindia.indiatimes.com/world/middle-east/uae-named-as-world-3rd-largest-humanitarian-donor-in-2025-with-1-46-billion-in-global-relief/articleshow/125478341.cms
2025-11-21 10:28:59,395 - INFO - [Times of India] Attempt 1/1: Trying with 'selenium_browser' strategy...
2025-11-21 10:29:00,614 - INFO - [Times of India] Page content loaded.
2025-11-21 10:29:00,729 - INFO - [Times of India] Success with 'selenium_browser'. Found content (456 words).
2025-11-21 10:29:00,821 - INFO - Duplicate article skipped: UAE named as world 3rd largest humanitarian donor in 2025 with $1.46 billion in global relief | World News - The Times of India from Times of India
2025-11-21 10:29:01,446 - INFO - [Times of India] Article: https://timesofindia.indiatimes.com/world/middle-east/india-expands-visa-on-arrival-access-for-uae-nationals-to-nine-airports/articleshow/125478197.cms
2025-11-21 10:29:01,446 - INFO - [Times of India] Attempt 1/1: Trying with 'selenium_browser' strategy...
2025-11-21 10:29:02,517 - INFO - [Times of India] Page content loaded.
2025-11-21 10:29:02,686 - INFO - [Times of India] Success with 'selenium_browser'. Found content (356 words).
2025-11-21 10:29:02,767 - INFO - Duplicate article skipped: India expands visa on arrival access for UAE nationals to nine airports | World News - The Times of India from Times of India
2025-11-21 10:29:04,079 - INFO - [Times of India] Article: https://timesofindia.indiatimes.com/world/us/youre-heroes-donald-trump-welcomes-freed-israeli-hostages-to-white-house-calls-it-an-honour-to-meet-them/articleshow/125478095.cms
2025-11-21 10:29:04,079 - INFO - [Times of India] Attempt 1/1: Trying with 'selenium_browser' strategy...
2025-11-21 10:29:05,363 - INFO - [Times of India] Page content loaded.
2025-11-21 10:29:05,617 - INFO - [Times of India] Success with 'selenium_browser'. Found content (396 words).
2025-11-21 10:29:05,775 - INFO - Duplicate article skipped: 'You’re Heroes': Donald Trump welcomes freed Israeli hostages to White House; calls it an ‘honour’ to meet them - The Times of India from Times of India
2025-11-21 10:29:07,179 - INFO - [Times of India] Article: https://timesofindia.indiatimes.com/world/middle-east/uae-weather-red-and-yellow-fog-alerts-as-visibility-drops-in-abu-dhabi-and-dubai/articleshow/125477359.cms
2025-11-21 10:29:07,179 - INFO - [Times of India] Attempt 1/1: Trying with 'selenium_browser' strategy...
2025-11-21 10:29:08,944 - INFO - [Times of India] Page content loaded.
2025-11-21 10:29:09,118 - INFO - [Times of India] Success with 'selenium_browser'. Found content (283 words).
2025-11-21 10:29:09,190 - INFO - Duplicate article skipped: UAE Weather: Red and yellow fog alerts as visibility drops in Abu Dhabi and Dubai | World News - The Times of India from Times of India
2025-11-21 10:29:10,334 - INFO - [Times of India] Article: https://timesofindia.indiatimes.com/business/international-business/to-advance-us-energy-dominance-trump-admin-unveils-offshore-drilling-plan-california-florida-waters-targeted/articleshow/125475431.cms
2025-11-21 10:29:10,334 - INFO - [Times of India] Attempt 1/1: Trying with 'selenium_browser' strategy...
2025-11-21 10:29:11,605 - INFO - [Times of India] Page content loaded.
2025-11-21 10:29:11,756 - INFO - [Times of India] Success with 'selenium_browser'. Found content (473 words).
2025-11-21 10:29:11,828 - INFO - Duplicate article skipped: ‘To advance US energy dominance’: Trump admin unveils offshore drilling plan; California, Florida waters targeted - The Times of India from Times of India
2025-11-21 10:29:12,462 - INFO - [Times of India] (Thread) Finished. Attempting to shut down its Selenium driver.
2025-11-21 10:29:12,727 - INFO - [Times of India] (Thread) driver.quit() successful.
2025-11-21 10:29:20,284 - INFO - [The Hindu] Page content loaded.
2025-11-21 10:29:20,399 - INFO - [The Hindu] Success with 'selenium_browser'. Found content (294 words).
2025-11-21 10:29:20,525 - INFO - Saved article: Karnataka Chief Minister Siddaramaiah rules out leadership change - The Hindu from The Hindu
2025-11-21 10:29:21,954 - INFO - [The Hindu] Article: https://www.thehindu.com/news/national/tamil-nadu/tn-deputy-cm-udhayanidhi-stalin-calls-sanskrit-dead-language-bjp-hits-back/article70306995.ece
2025-11-21 10:29:21,954 - INFO - [The Hindu] Attempt 1/1: Trying with 'selenium_browser' strategy...
2025-11-21 10:29:24,723 - INFO - [The Hindu] Page content loaded.
2025-11-21 10:29:24,815 - INFO - [The Hindu] Success with 'selenium_browser'. Found content (181 words).
2025-11-21 10:29:24,896 - INFO - Saved article: T.N. Deputy CM Udhayanidhi Stalin calls Sanskrit ‘dead language,’ BJP hits back - The Hindu from The Hindu
2025-11-21 10:29:26,010 - INFO - [The Hindu] Article: https://www.thehindu.com/news/national/telangana/telangana-students-bag-230-medals-in-emrs-national-sports-meet-cm-revanth-reddy-felicitates-winners/article70306861.ece
2025-11-21 10:29:26,010 - INFO - [The Hindu] Attempt 1/1: Trying with 'selenium_browser' strategy...
2025-11-21 10:29:27,168 - INFO - [The Hindu] Page content loaded.
2025-11-21 10:29:27,221 - INFO - [The Hindu] Success with 'selenium_browser'. Found content (185 words).
2025-11-21 10:29:27,301 - INFO - Saved article: Telangana students bag 230 medals at EMRS National sports meet; CM Revanth Reddy felicitates winners - The Hindu from The Hindu
2025-11-21 10:29:28,136 - INFO - [The Hindu] (Thread) Finished. Attempting to shut down its Selenium driver.
2025-11-21 10:29:28,305 - INFO - [The Hindu] (Thread) driver.quit() successful.
2025-11-21 10:29:28,306 - INFO - Shutting down thread pool (wait=False)...
2025-11-21 10:29:28,306 - INFO - Scraped: 6 BBC, 4 Times of India, 10 The Hindu, 1 The Guardian articles. (Total saved: 21)
2025-11-21 10:29:28,306 - INFO - --- Scraping job finished ---
2025-11-21 10:29:28,311 - INFO - --- Scraper service stopped and database connection closed. ---
2025-11-21 10:29:28,311 - INFO - --- Main thread finished. Forcing process exit to kill zombie threads. ---
