2025-12-11 22:26:14,619 - INFO - Initializing database connection at: news_articles.db
2025-12-11 22:26:14,619 - INFO - --- Scraper service started (CI Mode: Run Once) ---
2025-12-11 22:26:14,620 - INFO - --- Starting new scraping job (Parallel Mode) ---
2025-12-11 22:26:14,620 - INFO - Creating new robust session with 3 retries on 5xx/connection/read errors.
2025-12-11 22:26:14,620 - INFO - Proxy is DISABLED.
2025-12-11 22:26:14,620 - INFO - Starting scrape for BBC RSS feed: http://feeds.bbci.co.uk/news/world/rss.xml
2025-12-11 22:26:14,620 - INFO - [Times of India] (Thread) requires Selenium. Initializing driver...
2025-12-11 22:26:14,620 - INFO - Initializing headless Selenium Chrome driver (using SeleniumManager)...
2025-12-11 22:26:14,621 - INFO - Starting scrape for The Guardian RSS feed: https://www.theguardian.com/world/rss
2025-12-11 22:26:14,624 - INFO - [The Hindu] (Thread) requires Selenium. Initializing driver...
2025-12-11 22:26:14,624 - INFO - Initializing headless Selenium Chrome driver (using SeleniumManager)...
2025-12-11 22:26:14,624 - INFO - Submitted 4 jobs to thread pool. Waiting up to 300s for completion...
2025-12-11 22:26:14,763 - INFO - Found 45 articles in The Guardian RSS feed. Processing up to 10.
2025-12-11 22:26:14,763 - INFO - [The Guardian] Article: https://www.theguardian.com/world/2025/dec/11/fate-of-11-nigerian-troops-unclear-after-unauthorised-plane-landing-in-burkina-faso
2025-12-11 22:26:14,763 - INFO - [The Guardian] Attempt 1/1: Trying with 'requests_browser' strategy...
2025-12-11 22:26:14,799 - INFO - [The Guardian] Success with 'requests_browser'. Found content (276 words).
2025-12-11 22:26:14,834 - INFO - Duplicate article skipped: Fate of 11 Nigerian troops unclear after ‘unauthorised’ plane landing in Burkina Faso | Burkina Faso | The Guardian from The Guardian
2025-12-11 22:26:14,841 - INFO - Found 31 articles in BBC RSS feed. Processing up to 10.
2025-12-11 22:26:14,841 - INFO - [BBC] Article: https://www.bbc.com/news/articles/c1w9lg11jw0o?at_medium=RSS&at_campaign=rss
2025-12-11 22:26:14,841 - INFO - [BBC] Attempt 1/1: Trying with 'requests_browser' strategy...
2025-12-11 22:26:15,061 - INFO - [BBC] Success with 'requests_browser'. Found content (946 words).
2025-12-11 22:26:15,099 - INFO - Duplicate article skipped: US seizes oil tanker off Venezuela as Caracas condemns 'act of piracy' from BBC
2025-12-11 22:26:15,989 - INFO - [The Guardian] Article: https://www.theguardian.com/world/2025/dec/10/burkina-faso-releases-nigerian-troops-unauthorised-emergency-landing
2025-12-11 22:26:15,989 - INFO - [The Guardian] Attempt 1/1: Trying with 'requests_browser' strategy...
2025-12-11 22:26:16,017 - INFO - [The Guardian] Success with 'requests_browser'. Found content (388 words).
2025-12-11 22:26:16,050 - INFO - Duplicate article skipped: Burkina Faso releases 11 Nigerian troops after ‘unauthorised’ plane landing | Nigeria | The Guardian from The Guardian
2025-12-11 22:26:16,449 - INFO - [BBC] Article: https://www.bbc.com/news/articles/cy8jvll9j81o?at_medium=RSS&at_campaign=rss
2025-12-11 22:26:16,449 - INFO - [BBC] Attempt 1/1: Trying with 'requests_browser' strategy...
2025-12-11 22:26:16,482 - INFO - [BBC] Success with 'requests_browser'. Found content (976 words).
2025-12-11 22:26:16,517 - INFO - Duplicate article skipped: From Iran to China to Venezuela - how seized tanker hid location from BBC
2025-12-11 22:26:17,134 - INFO - [The Guardian] Article: https://www.theguardian.com/world/2025/dec/09/drc-fighting-forces-200000-to-flee-just-days-after-washington-peace-deal
2025-12-11 22:26:17,134 - INFO - [The Guardian] Attempt 1/1: Trying with 'requests_browser' strategy...
2025-12-11 22:26:17,159 - INFO - [The Guardian] Success with 'requests_browser'. Found content (408 words).
2025-12-11 22:26:17,192 - INFO - Duplicate article skipped: DRC fighting forces 200,000 to flee just days after Washington peace deal | Democratic Republic of the Congo | The Guardian from The Guardian
2025-12-11 22:26:17,894 - INFO - [BBC] Article: https://www.bbc.com/news/articles/cn4djk0jj4xo?at_medium=RSS&at_campaign=rss
2025-12-11 22:26:17,894 - INFO - [BBC] Attempt 1/1: Trying with 'requests_browser' strategy...
2025-12-11 22:26:17,923 - INFO - [BBC] Success with 'requests_browser'. Found content (448 words).
2025-12-11 22:26:17,957 - INFO - Duplicate article skipped: Austria bans headscarves in schools for girls under-14 from BBC
2025-12-11 22:26:18,383 - INFO - [The Guardian] Article: https://www.theguardian.com/world/2025/dec/09/colombian-mercenaries-sudan-sanctions
2025-12-11 22:26:18,383 - INFO - [The Guardian] Attempt 1/1: Trying with 'requests_browser' strategy...
2025-12-11 22:26:18,409 - INFO - [The Guardian] Success with 'requests_browser'. Found content (506 words).
2025-12-11 22:26:18,443 - INFO - Duplicate article skipped: US puts sanctions on network said to funnel Colombian mercenaries to Sudan | Sudan | The Guardian from The Guardian
2025-12-11 22:26:18,969 - INFO - [BBC] Article: https://www.bbc.com/news/articles/cn09g640659o?at_medium=RSS&at_campaign=rss
2025-12-11 22:26:18,969 - INFO - [BBC] Attempt 1/1: Trying with 'requests_browser' strategy...
2025-12-11 22:26:19,000 - INFO - [BBC] Success with 'requests_browser'. Found content (418 words).
2025-12-11 22:26:19,029 - INFO - Duplicate article skipped: Bulgarian PM and government resign after mass protests from BBC
2025-12-11 22:26:19,261 - INFO - [The Guardian] Article: https://www.theguardian.com/world/2025/dec/09/nigeria-troops-held-burkina-faso-emergency-landing
2025-12-11 22:26:19,261 - INFO - [The Guardian] Attempt 1/1: Trying with 'requests_browser' strategy...
2025-12-11 22:26:19,292 - INFO - [The Guardian] Success with 'requests_browser'. Found content (386 words).
2025-12-11 22:26:19,324 - INFO - Duplicate article skipped: Nigerian troops held in Burkina Faso after ‘unfriendly’ emergency landing | Nigeria | The Guardian from The Guardian
2025-12-11 22:26:19,945 - INFO - [BBC] Article: https://www.bbc.com/news/articles/cgjnd9y52pno?at_medium=RSS&at_campaign=rss
2025-12-11 22:26:19,945 - INFO - [BBC] Attempt 1/1: Trying with 'requests_browser' strategy...
2025-12-11 22:26:19,970 - INFO - [The Guardian] Article: https://www.theguardian.com/world/2025/dec/11/pressure-on-maduro-grows-after-us-seizes-dark-fleet-tanker-off-coast-of-venezuela
2025-12-11 22:26:19,970 - INFO - [The Guardian] Attempt 1/1: Trying with 'requests_browser' strategy...
2025-12-11 22:26:19,977 - INFO - [BBC] Success with 'requests_browser'. Found content (952 words).
2025-12-11 22:26:20,033 - INFO - Duplicate article skipped: Zelensky says US wants 'special economic zone' in Ukraine's Donetsk region from BBC
2025-12-11 22:26:20,051 - INFO - [The Guardian] Success with 'requests_browser'. Found content (1165 words).
2025-12-11 22:26:20,086 - INFO - Duplicate article skipped: Pressure on Maduro grows after US seizes ‘dark fleet’ tanker off coast of Venezuela | Venezuela | The Guardian from The Guardian
2025-12-11 22:26:20,919 - INFO - [The Guardian] Article: https://www.theguardian.com/news/audio/2025/dec/11/why-is-trump-attacking-venezuelan-boats-the-latest
2025-12-11 22:26:20,920 - INFO - [The Guardian] Attempt 1/1: Trying with 'requests_browser' strategy...
2025-12-11 22:26:20,957 - INFO - [The Guardian] Success with 'requests_browser'. Found content (99 words).
2025-12-11 22:26:20,996 - INFO - Duplicate article skipped: Why is Trump attacking Venezuelan boats? – The Latest | Venezuela | The Guardian from The Guardian
2025-12-11 22:26:21,275 - INFO - [BBC] Article: https://www.bbc.com/news/articles/cdxwrvl1734o?at_medium=RSS&at_campaign=rss
2025-12-11 22:26:21,276 - INFO - [BBC] Attempt 1/1: Trying with 'requests_browser' strategy...
2025-12-11 22:26:21,309 - INFO - [BBC] Success with 'requests_browser'. Found content (763 words).
2025-12-11 22:26:21,343 - INFO - Duplicate article skipped: Portugal hit by severe disruption in first general strike for 12 years from BBC
2025-12-11 22:26:21,793 - INFO - [The Guardian] Article: https://www.theguardian.com/us-news/2025/dec/11/lawmakers-venezuela-oil-tanker
2025-12-11 22:26:21,793 - INFO - [The Guardian] Attempt 1/1: Trying with 'requests_browser' strategy...
2025-12-11 22:26:21,828 - INFO - [The Guardian] Success with 'requests_browser'. Found content (681 words).
2025-12-11 22:26:21,864 - INFO - Duplicate article skipped: US lawmakers condemn seizure of Venezuelan oil tanker: ‘Trump is sleepwalking us into a war’ | Trump administration | The Guardian from The Guardian
2025-12-11 22:26:22,441 - INFO - [BBC] Article: https://www.bbc.com/news/articles/c78vz2v85mpo?at_medium=RSS&at_campaign=rss
2025-12-11 22:26:22,441 - INFO - [BBC] Attempt 1/1: Trying with 'requests_browser' strategy...
2025-12-11 22:26:22,472 - INFO - [BBC] Success with 'requests_browser'. Found content (468 words).
2025-12-11 22:26:22,505 - INFO - Duplicate article skipped: US judge orders Kilmar Abrego Garcia's release from ICE custody from BBC
2025-12-11 22:26:23,088 - INFO - [The Guardian] Article: https://www.theguardian.com/us-news/2025/dec/11/kilmar-abrego-garcia-released
2025-12-11 22:26:23,088 - INFO - [The Guardian] Attempt 1/1: Trying with 'requests_browser' strategy...
2025-12-11 22:26:23,121 - INFO - [The Guardian] Success with 'requests_browser'. Found content (397 words).
2025-12-11 22:26:23,153 - INFO - Duplicate article skipped: Kilmar Ábrego García ordered released from ICE custody in fight over Trump immigration | Kilmar Ábrego García | The Guardian from The Guardian
2025-12-11 22:26:23,792 - INFO - [BBC] Article: https://www.bbc.com/news/articles/cly01mdm577o?at_medium=RSS&at_campaign=rss
2025-12-11 22:26:23,792 - INFO - [BBC] Attempt 1/1: Trying with 'requests_browser' strategy...
2025-12-11 22:26:23,827 - INFO - [BBC] Success with 'requests_browser'. Found content (708 words).
2025-12-11 22:26:23,863 - INFO - Duplicate article skipped: 'Architects of AI' named Time Magazine's Person of the Year from BBC
2025-12-11 22:26:24,269 - INFO - [The Guardian] Article: https://www.theguardian.com/world/2025/dec/10/bolivia-luis-arce
2025-12-11 22:26:24,269 - INFO - [The Guardian] Attempt 1/1: Trying with 'requests_browser' strategy...
2025-12-11 22:26:24,298 - INFO - [The Guardian] Success with 'requests_browser'. Found content (583 words).
2025-12-11 22:26:24,332 - INFO - Duplicate article skipped: Former Bolivian president Luis Arce detained on corruption charges | Bolivia | The Guardian from The Guardian
2025-12-11 22:26:25,320 - INFO - [BBC] Article: https://www.bbc.com/news/articles/c23e1jld9p7o?at_medium=RSS&at_campaign=rss
2025-12-11 22:26:25,320 - INFO - [BBC] Attempt 1/1: Trying with 'requests_browser' strategy...
2025-12-11 22:26:25,355 - INFO - [BBC] Success with 'requests_browser'. Found content (381 words).
2025-12-11 22:26:25,391 - INFO - Duplicate article skipped: Ethiopia TikTok: Six influencers arrested for 'indecent' dress at awards ceremony from BBC
2025-12-11 22:26:26,283 - INFO - [BBC] Article: https://www.bbc.com/news/articles/cqxq3lg2gwxo?at_medium=RSS&at_campaign=rss
2025-12-11 22:26:26,284 - INFO - [BBC] Attempt 1/1: Trying with 'requests_browser' strategy...
2025-12-11 22:26:26,311 - INFO - [BBC] Success with 'requests_browser'. Found content (501 words).
2025-12-11 22:26:26,348 - INFO - Duplicate article skipped: Myanmar: More than 30 dead after military air strike hits hospital from BBC
2025-12-11 22:26:33,524 - INFO - Selenium driver initialized successfully.
2025-12-11 22:26:33,525 - INFO - Starting scrape for Times of India RSS feed: https://timesofindia.indiatimes.com/rssfeeds/296589292.cms
2025-12-11 22:26:33,526 - INFO - Selenium driver initialized successfully.
2025-12-11 22:26:33,526 - INFO - Starting scrape for The Hindu RSS feed: https://www.thehindu.com/news/national/feeder/default.rss
2025-12-11 22:26:33,704 - INFO - Found 100 articles in The Hindu RSS feed. Processing up to 10.
2025-12-11 22:26:33,704 - INFO - [The Hindu] Article: https://www.thehindu.com/news/national/odisha/odisha-cm-gives-away-citizenship-certificates-to-35-persons-from-bangladesh/article70385477.ece
2025-12-11 22:26:33,704 - INFO - [The Hindu] Attempt 1/1: Trying with 'selenium_browser' strategy...
2025-12-11 22:26:33,817 - INFO - Found 20 articles in Times of India RSS feed. Processing up to 10.
2025-12-11 22:26:33,817 - INFO - [Times of India] Article: https://timesofindia.indiatimes.com/world/us/charlie-kirks-accused-killer-tyler-robinson-seen-smiling-in-viral-video-during-first-court-appearance-watch/articleshow/125920965.cms
2025-12-11 22:26:33,817 - INFO - [Times of India] Attempt 1/1: Trying with 'selenium_browser' strategy...
2025-12-11 22:26:38,631 - INFO - [The Hindu] Page content loaded.
2025-12-11 22:26:38,795 - INFO - [The Hindu] Success with 'selenium_browser'. Found content (534 words).
2025-12-11 22:26:38,962 - INFO - Saved article: Odisha CM gives away citizenship certificates to 35 persons from Bangladesh - The Hindu from The Hindu
2025-12-11 22:26:40,177 - INFO - [The Hindu] Article: https://www.thehindu.com/news/national/west-bengal/bjp-leaders-gaffe-over-matangini-hazra-gives-trinamool-a-fresh-handle/article70385710.ece
2025-12-11 22:26:40,177 - INFO - [The Hindu] Attempt 1/1: Trying with 'selenium_browser' strategy...
2025-12-11 22:26:42,032 - INFO - [The Hindu] Page content loaded.
2025-12-11 22:26:42,533 - INFO - [The Hindu] Success with 'selenium_browser'. Found content (391 words).
2025-12-11 22:26:42,792 - INFO - Saved article: BJP leader’s gaffe over Matangini Hazra gives Trinamool a fresh handle - The Hindu from The Hindu
2025-12-11 22:26:43,606 - INFO - [The Hindu] Article: https://www.thehindu.com/news/national/kerala/wayanad-records-highest-polling-percentage-in-state/article70385396.ece
2025-12-11 22:26:43,606 - INFO - [The Hindu] Attempt 1/1: Trying with 'selenium_browser' strategy...
2025-12-11 22:26:47,873 - INFO - [The Hindu] Page content loaded.
2025-12-11 22:26:48,190 - INFO - [The Hindu] Success with 'selenium_browser'. Found content (136 words).
2025-12-11 22:26:48,396 - INFO - Duplicate article skipped: Wayanad records highest polling percentage in State - The Hindu from The Hindu
2025-12-11 22:26:49,457 - INFO - [The Hindu] Article: https://www.thehindu.com/news/national/kerala/kannur-kasaragod-record-huge-turnout-in-local-body-polls/article70385449.ece
2025-12-11 22:26:49,457 - INFO - [The Hindu] Attempt 1/1: Trying with 'selenium_browser' strategy...
2025-12-11 22:26:50,920 - INFO - [The Hindu] Page content loaded.
2025-12-11 22:26:51,278 - INFO - [The Hindu] Success with 'selenium_browser'. Found content (108 words).
2025-12-11 22:26:51,431 - INFO - Duplicate article skipped: Kannur, Kasaragod record huge turnout in local body polls - The Hindu from The Hindu
2025-12-11 22:26:52,679 - INFO - [The Hindu] Article: https://www.thehindu.com/news/national/arunachal-road-deaths-kharge-asks-for-just-compensation-to-bereaved-saddening-says-rahul/article70386077.ece
2025-12-11 22:26:52,679 - INFO - [The Hindu] Attempt 1/1: Trying with 'selenium_browser' strategy...
2025-12-11 22:26:53,669 - INFO - [The Hindu] Page content loaded.
2025-12-11 22:26:53,782 - INFO - [The Hindu] Success with 'selenium_browser'. Found content (459 words).
2025-12-11 22:26:53,854 - INFO - Duplicate article skipped: Arunachal road deaths: Kharge asks for just compensation to bereaved; saddening, says Rahul - The Hindu from The Hindu
2025-12-11 22:26:54,700 - INFO - [The Hindu] Article: https://www.thehindu.com/news/national/maharashtra/question-on-delay-in-scheme-reveals-rift-in-mahayuti/article70386148.ece
2025-12-11 22:26:54,700 - INFO - [The Hindu] Attempt 1/1: Trying with 'selenium_browser' strategy...
2025-12-11 22:26:55,614 - INFO - [The Hindu] Page content loaded.
2025-12-11 22:26:55,789 - INFO - [The Hindu] Success with 'selenium_browser'. Found content (428 words).
2025-12-11 22:26:55,872 - INFO - Duplicate article skipped: Question on delay in scheme reveals rift in Mahayuti - The Hindu from The Hindu
2025-12-11 22:26:56,692 - INFO - [The Hindu] Article: https://www.thehindu.com/news/national/karnataka/gba-chief-orders-immediate-completion-of-suraksha-75-junction-works/article70385547.ece
2025-12-11 22:26:56,692 - INFO - [The Hindu] Attempt 1/1: Trying with 'selenium_browser' strategy...
2025-12-11 22:26:58,626 - INFO - [The Hindu] Page content loaded.
2025-12-11 22:26:58,711 - INFO - [The Hindu] Success with 'selenium_browser'. Found content (259 words).
2025-12-11 22:26:58,768 - INFO - Duplicate article skipped: GBA chief orders immediate completion of Suraksha 75 Junction works - The Hindu from The Hindu
2025-12-11 22:26:59,564 - INFO - [The Hindu] Article: https://www.thehindu.com/news/national/maharashtra/fadnavisasks-officials-to-make-ready-plan-to-build-indias-biggest-shipyard/article70386141.ece
2025-12-11 22:26:59,564 - INFO - [The Hindu] Attempt 1/1: Trying with 'selenium_browser' strategy...
2025-12-11 22:27:00,470 - INFO - [The Hindu] Page content loaded.
2025-12-11 22:27:00,528 - INFO - [The Hindu] Success with 'selenium_browser'. Found content (292 words).
2025-12-11 22:27:00,595 - INFO - Duplicate article skipped: Fadnavis asks officials to make ready plan to build ‘India’s biggest shipyard’ - The Hindu from The Hindu
2025-12-11 22:27:01,286 - INFO - [The Hindu] Article: https://www.thehindu.com/news/national/karnataka/official-team-will-study-feasibility-of-additional-commissinerate-for-bengaluru-home-minister/article70384735.ece
2025-12-11 22:27:01,286 - INFO - [The Hindu] Attempt 1/1: Trying with 'selenium_browser' strategy...
2025-12-11 22:27:03,009 - INFO - [The Hindu] Page content loaded.
2025-12-11 22:27:03,090 - INFO - [The Hindu] Success with 'selenium_browser'. Found content (254 words).
2025-12-11 22:27:03,233 - INFO - Duplicate article skipped: Official team will study feasibility of additional commissinerate for Bengaluru: Home Minister - The Hindu from The Hindu
2025-12-11 22:27:04,298 - INFO - [The Hindu] Article: https://www.thehindu.com/news/national/andhra-pradesh/ciu-takes-out-motorbike-rally-ahead-of-maha-sabha-in-visakhapatnam/article70385121.ece
2025-12-11 22:27:04,298 - INFO - [The Hindu] Attempt 1/1: Trying with 'selenium_browser' strategy...
2025-12-11 22:27:06,461 - INFO - [The Hindu] Page content loaded.
2025-12-11 22:27:06,801 - INFO - [The Hindu] Success with 'selenium_browser'. Found content (201 words).
2025-12-11 22:27:07,088 - INFO - Duplicate article skipped: CIU takes out motorbike rally ahead of Maha Sabha in Visakhapatnam - The Hindu from The Hindu
2025-12-11 22:27:08,305 - INFO - [The Hindu] (Thread) Finished. Attempting to shut down its Selenium driver.
2025-12-11 22:27:08,462 - INFO - [The Hindu] (Thread) driver.quit() successful.
2025-12-11 22:27:33,865 - ERROR - [Times of India] Request failed for strategy 'selenium_browser' on URL https://timesofindia.indiatimes.com/world/us/charlie-kirks-accused-killer-tyler-robinson-seen-smiling-in-viral-video-during-first-court-appearance-watch/articleshow/125920965.cms: Message: timeout: Timed out receiving message from renderer: 59.911
  (Session info: chrome=143.0.7499.40)
Stacktrace:
#0 0x5610e858e16a <unknown>
#1 0x5610e800bc4b <unknown>
#2 0x5610e7ff3cf3 <unknown>
#3 0x5610e7ff39d6 <unknown>
#4 0x5610e7ff1897 <unknown>
#5 0x5610e7ff21af <unknown>
#6 0x5610e8000970 <unknown>
#7 0x5610e801a017 <unknown>
#8 0x5610e80206cb <unknown>
#9 0x5610e7ff28d8 <unknown>
#10 0x5610e8019dc3 <unknown>
#11 0x5610e80a8f60 <unknown>
#12 0x5610e804fc42 <unknown>
#13 0x5610e80508f1 <unknown>
#14 0x5610e8556f09 <unknown>
#15 0x5610e8559e4d <unknown>
#16 0x5610e853fc51 <unknown>
#17 0x5610e855aa2b <unknown>
#18 0x5610e8526a20 <unknown>
#19 0x5610e857ba78 <unknown>
#20 0x5610e857bc49 <unknown>
#21 0x5610e858d4c3 <unknown>
#22 0x7fcbd3e9caa4 <unknown>
#23 0x7fcbd3f29c6c <unknown>

2025-12-11 22:27:33,866 - ERROR - [Times of India] All scrape strategies failed for https://timesofindia.indiatimes.com/world/us/charlie-kirks-accused-killer-tyler-robinson-seen-smiling-in-viral-video-during-first-court-appearance-watch/articleshow/125920965.cms. Falling back to RSS description.
2025-12-11 22:27:33,872 - INFO - Saved article: Charlie Kirk’s accused killer Tyler Robinson seen ‘smiling’ in viral video during first court appearance – Watch from Times of India
2025-12-11 22:27:34,785 - INFO - [Times of India] Article: https://timesofindia.indiatimes.com/world/us/deportation-airlines-dhs-signs-140-million-deal-to-buy-6-boeing-737-jets/articleshow/125920959.cms
2025-12-11 22:27:34,785 - INFO - [Times of India] Attempt 1/1: Trying with 'selenium_browser' strategy...
2025-12-11 22:27:35,670 - INFO - [Times of India] Page content loaded.
2025-12-11 22:27:35,853 - INFO - [Times of India] Success with 'selenium_browser'. Found content (405 words).
2025-12-11 22:27:35,919 - INFO - Saved article: Deportation airlines: DHS signs $140 million deal to buy 6 Boeing 737 jets | World News - The Times of India from Times of India
2025-12-11 22:27:37,256 - INFO - [Times of India] Article: https://timesofindia.indiatimes.com/world/us-streamers/australian-teens-cant-stream-on-twitch-anymore-due-to-new-regulations/articleshow/125920899.cms
2025-12-11 22:27:37,256 - INFO - [Times of India] Attempt 1/1: Trying with 'selenium_browser' strategy...
2025-12-11 22:27:38,184 - INFO - [Times of India] Page content loaded.
2025-12-11 22:27:38,338 - INFO - [Times of India] Success with 'selenium_browser'. Found content (399 words).
2025-12-11 22:27:38,435 - INFO - Saved article: Australian teens can’t stream on Twitch anymore due to new regulations - The Times of India from Times of India
2025-12-11 22:27:39,614 - INFO - [Times of India] Article: https://timesofindia.indiatimes.com/world/us/karoline-leavitt-reveals-why-there-are-bandages-on-trumps-hand-the-president-is-literally-/articleshow/125920902.cms
2025-12-11 22:27:39,614 - INFO - [Times of India] Attempt 1/1: Trying with 'selenium_browser' strategy...
2025-12-11 22:27:40,451 - INFO - [Times of India] Page content loaded.
2025-12-11 22:27:40,577 - INFO - [Times of India] Success with 'selenium_browser'. Found content (359 words).
2025-12-11 22:27:40,639 - INFO - Saved article: Karoline Leavitt reveals why there are bandages on Trump's hand: 'The president is literally...' - The Times of India from Times of India
2025-12-11 22:27:41,535 - INFO - [Times of India] Article: https://timesofindia.indiatimes.com/world/us/release-him-immediately-federal-judge-orders-ice-to-free-wrongfully-deported-migrant-kilmar-abrego-garcia/articleshow/125920868.cms
2025-12-11 22:27:41,535 - INFO - [Times of India] Attempt 1/1: Trying with 'selenium_browser' strategy...
2025-12-11 22:27:42,283 - INFO - [Times of India] Page content loaded.
2025-12-11 22:27:42,433 - INFO - [Times of India] Success with 'selenium_browser'. Found content (434 words).
2025-12-11 22:27:42,489 - INFO - Saved article: ‘Release him immediately’: Federal judge orders ICE to free wrongfully deported migrant Kilmar Abrego Garcia | World News - The Times of India from Times of India
2025-12-11 22:27:43,420 - INFO - [Times of India] Article: https://timesofindia.indiatimes.com/world/us/watch-kristi-noems-savage-reply-to-indian-origin-shri-thanedar-asking-her-to-resign-i-will-consider-/articleshow/125920854.cms
2025-12-11 22:27:43,420 - INFO - [Times of India] Attempt 1/1: Trying with 'selenium_browser' strategy...
2025-12-11 22:27:44,448 - INFO - [Times of India] Page content loaded.
2025-12-11 22:27:44,588 - INFO - [Times of India] Success with 'selenium_browser'. Found content (116 words).
2025-12-11 22:27:44,646 - INFO - Saved article: Watch: Kristi Noem's savage reply to Indian-origin Shri Thanedar asking her to resign; 'I will consider...' - The Times of India from Times of India
2025-12-11 22:27:45,331 - INFO - [Times of India] Article: https://timesofindia.indiatimes.com/world/us-streamers/valkyraes-questions-shes-never-been-asked-video-reveals-her-long-term-streaming-plans/articleshow/125920792.cms
2025-12-11 22:27:45,331 - INFO - [Times of India] Attempt 1/1: Trying with 'selenium_browser' strategy...
2025-12-11 22:27:46,136 - INFO - [Times of India] Page content loaded.
2025-12-11 22:27:46,231 - INFO - [Times of India] Success with 'selenium_browser'. Found content (417 words).
2025-12-11 22:27:46,314 - INFO - Duplicate article skipped: Valkyrae’s “questions she’s never been asked” video reveals her long-term streaming plans - The Times of India from Times of India
2025-12-11 22:27:47,294 - INFO - [Times of India] Article: https://timesofindia.indiatimes.com/world/us-streamers/everything-to-know-about-mrbeasts-beast-games-season-2-premiere-date-prize-money-and-participant-lineup/articleshow/125920498.cms
2025-12-11 22:27:47,294 - INFO - [Times of India] Attempt 1/1: Trying with 'selenium_browser' strategy...
2025-12-11 22:27:48,306 - INFO - [Times of India] Page content loaded.
2025-12-11 22:27:48,457 - INFO - [Times of India] Success with 'selenium_browser'. Found content (431 words).
2025-12-11 22:27:48,510 - INFO - Duplicate article skipped: Everything to know about MrBeast’s Beast Games season 2: Premiere date, prize money, and participant lineup - The Times of India from Times of India
2025-12-11 22:27:49,750 - INFO - [Times of India] Article: https://timesofindia.indiatimes.com/world/us/us-pollster-wants-to-de-indianise-tech-companies-after-h-1b-rant-never-in-my-life-wanted-anything-more/articleshow/125919184.cms
2025-12-11 22:27:49,750 - INFO - [Times of India] Attempt 1/1: Trying with 'selenium_browser' strategy...
2025-12-11 22:27:50,821 - INFO - [Times of India] Page content loaded.
2025-12-11 22:27:50,953 - INFO - [Times of India] Success with 'selenium_browser'. Found content (426 words).
2025-12-11 22:27:51,018 - INFO - Duplicate article skipped: US pollster wants to 'de-Indianise' tech companies after H-1B rant: 'Never in my life wanted anything more' - The Times of India from Times of India
2025-12-11 22:27:51,775 - INFO - [Times of India] Article: https://timesofindia.indiatimes.com/world/us/multiple-us-states-to-send-tax-relief-payments-check-list-and-amount/articleshow/125920111.cms
2025-12-11 22:27:51,775 - INFO - [Times of India] Attempt 1/1: Trying with 'selenium_browser' strategy...
2025-12-11 22:27:52,835 - INFO - [Times of India] Page content loaded.
2025-12-11 22:27:52,968 - INFO - [Times of India] Success with 'selenium_browser'. Found content (556 words).
2025-12-11 22:27:53,023 - INFO - Duplicate article skipped: Multiple US states to send tax relief payments: Check list and amount | World News - The Times of India from Times of India
2025-12-11 22:27:54,142 - INFO - [Times of India] (Thread) Finished. Attempting to shut down its Selenium driver.
2025-12-11 22:27:54,382 - INFO - [Times of India] (Thread) driver.quit() successful.
2025-12-11 22:27:54,382 - INFO - Shutting down thread pool (wait=False)...
2025-12-11 22:27:54,382 - INFO - Scraped: 6 Times of India, 0 BBC, 2 The Hindu, 0 The Guardian articles. (Total saved: 8)
2025-12-11 22:27:54,383 - INFO - --- Scraping job finished ---
2025-12-11 22:27:54,388 - INFO - --- Scraper service stopped and database connection closed. ---
2025-12-11 22:27:54,388 - INFO - --- Main thread finished. Forcing process exit to kill zombie threads. ---
