2025-12-14 08:32:19,582 - INFO - Initializing database connection at: news_articles.db
2025-12-14 08:32:19,583 - INFO - --- Scraper service started (CI Mode: Run Once) ---
2025-12-14 08:32:19,583 - INFO - --- Starting new scraping job (Parallel Mode) ---
2025-12-14 08:32:19,583 - INFO - Creating new robust session with 3 retries on 5xx/connection/read errors.
2025-12-14 08:32:19,583 - INFO - Proxy is DISABLED.
2025-12-14 08:32:19,583 - INFO - Starting scrape for BBC RSS feed: http://feeds.bbci.co.uk/news/world/rss.xml
2025-12-14 08:32:19,584 - INFO - [Times of India] (Thread) requires Selenium. Initializing driver...
2025-12-14 08:32:19,584 - INFO - Initializing headless Selenium Chrome driver (using SeleniumManager)...
2025-12-14 08:32:19,584 - INFO - Starting scrape for The Guardian RSS feed: https://www.theguardian.com/world/rss
2025-12-14 08:32:19,585 - INFO - [The Hindu] (Thread) requires Selenium. Initializing driver...
2025-12-14 08:32:19,585 - INFO - Initializing headless Selenium Chrome driver (using SeleniumManager)...
2025-12-14 08:32:19,585 - INFO - Submitted 4 jobs to thread pool. Waiting up to 300s for completion...
2025-12-14 08:32:19,676 - INFO - Found 45 articles in The Guardian RSS feed. Processing up to 10.
2025-12-14 08:32:19,677 - INFO - [The Guardian] Article: https://www.theguardian.com/world/2025/dec/13/drone-strike-on-un-facility-in-war-torn-sudan-leaves-six-peacekeepers-dead
2025-12-14 08:32:19,677 - INFO - [The Guardian] Attempt 1/1: Trying with 'requests_browser' strategy...
2025-12-14 08:32:19,719 - INFO - [The Guardian] Success with 'requests_browser'. Found content (357 words).
2025-12-14 08:32:19,764 - INFO - Duplicate article skipped: Drone strike on UN facility in war-torn Sudan leaves six peacekeepers dead | Sudan | The Guardian from The Guardian
2025-12-14 08:32:19,984 - INFO - Found 25 articles in BBC RSS feed. Processing up to 10.
2025-12-14 08:32:19,984 - INFO - [BBC] Article: https://www.bbc.com/news/articles/cre329w709qo?at_medium=RSS&at_campaign=rss
2025-12-14 08:32:19,984 - INFO - [BBC] Attempt 1/1: Trying with 'requests_browser' strategy...
2025-12-14 08:32:20,264 - INFO - [BBC] Success with 'requests_browser'. Found content (769 words).
2025-12-14 08:32:20,305 - INFO - Saved article: Brown University shooting: Manhunt continues after two killed and nine injured from BBC
2025-12-14 08:32:20,904 - INFO - [BBC] Article: https://www.bbc.com/news/articles/c9d9vpxjp2go?at_medium=RSS&at_campaign=rss
2025-12-14 08:32:20,904 - INFO - [BBC] Attempt 1/1: Trying with 'requests_browser' strategy...
2025-12-14 08:32:20,930 - INFO - [The Guardian] Article: https://www.theguardian.com/world/2025/dec/13/us-accuses-rwanda-of-violating-peace-deal
2025-12-14 08:32:20,931 - INFO - [The Guardian] Attempt 1/1: Trying with 'requests_browser' strategy...
2025-12-14 08:32:20,988 - INFO - [The Guardian] Success with 'requests_browser'. Found content (632 words).
2025-12-14 08:32:21,049 - INFO - Duplicate article skipped: US scolds Rwanda for breaking peace deal as M23 rebels seize key Congo city | Rwanda | The Guardian from The Guardian
2025-12-14 08:32:21,077 - INFO - Selenium driver initialized successfully.
2025-12-14 08:32:21,077 - INFO - Starting scrape for Times of India RSS feed: https://timesofindia.indiatimes.com/rssfeeds/296589292.cms
2025-12-14 08:32:21,078 - INFO - Selenium driver initialized successfully.
2025-12-14 08:32:21,078 - INFO - Starting scrape for The Hindu RSS feed: https://www.thehindu.com/news/national/feeder/default.rss
2025-12-14 08:32:21,085 - INFO - [BBC] Success with 'requests_browser'. Found content (532 words).
2025-12-14 08:32:21,121 - INFO - Duplicate article skipped: Three Americans killed by IS gunman in Syria, US military says from BBC
2025-12-14 08:32:21,216 - INFO - Found 20 articles in Times of India RSS feed. Processing up to 10.
2025-12-14 08:32:21,216 - INFO - [Times of India] Article: https://timesofindia.indiatimes.com/world/us/shooter-on-campus-we-hid-in-the-dark-how-fear-sirens-took-over-brown-university-students-narrate-nightmare/articleshow/125957521.cms
2025-12-14 08:32:21,216 - INFO - [Times of India] Attempt 1/1: Trying with 'selenium_browser' strategy...
2025-12-14 08:32:21,947 - INFO - [The Guardian] Article: https://www.theguardian.com/us-news/2025/dec/12/trump-ends-temporary-legal-status-ethiopia
2025-12-14 08:32:21,948 - INFO - [The Guardian] Attempt 1/1: Trying with 'requests_browser' strategy...
2025-12-14 08:32:21,951 - INFO - Found 100 articles in The Hindu RSS feed. Processing up to 10.
2025-12-14 08:32:21,951 - INFO - [The Hindu] Article: https://www.thehindu.com/news/national/attempt-to-shield-infiltrators-bjp-ahead-of-congresss-rally-against-vote-theft/article70395141.ece
2025-12-14 08:32:21,951 - INFO - [The Hindu] Attempt 1/1: Trying with 'selenium_browser' strategy...
2025-12-14 08:32:21,990 - INFO - [The Guardian] Success with 'requests_browser'. Found content (322 words).
2025-12-14 08:32:22,054 - INFO - Duplicate article skipped: US ends temporary legal status for Ethiopians amid Trump crackdown | Trump administration | The Guardian from The Guardian
2025-12-14 08:32:22,108 - INFO - [BBC] Article: https://www.bbc.com/news/articles/c4gpwlkklyxo?at_medium=RSS&at_campaign=rss
2025-12-14 08:32:22,108 - INFO - [BBC] Attempt 1/1: Trying with 'requests_browser' strategy...
2025-12-14 08:32:22,843 - INFO - [The Guardian] Article: https://www.theguardian.com/world/2025/dec/12/uk-sanctions-four-rsf-commanders-heinous-violence-against-sudan-civilians
2025-12-14 08:32:22,843 - INFO - [The Guardian] Attempt 1/1: Trying with 'requests_browser' strategy...
2025-12-14 08:32:22,957 - INFO - [The Guardian] Success with 'requests_browser'. Found content (798 words).
2025-12-14 08:32:23,086 - INFO - Duplicate article skipped: UK imposes sanctions on four RSF officers for ‘heinous’ mass killings in Sudan | Sudan | The Guardian from The Guardian
2025-12-14 08:32:23,657 - INFO - [BBC] Success with 'requests_browser'. Found content (602 words).
2025-12-14 08:32:23,729 - INFO - Duplicate article skipped: Belarus frees 123 prisoners as US lifts sanctions from BBC
2025-12-14 08:32:24,289 - INFO - [The Guardian] Article: https://www.theguardian.com/world/2025/dec/11/fate-of-11-nigerian-troops-unclear-after-unauthorised-plane-landing-in-burkina-faso
2025-12-14 08:32:24,289 - INFO - [The Guardian] Attempt 1/1: Trying with 'requests_browser' strategy...
2025-12-14 08:32:24,645 - INFO - [The Hindu] Page content loaded.
2025-12-14 08:32:24,742 - INFO - [BBC] Article: https://www.bbc.com/news/articles/c4g66nll48do?at_medium=RSS&at_campaign=rss
2025-12-14 08:32:24,742 - INFO - [BBC] Attempt 1/1: Trying with 'requests_browser' strategy...
2025-12-14 08:32:24,872 - INFO - [The Hindu] Success with 'selenium_browser'. Found content (390 words).
2025-12-14 08:32:25,028 - INFO - [The Guardian] Success with 'requests_browser'. Found content (276 words).
2025-12-14 08:32:25,151 - INFO - Saved article: Attempt to shield ‘infiltrators’: BJP ahead of Congress’s rally against ‘vote theft’ - The Hindu from The Hindu
2025-12-14 08:32:25,173 - INFO - [BBC] Success with 'requests_browser'. Found content (694 words).
2025-12-14 08:32:25,179 - INFO - Duplicate article skipped: Fate of 11 Nigerian troops unclear after ‘unauthorised’ plane landing in Burkina Faso | Burkina Faso | The Guardian from The Guardian
2025-12-14 08:32:25,230 - INFO - Duplicate article skipped: Anger at Lionel Messi 'GOAT' India tour as fans throw chairs and bottles at stadium event from BBC
2025-12-14 08:32:25,765 - INFO - [The Guardian] Article: https://www.theguardian.com/world/2025/dec/13/venezuela-oil-exports-reportedly-fall-sharply-after-us-seizure-of-tanker-skipper
2025-12-14 08:32:25,765 - INFO - [The Guardian] Attempt 1/1: Trying with 'requests_browser' strategy...
2025-12-14 08:32:25,809 - INFO - [The Guardian] Success with 'requests_browser'. Found content (574 words).
2025-12-14 08:32:25,866 - INFO - Duplicate article skipped: Venezuela oil exports reportedly fall sharply after US seizure of tanker | Venezuela | The Guardian from The Guardian
2025-12-14 08:32:25,914 - INFO - [The Hindu] Article: https://www.thehindu.com/news/national/congress-vote-chori-rally-rahul-gandhi-mallikarjun-kharge-live-updates-december-14-2025/article70395138.ece
2025-12-14 08:32:25,914 - INFO - [The Hindu] Attempt 1/1: Trying with 'selenium_browser' strategy...
2025-12-14 08:32:26,114 - INFO - [BBC] Article: https://www.bbc.com/news/articles/cx2dklj3rxvo?at_medium=RSS&at_campaign=rss
2025-12-14 08:32:26,114 - INFO - [BBC] Attempt 1/1: Trying with 'requests_browser' strategy...
2025-12-14 08:32:26,353 - INFO - [BBC] Success with 'requests_browser'. Found content (597 words).
2025-12-14 08:32:26,460 - INFO - Duplicate article skipped: Israel targets senior Hamas official in deadly Gaza strike from BBC
2025-12-14 08:32:27,294 - INFO - [The Guardian] Article: https://www.theguardian.com/world/2025/dec/12/brazilian-judge-sanction-lifted-bolsonaro
2025-12-14 08:32:27,294 - INFO - [The Guardian] Attempt 1/1: Trying with 'requests_browser' strategy...
2025-12-14 08:32:27,356 - INFO - [The Guardian] Success with 'requests_browser'. Found content (426 words).
2025-12-14 08:32:27,399 - INFO - [BBC] Article: https://www.bbc.com/news/articles/c5y2271q20lo?at_medium=RSS&at_campaign=rss
2025-12-14 08:32:27,399 - INFO - [BBC] Attempt 1/1: Trying with 'requests_browser' strategy...
2025-12-14 08:32:27,486 - INFO - Duplicate article skipped: US treasury lifts sanctions on Brazilian judge who presided over Bolsonaro case | Brazil | The Guardian from The Guardian
2025-12-14 08:32:27,534 - INFO - [BBC] Success with 'requests_browser'. Found content (444 words).
2025-12-14 08:32:27,659 - INFO - Duplicate article skipped: Drunk raccoon found in liquor store suspected in karate studio break-in from BBC
2025-12-14 08:32:28,461 - INFO - [BBC] Article: https://www.bbc.com/news/articles/c0l9954yr9ko?at_medium=RSS&at_campaign=rss
2025-12-14 08:32:28,461 - INFO - [BBC] Attempt 1/1: Trying with 'requests_browser' strategy...
2025-12-14 08:32:28,692 - INFO - [BBC] Success with 'requests_browser'. Found content (963 words).
2025-12-14 08:32:28,790 - INFO - Duplicate article skipped: One million households without electricity in Ukraine after Russian strikes from BBC
2025-12-14 08:32:28,941 - INFO - [The Guardian] Article: https://www.theguardian.com/world/2025/dec/12/colombia-eln-guerrilla-rebels-trump
2025-12-14 08:32:28,942 - INFO - [The Guardian] Attempt 1/1: Trying with 'requests_browser' strategy...
2025-12-14 08:32:29,183 - INFO - [The Guardian] Success with 'requests_browser'. Found content (436 words).
2025-12-14 08:32:29,317 - INFO - Duplicate article skipped: Colombian rebels warn civilians of military drills amid ‘imperialist’ Trump threats | Colombia | The Guardian from The Guardian
2025-12-14 08:32:29,739 - INFO - [The Hindu] Page content loaded.
2025-12-14 08:32:29,987 - INFO - [The Guardian] Article: https://www.theguardian.com/world/2025/dec/12/canada-liberals-government-majority-conservative-michael-ma
2025-12-14 08:32:29,987 - INFO - [The Guardian] Attempt 1/1: Trying with 'requests_browser' strategy...
2025-12-14 08:32:30,032 - INFO - [The Hindu] Success with 'selenium_browser'. Found content (109 words).
2025-12-14 08:32:30,214 - INFO - Saved article: Congress rally against 'vote chori': Congress seeks to hold govt., ECI accountable; attempt to shield infiltrators, says BJP - The Hindu from The Hindu
2025-12-14 08:32:30,217 - INFO - [The Guardian] Success with 'requests_browser'. Found content (467 words).
2025-12-14 08:32:30,246 - INFO - [BBC] Article: https://www.bbc.com/news/articles/cd0kkyx3vvxo?at_medium=RSS&at_campaign=rss
2025-12-14 08:32:30,246 - INFO - [BBC] Attempt 1/1: Trying with 'requests_browser' strategy...
2025-12-14 08:32:30,308 - INFO - Duplicate article skipped: Canada’s Liberals edge closer to majority after Conservative lawmaker crosses floor | Canada | The Guardian from The Guardian
2025-12-14 08:32:31,020 - INFO - [The Guardian] Article: https://www.theguardian.com/us-news/2025/dec/12/flood-water-rain-pacific-northwest-washington
2025-12-14 08:32:31,020 - INFO - [The Guardian] Attempt 1/1: Trying with 'requests_browser' strategy...
2025-12-14 08:32:31,025 - INFO - [BBC] Success with 'requests_browser'. Found content (633 words).
2025-12-14 08:32:31,218 - INFO - Duplicate article skipped: Cambodia shuts border crossings with Thailand as fighting continues from BBC
2025-12-14 08:32:31,224 - INFO - [The Guardian] Success with 'requests_browser'. Found content (770 words).
2025-12-14 08:32:31,360 - INFO - Duplicate article skipped: Flooding remains threat in Pacific north-west as Washington declares emergency | US weather | The Guardian from The Guardian
2025-12-14 08:32:31,517 - INFO - [The Hindu] Article: https://www.thehindu.com/news/national/tamil-nadu/nirl-inks-mou-with-ptc-india-limited-for-establishment-of-green-energy-joint-venture/article70394999.ece
2025-12-14 08:32:31,517 - INFO - [The Hindu] Attempt 1/1: Trying with 'selenium_browser' strategy...
2025-12-14 08:32:32,443 - INFO - [BBC] Article: https://www.bbc.com/news/articles/crk777lj763o?at_medium=RSS&at_campaign=rss
2025-12-14 08:32:32,443 - INFO - [BBC] Attempt 1/1: Trying with 'requests_browser' strategy...
2025-12-14 08:32:32,633 - INFO - [BBC] Success with 'requests_browser'. Found content (1013 words).
2025-12-14 08:32:32,702 - INFO - Duplicate article skipped: New Epstein photos show Trump, Clinton and Andrew from BBC
2025-12-14 08:32:32,732 - INFO - [The Hindu] Page content loaded.
2025-12-14 08:32:32,901 - INFO - [The Hindu] Success with 'selenium_browser'. Found content (169 words).
2025-12-14 08:32:33,132 - INFO - Saved article: NIRL inks MoU with PTC India Limited for establishment of green energy joint venture - The Hindu from The Hindu
2025-12-14 08:32:34,176 - INFO - [BBC] Article: https://www.bbc.com/news/articles/c4ge4q8gypzo?at_medium=RSS&at_campaign=rss
2025-12-14 08:32:34,176 - INFO - [BBC] Attempt 1/1: Trying with 'requests_browser' strategy...
2025-12-14 08:32:34,261 - INFO - [BBC] Success with 'requests_browser'. Found content (421 words).
2025-12-14 08:32:34,346 - INFO - Duplicate article skipped: Lagos' first street art festival turns city into 'open-air gallery' from BBC
2025-12-14 08:32:34,460 - INFO - [The Hindu] Article: https://www.thehindu.com/news/national/andhra-pradesh/privatisation-of-medical-colleges-is-against-the-principles-of-the-constitution-says-ysrcp-mlc-kumbha-ravibabu/article70394880.ece
2025-12-14 08:32:34,460 - INFO - [The Hindu] Attempt 1/1: Trying with 'selenium_browser' strategy...
2025-12-14 08:32:35,321 - INFO - [The Hindu] Page content loaded.
2025-12-14 08:32:35,366 - INFO - [The Hindu] Success with 'selenium_browser'. Found content (185 words).
2025-12-14 08:32:35,456 - INFO - Saved article: Privatisation of medical colleges is against the principles of the Constitution, says YSRCP MLC Kumbha Ravibabu - The Hindu from The Hindu
2025-12-14 08:32:36,723 - INFO - [The Hindu] Article: https://www.thehindu.com/news/national/assam/a-woman-among-two-granted-citizenship-under-caa-in-assam-tally-rises-to-four/article70395095.ece
2025-12-14 08:32:36,723 - INFO - [The Hindu] Attempt 1/1: Trying with 'selenium_browser' strategy...
2025-12-14 08:32:37,827 - INFO - [The Hindu] Page content loaded.
2025-12-14 08:32:37,978 - INFO - [The Hindu] Success with 'selenium_browser'. Found content (522 words).
2025-12-14 08:32:38,069 - INFO - Saved article: A woman among two granted citizenship under CAA in Assam, tally rises to four - The Hindu from The Hindu
2025-12-14 08:32:38,868 - INFO - [The Hindu] Article: https://www.thehindu.com/news/national/andhra-pradesh/government-should-take-up-land-reforms-ysrcp-leader/article70394891.ece
2025-12-14 08:32:38,868 - INFO - [The Hindu] Attempt 1/1: Trying with 'selenium_browser' strategy...
2025-12-14 08:32:39,947 - INFO - [The Hindu] Page content loaded.
2025-12-14 08:32:40,039 - INFO - [The Hindu] Success with 'selenium_browser'. Found content (180 words).
2025-12-14 08:32:40,124 - INFO - Saved article: Government should take up land reforms: YSRCP leader - The Hindu from The Hindu
2025-12-14 08:32:41,532 - INFO - [The Hindu] Article: https://www.thehindu.com/news/national/transnational-cyber-fraud-cbi-files-charge-sheet-against-17-accused-including-four-chinese-nationals-and-58-firms/article70395063.ece
2025-12-14 08:32:41,532 - INFO - [The Hindu] Attempt 1/1: Trying with 'selenium_browser' strategy...
2025-12-14 08:32:44,144 - INFO - [The Hindu] Page content loaded.
2025-12-14 08:32:44,368 - INFO - [The Hindu] Success with 'selenium_browser'. Found content (536 words).
2025-12-14 08:32:44,815 - INFO - Saved article: Transnational cyber fraud: CBI files charge sheet against 17 accused, including four Chinese nationals, and 58 firms - The Hindu from The Hindu
2025-12-14 08:32:45,946 - INFO - [The Hindu] Article: https://www.thehindu.com/news/national/uttar-pradesh/fir-against-seminary-officials-for-failing-to-report-stay-of-foreigner-in-uttar-pradesh/article70395069.ece
2025-12-14 08:32:45,947 - INFO - [The Hindu] Attempt 1/1: Trying with 'selenium_browser' strategy...
2025-12-14 08:32:46,740 - INFO - [The Hindu] Page content loaded.
2025-12-14 08:32:46,898 - INFO - [The Hindu] Success with 'selenium_browser'. Found content (189 words).
2025-12-14 08:32:46,978 - INFO - Saved article: FIR against seminary officials in Uttar Pradesh for failing to report stay of foreigner - The Hindu from The Hindu
2025-12-14 08:32:48,067 - INFO - [The Hindu] Article: https://www.thehindu.com/news/national/west-bengal/messi-event-chaos-inquiry-panel-members-salt-lake-stadium-inspection-justice-ashim-kumar-ray/article70395082.ece
2025-12-14 08:32:48,067 - INFO - [The Hindu] Attempt 1/1: Trying with 'selenium_browser' strategy...
2025-12-14 08:32:49,067 - INFO - [The Hindu] Page content loaded.
2025-12-14 08:32:49,235 - INFO - [The Hindu] Success with 'selenium_browser'. Found content (269 words).
2025-12-14 08:32:49,325 - INFO - Saved article: Messi event chaos: Inquiry panel members reach Salt Lake stadium to carry out inspection - The Hindu from The Hindu
2025-12-14 08:32:50,318 - INFO - [The Hindu] Article: https://www.thehindu.com/news/national/parliament-panel-says-sonam-wangchuks-hial-doing-exemplary-work-should-be-given-ugc-recognition/article70395042.ece
2025-12-14 08:32:50,318 - INFO - [The Hindu] Attempt 1/1: Trying with 'selenium_browser' strategy...
2025-12-14 08:32:51,179 - INFO - [The Hindu] Page content loaded.
2025-12-14 08:32:51,283 - INFO - [The Hindu] Success with 'selenium_browser'. Found content (358 words).
2025-12-14 08:32:51,358 - INFO - Duplicate article skipped: Parliament panel says Sonam Wangchuk's HIAL doing exemplary work, should be given UGC recognition - The Hindu from The Hindu
2025-12-14 08:32:52,272 - INFO - [The Hindu] (Thread) Finished. Attempting to shut down its Selenium driver.
2025-12-14 08:32:52,398 - INFO - [The Hindu] (Thread) driver.quit() successful.
2025-12-14 08:33:21,240 - ERROR - [Times of India] Request failed for strategy 'selenium_browser' on URL https://timesofindia.indiatimes.com/world/us/shooter-on-campus-we-hid-in-the-dark-how-fear-sirens-took-over-brown-university-students-narrate-nightmare/articleshow/125957521.cms: Message: timeout: Timed out receiving message from renderer: 59.933
  (Session info: chrome=143.0.7499.40)
Stacktrace:
#0 0x55618af2c16a <unknown>
#1 0x55618a9a9c4b <unknown>
#2 0x55618a991cf3 <unknown>
#3 0x55618a9919d6 <unknown>
#4 0x55618a98f897 <unknown>
#5 0x55618a9901af <unknown>
#6 0x55618a99e970 <unknown>
#7 0x55618a9b8017 <unknown>
#8 0x55618a9be6cb <unknown>
#9 0x55618a9908d8 <unknown>
#10 0x55618a9b7dc3 <unknown>
#11 0x55618aa46f60 <unknown>
#12 0x55618a9edc42 <unknown>
#13 0x55618a9ee8f1 <unknown>
#14 0x55618aef4f09 <unknown>
#15 0x55618aef7e4d <unknown>
#16 0x55618aeddc51 <unknown>
#17 0x55618aef8a2b <unknown>
#18 0x55618aec4a20 <unknown>
#19 0x55618af19a78 <unknown>
#20 0x55618af19c49 <unknown>
#21 0x55618af2b4c3 <unknown>
#22 0x7f96eb09caa4 <unknown>
#23 0x7f96eb129c6c <unknown>

2025-12-14 08:33:21,240 - ERROR - [Times of India] All scrape strategies failed for https://timesofindia.indiatimes.com/world/us/shooter-on-campus-we-hid-in-the-dark-how-fear-sirens-took-over-brown-university-students-narrate-nightmare/articleshow/125957521.cms. Falling back to RSS description.
2025-12-14 08:33:21,243 - INFO - Saved article: 'Shooter on campus, we hid in the dark': How fear &amp; sirens took over Brown University; students narrate 'nightmare' from Times of India
2025-12-14 08:33:22,643 - INFO - [Times of India] Article: https://timesofindia.indiatimes.com/world/us/brown-university-shooting-first-visuals-surface-showing-the-gunman-massive-manhunt-launched/articleshow/125957809.cms
2025-12-14 08:33:22,643 - INFO - [Times of India] Attempt 1/1: Trying with 'selenium_browser' strategy...
2025-12-14 08:33:25,578 - INFO - [Times of India] Page content loaded.
2025-12-14 08:33:25,833 - INFO - [Times of India] Success with 'selenium_browser'. Found content (242 words).
2025-12-14 08:33:25,934 - INFO - Duplicate article skipped: Brown University shooting: First visuals surface showing the gunman; massive manhunt launched - The Times of India from Times of India
2025-12-14 08:33:26,935 - INFO - [Times of India] Article: https://timesofindia.indiatimes.com/world/middle-east/uae-weather-update-dubai-police-issue-safety-warning-as-rain-and-wind-risks-increase/articleshow/125957948.cms
2025-12-14 08:33:26,935 - INFO - [Times of India] Attempt 1/1: Trying with 'selenium_browser' strategy...
2025-12-14 08:33:28,582 - INFO - [Times of India] Page content loaded.
2025-12-14 08:33:28,800 - INFO - [Times of India] Success with 'selenium_browser'. Found content (609 words).
2025-12-14 08:33:28,897 - INFO - Duplicate article skipped: UAE weather update: Dubai Police issue safety warning as rain, and wind risks increase | World News - The Times of India from Times of India
2025-12-14 08:33:29,975 - INFO - [Times of India] Article: https://timesofindia.indiatimes.com/world/middle-east/dubai-parking-scam-alert-fake-qr-codes-could-steal-your-bank-details/articleshow/125957427.cms
2025-12-14 08:33:29,975 - INFO - [Times of India] Attempt 1/1: Trying with 'selenium_browser' strategy...
2025-12-14 08:33:31,494 - INFO - [Times of India] Page content loaded.
2025-12-14 08:33:31,808 - INFO - [Times of India] Success with 'selenium_browser'. Found content (257 words).
2025-12-14 08:33:31,886 - INFO - Duplicate article skipped: Dubai parking scam alert: Fake QR codes could steal your bank details | World News - The Times of India from Times of India
2025-12-14 08:33:32,999 - INFO - [Times of India] Article: https://timesofindia.indiatimes.com/world/us-streamers/erika-kirks-death-stare-at-candace-owens-goes-viral-amid-conspiracy-claims-over-charlie-kirks-killing/articleshow/125956452.cms
2025-12-14 08:33:32,999 - INFO - [Times of India] Attempt 1/1: Trying with 'selenium_browser' strategy...
2025-12-14 08:33:34,402 - INFO - [Times of India] Page content loaded.
2025-12-14 08:33:34,498 - INFO - [Times of India] Success with 'selenium_browser'. Found content (421 words).
2025-12-14 08:33:34,556 - INFO - Duplicate article skipped: Erika Kirk’s ‘death stare’ at Candace Owens goes viral amid conspiracy claims over Charlie Kirk’s killing - The Times of India from Times of India
2025-12-14 08:33:35,764 - INFO - [Times of India] Article: https://timesofindia.indiatimes.com/world/us-streamers/candace-owens-resurfaced-9-11-style-attack-tweet-sparks-fresh-debate-after-brown-university-tragedy/articleshow/125956495.cms
2025-12-14 08:33:35,765 - INFO - [Times of India] Attempt 1/1: Trying with 'selenium_browser' strategy...
2025-12-14 08:33:36,912 - INFO - [Times of India] Page content loaded.
2025-12-14 08:33:37,056 - INFO - [Times of India] Success with 'selenium_browser'. Found content (400 words).
2025-12-14 08:33:37,112 - INFO - Duplicate article skipped: Candace Owens’ resurfaced “9/11 style attack” tweet sparks fresh debate after Brown University tragedy - The Times of India from Times of India
2025-12-14 08:33:38,378 - INFO - [Times of India] Article: https://timesofindia.indiatimes.com/world/us-streamers/rakai-fires-back-at-ironmouse-after-she-says-streamer-awards-interaction-made-her-feel-uncomfortable/articleshow/125956434.cms
2025-12-14 08:33:38,378 - INFO - [Times of India] Attempt 1/1: Trying with 'selenium_browser' strategy...
2025-12-14 08:33:39,573 - INFO - [Times of India] Page content loaded.
2025-12-14 08:33:39,723 - INFO - [Times of India] Success with 'selenium_browser'. Found content (416 words).
2025-12-14 08:33:39,801 - INFO - Duplicate article skipped: RaKai fires back at Ironmouse after she says Streamer Awards interaction made her feel uncomfortable - The Times of India from Times of India
2025-12-14 08:33:40,320 - INFO - [Times of India] Article: https://timesofindia.indiatimes.com/world/us-streamers/candace-owens-drops-bombshell-claim-that-tyler-robinson-did-not-act-alone-in-charlie-kirk-killing-as-court-case-intensifies/articleshow/125956318.cms
2025-12-14 08:33:40,320 - INFO - [Times of India] Attempt 1/1: Trying with 'selenium_browser' strategy...
2025-12-14 08:33:41,817 - INFO - [Times of India] Page content loaded.
2025-12-14 08:33:41,968 - INFO - [Times of India] Success with 'selenium_browser'. Found content (455 words).
2025-12-14 08:33:42,023 - INFO - Duplicate article skipped: Candace Owens drops bombshell claim that Tyler Robinson did not act alone in Charlie Kirk killing as court case intensifies - The Times of India from Times of India
2025-12-14 08:33:43,117 - INFO - [Times of India] Article: https://timesofindia.indiatimes.com/world/us-streamers/asmongold-reacts-to-frogans-emotional-twitch-stream-about-streaming-struggles/articleshow/125954293.cms
2025-12-14 08:33:43,118 - INFO - [Times of India] Attempt 1/1: Trying with 'selenium_browser' strategy...
2025-12-14 08:33:44,390 - INFO - [Times of India] Page content loaded.
2025-12-14 08:33:44,542 - INFO - [Times of India] Success with 'selenium_browser'. Found content (371 words).
2025-12-14 08:33:44,592 - INFO - Duplicate article skipped: Asmongold reacts to Frogan’s emotional Twitch stream about streaming struggles - The Times of India from Times of India
2025-12-14 08:33:45,931 - INFO - [Times of India] Article: https://timesofindia.indiatimes.com/world/us-streamers/ethan-klein-claps-back-at-frogans-twitch-complaints-about-streaming-and-mods/articleshow/125954153.cms
2025-12-14 08:33:45,931 - INFO - [Times of India] Attempt 1/1: Trying with 'selenium_browser' strategy...
2025-12-14 08:33:49,051 - INFO - [Times of India] Page content loaded.
2025-12-14 08:33:49,336 - INFO - [Times of India] Success with 'selenium_browser'. Found content (378 words).
2025-12-14 08:33:49,429 - INFO - Duplicate article skipped: Ethan Klein claps back at Frogan’s Twitch complaints about streaming and mods - The Times of India from Times of India
2025-12-14 08:33:50,636 - INFO - [Times of India] (Thread) Finished. Attempting to shut down its Selenium driver.
2025-12-14 08:33:50,883 - INFO - [Times of India] (Thread) driver.quit() successful.
2025-12-14 08:33:50,884 - INFO - Shutting down thread pool (wait=False)...
2025-12-14 08:33:50,884 - INFO - Scraped: 9 The Hindu, 1 BBC, 1 Times of India, 0 The Guardian articles. (Total saved: 11)
2025-12-14 08:33:50,884 - INFO - --- Scraping job finished ---
2025-12-14 08:33:50,889 - INFO - --- Scraper service stopped and database connection closed. ---
2025-12-14 08:33:50,889 - INFO - --- Main thread finished. Forcing process exit to kill zombie threads. ---
