2025-12-09 16:34:11,902 - INFO - Initializing database connection at: news_articles.db
2025-12-09 16:34:11,902 - INFO - --- Scraper service started (CI Mode: Run Once) ---
2025-12-09 16:34:11,902 - INFO - --- Starting new scraping job (Parallel Mode) ---
2025-12-09 16:34:11,902 - INFO - Creating new robust session with 3 retries on 5xx/connection/read errors.
2025-12-09 16:34:11,902 - INFO - Proxy is DISABLED.
2025-12-09 16:34:11,903 - INFO - Starting scrape for BBC RSS feed: http://feeds.bbci.co.uk/news/world/rss.xml
2025-12-09 16:34:11,903 - INFO - [Times of India] (Thread) requires Selenium. Initializing driver...
2025-12-09 16:34:11,903 - INFO - Initializing headless Selenium Chrome driver (using SeleniumManager)...
2025-12-09 16:34:11,904 - INFO - Starting scrape for The Guardian RSS feed: https://www.theguardian.com/world/rss
2025-12-09 16:34:11,905 - INFO - [The Hindu] (Thread) requires Selenium. Initializing driver...
2025-12-09 16:34:11,905 - INFO - Initializing headless Selenium Chrome driver (using SeleniumManager)...
2025-12-09 16:34:11,905 - INFO - Submitted 4 jobs to thread pool. Waiting up to 300s for completion...
2025-12-09 16:34:12,069 - INFO - Found 45 articles in The Guardian RSS feed. Processing up to 10.
2025-12-09 16:34:12,069 - INFO - [The Guardian] Article: https://www.theguardian.com/world/2025/dec/09/nigeria-troops-held-burkina-faso-emergency-landing
2025-12-09 16:34:12,069 - INFO - [The Guardian] Attempt 1/1: Trying with 'requests_browser' strategy...
2025-12-09 16:34:12,114 - INFO - [The Guardian] Success with 'requests_browser'. Found content (386 words).
2025-12-09 16:34:12,154 - INFO - Duplicate article skipped: Nigerian troops held in Burkina Faso after ‘unfriendly’ emergency landing | Nigeria | The Guardian from The Guardian
2025-12-09 16:34:12,167 - INFO - Found 48 articles in BBC RSS feed. Processing up to 10.
2025-12-09 16:34:12,167 - INFO - [BBC] Article: https://www.bbc.com/news/articles/clydlwldkvko?at_medium=RSS&at_campaign=rss
2025-12-09 16:34:12,167 - INFO - [BBC] Attempt 1/1: Trying with 'requests_browser' strategy...
2025-12-09 16:34:12,312 - INFO - [BBC] Success with 'requests_browser'. Found content (420 words).
2025-12-09 16:34:12,351 - INFO - Saved article: Trump criticises 'decaying' European countries and 'weak' leaders from BBC
2025-12-09 16:34:13,140 - INFO - [The Guardian] Article: https://www.theguardian.com/world/2025/dec/08/white-supremacist-notions-threaten-sovereignty-of-south-africa-ramaphosa
2025-12-09 16:34:13,140 - INFO - [The Guardian] Attempt 1/1: Trying with 'requests_browser' strategy...
2025-12-09 16:34:13,263 - INFO - [The Guardian] Success with 'requests_browser'. Found content (547 words).
2025-12-09 16:34:13,309 - INFO - Duplicate article skipped: False claims Afrikaners are persecuted threaten South Africa’s sovereignty, says president | South Africa | The Guardian from The Guardian
2025-12-09 16:34:13,369 - INFO - [BBC] Article: https://www.bbc.com/news/articles/cd6x3vv7y60o?at_medium=RSS&at_campaign=rss
2025-12-09 16:34:13,369 - INFO - [BBC] Attempt 1/1: Trying with 'requests_browser' strategy...
2025-12-09 16:34:13,406 - INFO - [BBC] Success with 'requests_browser'. Found content (895 words).
2025-12-09 16:34:13,442 - INFO - Duplicate article skipped: Ukrainians raise flag in Pokrovsk to show BBC the fight goes on in city claimed by Russia from BBC
2025-12-09 16:34:14,208 - INFO - [BBC] Article: https://www.bbc.com/news/articles/c773de38p2go?at_medium=RSS&at_campaign=rss
2025-12-09 16:34:14,208 - INFO - [BBC] Attempt 1/1: Trying with 'requests_browser' strategy...
2025-12-09 16:34:14,261 - INFO - [BBC] Success with 'requests_browser'. Found content (748 words).
2025-12-09 16:34:14,299 - INFO - Duplicate article skipped: Congress ups pressure over boat strike video with threat to Hegseth's budget from BBC
2025-12-09 16:34:14,343 - INFO - [The Guardian] Article: https://www.theguardian.com/world/2025/dec/08/ancient-egyptian-pleasure-boat-found-archaeologists-alexandria-coast
2025-12-09 16:34:14,343 - INFO - [The Guardian] Attempt 1/1: Trying with 'requests_browser' strategy...
2025-12-09 16:34:14,374 - INFO - [The Guardian] Success with 'requests_browser'. Found content (765 words).
2025-12-09 16:34:14,412 - INFO - Duplicate article skipped: Ancient Egyptian pleasure boat found by archaeologists off Alexandria coast | Egypt | The Guardian from The Guardian
2025-12-09 16:34:15,116 - INFO - [BBC] Article: https://www.bbc.com/news/articles/cdd5mn8yd2mo?at_medium=RSS&at_campaign=rss
2025-12-09 16:34:15,116 - INFO - [BBC] Attempt 1/1: Trying with 'requests_browser' strategy...
2025-12-09 16:34:15,146 - INFO - [BBC] Success with 'requests_browser'. Found content (340 words).
2025-12-09 16:34:15,184 - INFO - Saved article: French feminists outraged by Brigitte Macron's comment about activists from BBC
2025-12-09 16:34:15,476 - INFO - [The Guardian] Article: https://www.theguardian.com/world/2025/dec/07/release-secured-of-100-kidnapped-nigerian-schoolchildren-but-many-still-being-held
2025-12-09 16:34:15,476 - INFO - [The Guardian] Attempt 1/1: Trying with 'requests_browser' strategy...
2025-12-09 16:34:15,510 - INFO - [The Guardian] Success with 'requests_browser'. Found content (413 words).
2025-12-09 16:34:15,547 - INFO - Duplicate article skipped: Nigerian state secures release of 100 out of 265 kidnapped schoolchildren | Nigeria | The Guardian from The Guardian
2025-12-09 16:34:16,413 - INFO - [BBC] Article: https://www.bbc.com/news/articles/crl95eg33k1o?at_medium=RSS&at_campaign=rss
2025-12-09 16:34:16,413 - INFO - [BBC] Attempt 1/1: Trying with 'requests_browser' strategy...
2025-12-09 16:34:16,446 - INFO - [BBC] Success with 'requests_browser'. Found content (662 words).
2025-12-09 16:34:16,483 - INFO - Duplicate article skipped: EU investigates Google over AI-generated summaries in search results from BBC
2025-12-09 16:34:17,033 - INFO - [The Guardian] Article: https://www.theguardian.com/world/2025/dec/07/troops-and-warplanes-deployed-in-benin-after-failed-coup-attempt
2025-12-09 16:34:17,033 - INFO - [The Guardian] Attempt 1/1: Trying with 'requests_browser' strategy...
2025-12-09 16:34:17,068 - INFO - [The Guardian] Success with 'requests_browser'. Found content (553 words).
2025-12-09 16:34:17,126 - INFO - Duplicate article skipped: Troops and warplanes deployed in Benin after ‘failed coup attempt’ | Benin | The Guardian from The Guardian
2025-12-09 16:34:17,299 - INFO - [BBC] Article: https://www.bbc.com/news/articles/cdjxje2pje1o?at_medium=RSS&at_campaign=rss
2025-12-09 16:34:17,299 - INFO - [BBC] Attempt 1/1: Trying with 'requests_browser' strategy...
2025-12-09 16:34:17,336 - INFO - [BBC] Success with 'requests_browser'. Found content (788 words).
2025-12-09 16:34:17,372 - INFO - Duplicate article skipped: Why are Thailand and Cambodia fighting at the border? from BBC
2025-12-09 16:34:18,255 - INFO - [The Guardian] Article: https://www.theguardian.com/world/2025/dec/09/nobel-peace-prize-maria-corina-machado-venezuela-oslo
2025-12-09 16:34:18,255 - INFO - [The Guardian] Attempt 1/1: Trying with 'requests_browser' strategy...
2025-12-09 16:34:18,365 - INFO - [The Guardian] Success with 'requests_browser'. Found content (692 words).
2025-12-09 16:34:18,411 - INFO - [BBC] Article: https://www.bbc.com/news/articles/cd0k7g202l2o?at_medium=RSS&at_campaign=rss
2025-12-09 16:34:18,411 - INFO - [BBC] Attempt 1/1: Trying with 'requests_browser' strategy...
2025-12-09 16:34:18,412 - INFO - Duplicate article skipped: Oslo appearance by Nobel peace prize winner María Corina Machado cancelled | Nobel peace prize | The Guardian from The Guardian
2025-12-09 16:34:18,472 - INFO - [BBC] Success with 'requests_browser'. Found content (1711 words).
2025-12-09 16:34:18,514 - INFO - Duplicate article skipped: Sudan war: Air force's bombing of towns, markets and schools has killed hundreds, report says from BBC
2025-12-09 16:34:19,014 - INFO - Selenium driver initialized successfully.
2025-12-09 16:34:19,015 - INFO - Selenium driver initialized successfully.
2025-12-09 16:34:19,015 - INFO - Starting scrape for The Hindu RSS feed: https://www.thehindu.com/news/national/feeder/default.rss
2025-12-09 16:34:19,015 - INFO - Starting scrape for Times of India RSS feed: https://timesofindia.indiatimes.com/rssfeeds/296589292.cms
2025-12-09 16:34:19,109 - INFO - Found 20 articles in Times of India RSS feed. Processing up to 10.
2025-12-09 16:34:19,109 - INFO - [Times of India] Article: https://timesofindia.indiatimes.com/world/us/us-techie-comes-under-fire-for-anti-indian-imagine-the-smell-comment-company-founder-says-its-ok/articleshow/125872977.cms
2025-12-09 16:34:19,109 - INFO - [Times of India] Attempt 1/1: Trying with 'selenium_browser' strategy...
2025-12-09 16:34:19,205 - INFO - [The Guardian] Article: https://www.theguardian.com/us-news/live/2025/dec/09/hegseth-rubio-venezuela-trump-tariffs-pennsylvania-nvidia-china-us-politics-latest-news-updates
2025-12-09 16:34:19,205 - INFO - [The Guardian] Attempt 1/1: Trying with 'requests_browser' strategy...
2025-12-09 16:34:19,214 - INFO - Found 100 articles in The Hindu RSS feed. Processing up to 10.
2025-12-09 16:34:19,214 - INFO - [The Hindu] Article: https://www.thehindu.com/news/national/telangana/telangana-emerges-as-a-major-sports-event-hub/article70377482.ece
2025-12-09 16:34:19,214 - INFO - [The Hindu] Attempt 1/1: Trying with 'selenium_browser' strategy...
2025-12-09 16:34:19,483 - INFO - [The Guardian] Success with 'requests_browser'. Found content (2743 words).
2025-12-09 16:34:19,515 - INFO - [BBC] Article: https://www.bbc.com/news/articles/cjezd4ednn3o?at_medium=RSS&at_campaign=rss
2025-12-09 16:34:19,515 - INFO - [BBC] Attempt 1/1: Trying with 'requests_browser' strategy...
2025-12-09 16:34:19,573 - INFO - Duplicate article skipped: Former justice department workers sign letter decrying Trump’s ‘near destruction’ of civil rights division – live | Trump administration | The Guardian from The Guardian
2025-12-09 16:34:19,598 - INFO - [BBC] Success with 'requests_browser'. Found content (467 words).
2025-12-09 16:34:19,652 - INFO - Saved article: Sacked FBI agents sue ex-employer, saying they were punished for taking the knee from BBC
2025-12-09 16:34:20,274 - INFO - [The Guardian] Article: https://www.theguardian.com/us-news/2025/dec/08/trump-mexico-tariffs-water-dispute
2025-12-09 16:34:20,274 - INFO - [The Guardian] Attempt 1/1: Trying with 'requests_browser' strategy...
2025-12-09 16:34:20,425 - INFO - [The Guardian] Success with 'requests_browser'. Found content (613 words).
2025-12-09 16:34:20,510 - INFO - Duplicate article skipped: ‘Very unfair’: Trump threatens extra 5% tariff on Mexico over water dispute | Trump tariffs | The Guardian from The Guardian
2025-12-09 16:34:20,871 - INFO - [BBC] Article: https://www.bbc.com/news/articles/c1w9ge93w9po?at_medium=RSS&at_campaign=rss
2025-12-09 16:34:20,872 - INFO - [BBC] Attempt 1/1: Trying with 'requests_browser' strategy...
2025-12-09 16:34:20,938 - INFO - [BBC] Success with 'requests_browser'. Found content (862 words).
2025-12-09 16:34:21,022 - INFO - Duplicate article skipped: UN environment report 'hijacked' over fossil fuels - top scientist from BBC
2025-12-09 16:34:21,613 - INFO - [The Guardian] Article: https://www.theguardian.com/us-news/2025/dec/08/ice-family-college-student-deported-honduras
2025-12-09 16:34:21,613 - INFO - [The Guardian] Attempt 1/1: Trying with 'requests_browser' strategy...
2025-12-09 16:34:21,710 - INFO - [BBC] Article: https://www.bbc.com/news/articles/c7091k5pg31o?at_medium=RSS&at_campaign=rss
2025-12-09 16:34:21,710 - INFO - [BBC] Attempt 1/1: Trying with 'requests_browser' strategy...
2025-12-09 16:34:21,737 - INFO - [The Guardian] Success with 'requests_browser'. Found content (535 words).
2025-12-09 16:34:21,892 - INFO - Duplicate article skipped: Family of student deported to Honduras say they were targeted by ICE agents | US immigration | The Guardian from The Guardian
2025-12-09 16:34:21,900 - INFO - [BBC] Success with 'requests_browser'. Found content (448 words).
2025-12-09 16:34:21,998 - INFO - Duplicate article skipped: Dozens injured after magnitude 7.5 quake strikes northern Japan from BBC
2025-12-09 16:34:22,780 - INFO - [The Guardian] Article: https://www.theguardian.com/film/2025/dec/08/jim-caviezel-jair-bolsonaro-biopic
2025-12-09 16:34:22,781 - INFO - [The Guardian] Attempt 1/1: Trying with 'requests_browser' strategy...
2025-12-09 16:34:22,837 - INFO - [The Guardian] Success with 'requests_browser'. Found content (515 words).
2025-12-09 16:34:22,901 - INFO - [The Hindu] Page content loaded.
2025-12-09 16:34:22,933 - INFO - Duplicate article skipped: Jim Caviezel to play Jair Bolsonaro in ‘heroic’ biopic | Biopics | The Guardian from The Guardian
2025-12-09 16:34:23,197 - INFO - [The Hindu] Success with 'selenium_browser'. Found content (356 words).
2025-12-09 16:34:23,452 - INFO - Saved article: Telangana emerges as a major sports event hub - The Hindu from The Hindu
2025-12-09 16:34:24,482 - INFO - [The Hindu] Article: https://www.thehindu.com/news/national/your-answers-to-the-practical-difficulties-of-electors-are-mechanical-cyclostyled-supreme-court-slams-ec/article70376435.ece
2025-12-09 16:34:24,483 - INFO - [The Hindu] Attempt 1/1: Trying with 'selenium_browser' strategy...
2025-12-09 16:34:30,470 - INFO - [The Hindu] Page content loaded.
2025-12-09 16:34:30,784 - INFO - [Times of India] Page content loaded.
2025-12-09 16:34:30,801 - INFO - [The Hindu] Success with 'selenium_browser'. Found content (882 words).
2025-12-09 16:34:30,912 - INFO - Saved article: Your answers to the practical difficulties of electors are mechanical, cyclostyled: Supreme Court slams EC - The Hindu from The Hindu
2025-12-09 16:34:31,147 - INFO - [Times of India] Success with 'selenium_browser'. Found content (295 words).
2025-12-09 16:34:31,304 - INFO - Saved article: US techie comes under fire for anti-Indian 'imagine the smell' comment; his boss says it's OK - The Times of India from Times of India
2025-12-09 16:34:31,567 - INFO - [The Hindu] Article: https://www.thehindu.com/news/national/kerala/kochi-corporation-records-6252-turnout-youth-apathy-roll-errors-blamed-for-slow-polling/article70376885.ece
2025-12-09 16:34:31,567 - INFO - [The Hindu] Attempt 1/1: Trying with 'selenium_browser' strategy...
2025-12-09 16:34:32,368 - INFO - [Times of India] Article: https://timesofindia.indiatimes.com/world/us/us-shouldnt-be-importing-third-world-indian-american-influencer-priya-patel-stirs-row-for-saying-not-all-cultures-are-equal/articleshow/125847390.cms
2025-12-09 16:34:32,368 - INFO - [Times of India] Attempt 1/1: Trying with 'selenium_browser' strategy...
2025-12-09 16:34:33,909 - INFO - [Times of India] Page content loaded.
2025-12-09 16:34:34,100 - INFO - [The Hindu] Page content loaded.
2025-12-09 16:34:34,232 - INFO - [Times of India] Success with 'selenium_browser'. Found content (324 words).
2025-12-09 16:34:34,322 - INFO - [The Hindu] Success with 'selenium_browser'. Found content (312 words).
2025-12-09 16:34:34,487 - INFO - Saved article: 'US shouldn’t be importing third world': Indian-American influencer Priya Patel stirs row for saying 'all cultures are not equal' - The Times of India from Times of India
2025-12-09 16:34:34,540 - INFO - Saved article: Kochi Corporation records 62.52% turnout; youth apathy, roll errors blamed for slow polling - The Hindu from The Hindu
2025-12-09 16:34:35,059 - INFO - [The Hindu] Article: https://www.thehindu.com/news/national/west-bengal/mamata-tears-up-centres-note-imposing-conditions-on-mgnrega-resumption-in-wb/article70376895.ece
2025-12-09 16:34:35,059 - INFO - [The Hindu] Attempt 1/1: Trying with 'selenium_browser' strategy...
2025-12-09 16:34:35,233 - INFO - [Times of India] Article: https://timesofindia.indiatimes.com/world/us/trump-says-its-time-for-ukraine-to-hold-an-election-he-wont-abandon-kyiv-but-size-will-win/articleshow/125871946.cms
2025-12-09 16:34:35,233 - INFO - [Times of India] Attempt 1/1: Trying with 'selenium_browser' strategy...
2025-12-09 16:34:37,778 - INFO - [Times of India] Page content loaded.
2025-12-09 16:34:37,915 - INFO - [Times of India] Success with 'selenium_browser'. Found content (421 words).
2025-12-09 16:34:38,134 - INFO - Saved article: Trump says it's time for Ukraine to hold an election; he won't abandon Kyiv but 'size will win' - The Times of India from Times of India
2025-12-09 16:34:38,414 - INFO - [The Hindu] Page content loaded.
2025-12-09 16:34:38,596 - INFO - [The Hindu] Success with 'selenium_browser'. Found content (424 words).
2025-12-09 16:34:38,715 - INFO - Saved article: Mamata tears up Centre’s note imposing conditions on MGNREGA resumption in WB - The Hindu from The Hindu
2025-12-09 16:34:38,895 - INFO - [Times of India] Article: https://timesofindia.indiatimes.com/world/us/did-you-know-anti-india-commentator-ann-coulter-used-to-date-dinesh-dsouza/articleshow/125870679.cms
2025-12-09 16:34:38,895 - INFO - [Times of India] Attempt 1/1: Trying with 'selenium_browser' strategy...
2025-12-09 16:34:39,982 - INFO - [The Hindu] Article: https://www.thehindu.com/videos/watch-manish-tewari-questions-election-commissions-impartiality-calls-for-major-reforms/article70377572.ece
2025-12-09 16:34:39,983 - INFO - [The Hindu] Attempt 1/1: Trying with 'selenium_browser' strategy...
2025-12-09 16:34:40,574 - INFO - [Times of India] Page content loaded.
2025-12-09 16:34:40,827 - INFO - [Times of India] Success with 'selenium_browser'. Found content (472 words).
2025-12-09 16:34:40,913 - INFO - Duplicate article skipped: Did you know anti-India commentator Ann Coulter used to date Dinesh D'Souza? - The Times of India from Times of India
2025-12-09 16:34:41,879 - INFO - [Times of India] Article: https://timesofindia.indiatimes.com/world/us/7/11-cashiers-dog-trainers-golf-professional-senator-eric-schmitt-asks-why-america-needs-foreign-h-1bs-for-these-nonsense-jobs/articleshow/125871220.cms
2025-12-09 16:34:41,879 - INFO - [Times of India] Attempt 1/1: Trying with 'selenium_browser' strategy...
2025-12-09 16:34:44,196 - INFO - [Times of India] Page content loaded.
2025-12-09 16:34:44,327 - INFO - [Times of India] Success with 'selenium_browser'. Found content (383 words).
2025-12-09 16:34:44,466 - INFO - Duplicate article skipped: 7/11 cashiers, dog trainers, golf professional: Senator Eric Schmitt asks why America needs foreign H-1Bs for these 'nonsense' jobs - The Times of India from Times of India
2025-12-09 16:34:45,175 - INFO - [Times of India] Article: https://timesofindia.indiatimes.com/world/us-streamers/rakai-slams-qtcinderella-after-her-insulting-joke-at-the-streamer-awards-2025-calls-the-annual-event-rigged/articleshow/125870818.cms
2025-12-09 16:34:45,175 - INFO - [Times of India] Attempt 1/1: Trying with 'selenium_browser' strategy...
2025-12-09 16:34:45,806 - INFO - [The Hindu] Page content loaded.
2025-12-09 16:34:46,000 - INFO - [The Hindu] Success with 'selenium_browser'. Found content (148 words).
2025-12-09 16:34:46,096 - INFO - Saved article: Watch: Manish Tewari questions Election Commission’s impartiality, calls for major reforms - The Hindu from The Hindu
2025-12-09 16:34:46,127 - INFO - [Times of India] Page content loaded.
2025-12-09 16:34:46,275 - INFO - [Times of India] Success with 'selenium_browser'. Found content (461 words).
2025-12-09 16:34:46,339 - INFO - Duplicate article skipped: RaKai slams QTCinderella after her insulting joke at The Streamer Awards 2025, calls the annual event “rigged” - The Times of India from Times of India
2025-12-09 16:34:46,939 - INFO - [Times of India] Article: https://timesofindia.indiatimes.com/world/us-streamers/chrisean-rock-sparks-huge-outrage-for-calling-qtcinderellas-streamer-awards-2025-racist-after-rakais-snub/articleshow/125870447.cms
2025-12-09 16:34:46,939 - INFO - [Times of India] Attempt 1/1: Trying with 'selenium_browser' strategy...
2025-12-09 16:34:47,140 - INFO - [The Hindu] Article: https://www.thehindu.com/news/national/kerala/cm-slams-congress-for-opposing-all-development-activities-initiated-by-govt/article70377122.ece
2025-12-09 16:34:47,140 - INFO - [The Hindu] Attempt 1/1: Trying with 'selenium_browser' strategy...
2025-12-09 16:34:48,283 - INFO - [Times of India] Page content loaded.
2025-12-09 16:34:48,425 - INFO - [Times of India] Success with 'selenium_browser'. Found content (437 words).
2025-12-09 16:34:48,497 - INFO - Duplicate article skipped: Chrisean Rock sparks huge outrage for calling QTCinderella’s Streamer Awards 2025 “Racist” after RaKai’s snub - The Times of India from Times of India
2025-12-09 16:34:49,231 - INFO - [The Hindu] Page content loaded.
2025-12-09 16:34:49,307 - INFO - [The Hindu] Success with 'selenium_browser'. Found content (418 words).
2025-12-09 16:34:49,433 - INFO - Saved article: CM slams Congress for opposing all development activities initiated by govt. - The Hindu from The Hindu
2025-12-09 16:34:49,553 - INFO - [Times of India] Article: https://timesofindia.indiatimes.com/world/middle-east/uae-announces-new-friday-prayer-timing-across-all-mosques-starting-january-2026/articleshow/125870985.cms
2025-12-09 16:34:49,553 - INFO - [Times of India] Attempt 1/1: Trying with 'selenium_browser' strategy...
2025-12-09 16:34:50,647 - INFO - [Times of India] Page content loaded.
2025-12-09 16:34:50,766 - INFO - [Times of India] Success with 'selenium_browser'. Found content (191 words).
2025-12-09 16:34:50,827 - INFO - [The Hindu] Article: https://www.thehindu.com/news/national/karnataka/heated-debate-in-council-over-delay-in-giving-relief-to-rain-hit-farmers/article70376157.ece
2025-12-09 16:34:50,830 - INFO - [The Hindu] Attempt 1/1: Trying with 'selenium_browser' strategy...
2025-12-09 16:34:50,830 - INFO - Duplicate article skipped: UAE announces new Friday prayer timing across all mosques starting January 2026 | World News - The Times of India from Times of India
2025-12-09 16:34:51,439 - INFO - [Times of India] Article: https://timesofindia.indiatimes.com/etimes/trending/yes-they-can-former-cia-spy-warns-agencys-tools-can-takeover-your-phone-tv-and-even-your-car/articleshow/125869763.cms
2025-12-09 16:34:51,439 - INFO - [Times of India] Attempt 1/1: Trying with 'selenium_browser' strategy...
2025-12-09 16:34:53,668 - INFO - [Times of India] Page content loaded.
2025-12-09 16:34:53,822 - INFO - [Times of India] Success with 'selenium_browser'. Found content (1287 words).
2025-12-09 16:34:53,876 - INFO - Duplicate article skipped: ‘Yes, they can:’ Former CIA spy warns agency’s tools can takeover your phone, TV, and even your car | - The Times of India from Times of India
2025-12-09 16:34:55,189 - INFO - [Times of India] Article: https://timesofindia.indiatimes.com/world/us/second-amendment-is-not-a-second-class-right-aag-harmeet-dhillon-announces-new-doj-unit-to-enforce-gun-rights/articleshow/125870656.cms
2025-12-09 16:34:55,189 - INFO - [Times of India] Attempt 1/1: Trying with 'selenium_browser' strategy...
2025-12-09 16:34:55,620 - INFO - [The Hindu] Page content loaded.
2025-12-09 16:34:55,783 - INFO - [The Hindu] Success with 'selenium_browser'. Found content (406 words).
2025-12-09 16:34:55,920 - INFO - Saved article: Heated debate in Council over delay in giving relief to rain-hit farmers - The Hindu from The Hindu
2025-12-09 16:34:56,705 - INFO - [Times of India] Page content loaded.
2025-12-09 16:34:56,797 - INFO - [The Hindu] Article: https://www.thehindu.com/news/cities/Hyderabad/telangana-ready-to-evolve-into-a-catalyst-to-achieve-3-trillion-economy-goal/article70377166.ece
2025-12-09 16:34:56,797 - INFO - [The Hindu] Attempt 1/1: Trying with 'selenium_browser' strategy...
2025-12-09 16:34:56,866 - INFO - [Times of India] Success with 'selenium_browser'. Found content (655 words).
2025-12-09 16:34:57,016 - INFO - Duplicate article skipped: ‘Second Amendment is not a second-class right’: AAG Harmeet Dhillon announces new DOJ unit to enforce gun rights | World News - The Times of India from Times of India
2025-12-09 16:34:58,026 - INFO - [Times of India] (Thread) Finished. Attempting to shut down its Selenium driver.
2025-12-09 16:34:58,340 - INFO - [Times of India] (Thread) driver.quit() successful.
2025-12-09 16:34:58,730 - INFO - [The Hindu] Page content loaded.
2025-12-09 16:34:58,780 - INFO - [The Hindu] Success with 'selenium_browser'. Found content (520 words).
2025-12-09 16:34:58,926 - INFO - Saved article: Telangana ready to evolve into a catalyst to achieve $3 trillion economy goal - The Hindu from The Hindu
2025-12-09 16:34:59,741 - INFO - [The Hindu] Article: https://www.thehindu.com/news/national/andhra-pradesh/100-mbbs-seats-for-paderu-college-in-2026-27/article70376486.ece
2025-12-09 16:34:59,741 - INFO - [The Hindu] Attempt 1/1: Trying with 'selenium_browser' strategy...
2025-12-09 16:35:01,708 - INFO - [The Hindu] Page content loaded.
2025-12-09 16:35:01,775 - INFO - [The Hindu] Success with 'selenium_browser'. Found content (242 words).
2025-12-09 16:35:01,862 - INFO - Saved article: 100 MBBS seats for Paderu college in 2026-27 - The Hindu from The Hindu
2025-12-09 16:35:03,334 - INFO - [The Hindu] Article: https://www.thehindu.com/news/national/kerala/ernakulam-records-7452-voter-turnout-in-local-body-polls/article70377060.ece
2025-12-09 16:35:03,334 - INFO - [The Hindu] Attempt 1/1: Trying with 'selenium_browser' strategy...
2025-12-09 16:35:04,735 - INFO - [The Hindu] Page content loaded.
2025-12-09 16:35:04,795 - INFO - [The Hindu] Success with 'selenium_browser'. Found content (391 words).
2025-12-09 16:35:04,849 - INFO - Saved article: Ernakulam records 74.52% voter turnout in local body polls - The Hindu from The Hindu
2025-12-09 16:35:05,670 - INFO - [The Hindu] (Thread) Finished. Attempting to shut down its Selenium driver.
2025-12-09 16:35:05,792 - INFO - [The Hindu] (Thread) driver.quit() successful.
2025-12-09 16:35:05,792 - INFO - Shutting down thread pool (wait=False)...
2025-12-09 16:35:05,792 - INFO - Scraped: 3 Times of India, 10 The Hindu, 3 BBC, 0 The Guardian articles. (Total saved: 16)
2025-12-09 16:35:05,792 - INFO - --- Scraping job finished ---
2025-12-09 16:35:05,798 - INFO - --- Scraper service stopped and database connection closed. ---
2025-12-09 16:35:05,799 - INFO - --- Main thread finished. Forcing process exit to kill zombie threads. ---
