2025-11-26 01:57:20,628 - INFO - Initializing database connection at: news_articles.db
2025-11-26 01:57:20,628 - INFO - --- Scraper service started (CI Mode: Run Once) ---
2025-11-26 01:57:20,628 - INFO - --- Starting new scraping job (Parallel Mode) ---
2025-11-26 01:57:20,628 - INFO - Creating new robust session with 3 retries on 5xx/connection/read errors.
2025-11-26 01:57:20,629 - INFO - Proxy is DISABLED.
2025-11-26 01:57:20,629 - INFO - Starting scrape for BBC RSS feed: http://feeds.bbci.co.uk/news/world/rss.xml
2025-11-26 01:57:20,629 - INFO - [Times of India] (Thread) requires Selenium. Initializing driver...
2025-11-26 01:57:20,629 - INFO - Initializing headless Selenium Chrome driver (using SeleniumManager)...
2025-11-26 01:57:20,630 - INFO - Starting scrape for The Guardian RSS feed: https://www.theguardian.com/world/rss
2025-11-26 01:57:20,630 - INFO - [The Hindu] (Thread) requires Selenium. Initializing driver...
2025-11-26 01:57:20,630 - INFO - Initializing headless Selenium Chrome driver (using SeleniumManager)...
2025-11-26 01:57:20,630 - INFO - Submitted 4 jobs to thread pool. Waiting up to 300s for completion...
2025-11-26 01:57:20,792 - INFO - Found 45 articles in The Guardian RSS feed. Processing up to 10.
2025-11-26 01:57:20,792 - INFO - [The Guardian] Article: https://www.theguardian.com/world/2025/nov/25/nigerian-schoolgirls-rescued-after-mass-abduction-in-kebbi
2025-11-26 01:57:20,792 - INFO - [The Guardian] Attempt 1/1: Trying with 'requests_browser' strategy...
2025-11-26 01:57:20,845 - INFO - [The Guardian] Success with 'requests_browser'. Found content (515 words).
2025-11-26 01:57:20,899 - INFO - Duplicate article skipped: Nigerian schoolgirls rescued after mass abduction in Kebbi | Nigeria | The Guardian from The Guardian
2025-11-26 01:57:20,903 - INFO - Found 30 articles in BBC RSS feed. Processing up to 10.
2025-11-26 01:57:20,903 - INFO - [BBC] Article: https://www.bbc.com/news/articles/cy95jvw57v2o?at_medium=RSS&at_campaign=rss
2025-11-26 01:57:20,903 - INFO - [BBC] Attempt 1/1: Trying with 'requests_browser' strategy...
2025-11-26 01:57:21,285 - INFO - [BBC] Success with 'requests_browser'. Found content (676 words).
2025-11-26 01:57:21,331 - INFO - Duplicate article skipped: Ukraine-Russia war: Ukraine says 'understanding' reached with US on peace plan, as Trump says his envoy will meet Putin in Moscow from BBC
2025-11-26 01:57:21,877 - INFO - [BBC] Article: https://www.bbc.com/news/articles/c1dzp050yn2o?at_medium=RSS&at_campaign=rss
2025-11-26 01:57:21,877 - INFO - [BBC] Attempt 1/1: Trying with 'requests_browser' strategy...
2025-11-26 01:57:21,947 - INFO - [BBC] Success with 'requests_browser'. Found content (1214 words).
2025-11-26 01:57:21,990 - INFO - Saved article: Italian parliament unanimously votes to make femicide a crime from BBC
2025-11-26 01:57:22,354 - INFO - [The Guardian] Article: https://www.theguardian.com/world/2025/nov/25/jacob-zuma-daughter-accused-tricking-men-fighting-for-russia-in-ukraine
2025-11-26 01:57:22,354 - INFO - [The Guardian] Attempt 1/1: Trying with 'requests_browser' strategy...
2025-11-26 01:57:22,393 - INFO - [The Guardian] Success with 'requests_browser'. Found content (656 words).
2025-11-26 01:57:22,439 - INFO - Duplicate article skipped: Jacob Zuma’s daughter accused of tricking men into fighting for Russia in Ukraine | South Africa | The Guardian from The Guardian
2025-11-26 01:57:22,631 - INFO - [BBC] Article: https://www.bbc.com/news/articles/crmx7x3yjyko?at_medium=RSS&at_campaign=rss
2025-11-26 01:57:22,631 - INFO - [BBC] Attempt 1/1: Trying with 'requests_browser' strategy...
2025-11-26 01:57:22,752 - INFO - [BBC] Success with 'requests_browser'. Found content (1927 words).
2025-11-26 01:57:22,796 - INFO - Saved article: Russia's Wagner group accused of killing civilians in cold-blood in Mali from BBC
2025-11-26 01:57:23,667 - INFO - [The Guardian] Article: https://www.theguardian.com/uk-news/2025/nov/24/uk-rejects-nigerian-request-to-deport-former-politican-ike-ekweremadu-jailed-for-organ-trafficking
2025-11-26 01:57:23,667 - INFO - [The Guardian] Attempt 1/1: Trying with 'requests_browser' strategy...
2025-11-26 01:57:23,700 - INFO - [The Guardian] Success with 'requests_browser'. Found content (545 words).
2025-11-26 01:57:23,734 - INFO - Duplicate article skipped: UK rejects Nigerian request to deport former politican jailed for organ trafficking | UK news | The Guardian from The Guardian
2025-11-26 01:57:23,852 - INFO - [BBC] Article: https://www.bbc.com/news/articles/c17x0xjqj21o?at_medium=RSS&at_campaign=rss
2025-11-26 01:57:23,852 - INFO - [BBC] Attempt 1/1: Trying with 'requests_browser' strategy...
2025-11-26 01:57:23,910 - INFO - [BBC] Success with 'requests_browser'. Found content (423 words).
2025-11-26 01:57:23,947 - INFO - Duplicate article skipped: Israel receives coffin that Hamas says contains Gaza hostage's body from BBC
2025-11-26 01:57:24,531 - INFO - [BBC] Article: https://www.bbc.com/news/articles/cr4dl19npv5o?at_medium=RSS&at_campaign=rss
2025-11-26 01:57:24,531 - INFO - [BBC] Attempt 1/1: Trying with 'requests_browser' strategy...
2025-11-26 01:57:24,654 - INFO - [BBC] Success with 'requests_browser'. Found content (398 words).
2025-11-26 01:57:24,695 - INFO - Duplicate article skipped: Brazil: Bolsonaro ordered to start serving 27-year prison sentence for coup plot from BBC
2025-11-26 01:57:24,754 - INFO - [The Guardian] Article: https://www.theguardian.com/world/2025/nov/24/ethiopian-volcano-hayli-gubbi-erupts-first-time-12000-years
2025-11-26 01:57:24,754 - INFO - [The Guardian] Attempt 1/1: Trying with 'requests_browser' strategy...
2025-11-26 01:57:24,787 - INFO - [The Guardian] Success with 'requests_browser'. Found content (306 words).
2025-11-26 01:57:24,822 - INFO - Duplicate article skipped: Ethiopian volcano erupts for first time in 12,000 years | Ethiopia | The Guardian from The Guardian
2025-11-26 01:57:25,407 - INFO - [BBC] Article: https://www.bbc.com/news/articles/cj01j710rmmo?at_medium=RSS&at_campaign=rss
2025-11-26 01:57:25,407 - INFO - [BBC] Attempt 1/1: Trying with 'requests_browser' strategy...
2025-11-26 01:57:25,468 - INFO - [The Guardian] Article: https://www.theguardian.com/world/2025/nov/23/cyril-ramaphosa-gavel-g20-summit-us-handover
2025-11-26 01:57:25,468 - INFO - [The Guardian] Attempt 1/1: Trying with 'requests_browser' strategy...
2025-11-26 01:57:25,481 - INFO - [BBC] Success with 'requests_browser'. Found content (1043 words).
2025-11-26 01:57:25,519 - INFO - Duplicate article skipped: Ex-wife of Dubai royal says she fears arrest as custody battle escalates from BBC
2025-11-26 01:57:25,538 - INFO - [The Guardian] Success with 'requests_browser'. Found content (520 words).
2025-11-26 01:57:25,580 - INFO - Duplicate article skipped: Cyril Ramaphosa closes G20 summit after US boycott and handover row | G20 | The Guardian from The Guardian
2025-11-26 01:57:26,297 - INFO - [BBC] Article: https://www.bbc.com/news/articles/cr5zm7n8ngpo?at_medium=RSS&at_campaign=rss
2025-11-26 01:57:26,298 - INFO - [BBC] Attempt 1/1: Trying with 'requests_browser' strategy...
2025-11-26 01:57:26,427 - INFO - [BBC] Success with 'requests_browser'. Found content (481 words).
2025-11-26 01:57:26,467 - INFO - Duplicate article skipped: Four more arrests made following Louvre jewellery heist from BBC
2025-11-26 01:57:26,930 - INFO - [The Guardian] Article: https://www.theguardian.com/world/2025/nov/25/jair-bolsonaro-brazil-prison
2025-11-26 01:57:26,930 - INFO - [The Guardian] Attempt 1/1: Trying with 'requests_browser' strategy...
2025-11-26 01:57:26,961 - INFO - [The Guardian] Success with 'requests_browser'. Found content (877 words).
2025-11-26 01:57:26,995 - INFO - Duplicate article skipped: Jair Bolsonaro ordered to start 27-year prison term for plotting Brazil coup | Jair Bolsonaro | The Guardian from The Guardian
2025-11-26 01:57:27,264 - INFO - [BBC] Article: https://www.bbc.com/news/articles/cvgq0jzw5n2o?at_medium=RSS&at_campaign=rss
2025-11-26 01:57:27,264 - INFO - [BBC] Attempt 1/1: Trying with 'requests_browser' strategy...
2025-11-26 01:57:27,386 - INFO - [BBC] Success with 'requests_browser'. Found content (280 words).
2025-11-26 01:57:27,420 - INFO - Duplicate article skipped: Thai woman's cremation stopped as knocking on coffin heard, temple staff say from BBC
2025-11-26 01:57:27,994 - INFO - [BBC] Article: https://www.bbc.com/news/articles/cvgk50g1wzvo?at_medium=RSS&at_campaign=rss
2025-11-26 01:57:27,994 - INFO - [BBC] Attempt 1/1: Trying with 'requests_browser' strategy...
2025-11-26 01:57:28,107 - INFO - [BBC] Success with 'requests_browser'. Found content (848 words).
2025-11-26 01:57:28,151 - INFO - Duplicate article skipped: Niger state kidnap: Catholic bishop hits out at Nigeria's failure to rescue abducted schoolchildren from BBC
2025-11-26 01:57:28,388 - INFO - [The Guardian] Article: https://www.theguardian.com/world/2025/nov/25/uk-accused-of-caving-in-to-british-virgin-islands-over-access-to-company-register
2025-11-26 01:57:28,389 - INFO - [The Guardian] Attempt 1/1: Trying with 'requests_browser' strategy...
2025-11-26 01:57:28,418 - INFO - [The Guardian] Success with 'requests_browser'. Found content (566 words).
2025-11-26 01:57:28,453 - INFO - Duplicate article skipped: UK accused of caving-in to British Virgin Islands over access to companies register | British Virgin Islands | The Guardian from The Guardian
2025-11-26 01:57:28,595 - INFO - Selenium driver initialized successfully.
2025-11-26 01:57:28,596 - INFO - Selenium driver initialized successfully.
2025-11-26 01:57:28,596 - INFO - Starting scrape for The Hindu RSS feed: https://www.thehindu.com/news/national/feeder/default.rss
2025-11-26 01:57:28,596 - INFO - Starting scrape for Times of India RSS feed: https://timesofindia.indiatimes.com/rssfeeds/296589292.cms
2025-11-26 01:57:28,709 - INFO - Found 20 articles in Times of India RSS feed. Processing up to 10.
2025-11-26 01:57:28,709 - INFO - [Times of India] Article: https://timesofindia.indiatimes.com/world/us-streamers/candace-owens-recalls-college-moment-she-felt-feminism-was-a-lie-and-reveals-the-class-blamed-men-for-all-problems/articleshow/125576678.cms
2025-11-26 01:57:28,709 - INFO - [Times of India] Attempt 1/1: Trying with 'selenium_browser' strategy...
2025-11-26 01:57:28,781 - INFO - Found 100 articles in The Hindu RSS feed. Processing up to 10.
2025-11-26 01:57:28,782 - INFO - [The Hindu] Article: https://www.thehindu.com/data/widely-quoted-who-norm-of-1-doctor-per-1000-people-is-not-official/article70321684.ece
2025-11-26 01:57:28,782 - INFO - [The Hindu] Attempt 1/1: Trying with 'selenium_browser' strategy...
2025-11-26 01:57:29,136 - INFO - [BBC] Article: https://www.bbc.com/news/articles/cn091g7dreyo?at_medium=RSS&at_campaign=rss
2025-11-26 01:57:29,136 - INFO - [BBC] Attempt 1/1: Trying with 'requests_browser' strategy...
2025-11-26 01:57:29,604 - INFO - [BBC] Success with 'requests_browser'. Found content (569 words).
2025-11-26 01:57:29,644 - INFO - Duplicate article skipped: German 'hammer gang' trial for seven accused of extreme-left violence from BBC
2025-11-26 01:57:29,701 - INFO - [The Guardian] Article: https://www.theguardian.com/world/2025/nov/25/canadian-author-thomas-king-not-indigenous-cherokee-inconvenient-indian
2025-11-26 01:57:29,701 - INFO - [The Guardian] Attempt 1/1: Trying with 'requests_browser' strategy...
2025-11-26 01:57:29,749 - INFO - [The Guardian] Success with 'requests_browser'. Found content (541 words).
2025-11-26 01:57:29,815 - INFO - Duplicate article skipped: Canada: ‘Inconvenient Indian’ author Thomas King says he is not Indigenous | Canada | The Guardian from The Guardian
2025-11-26 01:57:31,308 - INFO - [The Guardian] Article: https://www.theguardian.com/us-news/live/2025/nov/24/us-politics-trump-venezuela-marjorie-tayor-greene-latest-updates
2025-11-26 01:57:31,308 - INFO - [The Guardian] Attempt 1/1: Trying with 'requests_browser' strategy...
2025-11-26 01:57:32,199 - INFO - [The Guardian] Success with 'requests_browser'. Found content (3832 words).
2025-11-26 01:57:32,572 - INFO - Duplicate article skipped: Cases against Comey and James tossed, Pentagon investigating US senator and Turning Point USA looks to 2028 – as it happened | Trump administration | The Guardian from The Guardian
2025-11-26 01:57:33,504 - INFO - [The Hindu] Page content loaded.
2025-11-26 01:57:33,747 - INFO - [The Guardian] Article: https://www.theguardian.com/world/2025/nov/24/canada-grizzly-bear-attack-search
2025-11-26 01:57:33,748 - INFO - [The Guardian] Attempt 1/1: Trying with 'requests_browser' strategy...
2025-11-26 01:57:33,871 - INFO - [The Guardian] Success with 'requests_browser'. Found content (852 words).
2025-11-26 01:57:34,052 - INFO - Duplicate article skipped: Grizzly bear that attacked children and teachers in Canada still eludes searchers | Canada | The Guardian from The Guardian
2025-11-26 01:57:34,666 - INFO - [The Hindu] Success with 'selenium_browser'. Found content (885 words).
2025-11-26 01:57:35,009 - INFO - Saved article: Widely quoted WHO norm of 1 doctor per 1,000 people is not official - The Hindu from The Hindu
2025-11-26 01:57:35,633 - INFO - [The Hindu] Article: https://www.thehindu.com/news/national/mekedatu-dam-project-a-long-standing-source-of-friction-between-tamil-nadu-and-karnataka/article70321302.ece
2025-11-26 01:57:35,633 - INFO - [The Hindu] Attempt 1/1: Trying with 'selenium_browser' strategy...
2025-11-26 01:57:41,555 - INFO - [The Hindu] Page content loaded.
2025-11-26 01:57:41,779 - INFO - [The Hindu] Success with 'selenium_browser'. Found content (1500 words).
2025-11-26 01:57:41,974 - INFO - Saved article: Mekedatu dam project: a long-standing source of friction between Tamil Nadu and Karnataka - The Hindu from The Hindu
2025-11-26 01:57:43,026 - INFO - [The Hindu] Article: https://www.thehindu.com/news/national/telangana/cabinet-takes-serious-note-of-brs-charges-on-industrial-land-policy/article70321798.ece
2025-11-26 01:57:43,026 - INFO - [The Hindu] Attempt 1/1: Trying with 'selenium_browser' strategy...
2025-11-26 01:57:44,992 - INFO - [The Hindu] Page content loaded.
2025-11-26 01:57:45,361 - INFO - [The Hindu] Success with 'selenium_browser'. Found content (611 words).
2025-11-26 01:57:45,727 - INFO - Saved article: Cabinet takes serious note of BRS charges on industrial land policy - The Hindu from The Hindu
2025-11-26 01:57:46,239 - INFO - [The Hindu] Article: https://www.thehindu.com/news/national/tamil-nadu/bank-clerk-held-in-ranipet-for-embezzling-25-crore/article70321971.ece
2025-11-26 01:57:46,239 - INFO - [The Hindu] Attempt 1/1: Trying with 'selenium_browser' strategy...
2025-11-26 01:57:53,910 - INFO - [The Hindu] Page content loaded.
2025-11-26 01:57:53,992 - INFO - [The Hindu] Success with 'selenium_browser'. Found content (166 words).
2025-11-26 01:57:54,086 - INFO - Saved article: Bank clerk held in Ranipet for embezzling ₹2.5 crore - The Hindu from The Hindu
2025-11-26 01:57:54,673 - INFO - [The Hindu] Article: https://www.thehindu.com/news/national/tamil-nadu/community-conference-held-at-stella-maris-college/article70322743.ece
2025-11-26 01:57:54,673 - INFO - [The Hindu] Attempt 1/1: Trying with 'selenium_browser' strategy...
2025-11-26 01:57:55,422 - INFO - [The Hindu] Page content loaded.
2025-11-26 01:57:55,623 - INFO - [The Hindu] Success with 'selenium_browser'. Found content (176 words).
2025-11-26 01:57:55,732 - INFO - Saved article: Community Conference held at Stella Maris College - The Hindu from The Hindu
2025-11-26 01:57:57,048 - INFO - [The Hindu] Article: https://www.thehindu.com/news/national/tamil-nadu/ootupurai-the-traditional-feeding-house-for-brahmins-in-kanniyakumari-temples-in-the-past/article70321255.ece
2025-11-26 01:57:57,052 - INFO - [The Hindu] Attempt 1/1: Trying with 'selenium_browser' strategy...
2025-11-26 01:59:28,762 - ERROR - [Times of India] Request failed for strategy 'selenium_browser' on URL https://timesofindia.indiatimes.com/world/us-streamers/candace-owens-recalls-college-moment-she-felt-feminism-was-a-lie-and-reveals-the-class-blamed-men-for-all-problems/articleshow/125576678.cms: HTTPConnectionPool(host='localhost', port=46823): Read timed out. (read timeout=120)
2025-11-26 01:59:28,762 - ERROR - [Times of India] All scrape strategies failed for https://timesofindia.indiatimes.com/world/us-streamers/candace-owens-recalls-college-moment-she-felt-feminism-was-a-lie-and-reveals-the-class-blamed-men-for-all-problems/articleshow/125576678.cms. Falling back to RSS description.
2025-11-26 01:59:28,764 - INFO - Saved article: Candace Owens recalls college moment she felt feminism was a lie and reveals the class blamed men for all problems from Times of India
2025-11-26 01:59:29,900 - INFO - [Times of India] Article: https://timesofindia.indiatimes.com/world/us-streamers/did-she-want-to-perez-hilton-adds-fire-to-erika-kirk-and-jd-vance-hug-controversy-with-surprising-question/articleshow/125576806.cms
2025-11-26 01:59:29,900 - INFO - [Times of India] Attempt 1/1: Trying with 'selenium_browser' strategy...
2025-11-26 01:59:57,152 - ERROR - [The Hindu] Request failed for strategy 'selenium_browser' on URL https://www.thehindu.com/news/national/tamil-nadu/ootupurai-the-traditional-feeding-house-for-brahmins-in-kanniyakumari-temples-in-the-past/article70321255.ece: HTTPConnectionPool(host='localhost', port=54503): Read timed out. (read timeout=120)
2025-11-26 01:59:57,152 - ERROR - [The Hindu] All scrape strategies failed for https://www.thehindu.com/news/national/tamil-nadu/ootupurai-the-traditional-feeding-house-for-brahmins-in-kanniyakumari-temples-in-the-past/article70321255.ece. Falling back to RSS description.
2025-11-26 01:59:57,155 - INFO - Saved article: Ootupurai, the traditional feeding house in Kanniyakumari temples from The Hindu
2025-11-26 01:59:58,196 - INFO - [The Hindu] Article: https://www.thehindu.com/news/national/tamil-nadu/woman-arrested-for-killing-her-three-month-old-daughter-in-ambur/article70321993.ece
2025-11-26 01:59:58,197 - INFO - [The Hindu] Attempt 1/1: Trying with 'selenium_browser' strategy...
2025-11-26 02:01:30,001 - ERROR - [Times of India] Request failed for strategy 'selenium_browser' on URL https://timesofindia.indiatimes.com/world/us-streamers/did-she-want-to-perez-hilton-adds-fire-to-erika-kirk-and-jd-vance-hug-controversy-with-surprising-question/articleshow/125576806.cms: HTTPConnectionPool(host='localhost', port=46823): Read timed out. (read timeout=120)
2025-11-26 02:01:30,001 - ERROR - [Times of India] All scrape strategies failed for https://timesofindia.indiatimes.com/world/us-streamers/did-she-want-to-perez-hilton-adds-fire-to-erika-kirk-and-jd-vance-hug-controversy-with-surprising-question/articleshow/125576806.cms. Falling back to RSS description.
2025-11-26 02:01:30,003 - INFO - Saved article: “Did she want to...”: Perez Hilton adds fire to Erika Kirk and JD Vance hug controversy with surprising question from Times of India
2025-11-26 02:01:31,060 - INFO - [Times of India] Article: https://timesofindia.indiatimes.com/world/europe/four-new-arrests-in-louvre-heist-two-men-and-two-women-aged-3140-102-million-jewels-still-missing/articleshow/125576895.cms
2025-11-26 02:01:31,060 - INFO - [Times of India] Attempt 1/1: Trying with 'selenium_browser' strategy...
2025-11-26 02:01:58,268 - ERROR - [The Hindu] Request failed for strategy 'selenium_browser' on URL https://www.thehindu.com/news/national/tamil-nadu/woman-arrested-for-killing-her-three-month-old-daughter-in-ambur/article70321993.ece: HTTPConnectionPool(host='localhost', port=54503): Read timed out. (read timeout=120)
2025-11-26 02:01:58,268 - ERROR - [The Hindu] All scrape strategies failed for https://www.thehindu.com/news/national/tamil-nadu/woman-arrested-for-killing-her-three-month-old-daughter-in-ambur/article70321993.ece. Falling back to RSS description.
2025-11-26 02:01:58,271 - INFO - Saved article: Woman arrested for killing her three-month-old daughter in Ambur from The Hindu
2025-11-26 02:01:59,738 - INFO - [The Hindu] Article: https://www.thehindu.com/news/national/tamil-nadu/history-sheeter-gets-10-years-jail-for-harassing-woman-pushing-her-from-train/article70322007.ece
2025-11-26 02:01:59,738 - INFO - [The Hindu] Attempt 1/1: Trying with 'selenium_browser' strategy...
2025-11-26 02:02:20,631 - CRITICAL - --- TIMEOUT: 2 scrape jobs did not complete in 300s. ---
2025-11-26 02:02:20,631 - ERROR - A thread has timed out and will be abandoned.
2025-11-26 02:02:20,631 - ERROR - A thread has timed out and will be abandoned.
2025-11-26 02:02:20,631 - INFO - Shutting down thread pool (wait=False)...
2025-11-26 02:02:20,631 - INFO - Scraped: 0 The Guardian, 2 BBC, 2 Timed_Out_Jobs articles. (Total saved: 2)
2025-11-26 02:02:20,631 - INFO - --- Scraping job finished ---
2025-11-26 02:02:20,631 - INFO - --- Scraper service stopped and database connection closed. ---
2025-11-26 02:02:20,631 - INFO - --- Main thread finished. Forcing process exit to kill zombie threads. ---
