2025-12-18 20:26:58,199 - INFO - Initializing database connection at: news_articles.db
2025-12-18 20:26:58,200 - INFO - --- Scraper service started (CI Mode: Run Once) ---
2025-12-18 20:26:58,200 - INFO - --- Starting new scraping job (Parallel Mode) ---
2025-12-18 20:26:58,200 - INFO - Creating new robust session with 3 retries on 5xx/connection/read errors.
2025-12-18 20:26:58,200 - INFO - Proxy is DISABLED.
2025-12-18 20:26:58,200 - INFO - Starting scrape for BBC RSS feed: http://feeds.bbci.co.uk/news/world/rss.xml
2025-12-18 20:26:58,200 - INFO - [Times of India] (Thread) requires Selenium. Initializing driver...
2025-12-18 20:26:58,200 - INFO - Initializing headless Selenium Chrome driver (using SeleniumManager)...
2025-12-18 20:26:58,201 - INFO - Starting scrape for The Guardian RSS feed: https://www.theguardian.com/world/rss
2025-12-18 20:26:58,202 - INFO - [The Hindu] (Thread) requires Selenium. Initializing driver...
2025-12-18 20:26:58,202 - INFO - Initializing headless Selenium Chrome driver (using SeleniumManager)...
2025-12-18 20:26:58,202 - INFO - Submitted 4 jobs to thread pool. Waiting up to 300s for completion...
2025-12-18 20:26:58,624 - INFO - Found 45 articles in The Guardian RSS feed. Processing up to 10.
2025-12-18 20:26:58,625 - INFO - [The Guardian] Article: https://www.theguardian.com/global-development/2025/dec/18/morocco-genz212-protests-police-mass-arrests-beatings-detentions-rights
2025-12-18 20:26:58,625 - INFO - [The Guardian] Attempt 1/1: Trying with 'requests_browser' strategy...
2025-12-18 20:26:58,770 - INFO - Found 32 articles in BBC RSS feed. Processing up to 10.
2025-12-18 20:26:58,771 - INFO - [BBC] Article: https://www.bbc.com/news/articles/c9vjlj1ezpgo?at_medium=RSS&at_campaign=rss
2025-12-18 20:26:58,771 - INFO - [BBC] Attempt 1/1: Trying with 'requests_browser' strategy...
2025-12-18 20:26:58,794 - INFO - [The Guardian] Success with 'requests_browser'. Found content (772 words).
2025-12-18 20:26:58,835 - INFO - Duplicate article skipped: Morocco accused of ‘horrific’ abuse of detained gen Z protesters | Morocco | The Guardian from The Guardian
2025-12-18 20:26:58,974 - INFO - [BBC] Success with 'requests_browser'. Found content (1202 words).
2025-12-18 20:26:59,014 - INFO - Duplicate article skipped: Zelensky gives stark warning as EU leaders decide on Russia's frozen assets from BBC
2025-12-18 20:26:59,621 - INFO - [The Guardian] Article: https://www.theguardian.com/world/2025/dec/16/five-key-moments-in-the-assault-on-the-rights-of-women-and-girls-in-2025
2025-12-18 20:26:59,621 - INFO - [The Guardian] Attempt 1/1: Trying with 'requests_browser' strategy...
2025-12-18 20:26:59,795 - INFO - [The Guardian] Success with 'requests_browser'. Found content (914 words).
2025-12-18 20:26:59,834 - INFO - Duplicate article skipped: Five key moments in the assault on the rights of women and girls in 2025 | Anti-rights movement | The Guardian from The Guardian
2025-12-18 20:27:00,204 - INFO - [BBC] Article: https://www.bbc.com/news/articles/c2epv08xwz7o?at_medium=RSS&at_campaign=rss
2025-12-18 20:27:00,204 - INFO - [BBC] Attempt 1/1: Trying with 'requests_browser' strategy...
2025-12-18 20:27:00,236 - INFO - [BBC] Success with 'requests_browser'. Found content (746 words).
2025-12-18 20:27:00,268 - INFO - Duplicate article skipped: French 'Doctor Death' who poisoned patients jailed for life from BBC
2025-12-18 20:27:00,573 - INFO - [The Guardian] Article: https://www.theguardian.com/world/2025/dec/16/south-africa-russia-men-tricked-fighting-ukraine
2025-12-18 20:27:00,574 - INFO - [The Guardian] Attempt 1/1: Trying with 'requests_browser' strategy...
2025-12-18 20:27:00,732 - INFO - [The Guardian] Success with 'requests_browser'. Found content (503 words).
2025-12-18 20:27:00,769 - INFO - Duplicate article skipped: South Africa in talks with Russia over men ‘tricked’ into fighting in Ukraine | South Africa | The Guardian from The Guardian
2025-12-18 20:27:00,917 - INFO - [BBC] Article: https://www.bbc.com/news/articles/cp8z684r6vlo?at_medium=RSS&at_campaign=rss
2025-12-18 20:27:00,917 - INFO - [BBC] Attempt 1/1: Trying with 'requests_browser' strategy...
2025-12-18 20:27:00,952 - INFO - [BBC] Success with 'requests_browser'. Found content (696 words).
2025-12-18 20:27:00,990 - INFO - Duplicate article skipped: Trump expands access to cannabis in a major shift in drug policy from BBC
2025-12-18 20:27:01,965 - INFO - [The Guardian] Article: https://www.theguardian.com/world/2025/dec/16/libya-national-museum-reopens
2025-12-18 20:27:01,965 - INFO - [The Guardian] Attempt 1/1: Trying with 'requests_browser' strategy...
2025-12-18 20:27:02,122 - INFO - [The Guardian] Success with 'requests_browser'. Found content (1229 words).
2025-12-18 20:27:02,167 - INFO - Duplicate article skipped: Libya looks to its past to build a new future as national museum reopens | Libya | The Guardian from The Guardian
2025-12-18 20:27:02,408 - INFO - [BBC] Article: https://www.bbc.com/news/articles/cg7vp937jyxo?at_medium=RSS&at_campaign=rss
2025-12-18 20:27:02,408 - INFO - [BBC] Attempt 1/1: Trying with 'requests_browser' strategy...
2025-12-18 20:27:02,446 - INFO - [BBC] Success with 'requests_browser'. Found content (827 words).
2025-12-18 20:27:02,487 - INFO - Saved article: Kristin Cabot: HR exec in viral Coldplay clip speaks of abuse, threats and trying to find a new job from BBC
2025-12-18 20:27:02,780 - INFO - [The Guardian] Article: https://www.theguardian.com/education/2025/dec/14/ghana-students-uk-universities-face-deportion-funding-crisis
2025-12-18 20:27:02,780 - INFO - [The Guardian] Attempt 1/1: Trying with 'requests_browser' strategy...
2025-12-18 20:27:02,935 - INFO - [The Guardian] Success with 'requests_browser'. Found content (604 words).
2025-12-18 20:27:02,972 - INFO - Duplicate article skipped: Ghanaian students at UK universities face deportation amid funding crisis | International students | The Guardian from The Guardian
2025-12-18 20:27:03,693 - INFO - [BBC] Article: https://www.bbc.com/news/articles/cgmneem1e89o?at_medium=RSS&at_campaign=rss
2025-12-18 20:27:03,693 - INFO - [BBC] Attempt 1/1: Trying with 'requests_browser' strategy...
2025-12-18 20:27:03,725 - INFO - [BBC] Success with 'requests_browser'. Found content (720 words).
2025-12-18 20:27:03,786 - INFO - Duplicate article skipped: Anthony Albanese announces hate speech crackdown after Bondi shooting from BBC
2025-12-18 20:27:04,310 - INFO - [BBC] Article: https://www.bbc.com/news/articles/c93wxp2p05xo?at_medium=RSS&at_campaign=rss
2025-12-18 20:27:04,310 - INFO - [BBC] Attempt 1/1: Trying with 'requests_browser' strategy...
2025-12-18 20:27:04,352 - INFO - [BBC] Success with 'requests_browser'. Found content (425 words).
2025-12-18 20:27:04,401 - INFO - Saved article: Wiz Khalifa sentenced to nine months jail in Romania from BBC
2025-12-18 20:27:04,450 - INFO - [The Guardian] Article: https://www.theguardian.com/world/2025/dec/18/brazilian-congress-passes-bill-cut-jair-bolsonaro-prison-term
2025-12-18 20:27:04,450 - INFO - [The Guardian] Attempt 1/1: Trying with 'requests_browser' strategy...
2025-12-18 20:27:04,484 - INFO - [The Guardian] Success with 'requests_browser'. Found content (472 words).
2025-12-18 20:27:04,530 - INFO - Duplicate article skipped: Brazilian president vows to veto bill cutting Jair Bolsonaro’s prison term | Jair Bolsonaro | The Guardian from The Guardian
2025-12-18 20:27:04,890 - INFO - Selenium driver initialized successfully.
2025-12-18 20:27:04,890 - INFO - Starting scrape for Times of India RSS feed: https://timesofindia.indiatimes.com/rssfeeds/296589292.cms
2025-12-18 20:27:04,892 - INFO - Selenium driver initialized successfully.
2025-12-18 20:27:04,892 - INFO - Starting scrape for The Hindu RSS feed: https://www.thehindu.com/news/national/feeder/default.rss
2025-12-18 20:27:05,027 - INFO - Found 100 articles in The Hindu RSS feed. Processing up to 10.
2025-12-18 20:27:05,027 - INFO - [The Hindu] Article: https://www.thehindu.com/news/national/karnataka/two-wheelers-autorickshaws-continue-to-flout-ban-on-bengalurumysuru-highway-commuters-raise-safety-concerns/article70412282.ece
2025-12-18 20:27:05,027 - INFO - [The Hindu] Attempt 1/1: Trying with 'selenium_browser' strategy...
2025-12-18 20:27:05,129 - INFO - Found 20 articles in Times of India RSS feed. Processing up to 10.
2025-12-18 20:27:05,129 - INFO - [Times of India] Article: https://timesofindia.indiatimes.com/world/us/greg-biffles-plane-crashes-as-he-was-flying-to-florida-with-family-to-meet-friend-we-are-devastated/articleshow/126064511.cms
2025-12-18 20:27:05,129 - INFO - [Times of India] Attempt 1/1: Trying with 'selenium_browser' strategy...
2025-12-18 20:27:05,255 - INFO - [The Guardian] Article: https://www.theguardian.com/world/2025/dec/18/canada-immigration-population-analysis
2025-12-18 20:27:05,255 - INFO - [The Guardian] Attempt 1/1: Trying with 'requests_browser' strategy...
2025-12-18 20:27:05,332 - INFO - [BBC] Article: https://www.bbc.com/news/articles/cp9kv9lld38o?at_medium=RSS&at_campaign=rss
2025-12-18 20:27:05,332 - INFO - [BBC] Attempt 1/1: Trying with 'requests_browser' strategy...
2025-12-18 20:27:05,366 - INFO - [BBC] Success with 'requests_browser'. Found content (419 words).
2025-12-18 20:27:05,412 - INFO - Duplicate article skipped: Trump Media to merge with fusion energy firm in $6bn deal from BBC
2025-12-18 20:27:05,443 - INFO - [The Guardian] Success with 'requests_browser'. Found content (1042 words).
2025-12-18 20:27:05,503 - INFO - Duplicate article skipped: Canada’s population drop reflects souring of attitudes to immigration | Canada | The Guardian from The Guardian
2025-12-18 20:27:06,445 - INFO - [The Guardian] Article: https://www.theguardian.com/us-news/2025/dec/17/military-strike-pacific-hegseth
2025-12-18 20:27:06,445 - INFO - [The Guardian] Attempt 1/1: Trying with 'requests_browser' strategy...
2025-12-18 20:27:06,608 - INFO - [The Guardian] Success with 'requests_browser'. Found content (524 words).
2025-12-18 20:27:06,668 - INFO - Duplicate article skipped: US strike on alleged drug boat in Pacific kills four, as Trump accuses Venezuela of taking ‘our oil’ | US news | The Guardian from The Guardian
2025-12-18 20:27:06,712 - INFO - [BBC] Article: https://www.bbc.com/news/articles/ce86j7n6d3do?at_medium=RSS&at_campaign=rss
2025-12-18 20:27:06,712 - INFO - [BBC] Attempt 1/1: Trying with 'requests_browser' strategy...
2025-12-18 20:27:06,764 - INFO - [BBC] Success with 'requests_browser'. Found content (596 words).
2025-12-18 20:27:06,828 - INFO - Duplicate article skipped: Peter Arnett, Pulitzer-winning war reporter, dies aged 91 from BBC
2025-12-18 20:27:08,046 - INFO - [BBC] Article: https://www.bbc.com/news/articles/c74xvp00wj3o?at_medium=RSS&at_campaign=rss
2025-12-18 20:27:08,046 - INFO - [BBC] Attempt 1/1: Trying with 'requests_browser' strategy...
2025-12-18 20:27:08,167 - INFO - [The Guardian] Article: https://www.theguardian.com/world/2025/dec/17/canada-population-drop-international-students
2025-12-18 20:27:08,168 - INFO - [The Guardian] Attempt 1/1: Trying with 'requests_browser' strategy...
2025-12-18 20:27:08,250 - INFO - [BBC] Success with 'requests_browser'. Found content (296 words).
2025-12-18 20:27:08,487 - INFO - [The Guardian] Success with 'requests_browser'. Found content (489 words).
2025-12-18 20:27:08,587 - INFO - Duplicate article skipped: Nigeria Foreign Minister Yusuf Tuggar apologises over Burkina Faso military flight from BBC
2025-12-18 20:27:08,689 - INFO - Duplicate article skipped: Canada sees large drop in population amid international students crackdown | Canada | The Guardian from The Guardian
2025-12-18 20:27:09,683 - INFO - [The Guardian] Article: https://www.theguardian.com/world/2025/dec/17/canada-polar-bear-adopts-new-cub
2025-12-18 20:27:09,683 - INFO - [The Guardian] Attempt 1/1: Trying with 'requests_browser' strategy...
2025-12-18 20:27:09,737 - INFO - [BBC] Article: https://www.bbc.com/news/articles/c8e9j84008jo?at_medium=RSS&at_campaign=rss
2025-12-18 20:27:09,737 - INFO - [BBC] Attempt 1/1: Trying with 'requests_browser' strategy...
2025-12-18 20:27:09,897 - INFO - [The Guardian] Success with 'requests_browser'. Found content (520 words).
2025-12-18 20:27:10,068 - INFO - [BBC] Success with 'requests_browser'. Found content (768 words).
2025-12-18 20:27:10,113 - INFO - Duplicate article skipped: Scientists log rare case of female polar bear adopting cub: ‘They’re really good moms’ | Canada | The Guardian from The Guardian
2025-12-18 20:27:10,194 - INFO - Duplicate article skipped: Trump announces 'warrior dividend' for troops as he defends economic record from BBC
2025-12-18 20:27:10,208 - INFO - [The Hindu] Page content loaded.
2025-12-18 20:27:10,964 - INFO - [The Hindu] Success with 'selenium_browser'. Found content (603 words).
2025-12-18 20:27:11,352 - INFO - Saved article: Two-wheelers, autorickshaws continue to flout ban on Bengaluru–Mysuru highway; commuters raise safety concerns - The Hindu from The Hindu
2025-12-18 20:27:12,533 - INFO - [The Hindu] Article: https://www.thehindu.com/news/national/tamil-nadu/palaniswami-says-his-partys-alliance-is-only-for-electoral-success/article70412865.ece
2025-12-18 20:27:12,533 - INFO - [The Hindu] Attempt 1/1: Trying with 'selenium_browser' strategy...
2025-12-18 20:27:17,399 - INFO - [The Hindu] Page content loaded.
2025-12-18 20:27:17,664 - INFO - [The Hindu] Success with 'selenium_browser'. Found content (194 words).
2025-12-18 20:27:18,108 - INFO - Saved article: Palaniswami says his party’s alliance is only for electoral success - The Hindu from The Hindu
2025-12-18 20:27:18,753 - INFO - [The Hindu] Article: https://www.thehindu.com/news/national/tamil-nadu/cm-stalin-inaugurates-new-projects-in-kolathur/article70412284.ece
2025-12-18 20:27:18,753 - INFO - [The Hindu] Attempt 1/1: Trying with 'selenium_browser' strategy...
2025-12-18 20:27:31,519 - INFO - [The Hindu] Page content loaded.
2025-12-18 20:27:31,725 - INFO - [The Hindu] Success with 'selenium_browser'. Found content (169 words).
2025-12-18 20:27:31,874 - INFO - Saved article: CM Stalin inaugurates new projects in Kolathur - The Hindu from The Hindu
2025-12-18 20:27:32,604 - INFO - [The Hindu] Article: https://www.thehindu.com/news/national/tamil-nadu/finding-resolution-to-tariff-issues-with-us-the-only-way-to-address-exchange-rate-issues-c-rangarajan/article70411802.ece
2025-12-18 20:27:32,604 - INFO - [The Hindu] Attempt 1/1: Trying with 'selenium_browser' strategy...
2025-12-18 20:27:33,479 - INFO - [The Hindu] Page content loaded.
2025-12-18 20:27:33,556 - INFO - [The Hindu] Success with 'selenium_browser'. Found content (325 words).
2025-12-18 20:27:33,651 - INFO - Saved article: Finding resolution to tariff issues with U.S., the only way to address exchange rate issues: C. Rangarajan - The Hindu from The Hindu
2025-12-18 20:27:34,612 - INFO - [The Hindu] Article: https://www.thehindu.com/news/cities/kolkata/temporary-relief-for-sacked-bengal-teachers-after-sc-order-on-extension-of-recruitment-deadline/article70412017.ece
2025-12-18 20:27:34,613 - INFO - [The Hindu] Attempt 1/1: Trying with 'selenium_browser' strategy...
2025-12-18 20:27:36,586 - INFO - [The Hindu] Page content loaded.
2025-12-18 20:27:37,465 - INFO - [The Hindu] Success with 'selenium_browser'. Found content (418 words).
2025-12-18 20:27:37,538 - INFO - Saved article: ‘Temporary relief’ for sacked Bengal teachers after SC order on extension of recruitment deadline - The Hindu from The Hindu
2025-12-18 20:27:38,476 - INFO - [The Hindu] Article: https://www.thehindu.com/news/national/punjab/punjab-farmers-stage-protests-against-bill/article70412012.ece
2025-12-18 20:27:38,476 - INFO - [The Hindu] Attempt 1/1: Trying with 'selenium_browser' strategy...
2025-12-18 20:27:39,099 - INFO - [The Hindu] Page content loaded.
2025-12-18 20:27:39,156 - INFO - [The Hindu] Success with 'selenium_browser'. Found content (249 words).
2025-12-18 20:27:39,236 - INFO - Saved article: Punjab farmers stage protests against Bill - The Hindu from The Hindu
2025-12-18 20:27:40,474 - INFO - [The Hindu] Article: https://www.thehindu.com/news/national/punjab/aapcredits-governance-for-punjab-rural-poll-victoryoppn-alleges-power-abuse/article70412322.ece
2025-12-18 20:27:40,474 - INFO - [The Hindu] Attempt 1/1: Trying with 'selenium_browser' strategy...
2025-12-18 20:27:41,362 - INFO - [The Hindu] Page content loaded.
2025-12-18 20:27:41,488 - INFO - [The Hindu] Success with 'selenium_browser'. Found content (264 words).
2025-12-18 20:27:41,566 - INFO - Saved article: AAP credits governance for Punjab rural poll victory; Oppn. alleges power abuse - The Hindu from The Hindu
2025-12-18 20:27:42,339 - INFO - [The Hindu] Article: https://www.thehindu.com/news/cities/chennai/more-land-being-acquired-to-construct-flyovers-on-cth-road/article70412873.ece
2025-12-18 20:27:42,339 - INFO - [The Hindu] Attempt 1/1: Trying with 'selenium_browser' strategy...
2025-12-18 20:27:43,561 - INFO - [The Hindu] Page content loaded.
2025-12-18 20:27:43,636 - INFO - [The Hindu] Success with 'selenium_browser'. Found content (298 words).
2025-12-18 20:27:43,717 - INFO - Saved article: More land being acquired to construct flyovers on CTH Road - The Hindu from The Hindu
2025-12-18 20:27:45,176 - INFO - [The Hindu] Article: https://www.thehindu.com/news/national/andhra-pradesh/drone-tech-lab-opened-at-vikrama-simhapuri-university/article70412456.ece
2025-12-18 20:27:45,176 - INFO - [The Hindu] Attempt 1/1: Trying with 'selenium_browser' strategy...
2025-12-18 20:27:46,217 - INFO - [The Hindu] Page content loaded.
2025-12-18 20:27:46,302 - INFO - [The Hindu] Success with 'selenium_browser'. Found content (250 words).
2025-12-18 20:27:46,399 - INFO - Saved article: Drone tech lab opened at Vikrama Simhapuri University - The Hindu from The Hindu
2025-12-18 20:27:47,103 - INFO - [The Hindu] Article: https://www.thehindu.com/news/cities/Hyderabad/cyberabad-police-sports-meet-ends-on-high-note-celebrating-fitness-unity-and-service/article70412579.ece
2025-12-18 20:27:47,103 - INFO - [The Hindu] Attempt 1/1: Trying with 'selenium_browser' strategy...
2025-12-18 20:27:48,495 - INFO - [The Hindu] Page content loaded.
2025-12-18 20:27:48,538 - INFO - [The Hindu] Success with 'selenium_browser'. Found content (305 words).
2025-12-18 20:27:48,604 - INFO - Saved article: Cyberabad Police sports meet ends on high note, celebrating fitness, unity and service - The Hindu from The Hindu
2025-12-18 20:27:49,603 - INFO - [The Hindu] (Thread) Finished. Attempting to shut down its Selenium driver.
2025-12-18 20:27:49,743 - INFO - [The Hindu] (Thread) driver.quit() successful.
2025-12-18 20:29:05,185 - ERROR - [Times of India] Request failed for strategy 'selenium_browser' on URL https://timesofindia.indiatimes.com/world/us/greg-biffles-plane-crashes-as-he-was-flying-to-florida-with-family-to-meet-friend-we-are-devastated/articleshow/126064511.cms: HTTPConnectionPool(host='localhost', port=34245): Read timed out. (read timeout=120)
2025-12-18 20:29:05,185 - ERROR - [Times of India] All scrape strategies failed for https://timesofindia.indiatimes.com/world/us/greg-biffles-plane-crashes-as-he-was-flying-to-florida-with-family-to-meet-friend-we-are-devastated/articleshow/126064511.cms. Falling back to RSS description.
2025-12-18 20:29:05,188 - INFO - Saved article: Greg Biffle's plane crashes as he was flying to Florida with family to meet friend: Devastated from Times of India
2025-12-18 20:29:06,156 - INFO - [Times of India] Article: https://timesofindia.indiatimes.com/world/us-streamers/mike-liaory-accident-goes-viral-after-kick-stream-shows-red-light-crash-in-los-angeles-traffic/articleshow/126064487.cms
2025-12-18 20:29:06,156 - INFO - [Times of India] Attempt 1/1: Trying with 'selenium_browser' strategy...
2025-12-18 20:31:06,210 - ERROR - [Times of India] Request failed for strategy 'selenium_browser' on URL https://timesofindia.indiatimes.com/world/us-streamers/mike-liaory-accident-goes-viral-after-kick-stream-shows-red-light-crash-in-los-angeles-traffic/articleshow/126064487.cms: HTTPConnectionPool(host='localhost', port=34245): Read timed out. (read timeout=120)
2025-12-18 20:31:06,210 - ERROR - [Times of India] All scrape strategies failed for https://timesofindia.indiatimes.com/world/us-streamers/mike-liaory-accident-goes-viral-after-kick-stream-shows-red-light-crash-in-los-angeles-traffic/articleshow/126064487.cms. Falling back to RSS description.
2025-12-18 20:31:06,213 - INFO - Saved article: Mike Liaory accident goes viral after Kick stream shows red light crash in Los Angeles traffic from Times of India
2025-12-18 20:31:07,117 - INFO - [Times of India] Article: https://timesofindia.indiatimes.com/world/us-streamers/aint-no-way-nina-lin-addresses-twitch-permaban-rumors-after-viral-target-stream/articleshow/126064457.cms
2025-12-18 20:31:07,117 - INFO - [Times of India] Attempt 1/1: Trying with 'selenium_browser' strategy...
2025-12-18 20:31:58,202 - CRITICAL - --- TIMEOUT: 1 scrape jobs did not complete in 300s. ---
2025-12-18 20:31:58,202 - ERROR - A thread has timed out and will be abandoned.
2025-12-18 20:31:58,202 - INFO - Shutting down thread pool (wait=False)...
2025-12-18 20:31:58,202 - INFO - Scraped: 2 BBC, 0 The Guardian, 10 The Hindu, 1 Timed_Out_Jobs articles. (Total saved: 12)
2025-12-18 20:31:58,202 - INFO - --- Scraping job finished ---
2025-12-18 20:31:58,203 - INFO - --- Scraper service stopped and database connection closed. ---
2025-12-18 20:31:58,203 - INFO - --- Main thread finished. Forcing process exit to kill zombie threads. ---
