2025-11-27 22:23:27,273 - INFO - Initializing database connection at: news_articles.db
2025-11-27 22:23:27,274 - INFO - --- Scraper service started (CI Mode: Run Once) ---
2025-11-27 22:23:27,274 - INFO - --- Starting new scraping job (Parallel Mode) ---
2025-11-27 22:23:27,274 - INFO - Creating new robust session with 3 retries on 5xx/connection/read errors.
2025-11-27 22:23:27,274 - INFO - Proxy is DISABLED.
2025-11-27 22:23:27,274 - INFO - Starting scrape for BBC RSS feed: http://feeds.bbci.co.uk/news/world/rss.xml
2025-11-27 22:23:27,275 - INFO - [Times of India] (Thread) requires Selenium. Initializing driver...
2025-11-27 22:23:27,275 - INFO - Initializing headless Selenium Chrome driver (using SeleniumManager)...
2025-11-27 22:23:27,275 - INFO - Starting scrape for The Guardian RSS feed: https://www.theguardian.com/world/rss
2025-11-27 22:23:27,276 - INFO - [The Hindu] (Thread) requires Selenium. Initializing driver...
2025-11-27 22:23:27,276 - INFO - Submitted 4 jobs to thread pool. Waiting up to 300s for completion...
2025-11-27 22:23:27,276 - INFO - Initializing headless Selenium Chrome driver (using SeleniumManager)...
2025-11-27 22:23:27,405 - INFO - Found 45 articles in The Guardian RSS feed. Processing up to 10.
2025-11-27 22:23:27,405 - INFO - [The Guardian] Article: https://www.theguardian.com/world/2025/nov/26/guinea-bissau-officers-take-total-control-close-borders-amid-election-chaos
2025-11-27 22:23:27,405 - INFO - [The Guardian] Attempt 1/1: Trying with 'requests_browser' strategy...
2025-11-27 22:23:27,438 - INFO - [The Guardian] Success with 'requests_browser'. Found content (412 words).
2025-11-27 22:23:27,475 - INFO - Duplicate article skipped: Guinea-Bissau military takes ‘total control’ amid election chaos | Guinea-Bissau | The Guardian from The Guardian
2025-11-27 22:23:27,482 - INFO - Found 33 articles in BBC RSS feed. Processing up to 10.
2025-11-27 22:23:27,483 - INFO - [BBC] Article: https://www.bbc.com/news/articles/c62n3enz9klo?at_medium=RSS&at_campaign=rss
2025-11-27 22:23:27,483 - INFO - [BBC] Attempt 1/1: Trying with 'requests_browser' strategy...
2025-11-27 22:23:27,697 - INFO - [BBC] Success with 'requests_browser'. Found content (727 words).
2025-11-27 22:23:27,758 - INFO - Duplicate article skipped: Hong Kong: Firefighters search for missing in tower blocks fire from BBC
2025-11-27 22:23:28,305 - INFO - [The Guardian] Article: https://www.theguardian.com/world/2025/nov/25/nigerian-schoolgirls-rescued-after-mass-abduction-in-kebbi
2025-11-27 22:23:28,306 - INFO - [The Guardian] Attempt 1/1: Trying with 'requests_browser' strategy...
2025-11-27 22:23:28,336 - INFO - [The Guardian] Success with 'requests_browser'. Found content (515 words).
2025-11-27 22:23:28,355 - INFO - [BBC] Article: https://www.bbc.com/news/videos/c3w7e2p48l7o?at_medium=RSS&at_campaign=rss
2025-11-27 22:23:28,355 - INFO - [BBC] Attempt 1/1: Trying with 'requests_browser' strategy...
2025-11-27 22:23:28,381 - INFO - Duplicate article skipped: Nigerian schoolgirls rescued after mass abduction in Kebbi | Nigeria | The Guardian from The Guardian
2025-11-27 22:23:28,420 - INFO - [BBC] Success with 'requests_browser'. Found content (148 words).
2025-11-27 22:23:28,462 - INFO - Duplicate article skipped: Video shows speed fire spreads in Hong Kong tower block from BBC
2025-11-27 22:23:29,581 - INFO - [BBC] Article: https://www.bbc.com/news/articles/cp84nl57v0lo?at_medium=RSS&at_campaign=rss
2025-11-27 22:23:29,581 - INFO - [BBC] Attempt 1/1: Trying with 'requests_browser' strategy...
2025-11-27 22:23:29,611 - INFO - [BBC] Success with 'requests_browser'. Found content (750 words).
2025-11-27 22:23:29,654 - INFO - Duplicate article skipped: Putin doubles down on demands for Ukrainian territory ahead of talks with US from BBC
2025-11-27 22:23:29,822 - INFO - [The Guardian] Article: https://www.theguardian.com/world/2025/nov/25/jacob-zuma-daughter-accused-tricking-men-fighting-for-russia-in-ukraine
2025-11-27 22:23:29,822 - INFO - [The Guardian] Attempt 1/1: Trying with 'requests_browser' strategy...
2025-11-27 22:23:29,855 - INFO - [The Guardian] Success with 'requests_browser'. Found content (656 words).
2025-11-27 22:23:29,901 - INFO - Duplicate article skipped: Jacob Zuma’s daughter accused of tricking men into fighting for Russia in Ukraine | South Africa | The Guardian from The Guardian
2025-11-27 22:23:30,575 - INFO - [BBC] Article: https://www.bbc.com/news/articles/c0edw348pewo?at_medium=RSS&at_campaign=rss
2025-11-27 22:23:30,575 - INFO - [BBC] Attempt 1/1: Trying with 'requests_browser' strategy...
2025-11-27 22:23:30,606 - INFO - [BBC] Success with 'requests_browser'. Found content (495 words).
2025-11-27 22:23:30,650 - INFO - Saved article: US-Palestinian teen freed after nine months in Israeli jail from BBC
2025-11-27 22:23:31,317 - INFO - [The Guardian] Article: https://www.theguardian.com/uk-news/2025/nov/24/uk-rejects-nigerian-request-to-deport-former-politican-ike-ekweremadu-jailed-for-organ-trafficking
2025-11-27 22:23:31,317 - INFO - [The Guardian] Attempt 1/1: Trying with 'requests_browser' strategy...
2025-11-27 22:23:31,342 - INFO - [The Guardian] Success with 'requests_browser'. Found content (545 words).
2025-11-27 22:23:31,376 - INFO - Duplicate article skipped: UK rejects Nigerian request to deport former politican jailed for organ trafficking | UK news | The Guardian from The Guardian
2025-11-27 22:23:31,859 - INFO - [BBC] Article: https://www.bbc.com/news/articles/cgex957qg97o?at_medium=RSS&at_campaign=rss
2025-11-27 22:23:31,859 - INFO - [BBC] Attempt 1/1: Trying with 'requests_browser' strategy...
2025-11-27 22:23:31,895 - INFO - [BBC] Success with 'requests_browser'. Found content (779 words).
2025-11-27 22:23:31,932 - INFO - Duplicate article skipped: US suspends immigration requests for Afghans after National Guard shooting from BBC
2025-11-27 22:23:32,419 - INFO - [The Guardian] Article: https://www.theguardian.com/world/2025/nov/24/ethiopian-volcano-hayli-gubbi-erupts-first-time-12000-years
2025-11-27 22:23:32,419 - INFO - [The Guardian] Attempt 1/1: Trying with 'requests_browser' strategy...
2025-11-27 22:23:32,476 - INFO - [The Guardian] Success with 'requests_browser'. Found content (306 words).
2025-11-27 22:23:32,512 - INFO - Duplicate article skipped: Ethiopian volcano erupts for first time in 12,000 years | Ethiopia | The Guardian from The Guardian
2025-11-27 22:23:33,034 - INFO - [BBC] Article: https://www.bbc.com/news/articles/c0edw7g7z79o?at_medium=RSS&at_campaign=rss
2025-11-27 22:23:33,034 - INFO - [BBC] Attempt 1/1: Trying with 'requests_browser' strategy...
2025-11-27 22:23:33,069 - INFO - [BBC] Success with 'requests_browser'. Found content (1054 words).
2025-11-27 22:23:33,105 - INFO - Duplicate article skipped: France brings back limited military service with 3,000 volunteers next year from BBC
2025-11-27 22:23:33,302 - INFO - [The Guardian] Article: https://www.theguardian.com/world/2025/nov/27/perus-ousted-president-of-the-poor-gets-11-year-sentence-for-rebellion
2025-11-27 22:23:33,302 - INFO - [The Guardian] Attempt 1/1: Trying with 'requests_browser' strategy...
2025-11-27 22:23:33,406 - INFO - [The Guardian] Success with 'requests_browser'. Found content (346 words).
2025-11-27 22:23:33,441 - INFO - Duplicate article skipped: Peru’s ousted ‘president of the poor’ gets 11-year sentence for rebellion | Peru | The Guardian from The Guardian
2025-11-27 22:23:33,988 - INFO - [BBC] Article: https://www.bbc.com/news/articles/cd0keyern0do?at_medium=RSS&at_campaign=rss
2025-11-27 22:23:33,988 - INFO - [BBC] Attempt 1/1: Trying with 'requests_browser' strategy...
2025-11-27 22:23:34,023 - INFO - [BBC] Success with 'requests_browser'. Found content (511 words).
2025-11-27 22:23:34,067 - INFO - Duplicate article skipped: Venezuela bans six major airlines after tensions with US escalate from BBC
2025-11-27 22:23:34,781 - INFO - [The Guardian] Article: https://www.theguardian.com/world/2025/nov/27/venezuela-bans-six-leading-airlines-as-tensions-with-us-escalate
2025-11-27 22:23:34,781 - INFO - [The Guardian] Attempt 1/1: Trying with 'requests_browser' strategy...
2025-11-27 22:23:34,817 - INFO - [The Guardian] Success with 'requests_browser'. Found content (371 words).
2025-11-27 22:23:34,865 - INFO - Duplicate article skipped: Venezuela bans six international airlines as tensions with US escalate | Venezuela | The Guardian from The Guardian
2025-11-27 22:23:34,887 - INFO - Selenium driver initialized successfully.
2025-11-27 22:23:34,887 - INFO - Starting scrape for The Hindu RSS feed: https://www.thehindu.com/news/national/feeder/default.rss
2025-11-27 22:23:34,888 - INFO - Selenium driver initialized successfully.
2025-11-27 22:23:34,888 - INFO - Starting scrape for Times of India RSS feed: https://timesofindia.indiatimes.com/rssfeeds/296589292.cms
2025-11-27 22:23:35,070 - INFO - Found 20 articles in Times of India RSS feed. Processing up to 10.
2025-11-27 22:23:35,070 - INFO - [Times of India] Article: https://timesofindia.indiatimes.com/world/us-streamers/why-some-long-time-youtube-channels-are-disappearing-without-warning/articleshow/125624158.cms
2025-11-27 22:23:35,070 - INFO - [Times of India] Attempt 1/1: Trying with 'selenium_browser' strategy...
2025-11-27 22:23:35,096 - INFO - Found 100 articles in The Hindu RSS feed. Processing up to 10.
2025-11-27 22:23:35,096 - INFO - [The Hindu] Article: https://www.thehindu.com/news/national/west-bengal/two-trinamoolworkerskilled-inbengals-malda-police-deployedas-tensions-rise/article70331006.ece
2025-11-27 22:23:35,096 - INFO - [The Hindu] Attempt 1/1: Trying with 'selenium_browser' strategy...
2025-11-27 22:23:35,413 - INFO - [BBC] Article: https://www.bbc.com/news/articles/cewj1e1yk2vo?at_medium=RSS&at_campaign=rss
2025-11-27 22:23:35,413 - INFO - [BBC] Attempt 1/1: Trying with 'requests_browser' strategy...
2025-11-27 22:23:35,462 - INFO - [BBC] Success with 'requests_browser'. Found content (1118 words).
2025-11-27 22:23:35,515 - INFO - Duplicate article skipped: Fracking transforms an Argentine town but what about the nation? from BBC
2025-11-27 22:23:35,573 - INFO - [The Guardian] Article: https://www.theguardian.com/world/2025/nov/27/mark-carney-alberta-oil-pipeline-deal-canada-first-nations
2025-11-27 22:23:35,573 - INFO - [The Guardian] Attempt 1/1: Trying with 'requests_browser' strategy...
2025-11-27 22:23:35,603 - INFO - [The Guardian] Success with 'requests_browser'. Found content (614 words).
2025-11-27 22:23:35,652 - INFO - Duplicate article skipped: Mark Carney reaches deal with Alberta for oil pipeline opposed by First Nations | Canada | The Guardian from The Guardian
2025-11-27 22:23:36,781 - INFO - [BBC] Article: https://www.bbc.com/news/articles/cdd560nvqqdo?at_medium=RSS&at_campaign=rss
2025-11-27 22:23:36,781 - INFO - [BBC] Attempt 1/1: Trying with 'requests_browser' strategy...
2025-11-27 22:23:37,051 - INFO - [BBC] Success with 'requests_browser'. Found content (1894 words).
2025-11-27 22:23:37,139 - INFO - [The Guardian] Article: https://www.theguardian.com/us-news/2025/nov/27/peru-band-of-holes-mystery
2025-11-27 22:23:37,140 - INFO - [The Guardian] Attempt 1/1: Trying with 'requests_browser' strategy...
2025-11-27 22:23:37,359 - INFO - [The Guardian] Success with 'requests_browser'. Found content (563 words).
2025-11-27 22:23:37,367 - INFO - Duplicate article skipped: Year after ceasefire, peace eludes south Lebanon as Israeli strikes continue from BBC
2025-11-27 22:23:37,536 - INFO - Duplicate article skipped: Florida professor may have solved mystery of Peru’s Band of Holes | US news | The Guardian from The Guardian
2025-11-27 22:23:38,370 - INFO - [BBC] Article: https://www.bbc.com/news/articles/cy5g3076lqzo?at_medium=RSS&at_campaign=rss
2025-11-27 22:23:38,370 - INFO - [BBC] Attempt 1/1: Trying with 'requests_browser' strategy...
2025-11-27 22:23:38,541 - INFO - [BBC] Success with 'requests_browser'. Found content (736 words).
2025-11-27 22:23:38,683 - INFO - Duplicate article skipped: Pope Leo visits Turkey and warns humanity at stake from high level of conflict from BBC
2025-11-27 22:23:38,927 - INFO - [The Guardian] Article: https://www.theguardian.com/world/2025/nov/27/miss-universe-co-owners-arrest-warrants
2025-11-27 22:23:38,927 - INFO - [The Guardian] Attempt 1/1: Trying with 'requests_browser' strategy...
2025-11-27 22:23:39,048 - INFO - [The Guardian] Success with 'requests_browser'. Found content (459 words).
2025-11-27 22:23:39,202 - INFO - [The Hindu] Page content loaded.
2025-11-27 22:23:39,227 - INFO - Duplicate article skipped: Arrest warrants issued for Miss Universe co-owners in latest twist in pageant saga | Mexico | The Guardian from The Guardian
2025-11-27 22:23:39,842 - INFO - [The Hindu] Success with 'selenium_browser'. Found content (437 words).
2025-11-27 22:23:40,073 - INFO - Saved article: Two Trinamool workers killed in Bengal’s Malda; police deployed as tensions rise - The Hindu from The Hindu
2025-11-27 22:23:41,253 - INFO - [The Hindu] Article: https://www.thehindu.com/news/national/supreme-court-asks-government-to-consider-a-law-against-ridicule-of-pwds/article70331961.ece
2025-11-27 22:23:41,253 - INFO - [The Hindu] Attempt 1/1: Trying with 'selenium_browser' strategy...
2025-11-27 22:23:49,810 - INFO - [The Hindu] Page content loaded.
2025-11-27 22:23:50,096 - INFO - [The Hindu] Success with 'selenium_browser'. Found content (253 words).
2025-11-27 22:23:50,508 - INFO - Saved article: Supreme Court asks government to consider a law against ridicule of PwDs - The Hindu from The Hindu
2025-11-27 22:23:51,313 - INFO - [The Hindu] Article: https://www.thehindu.com/news/national/odisha/droupadi-murmu-becomes-first-president-to-address-odisha-assembly/article70330619.ece
2025-11-27 22:23:51,313 - INFO - [The Hindu] Attempt 1/1: Trying with 'selenium_browser' strategy...
2025-11-27 22:25:35,171 - ERROR - [Times of India] Request failed for strategy 'selenium_browser' on URL https://timesofindia.indiatimes.com/world/us-streamers/why-some-long-time-youtube-channels-are-disappearing-without-warning/articleshow/125624158.cms: HTTPConnectionPool(host='localhost', port=43793): Read timed out. (read timeout=120)
2025-11-27 22:25:35,171 - ERROR - [Times of India] All scrape strategies failed for https://timesofindia.indiatimes.com/world/us-streamers/why-some-long-time-youtube-channels-are-disappearing-without-warning/articleshow/125624158.cms. Falling back to RSS description.
2025-11-27 22:25:35,173 - INFO - Saved article: Why some long-time YouTube channels are disappearing without warning from Times of India
2025-11-27 22:25:36,521 - INFO - [Times of India] Article: https://timesofindia.indiatimes.com/sports/international-sports/who-is-fuzzy-zoeller-famous-two-time-major-champion-golfer-dies-at-74-after-masters-history/articleshow/125624118.cms
2025-11-27 22:25:36,522 - INFO - [Times of India] Attempt 1/1: Trying with 'selenium_browser' strategy...
2025-11-27 22:25:51,412 - ERROR - [The Hindu] Request failed for strategy 'selenium_browser' on URL https://www.thehindu.com/news/national/odisha/droupadi-murmu-becomes-first-president-to-address-odisha-assembly/article70330619.ece: HTTPConnectionPool(host='localhost', port=58725): Read timed out. (read timeout=120)
2025-11-27 22:25:51,413 - ERROR - [The Hindu] All scrape strategies failed for https://www.thehindu.com/news/national/odisha/droupadi-murmu-becomes-first-president-to-address-odisha-assembly/article70330619.ece. Falling back to RSS description.
2025-11-27 22:25:51,415 - INFO - Saved article: Droupadi Murmu becomes first President to address Odisha Assembly from The Hindu
2025-11-27 22:25:52,823 - INFO - [The Hindu] Article: https://www.thehindu.com/news/national/assam/communal-tag-on-1983-assam-violence-unwarranted-resurrected-panels-report/article70331447.ece
2025-11-27 22:25:52,823 - INFO - [The Hindu] Attempt 1/1: Trying with 'selenium_browser' strategy...
2025-11-27 22:27:36,619 - ERROR - [Times of India] Request failed for strategy 'selenium_browser' on URL https://timesofindia.indiatimes.com/sports/international-sports/who-is-fuzzy-zoeller-famous-two-time-major-champion-golfer-dies-at-74-after-masters-history/articleshow/125624118.cms: HTTPConnectionPool(host='localhost', port=43793): Read timed out. (read timeout=120)
2025-11-27 22:27:36,619 - ERROR - [Times of India] All scrape strategies failed for https://timesofindia.indiatimes.com/sports/international-sports/who-is-fuzzy-zoeller-famous-two-time-major-champion-golfer-dies-at-74-after-masters-history/articleshow/125624118.cms. Falling back to RSS description.
2025-11-27 22:27:36,620 - INFO - Saved article: Who was Fuzzy Zoeller? Famous two-time major champion golfer dies at 74 after Masters history from Times of India
2025-11-27 22:27:37,174 - INFO - [Times of India] Article: https://timesofindia.indiatimes.com/world/us/you-have-criminal-record-indian-origin-sikh-man-stopped-from-entering-canada-from-us-interaction-goes-viral/articleshow/125624001.cms
2025-11-27 22:27:37,174 - INFO - [Times of India] Attempt 1/1: Trying with 'selenium_browser' strategy...
2025-11-27 22:27:52,849 - ERROR - [The Hindu] Request failed for strategy 'selenium_browser' on URL https://www.thehindu.com/news/national/assam/communal-tag-on-1983-assam-violence-unwarranted-resurrected-panels-report/article70331447.ece: HTTPConnectionPool(host='localhost', port=58725): Read timed out. (read timeout=120)
2025-11-27 22:27:52,849 - ERROR - [The Hindu] All scrape strategies failed for https://www.thehindu.com/news/national/assam/communal-tag-on-1983-assam-violence-unwarranted-resurrected-panels-report/article70331447.ece. Falling back to RSS description.
2025-11-27 22:27:52,851 - INFO - Saved article: Communal tag on 1983 Assam violence unwarranted: Resurrected panel’s report from The Hindu
2025-11-27 22:27:53,455 - INFO - [The Hindu] Article: https://www.thehindu.com/news/cities/mumbai/legal-notice-to-mumbai-police-for-failure-to-file-fir-against-bjp-city-president-for-hate-speech/article70330030.ece
2025-11-27 22:27:53,455 - INFO - [The Hindu] Attempt 1/1: Trying with 'selenium_browser' strategy...
2025-11-27 22:28:27,277 - CRITICAL - --- TIMEOUT: 2 scrape jobs did not complete in 300s. ---
2025-11-27 22:28:27,277 - ERROR - A thread has timed out and will be abandoned.
2025-11-27 22:28:27,277 - ERROR - A thread has timed out and will be abandoned.
2025-11-27 22:28:27,277 - INFO - Shutting down thread pool (wait=False)...
2025-11-27 22:28:27,277 - INFO - Scraped: 0 The Guardian, 1 BBC, 2 Timed_Out_Jobs articles. (Total saved: 1)
2025-11-27 22:28:27,277 - INFO - --- Scraping job finished ---
2025-11-27 22:28:27,278 - INFO - --- Scraper service stopped and database connection closed. ---
2025-11-27 22:28:27,278 - INFO - --- Main thread finished. Forcing process exit to kill zombie threads. ---
