2025-11-14 22:22:41,295 - INFO - Initializing database connection at: news_articles.db
2025-11-14 22:22:41,295 - INFO - --- Scraper service started (CI Mode: Run Once) ---
2025-11-14 22:22:41,295 - INFO - --- Starting new scraping job (Parallel Mode) ---
2025-11-14 22:22:41,295 - INFO - Creating new robust session with 3 retries on 5xx/connection/read errors.
2025-11-14 22:22:41,295 - INFO - Proxy is DISABLED.
2025-11-14 22:22:41,296 - INFO - Starting scrape for BBC RSS feed: http://feeds.bbci.co.uk/news/world/rss.xml
2025-11-14 22:22:41,296 - INFO - [Times of India] (Thread) requires Selenium. Initializing driver...
2025-11-14 22:22:41,296 - INFO - Initializing headless Selenium Chrome driver (using SeleniumManager)...
2025-11-14 22:22:41,297 - INFO - Starting scrape for The Guardian RSS feed: https://www.theguardian.com/world/rss
2025-11-14 22:22:41,300 - INFO - [The Hindu] (Thread) requires Selenium. Initializing driver...
2025-11-14 22:22:41,300 - INFO - Initializing headless Selenium Chrome driver (using SeleniumManager)...
2025-11-14 22:22:41,300 - INFO - Submitted 4 jobs to thread pool. Waiting up to 300s for completion...
2025-11-14 22:22:41,481 - INFO - Found 44 articles in The Guardian RSS feed. Processing up to 10.
2025-11-14 22:22:41,481 - INFO - [The Guardian] Article: https://www.theguardian.com/world/2025/nov/14/anger-south-africa-plane-palestinians-held-12-hours
2025-11-14 22:22:41,481 - INFO - [The Guardian] Attempt 1/1: Trying with 'requests_browser' strategy...
2025-11-14 22:22:41,519 - INFO - [The Guardian] Success with 'requests_browser'. Found content (620 words).
2025-11-14 22:22:41,561 - INFO - Duplicate article skipped: South Africa to investigate ‘mysterious’ arrival of 153 Palestinians on plane | South Africa | The Guardian from The Guardian
2025-11-14 22:22:41,599 - INFO - Found 25 articles in BBC RSS feed. Processing up to 10.
2025-11-14 22:22:41,599 - INFO - [BBC] Article: https://www.bbc.com/news/articles/cn4jn94gyllo?at_medium=RSS&at_campaign=rss
2025-11-14 22:22:41,599 - INFO - [BBC] Attempt 1/1: Trying with 'requests_browser' strategy...
2025-11-14 22:22:41,889 - INFO - [BBC] Success with 'requests_browser'. Found content (584 words).
2025-11-14 22:22:41,963 - INFO - Duplicate article skipped: Russian drone slams into block of flats in deadly wave of strikes across Kyiv from BBC
2025-11-14 22:22:42,119 - INFO - [The Guardian] Article: https://www.theguardian.com/world/2025/nov/14/british-egyptian-activist-alaa-abd-el-fattah-stopped-from-flying-to-uk-says-family
2025-11-14 22:22:42,119 - INFO - [The Guardian] Attempt 1/1: Trying with 'requests_browser' strategy...
2025-11-14 22:22:42,146 - INFO - [The Guardian] Success with 'requests_browser'. Found content (456 words).
2025-11-14 22:22:42,186 - INFO - Duplicate article skipped: British-Egyptian activist stopped from flying to UK, says family | Egypt | The Guardian from The Guardian
2025-11-14 22:22:42,716 - INFO - [The Guardian] Article: https://www.theguardian.com/world/2025/nov/12/state-sanctioned-fuel-smuggling-cost-libya-20bn-over-three-years-report
2025-11-14 22:22:42,716 - INFO - [The Guardian] Attempt 1/1: Trying with 'requests_browser' strategy...
2025-11-14 22:22:42,737 - INFO - [The Guardian] Success with 'requests_browser'. Found content (670 words).
2025-11-14 22:22:42,773 - INFO - Duplicate article skipped: State-sanctioned fuel smuggling cost Libya $20bn over three years – report | Libya | The Guardian from The Guardian
2025-11-14 22:22:43,200 - INFO - [BBC] Article: https://www.bbc.com/news/articles/cj97x2lere0o?at_medium=RSS&at_campaign=rss
2025-11-14 22:22:43,200 - INFO - [BBC] Attempt 1/1: Trying with 'requests_browser' strategy...
2025-11-14 22:22:43,230 - INFO - [BBC] Success with 'requests_browser'. Found content (873 words).
2025-11-14 22:22:43,263 - INFO - Duplicate article skipped: US justice department investigates Epstein's alleged ties to Clinton and banks after Trump request from BBC
2025-11-14 22:22:43,603 - INFO - [The Guardian] Article: https://www.theguardian.com/global-development/2025/nov/13/british-american-tobacco-africa-zambia-uk
2025-11-14 22:22:43,603 - INFO - [The Guardian] Attempt 1/1: Trying with 'requests_browser' strategy...
2025-11-14 22:22:43,625 - INFO - [The Guardian] Success with 'requests_browser'. Found content (753 words).
2025-11-14 22:22:43,660 - INFO - Duplicate article skipped: ‘Utter hypocrisy’: tobacco firm lobbied against rules in Africa that are law in UK | Global development | The Guardian from The Guardian
2025-11-14 22:22:44,680 - INFO - [BBC] Article: https://www.bbc.com/news/articles/c3dn3g4jdxjo?at_medium=RSS&at_campaign=rss
2025-11-14 22:22:44,680 - INFO - [BBC] Attempt 1/1: Trying with 'requests_browser' strategy...
2025-11-14 22:22:44,713 - INFO - [BBC] Success with 'requests_browser'. Found content (795 words).
2025-11-14 22:22:44,746 - INFO - Duplicate article skipped: South Africa to investigate 'mystery' of planeload of Palestinians, Cyril Ramaphosa says from BBC
2025-11-14 22:22:45,094 - INFO - [The Guardian] Article: https://www.theguardian.com/world/2025/nov/12/french-algerian-writer-boualem-sansal-pardoned-and-to-be-released-from-prison
2025-11-14 22:22:45,094 - INFO - [The Guardian] Attempt 1/1: Trying with 'requests_browser' strategy...
2025-11-14 22:22:45,114 - INFO - [The Guardian] Success with 'requests_browser'. Found content (322 words).
2025-11-14 22:22:45,147 - INFO - Duplicate article skipped: French-Algerian writer Boualem Sansal pardoned and to be released from prison | Algeria | The Guardian from The Guardian
2025-11-14 22:22:45,836 - INFO - [The Guardian] Article: https://www.theguardian.com/environment/2025/nov/14/protesters-blockade-cop30-summit-over-plight-of-indigenous-peoples
2025-11-14 22:22:45,836 - INFO - [The Guardian] Attempt 1/1: Trying with 'requests_browser' strategy...
2025-11-14 22:22:45,869 - INFO - [The Guardian] Success with 'requests_browser'. Found content (976 words).
2025-11-14 22:22:45,918 - INFO - Duplicate article skipped: Protesters blockade Cop30 summit over plight of Indigenous peoples | Cop30 | The Guardian from The Guardian
2025-11-14 22:22:46,146 - INFO - [BBC] Article: https://www.bbc.com/news/articles/ce8zkrplpdyo?at_medium=RSS&at_campaign=rss
2025-11-14 22:22:46,146 - INFO - [BBC] Attempt 1/1: Trying with 'requests_browser' strategy...
2025-11-14 22:22:46,172 - INFO - [BBC] Success with 'requests_browser'. Found content (786 words).
2025-11-14 22:22:46,225 - INFO - Duplicate article skipped: US agrees deal to slash Swiss tariffs to 15% after golden charm offensive from BBC
2025-11-14 22:22:46,523 - INFO - [The Guardian] Article: https://www.theguardian.com/world/2025/nov/14/mark-carney-nation-building-canada
2025-11-14 22:22:46,523 - INFO - [The Guardian] Attempt 1/1: Trying with 'requests_browser' strategy...
2025-11-14 22:22:46,546 - INFO - [The Guardian] Success with 'requests_browser'. Found content (745 words).
2025-11-14 22:22:46,580 - INFO - Duplicate article skipped: Carney’s ‘nation-building’ programme misses mark to be truly transformative for Canada | Canada | The Guardian from The Guardian
2025-11-14 22:22:46,962 - INFO - [BBC] Article: https://www.bbc.com/news/articles/c8034v2e3l3o?at_medium=RSS&at_campaign=rss
2025-11-14 22:22:46,962 - INFO - [BBC] Attempt 1/1: Trying with 'requests_browser' strategy...
2025-11-14 22:22:46,997 - INFO - [BBC] Success with 'requests_browser'. Found content (770 words).
2025-11-14 22:22:47,026 - INFO - Duplicate article skipped: UK court finds mining firm liable for Brazil's worst environmental disaster from BBC
2025-11-14 22:22:47,341 - INFO - [The Guardian] Article: https://www.theguardian.com/world/2025/nov/14/venezuela-maduro-urges-trump-to-avoid-afghanistan-style-forever-war
2025-11-14 22:22:47,341 - INFO - [The Guardian] Attempt 1/1: Trying with 'requests_browser' strategy...
2025-11-14 22:22:47,369 - INFO - [The Guardian] Success with 'requests_browser'. Found content (499 words).
2025-11-14 22:22:47,410 - INFO - Duplicate article skipped: Venezuela’s Maduro urges Trump to avoid Afghanistan-style ‘forever war’ | Venezuela | The Guardian from The Guardian
2025-11-14 22:22:47,957 - INFO - [BBC] Article: https://www.bbc.com/news/articles/c629m7jm777o?at_medium=RSS&at_campaign=rss
2025-11-14 22:22:47,957 - INFO - [BBC] Attempt 1/1: Trying with 'requests_browser' strategy...
2025-11-14 22:22:47,979 - INFO - [BBC] Success with 'requests_browser'. Found content (264 words).
2025-11-14 22:22:48,010 - INFO - Duplicate article skipped: Several killed after bus crashes into bus stop in Stockholm from BBC
2025-11-14 22:22:48,837 - INFO - [The Guardian] Article: https://www.theguardian.com/environment/2025/nov/14/london-judge-rules-bhp-group-liable-for-brazil-2015-samarco-dam-collapse
2025-11-14 22:22:48,837 - INFO - [The Guardian] Attempt 1/1: Trying with 'requests_browser' strategy...
2025-11-14 22:22:48,862 - INFO - [The Guardian] Success with 'requests_browser'. Found content (407 words).
2025-11-14 22:22:48,895 - INFO - Duplicate article skipped: Mining firm BHP found liable in UK for disastrous Brazilian dam collapse | Mining | The Guardian from The Guardian
2025-11-14 22:22:49,032 - INFO - [BBC] Article: https://www.bbc.com/news/articles/c4gpdxp5vl2o?at_medium=RSS&at_campaign=rss
2025-11-14 22:22:49,032 - INFO - [BBC] Attempt 1/1: Trying with 'requests_browser' strategy...
2025-11-14 22:22:49,067 - INFO - [BBC] Success with 'requests_browser'. Found content (539 words).
2025-11-14 22:22:49,098 - INFO - Duplicate article skipped: Tanzania's President Samia Suluhu Hassan promises probe into post-election unrest from BBC
2025-11-14 22:22:50,028 - INFO - [The Guardian] Article: https://www.theguardian.com/environment/2025/nov/14/fossil-fuel-lobbyists-cop30
2025-11-14 22:22:50,028 - INFO - [The Guardian] Attempt 1/1: Trying with 'requests_browser' strategy...
2025-11-14 22:22:50,064 - INFO - [The Guardian] Success with 'requests_browser'. Found content (1226 words).
2025-11-14 22:22:50,100 - INFO - Duplicate article skipped: Fossil fuel lobbyists outnumber all Cop30 delegations except Brazil, report says | Cop30 | The Guardian from The Guardian
2025-11-14 22:22:50,550 - INFO - [BBC] Article: https://www.bbc.com/news/articles/c70jd4elgwzo?at_medium=RSS&at_campaign=rss
2025-11-14 22:22:50,550 - INFO - [BBC] Attempt 1/1: Trying with 'requests_browser' strategy...
2025-11-14 22:22:50,588 - INFO - [BBC] Success with 'requests_browser'. Found content (1179 words).
2025-11-14 22:22:50,624 - INFO - Duplicate article skipped: Sudan conflict: Mass killings investigation gets green light from UN from BBC
2025-11-14 22:22:51,233 - INFO - [BBC] Article: https://www.bbc.com/news/articles/c051q4pnz39o?at_medium=RSS&at_campaign=rss
2025-11-14 22:22:51,233 - INFO - [BBC] Attempt 1/1: Trying with 'requests_browser' strategy...
2025-11-14 22:22:51,262 - INFO - [BBC] Success with 'requests_browser'. Found content (579 words).
2025-11-14 22:22:51,293 - INFO - Duplicate article skipped: Wicked: Man who grabbed Ariana Grande in Singapore charged in court from BBC
2025-11-14 22:22:51,838 - INFO - [BBC] Article: https://www.bbc.com/news/articles/c7v846p9nd1o?at_medium=RSS&at_campaign=rss
2025-11-14 22:22:51,838 - INFO - [BBC] Attempt 1/1: Trying with 'requests_browser' strategy...
2025-11-14 22:22:51,866 - INFO - [BBC] Success with 'requests_browser'. Found content (516 words).
2025-11-14 22:22:51,896 - INFO - Duplicate article skipped: Second brother of French anti-drugs campaigner shot dead in Marseille from BBC
2025-11-14 22:23:09,673 - INFO - Selenium driver initialized successfully.
2025-11-14 22:23:09,673 - INFO - Starting scrape for The Hindu RSS feed: https://www.thehindu.com/news/national/feeder/default.rss
2025-11-14 22:23:09,674 - INFO - Selenium driver initialized successfully.
2025-11-14 22:23:09,674 - INFO - Starting scrape for Times of India RSS feed: https://timesofindia.indiatimes.com/rssfeeds/296589292.cms
2025-11-14 22:23:09,844 - INFO - Found 100 articles in The Hindu RSS feed. Processing up to 10.
2025-11-14 22:23:09,844 - INFO - [The Hindu] Article: https://www.thehindu.com/news/national/west-bengal/west-bengal-bjp-enthused-with-bihar-victory-says-partys-victory-in-the-state-evident-in-2026/article70279789.ece
2025-11-14 22:23:09,844 - INFO - [The Hindu] Attempt 1/1: Trying with 'selenium_browser' strategy...
2025-11-14 22:23:09,871 - INFO - Found 20 articles in Times of India RSS feed. Processing up to 10.
2025-11-14 22:23:09,871 - INFO - [Times of India] Article: https://timesofindia.indiatimes.com/world/us-streamers/candace-owens-lists-10-tpusa-verifiable-lies-and-raises-big-questions-about-charlie-kirks-assassination-story/articleshow/125337151.cms
2025-11-14 22:23:09,871 - INFO - [Times of India] Attempt 1/1: Trying with 'selenium_browser' strategy...
2025-11-14 22:23:16,154 - INFO - [The Hindu] Page content loaded.
2025-11-14 22:23:16,465 - INFO - [The Hindu] Success with 'selenium_browser'. Found content (437 words).
2025-11-14 22:23:16,556 - INFO - Saved article: West Bengal BJP enthused with Bihar victory says party’s victory in State evident in 2026 - The Hindu from The Hindu
2025-11-14 22:23:17,335 - INFO - [The Hindu] Article: https://www.thehindu.com/news/national/massive-explosion-inside-jk-police-station-leaves-8-injured/article70281760.ece
2025-11-14 22:23:17,335 - INFO - [The Hindu] Attempt 1/1: Trying with 'selenium_browser' strategy...
2025-11-14 22:23:23,132 - INFO - [The Hindu] Page content loaded.
2025-11-14 22:23:23,343 - INFO - [The Hindu] Success with 'selenium_browser'. Found content (290 words).
2025-11-14 22:23:23,669 - INFO - Duplicate article skipped: Massive explosion inside J&K police station leaves 8 injured - The Hindu from The Hindu
2025-11-14 22:23:24,752 - INFO - [The Hindu] Article: https://www.thehindu.com/news/national/licences-of-doctors-accused-in-delhi-car-blast-revoked/article70281703.ece
2025-11-14 22:23:24,752 - INFO - [The Hindu] Attempt 1/1: Trying with 'selenium_browser' strategy...
2025-11-14 22:23:45,292 - INFO - [The Hindu] Page content loaded.
2025-11-14 22:23:45,401 - INFO - [The Hindu] Success with 'selenium_browser'. Found content (341 words).
2025-11-14 22:23:45,505 - INFO - Duplicate article skipped: Licences of doctors accused in Delhi car blast revoked - The Hindu from The Hindu
2025-11-14 22:23:46,918 - INFO - [The Hindu] Article: https://www.thehindu.com/news/national/kerala/surprise-over-two-candidates-remains-as-cong-presents-rest-of-its-panel-for-kochi-corporation/article70281582.ece
2025-11-14 22:23:46,918 - INFO - [The Hindu] Attempt 1/1: Trying with 'selenium_browser' strategy...
2025-11-14 22:23:48,765 - INFO - [The Hindu] Page content loaded.
2025-11-14 22:23:48,903 - INFO - [The Hindu] Success with 'selenium_browser'. Found content (329 words).
2025-11-14 22:23:48,986 - INFO - Duplicate article skipped: ‘Surprise’ over two candidates remains as Cong. presents rest of its panel for Kochi Corporation - The Hindu from The Hindu
2025-11-14 22:23:50,323 - INFO - [The Hindu] Article: https://www.thehindu.com/news/national/west-bengal/keen-to-get-back-to-active-politics-partha-chatterjee/article70279994.ece
2025-11-14 22:23:50,323 - INFO - [The Hindu] Attempt 1/1: Trying with 'selenium_browser' strategy...
2025-11-14 22:23:52,101 - INFO - [The Hindu] Page content loaded.
2025-11-14 22:23:52,201 - INFO - [The Hindu] Success with 'selenium_browser'. Found content (333 words).
2025-11-14 22:23:52,263 - INFO - Duplicate article skipped: Keen to get back to active politics: Partha Chatterjee - The Hindu from The Hindu
2025-11-14 22:23:52,990 - INFO - [The Hindu] Article: https://www.thehindu.com/news/cities/bangalore/ironic-that-climate-sensitive-coffee-is-not-covered-under-climate-linked-insurance-says-kpa-president/article70280998.ece
2025-11-14 22:23:52,990 - INFO - [The Hindu] Attempt 1/1: Trying with 'selenium_browser' strategy...
2025-11-14 22:23:54,497 - INFO - [The Hindu] Page content loaded.
2025-11-14 22:23:54,559 - INFO - [The Hindu] Success with 'selenium_browser'. Found content (509 words).
2025-11-14 22:23:54,620 - INFO - Duplicate article skipped: Ironic that climate sensitive coffee is not covered under climate-linked insurance, says KPA president - The Hindu from The Hindu
2025-11-14 22:23:55,649 - INFO - [The Hindu] Article: https://www.thehindu.com/opinion/editorial/double-engine-on-the-bihar-assembly-election-2025/article70280475.ece
2025-11-14 22:23:55,649 - INFO - [The Hindu] Attempt 1/1: Trying with 'selenium_browser' strategy...
2025-11-14 22:23:56,718 - INFO - [The Hindu] Page content loaded.
2025-11-14 22:23:56,785 - INFO - [The Hindu] Success with 'selenium_browser'. Found content (447 words).
2025-11-14 22:23:56,865 - INFO - Duplicate article skipped: Double engine: On the Bihar Assembly election 2025 result - The Hindu from The Hindu
2025-11-14 22:23:58,317 - INFO - [The Hindu] Article: https://www.thehindu.com/news/national/kerala/sir-in-ernakulam-over-19-lakh-enumeration-forms-distributed/article70280989.ece
2025-11-14 22:23:58,317 - INFO - [The Hindu] Attempt 1/1: Trying with 'selenium_browser' strategy...
2025-11-14 22:23:59,187 - INFO - [The Hindu] Page content loaded.
2025-11-14 22:23:59,342 - INFO - [The Hindu] Success with 'selenium_browser'. Found content (219 words).
2025-11-14 22:23:59,448 - INFO - Duplicate article skipped: SIR in Ernakulam: over 19 lakh enumeration forms distributed - The Hindu from The Hindu
2025-11-14 22:24:00,228 - INFO - [The Hindu] Article: https://www.thehindu.com/news/national/tamil-nadu/anbumani-demands-cbi-enquiry-into-procurement-of-transformers/article70281043.ece
2025-11-14 22:24:00,228 - INFO - [The Hindu] Attempt 1/1: Trying with 'selenium_browser' strategy...
2025-11-14 22:24:02,095 - INFO - [The Hindu] Page content loaded.
2025-11-14 22:24:02,184 - INFO - [The Hindu] Success with 'selenium_browser'. Found content (344 words).
2025-11-14 22:24:02,265 - INFO - Duplicate article skipped: Anbumani demands CBI enquiry into procurement of transformers - The Hindu from The Hindu
2025-11-14 22:24:03,343 - INFO - [The Hindu] Article: https://www.thehindu.com/news/national/kerala/state-should-follow-bihars-example-surendran/article70281375.ece
2025-11-14 22:24:03,343 - INFO - [The Hindu] Attempt 1/1: Trying with 'selenium_browser' strategy...
2025-11-14 22:24:04,290 - INFO - [The Hindu] Page content loaded.
2025-11-14 22:24:04,842 - INFO - [The Hindu] Success with 'selenium_browser'. Found content (86 words).
2025-11-14 22:24:04,957 - INFO - Duplicate article skipped: State should follow Bihar’s example: Surendran - The Hindu from The Hindu
2025-11-14 22:24:05,468 - INFO - [The Hindu] (Thread) Finished. Attempting to shut down its Selenium driver.
2025-11-14 22:24:05,618 - INFO - [The Hindu] (Thread) driver.quit() successful.
2025-11-14 22:24:09,903 - ERROR - [Times of India] Request failed for strategy 'selenium_browser' on URL https://timesofindia.indiatimes.com/world/us-streamers/candace-owens-lists-10-tpusa-verifiable-lies-and-raises-big-questions-about-charlie-kirks-assassination-story/articleshow/125337151.cms: Message: timeout: Timed out receiving message from renderer: 59.628
  (Session info: chrome=142.0.7444.162)
Stacktrace:
#0 0x56178df3332a <unknown>
#1 0x56178d97fe4b <unknown>
#2 0x56178d967e0d <unknown>
#3 0x56178d967af0 <unknown>
#4 0x56178d9658ff <unknown>
#5 0x56178d96627f <unknown>
#6 0x56178d974ca3 <unknown>
#7 0x56178d98e601 <unknown>
#8 0x56178d994e0b <unknown>
#9 0x56178d9669bd <unknown>
#10 0x56178d98e3a7 <unknown>
#11 0x56178da1f170 <unknown>
#12 0x56178d9c4c1a <unknown>
#13 0x56178d9c5921 <unknown>
#14 0x56178defa239 <unknown>
#15 0x56178defd1e8 <unknown>
#16 0x56178dee34c9 <unknown>
#17 0x56178defddb5 <unknown>
#18 0x56178decae93 <unknown>
#19 0x56178df20098 <unknown>
#20 0x56178df20273 <unknown>
#21 0x56178df322c3 <unknown>
#22 0x7f2e1c69caa4 <unknown>
#23 0x7f2e1c729c6c <unknown>

2025-11-14 22:24:09,903 - ERROR - [Times of India] All scrape strategies failed for https://timesofindia.indiatimes.com/world/us-streamers/candace-owens-lists-10-tpusa-verifiable-lies-and-raises-big-questions-about-charlie-kirks-assassination-story/articleshow/125337151.cms. Falling back to RSS description.
2025-11-14 22:24:09,904 - INFO - Duplicate article skipped: Candace Owens lists 10 TPUSA verifiable lies and raises big questions about Charlie Kirk’s assassination story from Times of India
2025-11-14 22:24:10,734 - INFO - [Times of India] Article: https://timesofindia.indiatimes.com/world/us/olivia-nuzzi-drops-bombshell-on-affair-with-rfk-jr-he-said-i-love-you-first-wanted-her-to-have-his-baby/articleshow/125336910.cms
2025-11-14 22:24:10,735 - INFO - [Times of India] Attempt 1/1: Trying with 'selenium_browser' strategy...
2025-11-14 22:24:11,989 - INFO - [Times of India] Page content loaded.
2025-11-14 22:24:12,138 - INFO - [Times of India] Success with 'selenium_browser'. Found content (357 words).
2025-11-14 22:24:12,212 - INFO - Duplicate article skipped: Olivia Nuzzi drops bombshell on 'affair with RFK Jr': He said 'I love you' first; wanted her to have his baby - The Times of India from Times of India
2025-11-14 22:24:13,199 - INFO - [Times of India] Article: https://timesofindia.indiatimes.com/world/us/white-house-press-secretary-calls-climate-change-fallacy-social-media-says-she-mispronounced-science/articleshow/125336309.cms
2025-11-14 22:24:13,199 - INFO - [Times of India] Attempt 1/1: Trying with 'selenium_browser' strategy...
2025-11-14 22:24:14,338 - INFO - [Times of India] Page content loaded.
2025-11-14 22:24:14,466 - INFO - [Times of India] Success with 'selenium_browser'. Found content (302 words).
2025-11-14 22:24:14,565 - INFO - Saved article: White House press secretary calls climate change 'fallacy', social media says 'she mispronounced science' - The Times of India from Times of India
2025-11-14 22:24:15,342 - INFO - [Times of India] Article: https://timesofindia.indiatimes.com/world/us-streamers/top-10-most-followed-twitch-streamers-in-2025/articleshow/125336539.cms
2025-11-14 22:24:15,342 - INFO - [Times of India] Attempt 1/1: Trying with 'selenium_browser' strategy...
2025-11-14 22:24:16,289 - INFO - [Times of India] Page content loaded.
2025-11-14 22:24:16,440 - INFO - [Times of India] Success with 'selenium_browser'. Found content (445 words).
2025-11-14 22:24:16,511 - INFO - Duplicate article skipped: Top 10 most followed Twitch streamers in 2025 - The Times of India from Times of India
2025-11-14 22:24:17,162 - INFO - [Times of India] Article: https://timesofindia.indiatimes.com/world/us/epstein-emails-list-of-celebrities-named-in-latest-files/articleshow/125335552.cms
2025-11-14 22:24:17,162 - INFO - [Times of India] Attempt 1/1: Trying with 'selenium_browser' strategy...
2025-11-14 22:24:18,477 - INFO - [Times of India] Page content loaded.
2025-11-14 22:24:18,586 - INFO - [Times of India] Success with 'selenium_browser'. Found content (613 words).
2025-11-14 22:24:18,640 - INFO - Duplicate article skipped: Epstein emails: List of celebrities named in latest files - The Times of India from Times of India
2025-11-14 22:24:19,295 - INFO - [Times of India] Article: https://timesofindia.indiatimes.com/world/us/inside-h-1b-row-how-trumps-sudden-u-turns-could-leave-america-losing-the-talent-war-to-foreigners/articleshow/125333580.cms
2025-11-14 22:24:19,295 - INFO - [Times of India] Attempt 1/1: Trying with 'selenium_browser' strategy...
2025-11-14 22:24:20,215 - INFO - [Times of India] Page content loaded.
2025-11-14 22:24:20,348 - INFO - [Times of India] Success with 'selenium_browser'. Found content (564 words).
2025-11-14 22:24:20,405 - INFO - Duplicate article skipped: Inside H-1B row: How Trump’s sudden U-turns could leave America losing the talent war to foreigners - The Times of India from Times of India
2025-11-14 22:24:21,077 - INFO - [Times of India] Article: https://timesofindia.indiatimes.com/world/rest-of-world/you-dont-own-the-country-indian-man-in-canada-gets-615-ticket-for-driving-while-watching-a-video-calls-it-racist/articleshow/125333643.cms
2025-11-14 22:24:21,077 - INFO - [Times of India] Attempt 1/1: Trying with 'selenium_browser' strategy...
2025-11-14 22:24:22,384 - INFO - [Times of India] Page content loaded.
2025-11-14 22:24:22,510 - INFO - [Times of India] Success with 'selenium_browser'. Found content (320 words).
2025-11-14 22:24:22,563 - INFO - Duplicate article skipped: 'You don't own the country': Indian man in Canada gets $615 ticket for driving while 'watching a video', calls it 'racist' - The Times of India from Times of India
2025-11-14 22:24:23,726 - INFO - [Times of India] Article: https://timesofindia.indiatimes.com/world/us-streamers/was-whistlindiesel-arrested-youtubers-reported-arrest-sparks-big-buzz-after-tax-details-leak-online/articleshow/125332974.cms
2025-11-14 22:24:23,726 - INFO - [Times of India] Attempt 1/1: Trying with 'selenium_browser' strategy...
2025-11-14 22:24:24,953 - INFO - [Times of India] Page content loaded.
2025-11-14 22:24:25,090 - INFO - [Times of India] Success with 'selenium_browser'. Found content (396 words).
2025-11-14 22:24:25,146 - INFO - Duplicate article skipped: Was WhistlinDiesel arrested? YouTuber’s reported arrest sparks big buzz after tax details leak online - The Times of India from Times of India
2025-11-14 22:24:26,334 - INFO - [Times of India] Article: https://timesofindia.indiatimes.com/world/us-streamers/emiru-sparks-confusion-by-revealing-an-unexpected-warning-to-stop-flying-alone-after-her-twitchcon-assault/articleshow/125332095.cms
2025-11-14 22:24:26,334 - INFO - [Times of India] Attempt 1/1: Trying with 'selenium_browser' strategy...
2025-11-14 22:24:27,461 - INFO - [Times of India] Page content loaded.
2025-11-14 22:24:27,582 - INFO - [Times of India] Success with 'selenium_browser'. Found content (442 words).
2025-11-14 22:24:27,634 - INFO - Duplicate article skipped: Emiru sparks confusion by revealing an unexpected warning to stop flying alone after her TwitchCon assault - The Times of India from Times of India
2025-11-14 22:24:28,402 - INFO - [Times of India] Article: https://timesofindia.indiatimes.com/world/uk/amazon-delivery-driver-barges-into-british-mps-house-cops-say-we-cant-do-anything/articleshow/125332339.cms
2025-11-14 22:24:28,402 - INFO - [Times of India] Attempt 1/1: Trying with 'selenium_browser' strategy...
2025-11-14 22:24:29,630 - INFO - [Times of India] Page content loaded.
2025-11-14 22:24:29,765 - INFO - [Times of India] Success with 'selenium_browser'. Found content (313 words).
2025-11-14 22:24:29,817 - INFO - Saved article: Amazon delivery driver barges into British MP's house; cops say 'we can't do anything' - The Times of India from Times of India
2025-11-14 22:24:30,821 - INFO - [Times of India] (Thread) Finished. Attempting to shut down its Selenium driver.
2025-11-14 22:24:31,151 - INFO - [Times of India] (Thread) driver.quit() successful.
2025-11-14 22:24:31,151 - INFO - Shutting down thread pool (wait=False)...
2025-11-14 22:24:31,151 - INFO - Scraped: 0 BBC, 2 Times of India, 1 The Hindu, 0 The Guardian articles. (Total saved: 3)
2025-11-14 22:24:31,151 - INFO - --- Scraping job finished ---
2025-11-14 22:24:31,155 - INFO - --- Scraper service stopped and database connection closed. ---
2025-11-14 22:24:31,155 - INFO - --- Main thread finished. Forcing process exit to kill zombie threads. ---
